FILE_TYPE=LIBRARY_PARTS;
primitive 'ADP3339AKC';
  pin
    'GND':
      PIN_NUMBER='(1)';
      PINUSE='GROUND';
      NO_LOAD_CHECK='Both';
      NO_IO_CHECK='Both';
      NO_ASSERT_CHECK='TRUE';
      NO_DIR_CHECK='TRUE';
      ALLOW_CONNECT='TRUE';
    'OUT1':
      PIN_NUMBER='(2)';
      OUTPUT_LOAD='(1.0,-1.0)';
    'IN':
      PIN_NUMBER='(3)';
      INPUT_LOAD='(-0.01,0.01)';
    'OUT2':
      PIN_NUMBER='(4)';
      OUTPUT_LOAD='(1.0,-1.0)';
  end_pin;
  body
    BODY_NAME='ADP3339AKC';
    PART_NAME='ADP3339AKC';
    PHYS_DES_PREFIX='U';
    CLASS='IC';
  end_body;
end_primitive;

END.
