FILE_TYPE=LIBRARY_PARTS;
primitive 'LM2901VDR2G';
  pin
    'OUTPUT2':
      PIN_NUMBER='(1)';
      OUTPUT_LOAD='(1.0,-1.0)';
    'OUTPUT1':
      PIN_NUMBER='(2)';
      OUTPUT_LOAD='(1.0,-1.0)';
    'VCC':
      PIN_NUMBER='(3)';
      PINUSE='POWER';
      NO_LOAD_CHECK='Both';
      NO_IO_CHECK='Both';
      NO_ASSERT_CHECK='TRUE';
      NO_DIR_CHECK='TRUE';
      ALLOW_CONNECT='TRUE';
    'INPUT1-':
      PIN_NUMBER='(4)';
      INPUT_LOAD='(-0.01,0.01)';
    'INPUT1+':
      PIN_NUMBER='(5)';
      INPUT_LOAD='(-0.01,0.01)';
    'INPUT2-':
      PIN_NUMBER='(6)';
      INPUT_LOAD='(-0.01,0.01)';
    'INPUT2+':
      PIN_NUMBER='(7)';
      INPUT_LOAD='(-0.01,0.01)';
    'INPUT3-':
      PIN_NUMBER='(8)';
      INPUT_LOAD='(-0.01,0.01)';
    'INPUT3+':
      PIN_NUMBER='(9)';
      INPUT_LOAD='(-0.01,0.01)';
    'INPUT4-':
      PIN_NUMBER='(10)';
      INPUT_LOAD='(-0.01,0.01)';
    'INPUT4+':
      PIN_NUMBER='(11)';
      INPUT_LOAD='(-0.01,0.01)';
    'GND':
      PIN_NUMBER='(12)';
      PINUSE='GROUND';
      NO_LOAD_CHECK='Both';
      NO_IO_CHECK='Both';
      NO_ASSERT_CHECK='TRUE';
      NO_DIR_CHECK='TRUE';
      ALLOW_CONNECT='TRUE';
    'OUTPUT4':
      PIN_NUMBER='(13)';
      OUTPUT_LOAD='(1.0,-1.0)';
    'OUTPUT3':
      PIN_NUMBER='(14)';
      OUTPUT_LOAD='(1.0,-1.0)';
  end_pin;
  body
    BODY_NAME='LM2901VDR2G';
    PART_NAME='LM2901VDR2G';
    PHYS_DES_PREFIX='U';
    CLASS='IC';
  end_body;
end_primitive;

END.
