FILE_TYPE=LIBRARY_PARTS;
primitive 'CDCE72010RGCTG4';
  pin
    'TESTOUTA':
      PIN_NUMBER='(1)';
      PINUSE='UNSPEC';
      NO_LOAD_CHECK='Both';
      NO_IO_CHECK='Both';
      NO_ASSERT_CHECK='TRUE';
      NO_DIR_CHECK='TRUE';
      ALLOW_CONNECT='TRUE';
    'GND_CP':
      PIN_NUMBER='(2)';
      PINUSE='GROUND';
      NO_LOAD_CHECK='Both';
      NO_IO_CHECK='Both';
      NO_ASSERT_CHECK='TRUE';
      NO_DIR_CHECK='TRUE';
      ALLOW_CONNECT='TRUE';
    'CP_OUT':
      PIN_NUMBER='(3)';
      OUTPUT_LOAD='(1.0,-1.0)';
    'VCC_PLL1':
      PIN_NUMBER='(4)';
      PINUSE='POWER';
      NO_LOAD_CHECK='Both';
      NO_IO_CHECK='Both';
      NO_ASSERT_CHECK='TRUE';
      NO_DIR_CHECK='TRUE';
      ALLOW_CONNECT='TRUE';
    'VCC1':
      PIN_NUMBER='(5)';
      PINUSE='POWER';
      NO_LOAD_CHECK='Both';
      NO_IO_CHECK='Both';
      NO_ASSERT_CHECK='TRUE';
      NO_DIR_CHECK='TRUE';
      ALLOW_CONNECT='TRUE';
    'U0N':
      PIN_NUMBER='(6)';
      OUTPUT_LOAD='(1.0,-1.0)';
    'U0P':
      PIN_NUMBER='(7)';
      OUTPUT_LOAD='(1.0,-1.0)';
    'VCC2':
      PIN_NUMBER='(8)';
      PINUSE='POWER';
      NO_LOAD_CHECK='Both';
      NO_IO_CHECK='Both';
      NO_ASSERT_CHECK='TRUE';
      NO_DIR_CHECK='TRUE';
      ALLOW_CONNECT='TRUE';
    'U1N':
      PIN_NUMBER='(9)';
      OUTPUT_LOAD='(1.0,-1.0)';
    'U1P':
      PIN_NUMBER='(10)';
      OUTPUT_LOAD='(1.0,-1.0)';
    'VCC3':
      PIN_NUMBER='(11)';
      PINUSE='POWER';
      NO_LOAD_CHECK='Both';
      NO_IO_CHECK='Both';
      NO_ASSERT_CHECK='TRUE';
      NO_DIR_CHECK='TRUE';
      ALLOW_CONNECT='TRUE';
    'U2N':
      PIN_NUMBER='(12)';
      OUTPUT_LOAD='(1.0,-1.0)';
    'U2P':
      PIN_NUMBER='(13)';
      OUTPUT_LOAD='(1.0,-1.0)';
    'VCC4':
      PIN_NUMBER='(14)';
      PINUSE='POWER';
      NO_LOAD_CHECK='Both';
      NO_IO_CHECK='Both';
      NO_ASSERT_CHECK='TRUE';
      NO_DIR_CHECK='TRUE';
      ALLOW_CONNECT='TRUE';
    'SPI_MISO':
      PIN_NUMBER='(15)';
      PINUSE='UNSPEC';
      NO_LOAD_CHECK='Both';
      NO_IO_CHECK='Both';
      NO_ASSERT_CHECK='TRUE';
      NO_DIR_CHECK='TRUE';
      ALLOW_CONNECT='TRUE';
    'MODE_SEL':
      PIN_NUMBER='(16)';
      INPUT_LOAD='(-0.01,0.01)';
    'POWER_DOWN#':
      PIN_NUMBER='(17)';
      INPUT_LOAD='(-0.01,0.01)';
    'AUX_SEL':
      PIN_NUMBER='(18)';
      INPUT_LOAD='(-0.01,0.01)';
    'VCC5':
      PIN_NUMBER='(19)';
      PINUSE='POWER';
      NO_LOAD_CHECK='Both';
      NO_IO_CHECK='Both';
      NO_ASSERT_CHECK='TRUE';
      NO_DIR_CHECK='TRUE';
      ALLOW_CONNECT='TRUE';
    'U3N':
      PIN_NUMBER='(20)';
      OUTPUT_LOAD='(1.0,-1.0)';
    'U3P':
      PIN_NUMBER='(21)';
      OUTPUT_LOAD='(1.0,-1.0)';
    'VCC6':
      PIN_NUMBER='(22)';
      PINUSE='POWER';
      NO_LOAD_CHECK='Both';
      NO_IO_CHECK='Both';
      NO_ASSERT_CHECK='TRUE';
      NO_DIR_CHECK='TRUE';
      ALLOW_CONNECT='TRUE';
    'U4N':
      PIN_NUMBER='(23)';
      OUTPUT_LOAD='(1.0,-1.0)';
    'U4P':
      PIN_NUMBER='(24)';
      OUTPUT_LOAD='(1.0,-1.0)';
    'VCC7':
      PIN_NUMBER='(25)';
      PINUSE='POWER';
      NO_LOAD_CHECK='Both';
      NO_IO_CHECK='Both';
      NO_ASSERT_CHECK='TRUE';
      NO_DIR_CHECK='TRUE';
      ALLOW_CONNECT='TRUE';
    'U5N':
      PIN_NUMBER='(26)';
      OUTPUT_LOAD='(1.0,-1.0)';
    'U5P':
      PIN_NUMBER='(27)';
      OUTPUT_LOAD='(1.0,-1.0)';
    'VCC8':
      PIN_NUMBER='(28)';
      PINUSE='POWER';
      NO_LOAD_CHECK='Both';
      NO_IO_CHECK='Both';
      NO_ASSERT_CHECK='TRUE';
      NO_DIR_CHECK='TRUE';
      ALLOW_CONNECT='TRUE';
    'U6N':
      PIN_NUMBER='(29)';
      OUTPUT_LOAD='(1.0,-1.0)';
    'U6P':
      PIN_NUMBER='(30)';
      OUTPUT_LOAD='(1.0,-1.0)';
    'VCC9':
      PIN_NUMBER='(31)';
      PINUSE='POWER';
      NO_LOAD_CHECK='Both';
      NO_IO_CHECK='Both';
      NO_ASSERT_CHECK='TRUE';
      NO_DIR_CHECK='TRUE';
      ALLOW_CONNECT='TRUE';
    'GND1':
      PIN_NUMBER='(32)';
      PINUSE='GROUND';
      NO_LOAD_CHECK='Both';
      NO_IO_CHECK='Both';
      NO_ASSERT_CHECK='TRUE';
      NO_DIR_CHECK='TRUE';
      ALLOW_CONNECT='TRUE';
    'RESET#/HOLD#':
      PIN_NUMBER='(33)';
      INPUT_LOAD='(-0.01,0.01)';
    'VCC10':
      PIN_NUMBER='(34)';
      PINUSE='POWER';
      NO_LOAD_CHECK='Both';
      NO_IO_CHECK='Both';
      NO_ASSERT_CHECK='TRUE';
      NO_DIR_CHECK='TRUE';
      ALLOW_CONNECT='TRUE';
    'U7N':
      PIN_NUMBER='(35)';
      OUTPUT_LOAD='(1.0,-1.0)';
    'U7P':
      PIN_NUMBER='(36)';
      OUTPUT_LOAD='(1.0,-1.0)';
    'VCC11':
      PIN_NUMBER='(37)';
      PINUSE='POWER';
      NO_LOAD_CHECK='Both';
      NO_IO_CHECK='Both';
      NO_ASSERT_CHECK='TRUE';
      NO_DIR_CHECK='TRUE';
      ALLOW_CONNECT='TRUE';
    'U8N':
      PIN_NUMBER='(38)';
      OUTPUT_LOAD='(1.0,-1.0)';
    'U8P':
      PIN_NUMBER='(39)';
      OUTPUT_LOAD='(1.0,-1.0)';
    'VCC12':
      PIN_NUMBER='(40)';
      PINUSE='POWER';
      NO_LOAD_CHECK='Both';
      NO_IO_CHECK='Both';
      NO_ASSERT_CHECK='TRUE';
      NO_DIR_CHECK='TRUE';
      ALLOW_CONNECT='TRUE';
    'U9N/AUXINN':
      PIN_NUMBER='(41)';
      PINUSE='UNSPEC';
      NO_LOAD_CHECK='Both';
      NO_IO_CHECK='Both';
      NO_ASSERT_CHECK='TRUE';
      NO_DIR_CHECK='TRUE';
      ALLOW_CONNECT='TRUE';
    'U9P/AUXINP':
      PIN_NUMBER='(42)';
      PINUSE='UNSPEC';
      NO_LOAD_CHECK='Both';
      NO_IO_CHECK='Both';
      NO_ASSERT_CHECK='TRUE';
      NO_DIR_CHECK='TRUE';
      ALLOW_CONNECT='TRUE';
    'VCC13':
      PIN_NUMBER='(43)';
      PINUSE='POWER';
      NO_LOAD_CHECK='Both';
      NO_IO_CHECK='Both';
      NO_ASSERT_CHECK='TRUE';
      NO_DIR_CHECK='TRUE';
      ALLOW_CONNECT='TRUE';
    'SPI_MOSI/CD3':
      PIN_NUMBER='(44)';
      INPUT_LOAD='(-0.01,0.01)';
    'SPI_LE/CD1':
      PIN_NUMBER='(45)';
      INPUT_LOAD='(-0.01,0.01)';
    'SPI_CLK/CD2':
      PIN_NUMBER='(46)';
      INPUT_LOAD='(-0.01,0.01)';
    'REF_SEL':
      PIN_NUMBER='(47)';
      INPUT_LOAD='(-0.01,0.01)';
    'VCCA1':
      PIN_NUMBER='(48)';
      PINUSE='POWER';
      NO_LOAD_CHECK='Both';
      NO_IO_CHECK='Both';
      NO_ASSERT_CHECK='TRUE';
      NO_DIR_CHECK='TRUE';
      ALLOW_CONNECT='TRUE';
    'VCCA2':
      PIN_NUMBER='(49)';
      PINUSE='POWER';
      NO_LOAD_CHECK='Both';
      NO_IO_CHECK='Both';
      NO_ASSERT_CHECK='TRUE';
      NO_DIR_CHECK='TRUE';
      ALLOW_CONNECT='TRUE';
    'PLL_LOCK':
      PIN_NUMBER='(50)';
      PINUSE='UNSPEC';
      NO_LOAD_CHECK='Both';
      NO_IO_CHECK='Both';
      NO_ASSERT_CHECK='TRUE';
      NO_DIR_CHECK='TRUE';
      ALLOW_CONNECT='TRUE';
    'VCC_VCXO1':
      PIN_NUMBER='(51)';
      PINUSE='POWER';
      NO_LOAD_CHECK='Both';
      NO_IO_CHECK='Both';
      NO_ASSERT_CHECK='TRUE';
      NO_DIR_CHECK='TRUE';
      ALLOW_CONNECT='TRUE';
    'VCXO_IN-':
      PIN_NUMBER='(52)';
      INPUT_LOAD='(-0.01,0.01)';
    'VCXO_IN+':
      PIN_NUMBER='(53)';
      INPUT_LOAD='(-0.01,0.01)';
    'VCC_VCXO2':
      PIN_NUMBER='(54)';
      PINUSE='POWER';
      NO_LOAD_CHECK='Both';
      NO_IO_CHECK='Both';
      NO_ASSERT_CHECK='TRUE';
      NO_DIR_CHECK='TRUE';
      ALLOW_CONNECT='TRUE';
    'STATUS':
      PIN_NUMBER='(55)';
      OUTPUT_LOAD='(1.0,-1.0)';
    'VBB':
      PIN_NUMBER='(56)';
      OUTPUT_LOAD='(1.0,-1.0)';
    'VCC_IN1':
      PIN_NUMBER='(57)';
      PINUSE='POWER';
      NO_LOAD_CHECK='Both';
      NO_IO_CHECK='Both';
      NO_ASSERT_CHECK='TRUE';
      NO_DIR_CHECK='TRUE';
      ALLOW_CONNECT='TRUE';
    'PRI_REF-':
      PIN_NUMBER='(58)';
      INPUT_LOAD='(-0.01,0.01)';
    'PRI_REF+':
      PIN_NUMBER='(59)';
      INPUT_LOAD='(-0.01,0.01)';
    'VCC_IN2':
      PIN_NUMBER='(60)';
      PINUSE='POWER';
      NO_LOAD_CHECK='Both';
      NO_IO_CHECK='Both';
      NO_ASSERT_CHECK='TRUE';
      NO_DIR_CHECK='TRUE';
      ALLOW_CONNECT='TRUE';
    'SEC_REF-':
      PIN_NUMBER='(61)';
      INPUT_LOAD='(-0.01,0.01)';
    'SEC_REF+':
      PIN_NUMBER='(62)';
      INPUT_LOAD='(-0.01,0.01)';
    'VCC_PLL2':
      PIN_NUMBER='(63)';
      PINUSE='POWER';
      NO_LOAD_CHECK='Both';
      NO_IO_CHECK='Both';
      NO_ASSERT_CHECK='TRUE';
      NO_DIR_CHECK='TRUE';
      ALLOW_CONNECT='TRUE';
    'VCC_CP':
      PIN_NUMBER='(64)';
      PINUSE='POWER';
      NO_LOAD_CHECK='Both';
      NO_IO_CHECK='Both';
      NO_ASSERT_CHECK='TRUE';
      NO_DIR_CHECK='TRUE';
      ALLOW_CONNECT='TRUE';
    'GND2':
      PIN_NUMBER='(65)';
      PINUSE='GROUND';
      NO_LOAD_CHECK='Both';
      NO_IO_CHECK='Both';
      NO_ASSERT_CHECK='TRUE';
      NO_DIR_CHECK='TRUE';
      ALLOW_CONNECT='TRUE';
  end_pin;
  body
    BODY_NAME='CDCE72010RGCTG4';
    PART_NAME='CDCE72010RGCTG4';
    PHYS_DES_PREFIX='U';
    CLASS='IC';
  end_body;
end_primitive;

END.
