FILE_TYPE=LIBRARY_PARTS;
primitive 'ICS85301AGLF';
  pin
    'PCLK0':
      PIN_NUMBER='(1)';
      INPUT_LOAD='(-0.01,0.01)';
    'NPCLK0':
      PIN_NUMBER='(2)';
      INPUT_LOAD='(-0.01,0.01)';
    'PCLK1':
      PIN_NUMBER='(3)';
      INPUT_LOAD='(-0.01,0.01)';
    'NPCLK1':
      PIN_NUMBER='(4)';
      INPUT_LOAD='(-0.01,0.01)';
    'VBB':
      PIN_NUMBER='(5)';
      OUTPUT_LOAD='(1.0,-1.0)';
    'CLK_SEL':
      PIN_NUMBER='(6)';
      INPUT_LOAD='(-0.01,0.01)';
    'NC1':
      PIN_NUMBER='(7)';
      PINUSE='NC';
      NO_LOAD_CHECK='Both';
      NO_IO_CHECK='Both';
      NO_ASSERT_CHECK='TRUE';
      NO_DIR_CHECK='TRUE';
      ALLOW_CONNECT='TRUE';
    'VCC1':
      PIN_NUMBER='(8)';
      PINUSE='POWER';
      NO_LOAD_CHECK='Both';
      NO_IO_CHECK='Both';
      NO_ASSERT_CHECK='TRUE';
      NO_DIR_CHECK='TRUE';
      ALLOW_CONNECT='TRUE';
    'VEE1':
      PIN_NUMBER='(9)';
      PINUSE='POWER';
      NO_LOAD_CHECK='Both';
      NO_IO_CHECK='Both';
      NO_ASSERT_CHECK='TRUE';
      NO_DIR_CHECK='TRUE';
      ALLOW_CONNECT='TRUE';
    'NQ':
      PIN_NUMBER='(10)';
      OUTPUT_LOAD='(1.0,-1.0)';
    'Q':
      PIN_NUMBER='(11)';
      OUTPUT_LOAD='(1.0,-1.0)';
    'VEE2':
      PIN_NUMBER='(12)';
      PINUSE='POWER';
      NO_LOAD_CHECK='Both';
      NO_IO_CHECK='Both';
      NO_ASSERT_CHECK='TRUE';
      NO_DIR_CHECK='TRUE';
      ALLOW_CONNECT='TRUE';
    'VCC2':
      PIN_NUMBER='(13)';
      PINUSE='POWER';
      NO_LOAD_CHECK='Both';
      NO_IO_CHECK='Both';
      NO_ASSERT_CHECK='TRUE';
      NO_DIR_CHECK='TRUE';
      ALLOW_CONNECT='TRUE';
    'VEE3':
      PIN_NUMBER='(14)';
      PINUSE='POWER';
      NO_LOAD_CHECK='Both';
      NO_IO_CHECK='Both';
      NO_ASSERT_CHECK='TRUE';
      NO_DIR_CHECK='TRUE';
      ALLOW_CONNECT='TRUE';
    'VEE4':
      PIN_NUMBER='(15)';
      PINUSE='POWER';
      NO_LOAD_CHECK='Both';
      NO_IO_CHECK='Both';
      NO_ASSERT_CHECK='TRUE';
      NO_DIR_CHECK='TRUE';
      ALLOW_CONNECT='TRUE';
    'NC2':
      PIN_NUMBER='(16)';
      PINUSE='NC';
      NO_LOAD_CHECK='Both';
      NO_IO_CHECK='Both';
      NO_ASSERT_CHECK='TRUE';
      NO_DIR_CHECK='TRUE';
      ALLOW_CONNECT='TRUE';
  end_pin;
  body
    BODY_NAME='ICS85301AGLF';
    PART_NAME='ICS85301AGLF';
    PHYS_DES_PREFIX='U';
    CLASS='IC';
  end_body;
end_primitive;

END.
