FILE_TYPE=LIBRARY_PARTS;
primitive 'ICS8535AGI_21LFT';
  pin
    'VEE1':
      PIN_NUMBER='(1)';
      PINUSE='POWER';
      NO_LOAD_CHECK='Both';
      NO_IO_CHECK='Both';
      NO_ASSERT_CHECK='TRUE';
      NO_DIR_CHECK='TRUE';
      ALLOW_CONNECT='TRUE';
    'CLK_EN':
      PIN_NUMBER='(2)';
      INPUT_LOAD='(-0.01,0.01)';
    'CLK_SEL':
      PIN_NUMBER='(3)';
      INPUT_LOAD='(-0.01,0.01)';
    'CLK0':
      PIN_NUMBER='(4)';
      INPUT_LOAD='(-0.01,0.01)';
    'VEE2':
      PIN_NUMBER='(5)';
      PINUSE='POWER';
      NO_LOAD_CHECK='Both';
      NO_IO_CHECK='Both';
      NO_ASSERT_CHECK='TRUE';
      NO_DIR_CHECK='TRUE';
      ALLOW_CONNECT='TRUE';
    'CLK1':
      PIN_NUMBER='(6)';
      INPUT_LOAD='(-0.01,0.01)';
    'VCC1':
      PIN_NUMBER='(7)';
      PINUSE='POWER';
      NO_LOAD_CHECK='Both';
      NO_IO_CHECK='Both';
      NO_ASSERT_CHECK='TRUE';
      NO_DIR_CHECK='TRUE';
      ALLOW_CONNECT='TRUE';
    'VCC2':
      PIN_NUMBER='(8)';
      PINUSE='POWER';
      NO_LOAD_CHECK='Both';
      NO_IO_CHECK='Both';
      NO_ASSERT_CHECK='TRUE';
      NO_DIR_CHECK='TRUE';
      ALLOW_CONNECT='TRUE';
    'NQ1':
      PIN_NUMBER='(9)';
      OUTPUT_LOAD='(1.0,-1.0)';
    'Q1':
      PIN_NUMBER='(10)';
      OUTPUT_LOAD='(1.0,-1.0)';
    'NC':
      PIN_NUMBER='(11)';
      PINUSE='NC';
      NO_LOAD_CHECK='Both';
      NO_IO_CHECK='Both';
      NO_ASSERT_CHECK='TRUE';
      NO_DIR_CHECK='TRUE';
      ALLOW_CONNECT='TRUE';
    'NQ0':
      PIN_NUMBER='(12)';
      OUTPUT_LOAD='(1.0,-1.0)';
    'Q0':
      PIN_NUMBER='(13)';
      OUTPUT_LOAD='(1.0,-1.0)';
    'VCC3':
      PIN_NUMBER='(14)';
      PINUSE='POWER';
      NO_LOAD_CHECK='Both';
      NO_IO_CHECK='Both';
      NO_ASSERT_CHECK='TRUE';
      NO_DIR_CHECK='TRUE';
      ALLOW_CONNECT='TRUE';
  end_pin;
  body
    BODY_NAME='ICS8535AGI_21LFT';
    PART_NAME='ICS8535AGI_21LFT';
    PHYS_DES_PREFIX='U';
    CLASS='IC';
  end_body;
end_primitive;

END.
