FILE_TYPE=LIBRARY_PARTS;
primitive 'PNP_PMBS3906';
  pin
    '1':
      PIN_NUMBER='(1)';
      PINUSE='UNSPEC';
      NO_LOAD_CHECK='Both';
      NO_IO_CHECK='Both';
      ALLOW_CONNECT='TRUE';
    '2':
      PIN_NUMBER='(2)';
      PINUSE='UNSPEC';
      NO_LOAD_CHECK='Both';
      NO_IO_CHECK='Both';
      ALLOW_CONNECT='TRUE';
    '3':
      PIN_NUMBER='(3)';
      PINUSE='UNSPEC';
      NO_LOAD_CHECK='Both';
      NO_IO_CHECK='Both';
      ALLOW_CONNECT='TRUE';
  end_pin;
  body
    BODY_NAME='PNP_PMBS3906';
    PART_NAME='PNP_pmbs3906';
    PHYS_DES_PREFIX='Q';
    CLASS='DISCRETE';
  end_body;
end_primitive;

END.
