FILE_TYPE=LIBRARY_PARTS;
primitive 'TLK3134ZEL';
  pin
    'RST#':
      PIN_NUMBER='(P1,0,0,0,0)';
      INPUT_LOAD='(-0.01,0.01)';
    'ENABLE':
      PIN_NUMBER='(U1,0,0,0,0)';
      INPUT_LOAD='(-0.01,0.01)';
    'SPEED1':
      PIN_NUMBER='(R16,0,0,0,0)';
      INPUT_LOAD='(-0.01,0.01)';
    'SPEED0':
      PIN_NUMBER='(N14,0,0,0,0)';
      INPUT_LOAD='(-0.01,0.01)';
    'PLOOP':
      PIN_NUMBER='(N16,0,0,0,0)';
      INPUT_LOAD='(-0.01,0.01)';
    'SLOOP':
      PIN_NUMBER='(R17,0,0,0,0)';
      INPUT_LOAD='(-0.01,0.01)';
    'PRBS_EN':
      PIN_NUMBER='(U2,0,0,0,0)';
      INPUT_LOAD='(-0.01,0.01)';
    'CODE':
      PIN_NUMBER='(M3,0,0,0,0)';
      INPUT_LOAD='(-0.01,0.01)';
    'TDI':
      PIN_NUMBER='(N13,0,0,0,0)';
      INPUT_LOAD='(-0.01,0.01)';
    'TDO':
      PIN_NUMBER='(R15,0,0,0,0)';
      OUTPUT_LOAD='(1.0,-1.0)';
    'TMS':
      PIN_NUMBER='(P15,0,0,0,0)';
      INPUT_LOAD='(-0.01,0.01)';
    'TCK':
      PIN_NUMBER='(P17,0,0,0,0)';
      INPUT_LOAD='(-0.01,0.01)';
    'TRST#':
      PIN_NUMBER='(N15,0,0,0,0)';
      INPUT_LOAD='(-0.01,0.01)';
    'MDC':
      PIN_NUMBER='(0,T16,0,0,0)';
      INPUT_LOAD='(-0.01,0.01)';
    'MDIO':
      PIN_NUMBER='(0,U16,0,0,0)';
      BIDIRECTIONAL='TRUE';
      INPUT_LOAD='(-0.01,0.01)';
      OUTPUT_LOAD='(1.0,-1.0)';
    'PRTAD4':
      PIN_NUMBER='(0,N5,0,0,0)';
      INPUT_LOAD='(-0.01,0.01)';
    'PRTAD3':
      PIN_NUMBER='(0,N4,0,0,0)';
      INPUT_LOAD='(-0.01,0.01)';
    'PRTAD2':
      PIN_NUMBER='(0,N3,0,0,0)';
      INPUT_LOAD='(-0.01,0.01)';
    'PRTAD1':
      PIN_NUMBER='(0,N2,0,0,0)';
      INPUT_LOAD='(-0.01,0.01)';
    'PRTAD0':
      PIN_NUMBER='(0,T1,0,0,0)';
      INPUT_LOAD='(-0.01,0.01)';
    'ST':
      PIN_NUMBER='(0,0,M5,0,0)';
      INPUT_LOAD='(-0.01,0.01)';
    'REFCLK':
      PIN_NUMBER='(0,0,M2,0,0)';
      INPUT_LOAD='(-0.01,0.01)';
    'TXCLK_3':
      PIN_NUMBER='(0,0,C11,0,0)';
      INPUT_LOAD='(-0.01,0.01)';
    'TXCLK_2':
      PIN_NUMBER='(0,0,F16,0,0)';
      INPUT_LOAD='(-0.01,0.01)';
    'TXCLK_1':
      PIN_NUMBER='(0,0,K13,0,0)';
      INPUT_LOAD='(-0.01,0.01)';
    'TXCLK_0':
      PIN_NUMBER='(0,0,M14,0,0)';
      INPUT_LOAD='(-0.01,0.01)';
    'TXD_31':
      PIN_NUMBER='(0,0,B11,0,0)';
      INPUT_LOAD='(-0.01,0.01)';
    'TXD_30':
      PIN_NUMBER='(0,0,A13,0,0)';
      INPUT_LOAD='(-0.01,0.01)';
    'TXD_29':
      PIN_NUMBER='(0,0,B13,0,0)';
      INPUT_LOAD='(-0.01,0.01)';
    'TXD_28':
      PIN_NUMBER='(0,0,C12,0,0)';
      INPUT_LOAD='(-0.01,0.01)';
    'TXD_27':
      PIN_NUMBER='(0,0,E12,0,0)';
      INPUT_LOAD='(-0.01,0.01)';
    'TXD_26':
      PIN_NUMBER='(0,0,B14,0,0)';
      INPUT_LOAD='(-0.01,0.01)';
    'TXD_25':
      PIN_NUMBER='(0,0,D13,0,0)';
      INPUT_LOAD='(-0.01,0.01)';
    'TXD_24':
      PIN_NUMBER='(0,0,C15,0,0)';
      INPUT_LOAD='(-0.01,0.01)';
    'TXD_23':
      PIN_NUMBER='(0,0,D14,0,0)';
      INPUT_LOAD='(-0.01,0.01)';
    'TXD_22':
      PIN_NUMBER='(0,0,E13,0,0)';
      INPUT_LOAD='(-0.01,0.01)';
    'TXD_21':
      PIN_NUMBER='(0,0,B16,0,0)';
      INPUT_LOAD='(-0.01,0.01)';
    'TXD_20':
      PIN_NUMBER='(0,0,D15,0,0)';
      INPUT_LOAD='(-0.01,0.01)';
    'TXD_19':
      PIN_NUMBER='(0,0,F13,0,0)';
      INPUT_LOAD='(-0.01,0.01)';
    'TXD_18':
      PIN_NUMBER='(0,0,C16,0,0)';
      INPUT_LOAD='(-0.01,0.01)';
    'TXD_17':
      PIN_NUMBER='(0,0,D17,0,0)';
      INPUT_LOAD='(-0.01,0.01)';
    'TXD_16':
      PIN_NUMBER='(0,0,E15,0,0)';
      INPUT_LOAD='(-0.01,0.01)';
    'TXD_15':
      PIN_NUMBER='(0,0,E16,0,0)';
      INPUT_LOAD='(-0.01,0.01)';
    'TXD_14':
      PIN_NUMBER='(0,0,E17,0,0)';
      INPUT_LOAD='(-0.01,0.01)';
    'TXD_13':
      PIN_NUMBER='(0,0,F15,0,0)';
      INPUT_LOAD='(-0.01,0.01)';
    'TXD_12':
      PIN_NUMBER='(0,0,G16,0,0)';
      INPUT_LOAD='(-0.01,0.01)';
    'TXD_11':
      PIN_NUMBER='(0,0,G13,0,0)';
      INPUT_LOAD='(-0.01,0.01)';
    'TXD_10':
      PIN_NUMBER='(0,0,G17,0,0)';
      INPUT_LOAD='(-0.01,0.01)';
    'TXD_9':
      PIN_NUMBER='(0,0,J13,0,0)';
      INPUT_LOAD='(-0.01,0.01)';
    'TXD_8':
      PIN_NUMBER='(0,0,J14,0,0)';
      INPUT_LOAD='(-0.01,0.01)';
    'TXD_7':
      PIN_NUMBER='(0,0,J15,0,0)';
      INPUT_LOAD='(-0.01,0.01)';
    'TXD_6':
      PIN_NUMBER='(0,0,J17,0,0)';
      INPUT_LOAD='(-0.01,0.01)';
    'TXD_5':
      PIN_NUMBER='(0,0,K15,0,0)';
      INPUT_LOAD='(-0.01,0.01)';
    'TXD_4':
      PIN_NUMBER='(0,0,M17,0,0)';
      INPUT_LOAD='(-0.01,0.01)';
    'TXD_3':
      PIN_NUMBER='(0,0,L16,0,0)';
      INPUT_LOAD='(-0.01,0.01)';
    'TXD_2':
      PIN_NUMBER='(0,0,L13,0,0)';
      INPUT_LOAD='(-0.01,0.01)';
    'TXD_1':
      PIN_NUMBER='(0,0,L14,0,0)';
      INPUT_LOAD='(-0.01,0.01)';
    'TXD_0':
      PIN_NUMBER='(0,0,M16,0,0)';
      INPUT_LOAD='(-0.01,0.01)';
    'TXC_7':
      PIN_NUMBER='(0,0,B12,0,0)';
      INPUT_LOAD='(-0.01,0.01)';
    'TXC_6':
      PIN_NUMBER='(0,0,D12,0,0)';
      INPUT_LOAD='(-0.01,0.01)';
    'TXC_5':
      PIN_NUMBER='(0,0,A16,0,0)';
      INPUT_LOAD='(-0.01,0.01)';
    'TXC_4':
      PIN_NUMBER='(0,0,C17,0,0)';
      INPUT_LOAD='(-0.01,0.01)';
    'TXC_3':
      PIN_NUMBER='(0,0,F14,0,0)';
      INPUT_LOAD='(-0.01,0.01)';
    'TXC_2':
      PIN_NUMBER='(0,0,H16,0,0)';
      INPUT_LOAD='(-0.01,0.01)';
    'TXC_1':
      PIN_NUMBER='(0,0,K17,0,0)';
      INPUT_LOAD='(-0.01,0.01)';
    'TXC_0':
      PIN_NUMBER='(0,0,L15,0,0)';
      INPUT_LOAD='(-0.01,0.01)';
    'RXCLK_3':
      PIN_NUMBER='(0,0,C2,0,0)';
      OUTPUT_LOAD='(1.0,-1.0)';
    'RXCLK_2':
      PIN_NUMBER='(0,0,C6,0,0)';
      OUTPUT_LOAD='(1.0,-1.0)';
    'RXCLK_1':
      PIN_NUMBER='(0,0,D7,0,0)';
      OUTPUT_LOAD='(1.0,-1.0)';
    'RXCLK_0':
      PIN_NUMBER='(0,0,D9,0,0)';
      OUTPUT_LOAD='(1.0,-1.0)';
    'RXD_31':
      PIN_NUMBER='(0,0,H2,0,0)';
      OUTPUT_LOAD='(1.0,-1.0)';
    'RXD_30':
      PIN_NUMBER='(0,0,H1,0,0)';
      OUTPUT_LOAD='(1.0,-1.0)';
    'RXD_29':
      PIN_NUMBER='(0,0,H5,0,0)';
      OUTPUT_LOAD='(1.0,-1.0)';
    'RXD_28':
      PIN_NUMBER='(0,0,G3,0,0)';
      OUTPUT_LOAD='(1.0,-1.0)';
    'RXD_27':
      PIN_NUMBER='(0,0,G4,0,0)';
      OUTPUT_LOAD='(1.0,-1.0)';
    'RXD_26':
      PIN_NUMBER='(0,0,F1,0,0)';
      OUTPUT_LOAD='(1.0,-1.0)';
    'RXD_25':
      PIN_NUMBER='(0,0,F5,0,0)';
      OUTPUT_LOAD='(1.0,-1.0)';
    'RXD_24':
      PIN_NUMBER='(0,0,E2,0,0)';
      OUTPUT_LOAD='(1.0,-1.0)';
    'RXD_23':
      PIN_NUMBER='(0,0,E1,0,0)';
      OUTPUT_LOAD='(1.0,-1.0)';
    'RXD_22':
      PIN_NUMBER='(0,0,E3,0,0)';
      OUTPUT_LOAD='(1.0,-1.0)';
    'RXD_21':
      PIN_NUMBER='(0,0,D2,0,0)';
      OUTPUT_LOAD='(1.0,-1.0)';
    'RXD_20':
      PIN_NUMBER='(0,0,E5,0,0)';
      OUTPUT_LOAD='(1.0,-1.0)';
    'RXD_19':
      PIN_NUMBER='(0,0,B1,0,0)';
      OUTPUT_LOAD='(1.0,-1.0)';
    'RXD_18':
      PIN_NUMBER='(0,0,D4,0,0)';
      OUTPUT_LOAD='(1.0,-1.0)';
    'RXD_17':
      PIN_NUMBER='(0,0,B2,0,0)';
      OUTPUT_LOAD='(1.0,-1.0)';
    'RXD_16':
      PIN_NUMBER='(0,0,E6,0,0)';
      OUTPUT_LOAD='(1.0,-1.0)';
    'RXD_15':
      PIN_NUMBER='(0,0,A3,0,0)';
      OUTPUT_LOAD='(1.0,-1.0)';
    'RXD_14':
      PIN_NUMBER='(0,0,B3,0,0)';
      OUTPUT_LOAD='(1.0,-1.0)';
    'RXD_13':
      PIN_NUMBER='(0,0,C5,0,0)';
      OUTPUT_LOAD='(1.0,-1.0)';
    'RXD_12':
      PIN_NUMBER='(0,0,B4,0,0)';
      OUTPUT_LOAD='(1.0,-1.0)';
    'RXD_11':
      PIN_NUMBER='(0,0,A4,0,0)';
      OUTPUT_LOAD='(1.0,-1.0)';
    'RXD_10':
      PIN_NUMBER='(0,0,B6,0,0)';
      OUTPUT_LOAD='(1.0,-1.0)';
    'RXD_9':
      PIN_NUMBER='(0,0,A6,0,0)';
      OUTPUT_LOAD='(1.0,-1.0)';
    'RXD_8':
      PIN_NUMBER='(0,0,A8,0,0)';
      OUTPUT_LOAD='(1.0,-1.0)';
    'RXD_7':
      PIN_NUMBER='(0,0,B8,0,0)';
      OUTPUT_LOAD='(1.0,-1.0)';
    'RXD_6':
      PIN_NUMBER='(0,0,D8,0,0)';
      OUTPUT_LOAD='(1.0,-1.0)';
    'RXD_5':
      PIN_NUMBER='(0,0,B9,0,0)';
      OUTPUT_LOAD='(1.0,-1.0)';
    'RXD_4':
      PIN_NUMBER='(0,0,A10,0,0)';
      OUTPUT_LOAD='(1.0,-1.0)';
    'RXD_3':
      PIN_NUMBER='(0,0,C9,0,0)';
      OUTPUT_LOAD='(1.0,-1.0)';
    'RXD_2':
      PIN_NUMBER='(0,0,A11,0,0)';
      OUTPUT_LOAD='(1.0,-1.0)';
    'RXD_1':
      PIN_NUMBER='(0,0,D10,0,0)';
      OUTPUT_LOAD='(1.0,-1.0)';
    'RXD_0':
      PIN_NUMBER='(0,0,E10,0,0)';
      OUTPUT_LOAD='(1.0,-1.0)';
    'RXC_7':
      PIN_NUMBER='(0,0,H4,0,0)';
      OUTPUT_LOAD='(1.0,-1.0)';
    'RXC_6':
      PIN_NUMBER='(0,0,F4,0,0)';
      OUTPUT_LOAD='(1.0,-1.0)';
    'RXC_5':
      PIN_NUMBER='(0,0,D3,0,0)';
      OUTPUT_LOAD='(1.0,-1.0)';
    'RXC_4':
      PIN_NUMBER='(0,0,D5,0,0)';
      OUTPUT_LOAD='(1.0,-1.0)';
    'RXC_3':
      PIN_NUMBER='(0,0,E7,0,0)';
      OUTPUT_LOAD='(1.0,-1.0)';
    'RXC_2':
      PIN_NUMBER='(0,0,B7,0,0)';
      OUTPUT_LOAD='(1.0,-1.0)';
    'RXC_1':
      PIN_NUMBER='(0,0,E8,0,0)';
      OUTPUT_LOAD='(1.0,-1.0)';
    'RXC_0':
      PIN_NUMBER='(0,0,C10,0,0)';
      OUTPUT_LOAD='(1.0,-1.0)';
    'TDP3':
      PIN_NUMBER='(0,0,U8,0,0)';
      OUTPUT_LOAD='(1.0,-1.0)';
    'TDN3':
      PIN_NUMBER='(0,0,U7,0,0)';
      OUTPUT_LOAD='(1.0,-1.0)';
    'TDP2':
      PIN_NUMBER='(0,0,R6,0,0)';
      OUTPUT_LOAD='(1.0,-1.0)';
    'TDN2':
      PIN_NUMBER='(0,0,R7,0,0)';
      OUTPUT_LOAD='(1.0,-1.0)';
    'TDP1':
      PIN_NUMBER='(0,0,U5,0,0)';
      OUTPUT_LOAD='(1.0,-1.0)';
    'TDN1':
      PIN_NUMBER='(0,0,U4,0,0)';
      OUTPUT_LOAD='(1.0,-1.0)';
    'TDP0':
      PIN_NUMBER='(0,0,R3,0,0)';
      OUTPUT_LOAD='(1.0,-1.0)';
    'TDN0':
      PIN_NUMBER='(0,0,R4,0,0)';
      OUTPUT_LOAD='(1.0,-1.0)';
    'RDP3':
      PIN_NUMBER='(0,0,U13,0,0)';
      INPUT_LOAD='(-0.01,0.01)';
    'RDN3':
      PIN_NUMBER='(0,0,U14,0,0)';
      INPUT_LOAD='(-0.01,0.01)';
    'RDP2':
      PIN_NUMBER='(0,0,R13,0,0)';
      INPUT_LOAD='(-0.01,0.01)';
    'RDN2':
      PIN_NUMBER='(0,0,R12,0,0)';
      INPUT_LOAD='(-0.01,0.01)';
    'RDP1':
      PIN_NUMBER='(0,0,U10,0,0)';
      INPUT_LOAD='(-0.01,0.01)';
    'RDN1':
      PIN_NUMBER='(0,0,U11,0,0)';
      INPUT_LOAD='(-0.01,0.01)';
    'RDP0':
      PIN_NUMBER='(0,0,R10,0,0)';
      INPUT_LOAD='(-0.01,0.01)';
    'RDN0':
      PIN_NUMBER='(0,0,R9,0,0)';
      INPUT_LOAD='(-0.01,0.01)';
    'VPP_1':
      PIN_NUMBER='(0,0,0,D11,0)';
      PINUSE='POWER';
      NO_LOAD_CHECK='Both';
      NO_IO_CHECK='Both';
      NO_ASSERT_CHECK='TRUE';
      NO_DIR_CHECK='TRUE';
      ALLOW_CONNECT='TRUE';
    'VPP_2':
      PIN_NUMBER='(0,0,0,E11,0)';
      PINUSE='POWER';
      NO_LOAD_CHECK='Both';
      NO_IO_CHECK='Both';
      NO_ASSERT_CHECK='TRUE';
      NO_DIR_CHECK='TRUE';
      ALLOW_CONNECT='TRUE';
    'TESTEN':
      PIN_NUMBER='(0,0,0,M6,0)';
      INPUT_LOAD='(-0.01,0.01)';
    'AMUX1':
      PIN_NUMBER='(0,0,0,T12,0)';
      PIN_TYPE='ANALOG';
      NO_LOAD_CHECK='Both';
      NO_IO_CHECK='Both';
      NO_ASSERT_CHECK='TRUE';
      NO_DIR_CHECK='TRUE';
      ALLOW_CONNECT='TRUE';
    'AMUX0':
      PIN_NUMBER='(0,0,0,T6,0)';
      PIN_TYPE='ANALOG';
      NO_LOAD_CHECK='Both';
      NO_IO_CHECK='Both';
      NO_ASSERT_CHECK='TRUE';
      NO_DIR_CHECK='TRUE';
      ALLOW_CONNECT='TRUE';
    'RES4':
      PIN_NUMBER='(0,0,0,C14,0)';
      PIN_TYPE='ANALOG';
      NO_LOAD_CHECK='Both';
      NO_IO_CHECK='Both';
      NO_ASSERT_CHECK='TRUE';
      NO_DIR_CHECK='TRUE';
      ALLOW_CONNECT='TRUE';
    'RES3':
      PIN_NUMBER='(0,0,0,H15,0)';
      PIN_TYPE='ANALOG';
      NO_LOAD_CHECK='Both';
      NO_IO_CHECK='Both';
      NO_ASSERT_CHECK='TRUE';
      NO_DIR_CHECK='TRUE';
      ALLOW_CONNECT='TRUE';
    'RES2':
      PIN_NUMBER='(0,0,0,G2,0)';
      PIN_TYPE='ANALOG';
      NO_LOAD_CHECK='Both';
      NO_IO_CHECK='Both';
      NO_ASSERT_CHECK='TRUE';
      NO_DIR_CHECK='TRUE';
      ALLOW_CONNECT='TRUE';
    'RES1':
      PIN_NUMBER='(0,0,0,C4,0)';
      PIN_TYPE='ANALOG';
      NO_LOAD_CHECK='Both';
      NO_IO_CHECK='Both';
      NO_ASSERT_CHECK='TRUE';
      NO_DIR_CHECK='TRUE';
      ALLOW_CONNECT='TRUE';
    'GPI1':
      PIN_NUMBER='(0,0,0,R2,0)';
      INPUT_LOAD='(-0.01,0.01)';
    'GPO4':
      PIN_NUMBER='(0,0,0,J6,0)';
      OUTPUT_LOAD='(1.0,-1.0)';
    'GPO3':
      PIN_NUMBER='(0,0,0,K6,0)';
      OUTPUT_LOAD='(1.0,-1.0)';
    'GPO2':
      PIN_NUMBER='(0,0,0,L6,0)';
      OUTPUT_LOAD='(1.0,-1.0)';
    'GPO1':
      PIN_NUMBER='(0,0,0,L3,0)';
      OUTPUT_LOAD='(1.0,-1.0)';
    'GPO0':
      PIN_NUMBER='(0,0,0,N1,0)';
      OUTPUT_LOAD='(1.0,-1.0)';
    'DVDD_1':
      PIN_NUMBER='(0,0,0,F11,0)';
      PINUSE='POWER';
      NO_LOAD_CHECK='Both';
      NO_IO_CHECK='Both';
      NO_ASSERT_CHECK='TRUE';
      NO_DIR_CHECK='TRUE';
      ALLOW_CONNECT='TRUE';
    'DVDD_2':
      PIN_NUMBER='(0,0,0,F6,0)';
      PINUSE='POWER';
      NO_LOAD_CHECK='Both';
      NO_IO_CHECK='Both';
      NO_ASSERT_CHECK='TRUE';
      NO_DIR_CHECK='TRUE';
      ALLOW_CONNECT='TRUE';
    'DVDD_3':
      PIN_NUMBER='(0,0,0,F8,0)';
      PINUSE='POWER';
      NO_LOAD_CHECK='Both';
      NO_IO_CHECK='Both';
      NO_ASSERT_CHECK='TRUE';
      NO_DIR_CHECK='TRUE';
      ALLOW_CONNECT='TRUE';
    'DVDD_4':
      PIN_NUMBER='(0,0,0,F9,0)';
      PINUSE='POWER';
      NO_LOAD_CHECK='Both';
      NO_IO_CHECK='Both';
      NO_ASSERT_CHECK='TRUE';
      NO_DIR_CHECK='TRUE';
      ALLOW_CONNECT='TRUE';
    'DVDD_5':
      PIN_NUMBER='(0,0,0,G12,0)';
      PINUSE='POWER';
      NO_LOAD_CHECK='Both';
      NO_IO_CHECK='Both';
      NO_ASSERT_CHECK='TRUE';
      NO_DIR_CHECK='TRUE';
      ALLOW_CONNECT='TRUE';
    'DVDD_6':
      PIN_NUMBER='(0,0,0,G6,0)';
      PINUSE='POWER';
      NO_LOAD_CHECK='Both';
      NO_IO_CHECK='Both';
      NO_ASSERT_CHECK='TRUE';
      NO_DIR_CHECK='TRUE';
      ALLOW_CONNECT='TRUE';
    'DVDD_7':
      PIN_NUMBER='(0,0,0,J12,0)';
      PINUSE='POWER';
      NO_LOAD_CHECK='Both';
      NO_IO_CHECK='Both';
      NO_ASSERT_CHECK='TRUE';
      NO_DIR_CHECK='TRUE';
      ALLOW_CONNECT='TRUE';
    'DVDD_8':
      PIN_NUMBER='(0,0,0,J7,0)';
      PINUSE='POWER';
      NO_LOAD_CHECK='Both';
      NO_IO_CHECK='Both';
      NO_ASSERT_CHECK='TRUE';
      NO_DIR_CHECK='TRUE';
      ALLOW_CONNECT='TRUE';
    'DVDD_9':
      PIN_NUMBER='(0,0,0,M12,0)';
      PINUSE='POWER';
      NO_LOAD_CHECK='Both';
      NO_IO_CHECK='Both';
      NO_ASSERT_CHECK='TRUE';
      NO_DIR_CHECK='TRUE';
      ALLOW_CONNECT='TRUE';
    'DVDD_10':
      PIN_NUMBER='(0,0,0,N10,0)';
      PINUSE='POWER';
      NO_LOAD_CHECK='Both';
      NO_IO_CHECK='Both';
      NO_ASSERT_CHECK='TRUE';
      NO_DIR_CHECK='TRUE';
      ALLOW_CONNECT='TRUE';
    'DVDD_11':
      PIN_NUMBER='(0,0,0,N12,0)';
      PINUSE='POWER';
      NO_LOAD_CHECK='Both';
      NO_IO_CHECK='Both';
      NO_ASSERT_CHECK='TRUE';
      NO_DIR_CHECK='TRUE';
      ALLOW_CONNECT='TRUE';
    'DVDD_12':
      PIN_NUMBER='(0,0,0,N17,0)';
      PINUSE='POWER';
      NO_LOAD_CHECK='Both';
      NO_IO_CHECK='Both';
      NO_ASSERT_CHECK='TRUE';
      NO_DIR_CHECK='TRUE';
      ALLOW_CONNECT='TRUE';
    'DVDD_13':
      PIN_NUMBER='(0,0,0,N6,0)';
      PINUSE='POWER';
      NO_LOAD_CHECK='Both';
      NO_IO_CHECK='Both';
      NO_ASSERT_CHECK='TRUE';
      NO_DIR_CHECK='TRUE';
      ALLOW_CONNECT='TRUE';
    'DVDD_14':
      PIN_NUMBER='(0,0,0,N8,0)';
      PINUSE='POWER';
      NO_LOAD_CHECK='Both';
      NO_IO_CHECK='Both';
      NO_ASSERT_CHECK='TRUE';
      NO_DIR_CHECK='TRUE';
      ALLOW_CONNECT='TRUE';
    'DVDD_15':
      PIN_NUMBER='(0,0,0,T2,0)';
      PINUSE='POWER';
      NO_LOAD_CHECK='Both';
      NO_IO_CHECK='Both';
      NO_ASSERT_CHECK='TRUE';
      NO_DIR_CHECK='TRUE';
      ALLOW_CONNECT='TRUE';
    'VDDO_1':
      PIN_NUMBER='(0,0,0,L2,0)';
      PINUSE='POWER';
      NO_LOAD_CHECK='Both';
      NO_IO_CHECK='Both';
      NO_ASSERT_CHECK='TRUE';
      NO_DIR_CHECK='TRUE';
      ALLOW_CONNECT='TRUE';
    'VDDO_2':
      PIN_NUMBER='(0,0,0,N9,0)';
      PINUSE='POWER';
      NO_LOAD_CHECK='Both';
      NO_IO_CHECK='Both';
      NO_ASSERT_CHECK='TRUE';
      NO_DIR_CHECK='TRUE';
      ALLOW_CONNECT='TRUE';
    'VDDO_3':
      PIN_NUMBER='(0,0,0,P14,0)';
      PINUSE='POWER';
      NO_LOAD_CHECK='Both';
      NO_IO_CHECK='Both';
      NO_ASSERT_CHECK='TRUE';
      NO_DIR_CHECK='TRUE';
      ALLOW_CONNECT='TRUE';
    'VDDO_4':
      PIN_NUMBER='(0,0,0,P16,0)';
      PINUSE='POWER';
      NO_LOAD_CHECK='Both';
      NO_IO_CHECK='Both';
      NO_ASSERT_CHECK='TRUE';
      NO_DIR_CHECK='TRUE';
      ALLOW_CONNECT='TRUE';
    'VDDO_5':
      PIN_NUMBER='(0,0,0,P3,0)';
      PINUSE='POWER';
      NO_LOAD_CHECK='Both';
      NO_IO_CHECK='Both';
      NO_ASSERT_CHECK='TRUE';
      NO_DIR_CHECK='TRUE';
      ALLOW_CONNECT='TRUE';
    'VDDO_6':
      PIN_NUMBER='(0,0,0,R1,0)';
      PINUSE='POWER';
      NO_LOAD_CHECK='Both';
      NO_IO_CHECK='Both';
      NO_ASSERT_CHECK='TRUE';
      NO_DIR_CHECK='TRUE';
      ALLOW_CONNECT='TRUE';
    'VDDM':
      PIN_NUMBER='(0,0,0,T17,0)';
      PINUSE='POWER';
      NO_LOAD_CHECK='Both';
      NO_IO_CHECK='Both';
      NO_ASSERT_CHECK='TRUE';
      NO_DIR_CHECK='TRUE';
      ALLOW_CONNECT='TRUE';
    'VDDQ_1':
      PIN_NUMBER='(0,0,0,A12,0)';
      PINUSE='POWER';
      NO_LOAD_CHECK='Both';
      NO_IO_CHECK='Both';
      NO_ASSERT_CHECK='TRUE';
      NO_DIR_CHECK='TRUE';
      ALLOW_CONNECT='TRUE';
    'VDDQ_2':
      PIN_NUMBER='(0,0,0,A15,0)';
      PINUSE='POWER';
      NO_LOAD_CHECK='Both';
      NO_IO_CHECK='Both';
      NO_ASSERT_CHECK='TRUE';
      NO_DIR_CHECK='TRUE';
      ALLOW_CONNECT='TRUE';
    'VDDQ_3':
      PIN_NUMBER='(0,0,0,A2,0)';
      PINUSE='POWER';
      NO_LOAD_CHECK='Both';
      NO_IO_CHECK='Both';
      NO_ASSERT_CHECK='TRUE';
      NO_DIR_CHECK='TRUE';
      ALLOW_CONNECT='TRUE';
    'VDDQ_4':
      PIN_NUMBER='(0,0,0,A5,0)';
      PINUSE='POWER';
      NO_LOAD_CHECK='Both';
      NO_IO_CHECK='Both';
      NO_ASSERT_CHECK='TRUE';
      NO_DIR_CHECK='TRUE';
      ALLOW_CONNECT='TRUE';
    'VDDQ_5':
      PIN_NUMBER='(0,0,0,A9,0)';
      PINUSE='POWER';
      NO_LOAD_CHECK='Both';
      NO_IO_CHECK='Both';
      NO_ASSERT_CHECK='TRUE';
      NO_DIR_CHECK='TRUE';
      ALLOW_CONNECT='TRUE';
    'VDDQ_6':
      PIN_NUMBER='(0,0,0,B15,0)';
      PINUSE='POWER';
      NO_LOAD_CHECK='Both';
      NO_IO_CHECK='Both';
      NO_ASSERT_CHECK='TRUE';
      NO_DIR_CHECK='TRUE';
      ALLOW_CONNECT='TRUE';
    'VDDQ_7':
      PIN_NUMBER='(0,0,0,B17,0)';
      PINUSE='POWER';
      NO_LOAD_CHECK='Both';
      NO_IO_CHECK='Both';
      NO_ASSERT_CHECK='TRUE';
      NO_DIR_CHECK='TRUE';
      ALLOW_CONNECT='TRUE';
    'VDDQ_8':
      PIN_NUMBER='(0,0,0,B5,0)';
      PINUSE='POWER';
      NO_LOAD_CHECK='Both';
      NO_IO_CHECK='Both';
      NO_ASSERT_CHECK='TRUE';
      NO_DIR_CHECK='TRUE';
      ALLOW_CONNECT='TRUE';
    'VDDQ_9':
      PIN_NUMBER='(0,0,0,C1,0)';
      PINUSE='POWER';
      NO_LOAD_CHECK='Both';
      NO_IO_CHECK='Both';
      NO_ASSERT_CHECK='TRUE';
      NO_DIR_CHECK='TRUE';
      ALLOW_CONNECT='TRUE';
    'VDDQ_10':
      PIN_NUMBER='(0,0,0,C7,0)';
      PINUSE='POWER';
      NO_LOAD_CHECK='Both';
      NO_IO_CHECK='Both';
      NO_ASSERT_CHECK='TRUE';
      NO_DIR_CHECK='TRUE';
      ALLOW_CONNECT='TRUE';
    'VDDQ_11':
      PIN_NUMBER='(0,0,0,C8,0)';
      PINUSE='POWER';
      NO_LOAD_CHECK='Both';
      NO_IO_CHECK='Both';
      NO_ASSERT_CHECK='TRUE';
      NO_DIR_CHECK='TRUE';
      ALLOW_CONNECT='TRUE';
    'VDDQ_12':
      PIN_NUMBER='(0,0,0,D1,0)';
      PINUSE='POWER';
      NO_LOAD_CHECK='Both';
      NO_IO_CHECK='Both';
      NO_ASSERT_CHECK='TRUE';
      NO_DIR_CHECK='TRUE';
      ALLOW_CONNECT='TRUE';
    'VDDQ_13':
      PIN_NUMBER='(0,0,0,E14,0)';
      PINUSE='POWER';
      NO_LOAD_CHECK='Both';
      NO_IO_CHECK='Both';
      NO_ASSERT_CHECK='TRUE';
      NO_DIR_CHECK='TRUE';
      ALLOW_CONNECT='TRUE';
    'VDDQ_14':
      PIN_NUMBER='(0,0,0,E4,0)';
      PINUSE='POWER';
      NO_LOAD_CHECK='Both';
      NO_IO_CHECK='Both';
      NO_ASSERT_CHECK='TRUE';
      NO_DIR_CHECK='TRUE';
      ALLOW_CONNECT='TRUE';
    'VDDQ_15':
      PIN_NUMBER='(0,0,0,F10,0)';
      PINUSE='POWER';
      NO_LOAD_CHECK='Both';
      NO_IO_CHECK='Both';
      NO_ASSERT_CHECK='TRUE';
      NO_DIR_CHECK='TRUE';
      ALLOW_CONNECT='TRUE';
    'VDDQ_16':
      PIN_NUMBER='(0,0,0,F17,0)';
      PINUSE='POWER';
      NO_LOAD_CHECK='Both';
      NO_IO_CHECK='Both';
      NO_ASSERT_CHECK='TRUE';
      NO_DIR_CHECK='TRUE';
      ALLOW_CONNECT='TRUE';
    'VDDQ_17':
      PIN_NUMBER='(0,0,0,F3,0)';
      PINUSE='POWER';
      NO_LOAD_CHECK='Both';
      NO_IO_CHECK='Both';
      NO_ASSERT_CHECK='TRUE';
      NO_DIR_CHECK='TRUE';
      ALLOW_CONNECT='TRUE';
    'VDDQ_18':
      PIN_NUMBER='(0,0,0,F7,0)';
      PINUSE='POWER';
      NO_LOAD_CHECK='Both';
      NO_IO_CHECK='Both';
      NO_ASSERT_CHECK='TRUE';
      NO_DIR_CHECK='TRUE';
      ALLOW_CONNECT='TRUE';
    'VDDQ_19':
      PIN_NUMBER='(0,0,0,G1,0)';
      PINUSE='POWER';
      NO_LOAD_CHECK='Both';
      NO_IO_CHECK='Both';
      NO_ASSERT_CHECK='TRUE';
      NO_DIR_CHECK='TRUE';
      ALLOW_CONNECT='TRUE';
    'VDDQ_20':
      PIN_NUMBER='(0,0,0,G14,0)';
      PINUSE='POWER';
      NO_LOAD_CHECK='Both';
      NO_IO_CHECK='Both';
      NO_ASSERT_CHECK='TRUE';
      NO_DIR_CHECK='TRUE';
      ALLOW_CONNECT='TRUE';
    'VDDQ_21':
      PIN_NUMBER='(0,0,0,H13,0)';
      PINUSE='POWER';
      NO_LOAD_CHECK='Both';
      NO_IO_CHECK='Both';
      NO_ASSERT_CHECK='TRUE';
      NO_DIR_CHECK='TRUE';
      ALLOW_CONNECT='TRUE';
    'VDDQ_22':
      PIN_NUMBER='(0,0,0,H17,0)';
      PINUSE='POWER';
      NO_LOAD_CHECK='Both';
      NO_IO_CHECK='Both';
      NO_ASSERT_CHECK='TRUE';
      NO_DIR_CHECK='TRUE';
      ALLOW_CONNECT='TRUE';
    'VDDQ_23':
      PIN_NUMBER='(0,0,0,H3,0)';
      PINUSE='POWER';
      NO_LOAD_CHECK='Both';
      NO_IO_CHECK='Both';
      NO_ASSERT_CHECK='TRUE';
      NO_DIR_CHECK='TRUE';
      ALLOW_CONNECT='TRUE';
    'VDDQ_24':
      PIN_NUMBER='(0,0,0,H6,0)';
      PINUSE='POWER';
      NO_LOAD_CHECK='Both';
      NO_IO_CHECK='Both';
      NO_ASSERT_CHECK='TRUE';
      NO_DIR_CHECK='TRUE';
      ALLOW_CONNECT='TRUE';
    'VDDQ_25':
      PIN_NUMBER='(0,0,0,J16,0)';
      PINUSE='POWER';
      NO_LOAD_CHECK='Both';
      NO_IO_CHECK='Both';
      NO_ASSERT_CHECK='TRUE';
      NO_DIR_CHECK='TRUE';
      ALLOW_CONNECT='TRUE';
    'VDDQ_26':
      PIN_NUMBER='(0,0,0,K16,0)';
      PINUSE='POWER';
      NO_LOAD_CHECK='Both';
      NO_IO_CHECK='Both';
      NO_ASSERT_CHECK='TRUE';
      NO_DIR_CHECK='TRUE';
      ALLOW_CONNECT='TRUE';
    'VDDQ_27':
      PIN_NUMBER='(0,0,0,L12,0)';
      PINUSE='POWER';
      NO_LOAD_CHECK='Both';
      NO_IO_CHECK='Both';
      NO_ASSERT_CHECK='TRUE';
      NO_DIR_CHECK='TRUE';
      ALLOW_CONNECT='TRUE';
    'VDDQ_28':
      PIN_NUMBER='(0,0,0,M15,0)';
      PINUSE='POWER';
      NO_LOAD_CHECK='Both';
      NO_IO_CHECK='Both';
      NO_ASSERT_CHECK='TRUE';
      NO_DIR_CHECK='TRUE';
      ALLOW_CONNECT='TRUE';
    'VREF1':
      PIN_NUMBER='(0,0,0,H14,0)';
      PINUSE='POWER';
      NO_LOAD_CHECK='Both';
      NO_IO_CHECK='Both';
      NO_ASSERT_CHECK='TRUE';
      NO_DIR_CHECK='TRUE';
      ALLOW_CONNECT='TRUE';
    'VREF2':
      PIN_NUMBER='(0,0,0,A14,0)';
      PINUSE='POWER';
      NO_LOAD_CHECK='Both';
      NO_IO_CHECK='Both';
      NO_ASSERT_CHECK='TRUE';
      NO_DIR_CHECK='TRUE';
      ALLOW_CONNECT='TRUE';
    'DGND_1':
      PIN_NUMBER='(0,0,0,0,A1)';
      PINUSE='GROUND';
      NO_LOAD_CHECK='Both';
      NO_IO_CHECK='Both';
      NO_ASSERT_CHECK='TRUE';
      NO_DIR_CHECK='TRUE';
      ALLOW_CONNECT='TRUE';
    'DGND_2':
      PIN_NUMBER='(0,0,0,0,A17)';
      PINUSE='GROUND';
      NO_LOAD_CHECK='Both';
      NO_IO_CHECK='Both';
      NO_ASSERT_CHECK='TRUE';
      NO_DIR_CHECK='TRUE';
      ALLOW_CONNECT='TRUE';
    'DGND_3':
      PIN_NUMBER='(0,0,0,0,A7)';
      PINUSE='GROUND';
      NO_LOAD_CHECK='Both';
      NO_IO_CHECK='Both';
      NO_ASSERT_CHECK='TRUE';
      NO_DIR_CHECK='TRUE';
      ALLOW_CONNECT='TRUE';
    'DGND_4':
      PIN_NUMBER='(0,0,0,0,B10)';
      PINUSE='GROUND';
      NO_LOAD_CHECK='Both';
      NO_IO_CHECK='Both';
      NO_ASSERT_CHECK='TRUE';
      NO_DIR_CHECK='TRUE';
      ALLOW_CONNECT='TRUE';
    'DGND_5':
      PIN_NUMBER='(0,0,0,0,C13)';
      PINUSE='GROUND';
      NO_LOAD_CHECK='Both';
      NO_IO_CHECK='Both';
      NO_ASSERT_CHECK='TRUE';
      NO_DIR_CHECK='TRUE';
      ALLOW_CONNECT='TRUE';
    'DGND_6':
      PIN_NUMBER='(0,0,0,0,C3)';
      PINUSE='GROUND';
      NO_LOAD_CHECK='Both';
      NO_IO_CHECK='Both';
      NO_ASSERT_CHECK='TRUE';
      NO_DIR_CHECK='TRUE';
      ALLOW_CONNECT='TRUE';
    'DGND_7':
      PIN_NUMBER='(0,0,0,0,D16)';
      PINUSE='GROUND';
      NO_LOAD_CHECK='Both';
      NO_IO_CHECK='Both';
      NO_ASSERT_CHECK='TRUE';
      NO_DIR_CHECK='TRUE';
      ALLOW_CONNECT='TRUE';
    'DGND_8':
      PIN_NUMBER='(0,0,0,0,D6)';
      PINUSE='GROUND';
      NO_LOAD_CHECK='Both';
      NO_IO_CHECK='Both';
      NO_ASSERT_CHECK='TRUE';
      NO_DIR_CHECK='TRUE';
      ALLOW_CONNECT='TRUE';
    'DGND_9':
      PIN_NUMBER='(0,0,0,0,E9)';
      PINUSE='GROUND';
      NO_LOAD_CHECK='Both';
      NO_IO_CHECK='Both';
      NO_ASSERT_CHECK='TRUE';
      NO_DIR_CHECK='TRUE';
      ALLOW_CONNECT='TRUE';
    'DGND_10':
      PIN_NUMBER='(0,0,0,0,F12)';
      PINUSE='GROUND';
      NO_LOAD_CHECK='Both';
      NO_IO_CHECK='Both';
      NO_ASSERT_CHECK='TRUE';
      NO_DIR_CHECK='TRUE';
      ALLOW_CONNECT='TRUE';
    'DGND_11':
      PIN_NUMBER='(0,0,0,0,F2)';
      PINUSE='GROUND';
      NO_LOAD_CHECK='Both';
      NO_IO_CHECK='Both';
      NO_ASSERT_CHECK='TRUE';
      NO_DIR_CHECK='TRUE';
      ALLOW_CONNECT='TRUE';
    'DGND_12':
      PIN_NUMBER='(0,0,0,0,G10)';
      PINUSE='GROUND';
      NO_LOAD_CHECK='Both';
      NO_IO_CHECK='Both';
      NO_ASSERT_CHECK='TRUE';
      NO_DIR_CHECK='TRUE';
      ALLOW_CONNECT='TRUE';
    'DGND_13':
      PIN_NUMBER='(0,0,0,0,G11)';
      PINUSE='GROUND';
      NO_LOAD_CHECK='Both';
      NO_IO_CHECK='Both';
      NO_ASSERT_CHECK='TRUE';
      NO_DIR_CHECK='TRUE';
      ALLOW_CONNECT='TRUE';
    'DGND_14':
      PIN_NUMBER='(0,0,0,0,G15)';
      PINUSE='GROUND';
      NO_LOAD_CHECK='Both';
      NO_IO_CHECK='Both';
      NO_ASSERT_CHECK='TRUE';
      NO_DIR_CHECK='TRUE';
      ALLOW_CONNECT='TRUE';
    'DGND_15':
      PIN_NUMBER='(0,0,0,0,G5)';
      PINUSE='GROUND';
      NO_LOAD_CHECK='Both';
      NO_IO_CHECK='Both';
      NO_ASSERT_CHECK='TRUE';
      NO_DIR_CHECK='TRUE';
      ALLOW_CONNECT='TRUE';
    'DGND_16':
      PIN_NUMBER='(0,0,0,0,G7)';
      PINUSE='GROUND';
      NO_LOAD_CHECK='Both';
      NO_IO_CHECK='Both';
      NO_ASSERT_CHECK='TRUE';
      NO_DIR_CHECK='TRUE';
      ALLOW_CONNECT='TRUE';
    'DGND_17':
      PIN_NUMBER='(0,0,0,0,G8)';
      PINUSE='GROUND';
      NO_LOAD_CHECK='Both';
      NO_IO_CHECK='Both';
      NO_ASSERT_CHECK='TRUE';
      NO_DIR_CHECK='TRUE';
      ALLOW_CONNECT='TRUE';
    'DGND_18':
      PIN_NUMBER='(0,0,0,0,G9)';
      PINUSE='GROUND';
      NO_LOAD_CHECK='Both';
      NO_IO_CHECK='Both';
      NO_ASSERT_CHECK='TRUE';
      NO_DIR_CHECK='TRUE';
      ALLOW_CONNECT='TRUE';
    'DGND_19':
      PIN_NUMBER='(0,0,0,0,H10)';
      PINUSE='GROUND';
      NO_LOAD_CHECK='Both';
      NO_IO_CHECK='Both';
      NO_ASSERT_CHECK='TRUE';
      NO_DIR_CHECK='TRUE';
      ALLOW_CONNECT='TRUE';
    'DGND_20':
      PIN_NUMBER='(0,0,0,0,H11)';
      PINUSE='GROUND';
      NO_LOAD_CHECK='Both';
      NO_IO_CHECK='Both';
      NO_ASSERT_CHECK='TRUE';
      NO_DIR_CHECK='TRUE';
      ALLOW_CONNECT='TRUE';
    'DGND_21':
      PIN_NUMBER='(0,0,0,0,H12)';
      PINUSE='GROUND';
      NO_LOAD_CHECK='Both';
      NO_IO_CHECK='Both';
      NO_ASSERT_CHECK='TRUE';
      NO_DIR_CHECK='TRUE';
      ALLOW_CONNECT='TRUE';
    'DGND_22':
      PIN_NUMBER='(0,0,0,0,H7)';
      PINUSE='GROUND';
      NO_LOAD_CHECK='Both';
      NO_IO_CHECK='Both';
      NO_ASSERT_CHECK='TRUE';
      NO_DIR_CHECK='TRUE';
      ALLOW_CONNECT='TRUE';
    'DGND_23':
      PIN_NUMBER='(0,0,0,0,H8)';
      PINUSE='GROUND';
      NO_LOAD_CHECK='Both';
      NO_IO_CHECK='Both';
      NO_ASSERT_CHECK='TRUE';
      NO_DIR_CHECK='TRUE';
      ALLOW_CONNECT='TRUE';
    'DGND_24':
      PIN_NUMBER='(0,0,0,0,H9)';
      PINUSE='GROUND';
      NO_LOAD_CHECK='Both';
      NO_IO_CHECK='Both';
      NO_ASSERT_CHECK='TRUE';
      NO_DIR_CHECK='TRUE';
      ALLOW_CONNECT='TRUE';
    'DGND_25':
      PIN_NUMBER='(0,0,0,0,J10)';
      PINUSE='GROUND';
      NO_LOAD_CHECK='Both';
      NO_IO_CHECK='Both';
      NO_ASSERT_CHECK='TRUE';
      NO_DIR_CHECK='TRUE';
      ALLOW_CONNECT='TRUE';
    'DGND_26':
      PIN_NUMBER='(0,0,0,0,J11)';
      PINUSE='GROUND';
      NO_LOAD_CHECK='Both';
      NO_IO_CHECK='Both';
      NO_ASSERT_CHECK='TRUE';
      NO_DIR_CHECK='TRUE';
      ALLOW_CONNECT='TRUE';
    'DGND_27':
      PIN_NUMBER='(0,0,0,0,J8)';
      PINUSE='GROUND';
      NO_LOAD_CHECK='Both';
      NO_IO_CHECK='Both';
      NO_ASSERT_CHECK='TRUE';
      NO_DIR_CHECK='TRUE';
      ALLOW_CONNECT='TRUE';
    'DGND_28':
      PIN_NUMBER='(0,0,0,0,J9)';
      PINUSE='GROUND';
      NO_LOAD_CHECK='Both';
      NO_IO_CHECK='Both';
      NO_ASSERT_CHECK='TRUE';
      NO_DIR_CHECK='TRUE';
      ALLOW_CONNECT='TRUE';
    'DGND_29':
      PIN_NUMBER='(0,0,0,0,K10)';
      PINUSE='GROUND';
      NO_LOAD_CHECK='Both';
      NO_IO_CHECK='Both';
      NO_ASSERT_CHECK='TRUE';
      NO_DIR_CHECK='TRUE';
      ALLOW_CONNECT='TRUE';
    'DGND_30':
      PIN_NUMBER='(0,0,0,0,K11)';
      PINUSE='GROUND';
      NO_LOAD_CHECK='Both';
      NO_IO_CHECK='Both';
      NO_ASSERT_CHECK='TRUE';
      NO_DIR_CHECK='TRUE';
      ALLOW_CONNECT='TRUE';
    'DGND_31':
      PIN_NUMBER='(0,0,0,0,K12)';
      PINUSE='GROUND';
      NO_LOAD_CHECK='Both';
      NO_IO_CHECK='Both';
      NO_ASSERT_CHECK='TRUE';
      NO_DIR_CHECK='TRUE';
      ALLOW_CONNECT='TRUE';
    'DGND_32':
      PIN_NUMBER='(0,0,0,0,K14)';
      PINUSE='GROUND';
      NO_LOAD_CHECK='Both';
      NO_IO_CHECK='Both';
      NO_ASSERT_CHECK='TRUE';
      NO_DIR_CHECK='TRUE';
      ALLOW_CONNECT='TRUE';
    'DGND_33':
      PIN_NUMBER='(0,0,0,0,K7)';
      PINUSE='GROUND';
      NO_LOAD_CHECK='Both';
      NO_IO_CHECK='Both';
      NO_ASSERT_CHECK='TRUE';
      NO_DIR_CHECK='TRUE';
      ALLOW_CONNECT='TRUE';
    'DGND_34':
      PIN_NUMBER='(0,0,0,0,K8)';
      PINUSE='GROUND';
      NO_LOAD_CHECK='Both';
      NO_IO_CHECK='Both';
      NO_ASSERT_CHECK='TRUE';
      NO_DIR_CHECK='TRUE';
      ALLOW_CONNECT='TRUE';
    'DGND_35':
      PIN_NUMBER='(0,0,0,0,K9)';
      PINUSE='GROUND';
      NO_LOAD_CHECK='Both';
      NO_IO_CHECK='Both';
      NO_ASSERT_CHECK='TRUE';
      NO_DIR_CHECK='TRUE';
      ALLOW_CONNECT='TRUE';
    'DGND_36':
      PIN_NUMBER='(0,0,0,0,L10)';
      PINUSE='GROUND';
      NO_LOAD_CHECK='Both';
      NO_IO_CHECK='Both';
      NO_ASSERT_CHECK='TRUE';
      NO_DIR_CHECK='TRUE';
      ALLOW_CONNECT='TRUE';
    'DGND_37':
      PIN_NUMBER='(0,0,0,0,L11)';
      PINUSE='GROUND';
      NO_LOAD_CHECK='Both';
      NO_IO_CHECK='Both';
      NO_ASSERT_CHECK='TRUE';
      NO_DIR_CHECK='TRUE';
      ALLOW_CONNECT='TRUE';
    'DGND_38':
      PIN_NUMBER='(0,0,0,0,L17)';
      PINUSE='GROUND';
      NO_LOAD_CHECK='Both';
      NO_IO_CHECK='Both';
      NO_ASSERT_CHECK='TRUE';
      NO_DIR_CHECK='TRUE';
      ALLOW_CONNECT='TRUE';
    'DGND_39':
      PIN_NUMBER='(0,0,0,0,L7)';
      PINUSE='GROUND';
      NO_LOAD_CHECK='Both';
      NO_IO_CHECK='Both';
      NO_ASSERT_CHECK='TRUE';
      NO_DIR_CHECK='TRUE';
      ALLOW_CONNECT='TRUE';
    'DGND_40':
      PIN_NUMBER='(0,0,0,0,L8)';
      PINUSE='GROUND';
      NO_LOAD_CHECK='Both';
      NO_IO_CHECK='Both';
      NO_ASSERT_CHECK='TRUE';
      NO_DIR_CHECK='TRUE';
      ALLOW_CONNECT='TRUE';
    'DGND_41':
      PIN_NUMBER='(0,0,0,0,L9)';
      PINUSE='GROUND';
      NO_LOAD_CHECK='Both';
      NO_IO_CHECK='Both';
      NO_ASSERT_CHECK='TRUE';
      NO_DIR_CHECK='TRUE';
      ALLOW_CONNECT='TRUE';
    'DGND_42':
      PIN_NUMBER='(0,0,0,0,M10)';
      PINUSE='GROUND';
      NO_LOAD_CHECK='Both';
      NO_IO_CHECK='Both';
      NO_ASSERT_CHECK='TRUE';
      NO_DIR_CHECK='TRUE';
      ALLOW_CONNECT='TRUE';
    'DGND_43':
      PIN_NUMBER='(0,0,0,0,M11)';
      PINUSE='GROUND';
      NO_LOAD_CHECK='Both';
      NO_IO_CHECK='Both';
      NO_ASSERT_CHECK='TRUE';
      NO_DIR_CHECK='TRUE';
      ALLOW_CONNECT='TRUE';
    'DGND_44':
      PIN_NUMBER='(0,0,0,0,M13)';
      PINUSE='GROUND';
      NO_LOAD_CHECK='Both';
      NO_IO_CHECK='Both';
      NO_ASSERT_CHECK='TRUE';
      NO_DIR_CHECK='TRUE';
      ALLOW_CONNECT='TRUE';
    'DGND_45':
      PIN_NUMBER='(0,0,0,0,M4)';
      PINUSE='GROUND';
      NO_LOAD_CHECK='Both';
      NO_IO_CHECK='Both';
      NO_ASSERT_CHECK='TRUE';
      NO_DIR_CHECK='TRUE';
      ALLOW_CONNECT='TRUE';
    'DGND_46':
      PIN_NUMBER='(0,0,0,0,M7)';
      PINUSE='GROUND';
      NO_LOAD_CHECK='Both';
      NO_IO_CHECK='Both';
      NO_ASSERT_CHECK='TRUE';
      NO_DIR_CHECK='TRUE';
      ALLOW_CONNECT='TRUE';
    'DGND_47':
      PIN_NUMBER='(0,0,0,0,M8)';
      PINUSE='GROUND';
      NO_LOAD_CHECK='Both';
      NO_IO_CHECK='Both';
      NO_ASSERT_CHECK='TRUE';
      NO_DIR_CHECK='TRUE';
      ALLOW_CONNECT='TRUE';
    'DGND_48':
      PIN_NUMBER='(0,0,0,0,M9)';
      PINUSE='GROUND';
      NO_LOAD_CHECK='Both';
      NO_IO_CHECK='Both';
      NO_ASSERT_CHECK='TRUE';
      NO_DIR_CHECK='TRUE';
      ALLOW_CONNECT='TRUE';
    'DGND_49':
      PIN_NUMBER='(0,0,0,0,P2)';
      PINUSE='GROUND';
      NO_LOAD_CHECK='Both';
      NO_IO_CHECK='Both';
      NO_ASSERT_CHECK='TRUE';
      NO_DIR_CHECK='TRUE';
      ALLOW_CONNECT='TRUE';
    'DGND_50':
      PIN_NUMBER='(0,0,0,0,T15)';
      PINUSE='GROUND';
      NO_LOAD_CHECK='Both';
      NO_IO_CHECK='Both';
      NO_ASSERT_CHECK='TRUE';
      NO_DIR_CHECK='TRUE';
      ALLOW_CONNECT='TRUE';
    'DGND_51':
      PIN_NUMBER='(0,0,0,0,U17)';
      PINUSE='GROUND';
      NO_LOAD_CHECK='Both';
      NO_IO_CHECK='Both';
      NO_ASSERT_CHECK='TRUE';
      NO_DIR_CHECK='TRUE';
      ALLOW_CONNECT='TRUE';
    'AVDD_1':
      PIN_NUMBER='(0,0,0,0,N11)';
      PINUSE='POWER';
      NO_LOAD_CHECK='Both';
      NO_IO_CHECK='Both';
      NO_ASSERT_CHECK='TRUE';
      NO_DIR_CHECK='TRUE';
      ALLOW_CONNECT='TRUE';
    'AVDD_2':
      PIN_NUMBER='(0,0,0,0,N7)';
      PINUSE='POWER';
      NO_LOAD_CHECK='Both';
      NO_IO_CHECK='Both';
      NO_ASSERT_CHECK='TRUE';
      NO_DIR_CHECK='TRUE';
      ALLOW_CONNECT='TRUE';
    'AVDD_3':
      PIN_NUMBER='(0,0,0,0,R11)';
      PINUSE='POWER';
      NO_LOAD_CHECK='Both';
      NO_IO_CHECK='Both';
      NO_ASSERT_CHECK='TRUE';
      NO_DIR_CHECK='TRUE';
      ALLOW_CONNECT='TRUE';
    'AVDD_4':
      PIN_NUMBER='(0,0,0,0,R14)';
      PINUSE='POWER';
      NO_LOAD_CHECK='Both';
      NO_IO_CHECK='Both';
      NO_ASSERT_CHECK='TRUE';
      NO_DIR_CHECK='TRUE';
      ALLOW_CONNECT='TRUE';
    'AVDD_5':
      PIN_NUMBER='(0,0,0,0,R5)';
      PINUSE='POWER';
      NO_LOAD_CHECK='Both';
      NO_IO_CHECK='Both';
      NO_ASSERT_CHECK='TRUE';
      NO_DIR_CHECK='TRUE';
      ALLOW_CONNECT='TRUE';
    'AVDD_6':
      PIN_NUMBER='(0,0,0,0,R8)';
      PINUSE='POWER';
      NO_LOAD_CHECK='Both';
      NO_IO_CHECK='Both';
      NO_ASSERT_CHECK='TRUE';
      NO_DIR_CHECK='TRUE';
      ALLOW_CONNECT='TRUE';
    'AVDD_7':
      PIN_NUMBER='(0,0,0,0,U12)';
      PINUSE='POWER';
      NO_LOAD_CHECK='Both';
      NO_IO_CHECK='Both';
      NO_ASSERT_CHECK='TRUE';
      NO_DIR_CHECK='TRUE';
      ALLOW_CONNECT='TRUE';
    'AVDD_8':
      PIN_NUMBER='(0,0,0,0,U6)';
      PINUSE='POWER';
      NO_LOAD_CHECK='Both';
      NO_IO_CHECK='Both';
      NO_ASSERT_CHECK='TRUE';
      NO_DIR_CHECK='TRUE';
      ALLOW_CONNECT='TRUE';
    'AVDD_9':
      PIN_NUMBER='(0,0,0,0,U9)';
      PINUSE='POWER';
      NO_LOAD_CHECK='Both';
      NO_IO_CHECK='Both';
      NO_ASSERT_CHECK='TRUE';
      NO_DIR_CHECK='TRUE';
      ALLOW_CONNECT='TRUE';
    'AGND_1':
      PIN_NUMBER='(0,0,0,0,P10)';
      PINUSE='GROUND';
      NO_LOAD_CHECK='Both';
      NO_IO_CHECK='Both';
      NO_ASSERT_CHECK='TRUE';
      NO_DIR_CHECK='TRUE';
      ALLOW_CONNECT='TRUE';
    'AGND_2':
      PIN_NUMBER='(0,0,0,0,P12)';
      PINUSE='GROUND';
      NO_LOAD_CHECK='Both';
      NO_IO_CHECK='Both';
      NO_ASSERT_CHECK='TRUE';
      NO_DIR_CHECK='TRUE';
      ALLOW_CONNECT='TRUE';
    'AGND_3':
      PIN_NUMBER='(0,0,0,0,P13)';
      PINUSE='GROUND';
      NO_LOAD_CHECK='Both';
      NO_IO_CHECK='Both';
      NO_ASSERT_CHECK='TRUE';
      NO_DIR_CHECK='TRUE';
      ALLOW_CONNECT='TRUE';
    'AGND_4':
      PIN_NUMBER='(0,0,0,0,P4)';
      PINUSE='GROUND';
      NO_LOAD_CHECK='Both';
      NO_IO_CHECK='Both';
      NO_ASSERT_CHECK='TRUE';
      NO_DIR_CHECK='TRUE';
      ALLOW_CONNECT='TRUE';
    'AGND_5':
      PIN_NUMBER='(0,0,0,0,P5)';
      PINUSE='GROUND';
      NO_LOAD_CHECK='Both';
      NO_IO_CHECK='Both';
      NO_ASSERT_CHECK='TRUE';
      NO_DIR_CHECK='TRUE';
      ALLOW_CONNECT='TRUE';
    'AGND_6':
      PIN_NUMBER='(0,0,0,0,P6)';
      PINUSE='GROUND';
      NO_LOAD_CHECK='Both';
      NO_IO_CHECK='Both';
      NO_ASSERT_CHECK='TRUE';
      NO_DIR_CHECK='TRUE';
      ALLOW_CONNECT='TRUE';
    'AGND_7':
      PIN_NUMBER='(0,0,0,0,P8)';
      PINUSE='GROUND';
      NO_LOAD_CHECK='Both';
      NO_IO_CHECK='Both';
      NO_ASSERT_CHECK='TRUE';
      NO_DIR_CHECK='TRUE';
      ALLOW_CONNECT='TRUE';
    'AGND_8':
      PIN_NUMBER='(0,0,0,0,T11)';
      PINUSE='GROUND';
      NO_LOAD_CHECK='Both';
      NO_IO_CHECK='Both';
      NO_ASSERT_CHECK='TRUE';
      NO_DIR_CHECK='TRUE';
      ALLOW_CONNECT='TRUE';
    'AGND_9':
      PIN_NUMBER='(0,0,0,0,T14)';
      PINUSE='GROUND';
      NO_LOAD_CHECK='Both';
      NO_IO_CHECK='Both';
      NO_ASSERT_CHECK='TRUE';
      NO_DIR_CHECK='TRUE';
      ALLOW_CONNECT='TRUE';
    'AGND_10':
      PIN_NUMBER='(0,0,0,0,T3)';
      PINUSE='GROUND';
      NO_LOAD_CHECK='Both';
      NO_IO_CHECK='Both';
      NO_ASSERT_CHECK='TRUE';
      NO_DIR_CHECK='TRUE';
      ALLOW_CONNECT='TRUE';
    'AGND_11':
      PIN_NUMBER='(0,0,0,0,T5)';
      PINUSE='GROUND';
      NO_LOAD_CHECK='Both';
      NO_IO_CHECK='Both';
      NO_ASSERT_CHECK='TRUE';
      NO_DIR_CHECK='TRUE';
      ALLOW_CONNECT='TRUE';
    'AGND_12':
      PIN_NUMBER='(0,0,0,0,T8)';
      PINUSE='GROUND';
      NO_LOAD_CHECK='Both';
      NO_IO_CHECK='Both';
      NO_ASSERT_CHECK='TRUE';
      NO_DIR_CHECK='TRUE';
      ALLOW_CONNECT='TRUE';
    'VDDR':
      PIN_NUMBER='(0,0,0,0,P9)';
      PINUSE='POWER';
      NO_LOAD_CHECK='Both';
      NO_IO_CHECK='Both';
      NO_ASSERT_CHECK='TRUE';
      NO_DIR_CHECK='TRUE';
      ALLOW_CONNECT='TRUE';
    'VDDT_1':
      PIN_NUMBER='(0,0,0,0,P11)';
      PINUSE='POWER';
      NO_LOAD_CHECK='Both';
      NO_IO_CHECK='Both';
      NO_ASSERT_CHECK='TRUE';
      NO_DIR_CHECK='TRUE';
      ALLOW_CONNECT='TRUE';
    'VDDT_2':
      PIN_NUMBER='(0,0,0,0,P7)';
      PINUSE='POWER';
      NO_LOAD_CHECK='Both';
      NO_IO_CHECK='Both';
      NO_ASSERT_CHECK='TRUE';
      NO_DIR_CHECK='TRUE';
      ALLOW_CONNECT='TRUE';
    'VDDT_3':
      PIN_NUMBER='(0,0,0,0,T4)';
      PINUSE='POWER';
      NO_LOAD_CHECK='Both';
      NO_IO_CHECK='Both';
      NO_ASSERT_CHECK='TRUE';
      NO_DIR_CHECK='TRUE';
      ALLOW_CONNECT='TRUE';
    'VDDT_4':
      PIN_NUMBER='(0,0,0,0,T9)';
      PINUSE='POWER';
      NO_LOAD_CHECK='Both';
      NO_IO_CHECK='Both';
      NO_ASSERT_CHECK='TRUE';
      NO_DIR_CHECK='TRUE';
      ALLOW_CONNECT='TRUE';
    'VDDD_1':
      PIN_NUMBER='(0,0,0,0,T10)';
      PINUSE='POWER';
      NO_LOAD_CHECK='Both';
      NO_IO_CHECK='Both';
      NO_ASSERT_CHECK='TRUE';
      NO_DIR_CHECK='TRUE';
      ALLOW_CONNECT='TRUE';
    'VDDD_2':
      PIN_NUMBER='(0,0,0,0,T13)';
      PINUSE='POWER';
      NO_LOAD_CHECK='Both';
      NO_IO_CHECK='Both';
      NO_ASSERT_CHECK='TRUE';
      NO_DIR_CHECK='TRUE';
      ALLOW_CONNECT='TRUE';
    'VDDD_3':
      PIN_NUMBER='(0,0,0,0,T7)';
      PINUSE='POWER';
      NO_LOAD_CHECK='Both';
      NO_IO_CHECK='Both';
      NO_ASSERT_CHECK='TRUE';
      NO_DIR_CHECK='TRUE';
      ALLOW_CONNECT='TRUE';
    'VDDD_4':
      PIN_NUMBER='(0,0,0,0,U15)';
      PINUSE='POWER';
      NO_LOAD_CHECK='Both';
      NO_IO_CHECK='Both';
      NO_ASSERT_CHECK='TRUE';
      NO_DIR_CHECK='TRUE';
      ALLOW_CONNECT='TRUE';
    'VDDD_5':
      PIN_NUMBER='(0,0,0,0,U3)';
      PINUSE='POWER';
      NO_LOAD_CHECK='Both';
      NO_IO_CHECK='Both';
      NO_ASSERT_CHECK='TRUE';
      NO_DIR_CHECK='TRUE';
      ALLOW_CONNECT='TRUE';
    'REFCLKP':
      PIN_NUMBER='(0,0,0,0,L1)';
      INPUT_LOAD='(-0.01,0.01)';
    'REFCLKN':
      PIN_NUMBER='(0,0,0,0,K1)';
      INPUT_LOAD='(-0.01,0.01)';
    'VDDA_VCO':
      PIN_NUMBER='(0,0,0,0,K2)';
      PINUSE='POWER';
      NO_LOAD_CHECK='Both';
      NO_IO_CHECK='Both';
      NO_ASSERT_CHECK='TRUE';
      NO_DIR_CHECK='TRUE';
      ALLOW_CONNECT='TRUE';
    'VSSA_VCO':
      PIN_NUMBER='(0,0,0,0,K3)';
      PINUSE='GROUND';
      NO_LOAD_CHECK='Both';
      NO_IO_CHECK='Both';
      NO_ASSERT_CHECK='TRUE';
      NO_DIR_CHECK='TRUE';
      ALLOW_CONNECT='TRUE';
    'VDDA_CP':
      PIN_NUMBER='(0,0,0,0,L4)';
      PINUSE='POWER';
      NO_LOAD_CHECK='Both';
      NO_IO_CHECK='Both';
      NO_ASSERT_CHECK='TRUE';
      NO_DIR_CHECK='TRUE';
      ALLOW_CONNECT='TRUE';
    'VSSA_CP':
      PIN_NUMBER='(0,0,0,0,L5)';
      PINUSE='GROUND';
      NO_LOAD_CHECK='Both';
      NO_IO_CHECK='Both';
      NO_ASSERT_CHECK='TRUE';
      NO_DIR_CHECK='TRUE';
      ALLOW_CONNECT='TRUE';
    'VDD_CML':
      PIN_NUMBER='(0,0,0,0,M1)';
      PINUSE='POWER';
      NO_LOAD_CHECK='Both';
      NO_IO_CHECK='Both';
      NO_ASSERT_CHECK='TRUE';
      NO_DIR_CHECK='TRUE';
      ALLOW_CONNECT='TRUE';
    'VSS_CML':
      PIN_NUMBER='(0,0,0,0,J1)';
      PINUSE='GROUND';
      NO_LOAD_CHECK='Both';
      NO_IO_CHECK='Both';
      NO_ASSERT_CHECK='TRUE';
      NO_DIR_CHECK='TRUE';
      ALLOW_CONNECT='TRUE';
    'VDD_PLL':
      PIN_NUMBER='(0,0,0,0,J5)';
      PINUSE='POWER';
      NO_LOAD_CHECK='Both';
      NO_IO_CHECK='Both';
      NO_ASSERT_CHECK='TRUE';
      NO_DIR_CHECK='TRUE';
      ALLOW_CONNECT='TRUE';
    'VSS_PLL':
      PIN_NUMBER='(0,0,0,0,J4)';
      PINUSE='GROUND';
      NO_LOAD_CHECK='Both';
      NO_IO_CHECK='Both';
      NO_ASSERT_CHECK='TRUE';
      NO_DIR_CHECK='TRUE';
      ALLOW_CONNECT='TRUE';
    'VCO_TL_TST':
      PIN_NUMBER='(0,0,0,0,J3)';
      PIN_TYPE='ANALOG';
      NO_LOAD_CHECK='Both';
      NO_IO_CHECK='Both';
      NO_ASSERT_CHECK='TRUE';
      NO_DIR_CHECK='TRUE';
      ALLOW_CONNECT='TRUE';
    'TST_OUT':
      PIN_NUMBER='(0,0,0,0,J2)';
      PIN_TYPE='ANALOG';
      NO_LOAD_CHECK='Both';
      NO_IO_CHECK='Both';
      NO_ASSERT_CHECK='TRUE';
      NO_DIR_CHECK='TRUE';
      ALLOW_CONNECT='TRUE';
    'CP_OUT':
      PIN_NUMBER='(0,0,0,0,K5)';
      PIN_TYPE='ANALOG';
      NO_LOAD_CHECK='Both';
      NO_IO_CHECK='Both';
      NO_ASSERT_CHECK='TRUE';
      NO_DIR_CHECK='TRUE';
      ALLOW_CONNECT='TRUE';
    'VTUNE':
      PIN_NUMBER='(0,0,0,0,K4)';
      PIN_TYPE='ANALOG';
      NO_LOAD_CHECK='Both';
      NO_IO_CHECK='Both';
      NO_ASSERT_CHECK='TRUE';
      NO_DIR_CHECK='TRUE';
      ALLOW_CONNECT='TRUE';
  end_pin;
  body
    BODY_NAME='TLK3134ZEL';
    PART_NAME='TLK3134ZEL';
    PHYS_DES_PREFIX='U';
    CLASS='IC';
  end_body;
end_primitive;

END.
