FILE_TYPE=LIBRARY_PARTS;
primitive 'MPC8313ECVRAFF';
  pin
    'MEMC_MDQ0':
      PIN_NUMBER='(A8,0,0,0,0,0,0,0,0,0)';
      BIDIRECTIONAL='TRUE';
      INPUT_LOAD='(-0.01,0.01)';
      OUTPUT_LOAD='(1.0,-1.0)';
    'MEMC_MDQ1':
      PIN_NUMBER='(A9,0,0,0,0,0,0,0,0,0)';
      BIDIRECTIONAL='TRUE';
      INPUT_LOAD='(-0.01,0.01)';
      OUTPUT_LOAD='(1.0,-1.0)';
    'MEMC_MDQ2':
      PIN_NUMBER='(C10,0,0,0,0,0,0,0,0,0)';
      BIDIRECTIONAL='TRUE';
      INPUT_LOAD='(-0.01,0.01)';
      OUTPUT_LOAD='(1.0,-1.0)';
    'MEMC_MDQ3':
      PIN_NUMBER='(C9,0,0,0,0,0,0,0,0,0)';
      BIDIRECTIONAL='TRUE';
      INPUT_LOAD='(-0.01,0.01)';
      OUTPUT_LOAD='(1.0,-1.0)';
    'MEMC_MDQ4':
      PIN_NUMBER='(E9,0,0,0,0,0,0,0,0,0)';
      BIDIRECTIONAL='TRUE';
      INPUT_LOAD='(-0.01,0.01)';
      OUTPUT_LOAD='(1.0,-1.0)';
    'MEMC_MDQ5':
      PIN_NUMBER='(E11,0,0,0,0,0,0,0,0,0)';
      BIDIRECTIONAL='TRUE';
      INPUT_LOAD='(-0.01,0.01)';
      OUTPUT_LOAD='(1.0,-1.0)';
    'MEMC_MDQ6':
      PIN_NUMBER='(E10,0,0,0,0,0,0,0,0,0)';
      BIDIRECTIONAL='TRUE';
      INPUT_LOAD='(-0.01,0.01)';
      OUTPUT_LOAD='(1.0,-1.0)';
    'MEMC_MDQ7':
      PIN_NUMBER='(C8,0,0,0,0,0,0,0,0,0)';
      BIDIRECTIONAL='TRUE';
      INPUT_LOAD='(-0.01,0.01)';
      OUTPUT_LOAD='(1.0,-1.0)';
    'MEMC_MDQ8':
      PIN_NUMBER='(E8,0,0,0,0,0,0,0,0,0)';
      BIDIRECTIONAL='TRUE';
      INPUT_LOAD='(-0.01,0.01)';
      OUTPUT_LOAD='(1.0,-1.0)';
    'MEMC_MDQ9':
      PIN_NUMBER='(A6,0,0,0,0,0,0,0,0,0)';
      BIDIRECTIONAL='TRUE';
      INPUT_LOAD='(-0.01,0.01)';
      OUTPUT_LOAD='(1.0,-1.0)';
    'MEMC_MDQ10':
      PIN_NUMBER='(B6,0,0,0,0,0,0,0,0,0)';
      BIDIRECTIONAL='TRUE';
      INPUT_LOAD='(-0.01,0.01)';
      OUTPUT_LOAD='(1.0,-1.0)';
    'MEMC_MDQ11':
      PIN_NUMBER='(C6,0,0,0,0,0,0,0,0,0)';
      BIDIRECTIONAL='TRUE';
      INPUT_LOAD='(-0.01,0.01)';
      OUTPUT_LOAD='(1.0,-1.0)';
    'MEMC_MDQ12':
      PIN_NUMBER='(C7,0,0,0,0,0,0,0,0,0)';
      BIDIRECTIONAL='TRUE';
      INPUT_LOAD='(-0.01,0.01)';
      OUTPUT_LOAD='(1.0,-1.0)';
    'MEMC_MDQ13':
      PIN_NUMBER='(D7,0,0,0,0,0,0,0,0,0)';
      BIDIRECTIONAL='TRUE';
      INPUT_LOAD='(-0.01,0.01)';
      OUTPUT_LOAD='(1.0,-1.0)';
    'MEMC_MDQ14':
      PIN_NUMBER='(D6,0,0,0,0,0,0,0,0,0)';
      BIDIRECTIONAL='TRUE';
      INPUT_LOAD='(-0.01,0.01)';
      OUTPUT_LOAD='(1.0,-1.0)';
    'MEMC_MDQ15':
      PIN_NUMBER='(A5,0,0,0,0,0,0,0,0,0)';
      BIDIRECTIONAL='TRUE';
      INPUT_LOAD='(-0.01,0.01)';
      OUTPUT_LOAD='(1.0,-1.0)';
    'MEMC_MDQ16':
      PIN_NUMBER='(A19,0,0,0,0,0,0,0,0,0)';
      BIDIRECTIONAL='TRUE';
      INPUT_LOAD='(-0.01,0.01)';
      OUTPUT_LOAD='(1.0,-1.0)';
    'MEMC_MDQ17':
      PIN_NUMBER='(D18,0,0,0,0,0,0,0,0,0)';
      BIDIRECTIONAL='TRUE';
      INPUT_LOAD='(-0.01,0.01)';
      OUTPUT_LOAD='(1.0,-1.0)';
    'MEMC_MDQ18':
      PIN_NUMBER='(A17,0,0,0,0,0,0,0,0,0)';
      BIDIRECTIONAL='TRUE';
      INPUT_LOAD='(-0.01,0.01)';
      OUTPUT_LOAD='(1.0,-1.0)';
    'MEMC_MDQ19':
      PIN_NUMBER='(E17,0,0,0,0,0,0,0,0,0)';
      BIDIRECTIONAL='TRUE';
      INPUT_LOAD='(-0.01,0.01)';
      OUTPUT_LOAD='(1.0,-1.0)';
    'MEMC_MDQ20':
      PIN_NUMBER='(E16,0,0,0,0,0,0,0,0,0)';
      BIDIRECTIONAL='TRUE';
      INPUT_LOAD='(-0.01,0.01)';
      OUTPUT_LOAD='(1.0,-1.0)';
    'MEMC_MDQ21':
      PIN_NUMBER='(C18,0,0,0,0,0,0,0,0,0)';
      BIDIRECTIONAL='TRUE';
      INPUT_LOAD='(-0.01,0.01)';
      OUTPUT_LOAD='(1.0,-1.0)';
    'MEMC_MDQ22':
      PIN_NUMBER='(D19,0,0,0,0,0,0,0,0,0)';
      BIDIRECTIONAL='TRUE';
      INPUT_LOAD='(-0.01,0.01)';
      OUTPUT_LOAD='(1.0,-1.0)';
    'MEMC_MDQ23':
      PIN_NUMBER='(C19,0,0,0,0,0,0,0,0,0)';
      BIDIRECTIONAL='TRUE';
      INPUT_LOAD='(-0.01,0.01)';
      OUTPUT_LOAD='(1.0,-1.0)';
    'MEMC_MDQ24':
      PIN_NUMBER='(E19,0,0,0,0,0,0,0,0,0)';
      BIDIRECTIONAL='TRUE';
      INPUT_LOAD='(-0.01,0.01)';
      OUTPUT_LOAD='(1.0,-1.0)';
    'MEMC_MDQ25':
      PIN_NUMBER='(A22,0,0,0,0,0,0,0,0,0)';
      BIDIRECTIONAL='TRUE';
      INPUT_LOAD='(-0.01,0.01)';
      OUTPUT_LOAD='(1.0,-1.0)';
    'MEMC_MDQ26':
      PIN_NUMBER='(C21,0,0,0,0,0,0,0,0,0)';
      BIDIRECTIONAL='TRUE';
      INPUT_LOAD='(-0.01,0.01)';
      OUTPUT_LOAD='(1.0,-1.0)';
    'MEMC_MDQ27':
      PIN_NUMBER='(C20,0,0,0,0,0,0,0,0,0)';
      BIDIRECTIONAL='TRUE';
      INPUT_LOAD='(-0.01,0.01)';
      OUTPUT_LOAD='(1.0,-1.0)';
    'MEMC_MDQ28':
      PIN_NUMBER='(A21,0,0,0,0,0,0,0,0,0)';
      BIDIRECTIONAL='TRUE';
      INPUT_LOAD='(-0.01,0.01)';
      OUTPUT_LOAD='(1.0,-1.0)';
    'MEMC_MDQ29':
      PIN_NUMBER='(A20,0,0,0,0,0,0,0,0,0)';
      BIDIRECTIONAL='TRUE';
      INPUT_LOAD='(-0.01,0.01)';
      OUTPUT_LOAD='(1.0,-1.0)';
    'MEMC_MDQ30':
      PIN_NUMBER='(C22,0,0,0,0,0,0,0,0,0)';
      BIDIRECTIONAL='TRUE';
      INPUT_LOAD='(-0.01,0.01)';
      OUTPUT_LOAD='(1.0,-1.0)';
    'MEMC_MDQ31':
      PIN_NUMBER='(B22,0,0,0,0,0,0,0,0,0)';
      BIDIRECTIONAL='TRUE';
      INPUT_LOAD='(-0.01,0.01)';
      OUTPUT_LOAD='(1.0,-1.0)';
    'MEMC_MDM0':
      PIN_NUMBER='(B7,0,0,0,0,0,0,0,0,0)';
      OUTPUT_LOAD='(1.0,-1.0)';
    'MEMC_MDM1':
      PIN_NUMBER='(E6,0,0,0,0,0,0,0,0,0)';
      OUTPUT_LOAD='(1.0,-1.0)';
    'MEMC_MDM2':
      PIN_NUMBER='(E18,0,0,0,0,0,0,0,0,0)';
      OUTPUT_LOAD='(1.0,-1.0)';
    'MEMC_MDM3':
      PIN_NUMBER='(E20,0,0,0,0,0,0,0,0,0)';
      OUTPUT_LOAD='(1.0,-1.0)';
    'MEMC_MDQS0':
      PIN_NUMBER='(A7,0,0,0,0,0,0,0,0,0)';
      BIDIRECTIONAL='TRUE';
      INPUT_LOAD='(-0.01,0.01)';
      OUTPUT_LOAD='(1.0,-1.0)';
    'MEMC_MDQS1':
      PIN_NUMBER='(E7,0,0,0,0,0,0,0,0,0)';
      BIDIRECTIONAL='TRUE';
      INPUT_LOAD='(-0.01,0.01)';
      OUTPUT_LOAD='(1.0,-1.0)';
    'MEMC_MDQS2':
      PIN_NUMBER='(B19,0,0,0,0,0,0,0,0,0)';
      BIDIRECTIONAL='TRUE';
      INPUT_LOAD='(-0.01,0.01)';
      OUTPUT_LOAD='(1.0,-1.0)';
    'MEMC_MDQS3':
      PIN_NUMBER='(A23,0,0,0,0,0,0,0,0,0)';
      BIDIRECTIONAL='TRUE';
      INPUT_LOAD='(-0.01,0.01)';
      OUTPUT_LOAD='(1.0,-1.0)';
    'MEMC_MBA0':
      PIN_NUMBER='(D15,0,0,0,0,0,0,0,0,0)';
      OUTPUT_LOAD='(1.0,-1.0)';
    'MEMC_MBA1':
      PIN_NUMBER='(A18,0,0,0,0,0,0,0,0,0)';
      OUTPUT_LOAD='(1.0,-1.0)';
    'MEMC_MBA2':
      PIN_NUMBER='(A15,0,0,0,0,0,0,0,0,0)';
      OUTPUT_LOAD='(1.0,-1.0)';
    'MEMC_MA0':
      PIN_NUMBER='(E12,0,0,0,0,0,0,0,0,0)';
      OUTPUT_LOAD='(1.0,-1.0)';
    'MEMC_MA1':
      PIN_NUMBER='(D11,0,0,0,0,0,0,0,0,0)';
      OUTPUT_LOAD='(1.0,-1.0)';
    'MEMC_MA2':
      PIN_NUMBER='(B11,0,0,0,0,0,0,0,0,0)';
      OUTPUT_LOAD='(1.0,-1.0)';
    'MEMC_MA3':
      PIN_NUMBER='(A11,0,0,0,0,0,0,0,0,0)';
      OUTPUT_LOAD='(1.0,-1.0)';
    'MEMC_MA4':
      PIN_NUMBER='(A12,0,0,0,0,0,0,0,0,0)';
      OUTPUT_LOAD='(1.0,-1.0)';
    'MEMC_MA5':
      PIN_NUMBER='(E13,0,0,0,0,0,0,0,0,0)';
      OUTPUT_LOAD='(1.0,-1.0)';
    'MEMC_MA6':
      PIN_NUMBER='(C12,0,0,0,0,0,0,0,0,0)';
      OUTPUT_LOAD='(1.0,-1.0)';
    'MEMC_MA7':
      PIN_NUMBER='(E14,0,0,0,0,0,0,0,0,0)';
      OUTPUT_LOAD='(1.0,-1.0)';
    'MEMC_MA8':
      PIN_NUMBER='(B15,0,0,0,0,0,0,0,0,0)';
      OUTPUT_LOAD='(1.0,-1.0)';
    'MEMC_MA9':
      PIN_NUMBER='(C17,0,0,0,0,0,0,0,0,0)';
      OUTPUT_LOAD='(1.0,-1.0)';
    'MEMC_MA10':
      PIN_NUMBER='(C13,0,0,0,0,0,0,0,0,0)';
      OUTPUT_LOAD='(1.0,-1.0)';
    'MEMC_MA11':
      PIN_NUMBER='(A16,0,0,0,0,0,0,0,0,0)';
      OUTPUT_LOAD='(1.0,-1.0)';
    'MEMC_MA12':
      PIN_NUMBER='(C15,0,0,0,0,0,0,0,0,0)';
      OUTPUT_LOAD='(1.0,-1.0)';
    'MEMC_MA13':
      PIN_NUMBER='(C16,0,0,0,0,0,0,0,0,0)';
      OUTPUT_LOAD='(1.0,-1.0)';
    'MEMC_MA14':
      PIN_NUMBER='(E15,0,0,0,0,0,0,0,0,0)';
      OUTPUT_LOAD='(1.0,-1.0)';
    'MEMC_MWE#':
      PIN_NUMBER='(B18,0,0,0,0,0,0,0,0,0)';
      OUTPUT_LOAD='(1.0,-1.0)';
    'MEMC_MRAS#':
      PIN_NUMBER='(C11,0,0,0,0,0,0,0,0,0)';
      OUTPUT_LOAD='(1.0,-1.0)';
    'MEMC_MCAS#':
      PIN_NUMBER='(B10,0,0,0,0,0,0,0,0,0)';
      OUTPUT_LOAD='(1.0,-1.0)';
    'MEMC_MCS0#':
      PIN_NUMBER='(D10,0,0,0,0,0,0,0,0,0)';
      OUTPUT_LOAD='(1.0,-1.0)';
    'MEMC_MCS1#':
      PIN_NUMBER='(A10,0,0,0,0,0,0,0,0,0)';
      OUTPUT_LOAD='(1.0,-1.0)';
    'MEMC_MCKE':
      PIN_NUMBER='(B14,0,0,0,0,0,0,0,0,0)';
      OUTPUT_LOAD='(1.0,-1.0)';
    'MEMC_MCK':
      PIN_NUMBER='(A13,0,0,0,0,0,0,0,0,0)';
      OUTPUT_LOAD='(1.0,-1.0)';
    'MEMC_MCK#':
      PIN_NUMBER='(A14,0,0,0,0,0,0,0,0,0)';
      OUTPUT_LOAD='(1.0,-1.0)';
    'MEMC_MODT0':
      PIN_NUMBER='(B23,0,0,0,0,0,0,0,0,0)';
      OUTPUT_LOAD='(1.0,-1.0)';
    'MEMC_MODT1':
      PIN_NUMBER='(C23,0,0,0,0,0,0,0,0,0)';
      OUTPUT_LOAD='(1.0,-1.0)';
    'LAD0':
      PIN_NUMBER='(0,K25,0,0,0,0,0,0,0,0)';
      BIDIRECTIONAL='TRUE';
      INPUT_LOAD='(-0.01,0.01)';
      OUTPUT_LOAD='(1.0,-1.0)';
    'LAD1':
      PIN_NUMBER='(0,K24,0,0,0,0,0,0,0,0)';
      BIDIRECTIONAL='TRUE';
      INPUT_LOAD='(-0.01,0.01)';
      OUTPUT_LOAD='(1.0,-1.0)';
    'LAD2':
      PIN_NUMBER='(0,K23,0,0,0,0,0,0,0,0)';
      BIDIRECTIONAL='TRUE';
      INPUT_LOAD='(-0.01,0.01)';
      OUTPUT_LOAD='(1.0,-1.0)';
    'LAD3':
      PIN_NUMBER='(0,K22,0,0,0,0,0,0,0,0)';
      BIDIRECTIONAL='TRUE';
      INPUT_LOAD='(-0.01,0.01)';
      OUTPUT_LOAD='(1.0,-1.0)';
    'LAD4':
      PIN_NUMBER='(0,J25,0,0,0,0,0,0,0,0)';
      BIDIRECTIONAL='TRUE';
      INPUT_LOAD='(-0.01,0.01)';
      OUTPUT_LOAD='(1.0,-1.0)';
    'LAD5':
      PIN_NUMBER='(0,J24,0,0,0,0,0,0,0,0)';
      BIDIRECTIONAL='TRUE';
      INPUT_LOAD='(-0.01,0.01)';
      OUTPUT_LOAD='(1.0,-1.0)';
    'LAD6':
      PIN_NUMBER='(0,J23,0,0,0,0,0,0,0,0)';
      BIDIRECTIONAL='TRUE';
      INPUT_LOAD='(-0.01,0.01)';
      OUTPUT_LOAD='(1.0,-1.0)';
    'LAD7':
      PIN_NUMBER='(0,J22,0,0,0,0,0,0,0,0)';
      BIDIRECTIONAL='TRUE';
      INPUT_LOAD='(-0.01,0.01)';
      OUTPUT_LOAD='(1.0,-1.0)';
    'LAD8':
      PIN_NUMBER='(0,H24,0,0,0,0,0,0,0,0)';
      BIDIRECTIONAL='TRUE';
      INPUT_LOAD='(-0.01,0.01)';
      OUTPUT_LOAD='(1.0,-1.0)';
    'LAD9':
      PIN_NUMBER='(0,F26,0,0,0,0,0,0,0,0)';
      BIDIRECTIONAL='TRUE';
      INPUT_LOAD='(-0.01,0.01)';
      OUTPUT_LOAD='(1.0,-1.0)';
    'LAD10':
      PIN_NUMBER='(0,G24,0,0,0,0,0,0,0,0)';
      BIDIRECTIONAL='TRUE';
      INPUT_LOAD='(-0.01,0.01)';
      OUTPUT_LOAD='(1.0,-1.0)';
    'LAD11':
      PIN_NUMBER='(0,F25,0,0,0,0,0,0,0,0)';
      BIDIRECTIONAL='TRUE';
      INPUT_LOAD='(-0.01,0.01)';
      OUTPUT_LOAD='(1.0,-1.0)';
    'LAD12':
      PIN_NUMBER='(0,E25,0,0,0,0,0,0,0,0)';
      BIDIRECTIONAL='TRUE';
      INPUT_LOAD='(-0.01,0.01)';
      OUTPUT_LOAD='(1.0,-1.0)';
    'LAD13':
      PIN_NUMBER='(0,F24,0,0,0,0,0,0,0,0)';
      BIDIRECTIONAL='TRUE';
      INPUT_LOAD='(-0.01,0.01)';
      OUTPUT_LOAD='(1.0,-1.0)';
    'LAD14':
      PIN_NUMBER='(0,G22,0,0,0,0,0,0,0,0)';
      BIDIRECTIONAL='TRUE';
      INPUT_LOAD='(-0.01,0.01)';
      OUTPUT_LOAD='(1.0,-1.0)';
    'LAD15':
      PIN_NUMBER='(0,F23,0,0,0,0,0,0,0,0)';
      BIDIRECTIONAL='TRUE';
      INPUT_LOAD='(-0.01,0.01)';
      OUTPUT_LOAD='(1.0,-1.0)';
    'LA16':
      PIN_NUMBER='(0,AC25,0,0,0,0,0,0,0,0)';
      OUTPUT_LOAD='(1.0,-1.0)';
    'LA17':
      PIN_NUMBER='(0,AC26,0,0,0,0,0,0,0,0)';
      OUTPUT_LOAD='(1.0,-1.0)';
    'LA18':
      PIN_NUMBER='(0,AB22,0,0,0,0,0,0,0,0)';
      OUTPUT_LOAD='(1.0,-1.0)';
    'LA19':
      PIN_NUMBER='(0,AB23,0,0,0,0,0,0,0,0)';
      OUTPUT_LOAD='(1.0,-1.0)';
    'LA20':
      PIN_NUMBER='(0,AB24,0,0,0,0,0,0,0,0)';
      OUTPUT_LOAD='(1.0,-1.0)';
    'LA21':
      PIN_NUMBER='(0,AB25,0,0,0,0,0,0,0,0)';
      OUTPUT_LOAD='(1.0,-1.0)';
    'LA22':
      PIN_NUMBER='(0,AB26,0,0,0,0,0,0,0,0)';
      OUTPUT_LOAD='(1.0,-1.0)';
    'LA23':
      PIN_NUMBER='(0,E22,0,0,0,0,0,0,0,0)';
      OUTPUT_LOAD='(1.0,-1.0)';
    'LA24':
      PIN_NUMBER='(0,E23,0,0,0,0,0,0,0,0)';
      OUTPUT_LOAD='(1.0,-1.0)';
    'LA25':
      PIN_NUMBER='(0,D22,0,0,0,0,0,0,0,0)';
      OUTPUT_LOAD='(1.0,-1.0)';
    'LCS0#':
      PIN_NUMBER='(0,D23,0,0,0,0,0,0,0,0)';
      OUTPUT_LOAD='(1.0,-1.0)';
    'LCS1#':
      PIN_NUMBER='(0,J26,0,0,0,0,0,0,0,0)';
      OUTPUT_LOAD='(1.0,-1.0)';
    'LCS2#':
      PIN_NUMBER='(0,F22,0,0,0,0,0,0,0,0)';
      OUTPUT_LOAD='(1.0,-1.0)';
    'LCS3#':
      PIN_NUMBER='(0,D26,0,0,0,0,0,0,0,0)';
      OUTPUT_LOAD='(1.0,-1.0)';
    'LWE0#/LFWE#':
      PIN_NUMBER='(0,E24,0,0,0,0,0,0,0,0)';
      OUTPUT_LOAD='(1.0,-1.0)';
    'LWE1#':
      PIN_NUMBER='(0,H26,0,0,0,0,0,0,0,0)';
      OUTPUT_LOAD='(1.0,-1.0)';
    'LBCTL':
      PIN_NUMBER='(0,L22,0,0,0,0,0,0,0,0)';
      OUTPUT_LOAD='(1.0,-1.0)';
    'LALE/M1LALE/M2LALE':
      PIN_NUMBER='(0,E26,0,0,0,0,0,0,0,0)';
      OUTPUT_LOAD='(1.0,-1.0)';
    'LGPL0/LFCLE':
      PIN_NUMBER='(0,AA23,0,0,0,0,0,0,0,0)';
      OUTPUT_LOAD='(1.0,-1.0)';
    'LGPL1/LFALE':
      PIN_NUMBER='(0,AA24,0,0,0,0,0,0,0,0)';
      OUTPUT_LOAD='(1.0,-1.0)';
    'LGPL2/LOE#/LFRE#':
      PIN_NUMBER='(0,AA25,0,0,0,0,0,0,0,0)';
      OUTPUT_LOAD='(1.0,-1.0)';
    'LGPL3/LFWP#':
      PIN_NUMBER='(0,AA26,0,0,0,0,0,0,0,0)';
      OUTPUT_LOAD='(1.0,-1.0)';
    'LGPL4/LGTA#/LUPWAIT/LFRB#':
      PIN_NUMBER='(0,Y22,0,0,0,0,0,0,0,0)';
      BIDIRECTIONAL='TRUE';
      INPUT_LOAD='(-0.01,0.01)';
      OUTPUT_LOAD='(1.0,-1.0)';
    'LGPL5':
      PIN_NUMBER='(0,E21,0,0,0,0,0,0,0,0)';
      OUTPUT_LOAD='(1.0,-1.0)';
    'LCLK0':
      PIN_NUMBER='(0,H22,0,0,0,0,0,0,0,0)';
      OUTPUT_LOAD='(1.0,-1.0)';
    'LCLK1':
      PIN_NUMBER='(0,G26,0,0,0,0,0,0,0,0)';
      OUTPUT_LOAD='(1.0,-1.0)';
    'LA0/GPIO0/MSRCID0':
      PIN_NUMBER='(0,AC24,0,0,0,0,0,0,0,0)';
      BIDIRECTIONAL='TRUE';
      INPUT_LOAD='(-0.01,0.01)';
      OUTPUT_LOAD='(1.0,-1.0)';
    'LA1/GPIO1//MSRCID1':
      PIN_NUMBER='(0,Y24,0,0,0,0,0,0,0,0)';
      BIDIRECTIONAL='TRUE';
      INPUT_LOAD='(-0.01,0.01)';
      OUTPUT_LOAD='(1.0,-1.0)';
    'LA2/GPIO2//MSRCID2':
      PIN_NUMBER='(0,Y26,0,0,0,0,0,0,0,0)';
      BIDIRECTIONAL='TRUE';
      INPUT_LOAD='(-0.01,0.01)';
      OUTPUT_LOAD='(1.0,-1.0)';
    'LA3/GPIO3//MSRCID3':
      PIN_NUMBER='(0,W22,0,0,0,0,0,0,0,0)';
      BIDIRECTIONAL='TRUE';
      INPUT_LOAD='(-0.01,0.01)';
      OUTPUT_LOAD='(1.0,-1.0)';
    'LA4/GPIO4//MSRCID4':
      PIN_NUMBER='(0,W24,0,0,0,0,0,0,0,0)';
      BIDIRECTIONAL='TRUE';
      INPUT_LOAD='(-0.01,0.01)';
      OUTPUT_LOAD='(1.0,-1.0)';
    'LA5/GPIO5/MDVAL':
      PIN_NUMBER='(0,W26,0,0,0,0,0,0,0,0)';
      BIDIRECTIONAL='TRUE';
      INPUT_LOAD='(-0.01,0.01)';
      OUTPUT_LOAD='(1.0,-1.0)';
    'LA6/GPIO6':
      PIN_NUMBER='(0,V22,0,0,0,0,0,0,0,0)';
      BIDIRECTIONAL='TRUE';
      INPUT_LOAD='(-0.01,0.01)';
      OUTPUT_LOAD='(1.0,-1.0)';
    'LA7/GPIO7/TSEC_1588_TRIG2':
      PIN_NUMBER='(0,V23,0,0,0,0,0,0,0,0)';
      BIDIRECTIONAL='TRUE';
      INPUT_LOAD='(-0.01,0.01)';
      OUTPUT_LOAD='(1.0,-1.0)';
    'LA8/GPIO13/TSEC_1588_ALARM1':
      PIN_NUMBER='(0,V24,0,0,0,0,0,0,0,0)';
      BIDIRECTIONAL='TRUE';
      INPUT_LOAD='(-0.01,0.01)';
      OUTPUT_LOAD='(1.0,-1.0)';
    'LA9/GPIO14/TSEC_1588_PP3':
      PIN_NUMBER='(0,V25,0,0,0,0,0,0,0,0)';
      BIDIRECTIONAL='TRUE';
      INPUT_LOAD='(-0.01,0.01)';
      OUTPUT_LOAD='(1.0,-1.0)';
    'LA10/TSEC_1588_CLK':
      PIN_NUMBER='(0,V26,0,0,0,0,0,0,0,0)';
      OUTPUT_LOAD='(1.0,-1.0)';
    'LA11/TSEC_1588_GCLK':
      PIN_NUMBER='(0,U22,0,0,0,0,0,0,0,0)';
      OUTPUT_LOAD='(1.0,-1.0)';
    'LA12/TSEC_1588_PP1':
      PIN_NUMBER='(0,AD24,0,0,0,0,0,0,0,0)';
      OUTPUT_LOAD='(1.0,-1.0)';
    'LA13/TSEC_1588_PP2':
      PIN_NUMBER='(0,L25,0,0,0,0,0,0,0,0)';
      OUTPUT_LOAD='(1.0,-1.0)';
    'LA14/TSEC_1588_TRIG1':
      PIN_NUMBER='(0,L24,0,0,0,0,0,0,0,0)';
      OUTPUT_LOAD='(1.0,-1.0)';
    'LA15/TSEC_1588_ALARM2':
      PIN_NUMBER='(0,K26,0,0,0,0,0,0,0,0)';
      OUTPUT_LOAD='(1.0,-1.0)';
    'UART_SOUT1/MSRCID0':
      PIN_NUMBER='(0,0,N2,0,0,0,0,0,0,0)';
      OUTPUT_LOAD='(1.0,-1.0)';
    'UART_SIN1/MSRCID1':
      PIN_NUMBER='(0,0,M5,0,0,0,0,0,0,0)';
      BIDIRECTIONAL='TRUE';
      INPUT_LOAD='(-0.01,0.01)';
      OUTPUT_LOAD='(1.0,-1.0)';
    'UART_CTS1#/GPIO8/MSRCID2':
      PIN_NUMBER='(0,0,M1,0,0,0,0,0,0,0)';
      BIDIRECTIONAL='TRUE';
      INPUT_LOAD='(-0.01,0.01)';
      OUTPUT_LOAD='(1.0,-1.0)';
    'UART_RTS1#/GPIO9/MSRCID3':
      PIN_NUMBER='(0,0,K1,0,0,0,0,0,0,0)';
      BIDIRECTIONAL='TRUE';
      INPUT_LOAD='(-0.01,0.01)';
      OUTPUT_LOAD='(1.0,-1.0)';
    'UART_SOUT2/MSRCID4/TSEC_1588_CLK':
      PIN_NUMBER='(0,0,M3,0,0,0,0,0,0,0)';
      OUTPUT_LOAD='(1.0,-1.0)';
    'UART_SIN2/MDVAL/TSEC_1588_GCLK':
      PIN_NUMBER='(0,0,L1,0,0,0,0,0,0,0)';
      BIDIRECTIONAL='TRUE';
      INPUT_LOAD='(-0.01,0.01)';
      OUTPUT_LOAD='(1.0,-1.0)';
    'UART_CTS2#/TSEC_1588_PP1':
      PIN_NUMBER='(0,0,L5,0,0,0,0,0,0,0)';
      BIDIRECTIONAL='TRUE';
      INPUT_LOAD='(-0.01,0.01)';
      OUTPUT_LOAD='(1.0,-1.0)';
    'UART_RTS2#/TSEC_1588_PP2':
      PIN_NUMBER='(0,0,L3,0,0,0,0,0,0,0)';
      BIDIRECTIONAL='TRUE';
      INPUT_LOAD='(-0.01,0.01)';
      OUTPUT_LOAD='(1.0,-1.0)';
    'IIC1_SDA/CKSTOP_OUT#/TSEC_1588_TRIG1':
      PIN_NUMBER='(0,0,J4,0,0,0,0,0,0,0)';
      BIDIRECTIONAL='TRUE';
      INPUT_LOAD='(-0.01,0.01)';
      OUTPUT_LOAD='(1.0,-1.0)';
    'IIC1_SCL/CKSTOP_IN#/TSEC_1588_ALARM2':
      PIN_NUMBER='(0,0,J2,0,0,0,0,0,0,0)';
      BIDIRECTIONAL='TRUE';
      INPUT_LOAD='(-0.01,0.01)';
      OUTPUT_LOAD='(1.0,-1.0)';
    'IIC2_SDA/PMC_PWR_OK/GPIO10':
      PIN_NUMBER='(0,0,J3,0,0,0,0,0,0,0)';
      BIDIRECTIONAL='TRUE';
      INPUT_LOAD='(-0.01,0.01)';
      OUTPUT_LOAD='(1.0,-1.0)';
    'IIC2_SCL/GPIO11':
      PIN_NUMBER='(0,0,H5,0,0,0,0,0,0,0)';
      BIDIRECTIONAL='TRUE';
      INPUT_LOAD='(-0.01,0.01)';
      OUTPUT_LOAD='(1.0,-1.0)';
    'MCP_OUT#':
      PIN_NUMBER='(0,0,G5,0,0,0,0,0,0,0)';
      OUTPUT_LOAD='(1.0,-1.0)';
    'IRQ0#/MCP_IN#':
      PIN_NUMBER='(0,0,K5,0,0,0,0,0,0,0)';
      INPUT_LOAD='(-0.01,0.01)';
    'IRQ1#':
      PIN_NUMBER='(0,0,K4,0,0,0,0,0,0,0)';
      INPUT_LOAD='(-0.01,0.01)';
    'IRQ2#':
      PIN_NUMBER='(0,0,K2,0,0,0,0,0,0,0)';
      INPUT_LOAD='(-0.01,0.01)';
    'IRQ3#/CKSTOP_OUT#':
      PIN_NUMBER='(0,0,K3,0,0,0,0,0,0,0)';
      BIDIRECTIONAL='TRUE';
      INPUT_LOAD='(-0.01,0.01)';
      OUTPUT_LOAD='(1.0,-1.0)';
    'IRQ4#/CKSTOP_IN#/GPIO12':
      PIN_NUMBER='(0,0,J1,0,0,0,0,0,0,0)';
      BIDIRECTIONAL='TRUE';
      INPUT_LOAD='(-0.01,0.01)';
      OUTPUT_LOAD='(1.0,-1.0)';
    'CFG_CLKIN_DIV#':
      PIN_NUMBER='(0,0,0,D5,0,0,0,0,0,0)';
      INPUT_LOAD='(-0.01,0.01)';
    'EXT_PWR_CTRL':
      PIN_NUMBER='(0,0,0,J5,0,0,0,0,0,0)';
      OUTPUT_LOAD='(1.0,-1.0)';
    'CFG_LBIU_MUX_EN':
      PIN_NUMBER='(0,0,0,R24,0,0,0,0,0,0)';
      INPUT_LOAD='(-0.01,0.01)';
    'TCK':
      PIN_NUMBER='(0,0,0,E1,0,0,0,0,0,0)';
      INPUT_LOAD='(-0.01,0.01)';
    'TDI':
      PIN_NUMBER='(0,0,0,E2,0,0,0,0,0,0)';
      INPUT_LOAD='(-0.01,0.01)';
    'TDO':
      PIN_NUMBER='(0,0,0,E3,0,0,0,0,0,0)';
      OUTPUT_LOAD='(1.0,-1.0)';
    'TMS':
      PIN_NUMBER='(0,0,0,E4,0,0,0,0,0,0)';
      INPUT_LOAD='(-0.01,0.01)';
    'TRST#':
      PIN_NUMBER='(0,0,0,E5,0,0,0,0,0,0)';
      INPUT_LOAD='(-0.01,0.01)';
    'TEST_MODE':
      PIN_NUMBER='(0,0,0,F4,0,0,0,0,0,0)';
      INPUT_LOAD='(-0.01,0.01)';
    'QUIESCE#':
      PIN_NUMBER='(0,0,0,F5,0,0,0,0,0,0)';
      OUTPUT_LOAD='(1.0,-1.0)';
    'HRESET#':
      PIN_NUMBER='(0,0,0,F2,0,0,0,0,0,0)';
      BIDIRECTIONAL='TRUE';
      INPUT_LOAD='(-0.01,0.01)';
      OUTPUT_LOAD='(1.0,-1.0)';
    'PORESET#':
      PIN_NUMBER='(0,0,0,F3,0,0,0,0,0,0)';
      INPUT_LOAD='(-0.01,0.01)';
    'SRESET#':
      PIN_NUMBER='(0,0,0,F1,0,0,0,0,0,0)';
      INPUT_LOAD='(-0.01,0.01)';
    'SYS_CR_CLK_IN':
      PIN_NUMBER='(0,0,0,U26,0,0,0,0,0,0)';
      INPUT_LOAD='(-0.01,0.01)';
    'SYS_CR_CLK_OUT':
      PIN_NUMBER='(0,0,0,U25,0,0,0,0,0,0)';
      OUTPUT_LOAD='(1.0,-1.0)';
    'SYS_CLK_IN':
      PIN_NUMBER='(0,0,0,U23,0,0,0,0,0,0)';
      INPUT_LOAD='(-0.01,0.01)';
    'USB_CR_CLK_IN':
      PIN_NUMBER='(0,0,0,T26,0,0,0,0,0,0)';
      INPUT_LOAD='(-0.01,0.01)';
    'USB_CR_CLK_OUT':
      PIN_NUMBER='(0,0,0,R26,0,0,0,0,0,0)';
      OUTPUT_LOAD='(1.0,-1.0)';
    'USB_CLK_IN':
      PIN_NUMBER='(0,0,0,T22,0,0,0,0,0,0)';
      INPUT_LOAD='(-0.01,0.01)';
    'PCI_SYNC_OUT':
      PIN_NUMBER='(0,0,0,U24,0,0,0,0,0,0)';
      OUTPUT_LOAD='(1.0,-1.0)';
    'RTC_PIT_CLOCK':
      PIN_NUMBER='(0,0,0,R22,0,0,0,0,0,0)';
      INPUT_LOAD='(-0.01,0.01)';
    'PCI_SYNC_IN':
      PIN_NUMBER='(0,0,0,T24,0,0,0,0,0,0)';
      INPUT_LOAD='(-0.01,0.01)';
    'THERM0':
      PIN_NUMBER='(0,0,0,N1,0,0,0,0,0,0)';
      INPUT_LOAD='(-0.01,0.01)';
    'THERM1':
      PIN_NUMBER='(0,0,0,N3,0,0,0,0,0,0)';
      INPUT_LOAD='(-0.01,0.01)';
    'PCI_INTA#':
      PIN_NUMBER='(0,0,0,0,AF7,0,0,0,0,0)';
      OUTPUT_LOAD='(1.0,-1.0)';
    'PCI_RESET_OUT#':
      PIN_NUMBER='(0,0,0,0,AB11,0,0,0,0,0)';
      OUTPUT_LOAD='(1.0,-1.0)';
    'PCI_AD0':
      PIN_NUMBER='(0,0,0,0,AB20,0,0,0,0,0)';
      BIDIRECTIONAL='TRUE';
      INPUT_LOAD='(-0.01,0.01)';
      OUTPUT_LOAD='(1.0,-1.0)';
    'PCI_AD1':
      PIN_NUMBER='(0,0,0,0,AF23,0,0,0,0,0)';
      BIDIRECTIONAL='TRUE';
      INPUT_LOAD='(-0.01,0.01)';
      OUTPUT_LOAD='(1.0,-1.0)';
    'PCI_AD2':
      PIN_NUMBER='(0,0,0,0,AF22,0,0,0,0,0)';
      BIDIRECTIONAL='TRUE';
      INPUT_LOAD='(-0.01,0.01)';
      OUTPUT_LOAD='(1.0,-1.0)';
    'PCI_AD3':
      PIN_NUMBER='(0,0,0,0,AB19,0,0,0,0,0)';
      BIDIRECTIONAL='TRUE';
      INPUT_LOAD='(-0.01,0.01)';
      OUTPUT_LOAD='(1.0,-1.0)';
    'PCI_AD4':
      PIN_NUMBER='(0,0,0,0,AE22,0,0,0,0,0)';
      BIDIRECTIONAL='TRUE';
      INPUT_LOAD='(-0.01,0.01)';
      OUTPUT_LOAD='(1.0,-1.0)';
    'PCI_AD5':
      PIN_NUMBER='(0,0,0,0,AF21,0,0,0,0,0)';
      BIDIRECTIONAL='TRUE';
      INPUT_LOAD='(-0.01,0.01)';
      OUTPUT_LOAD='(1.0,-1.0)';
    'PCI_AD6':
      PIN_NUMBER='(0,0,0,0,AD19,0,0,0,0,0)';
      BIDIRECTIONAL='TRUE';
      INPUT_LOAD='(-0.01,0.01)';
      OUTPUT_LOAD='(1.0,-1.0)';
    'PCI_AD7':
      PIN_NUMBER='(0,0,0,0,AD20,0,0,0,0,0)';
      BIDIRECTIONAL='TRUE';
      INPUT_LOAD='(-0.01,0.01)';
      OUTPUT_LOAD='(1.0,-1.0)';
    'PCI_AD8':
      PIN_NUMBER='(0,0,0,0,AC18,0,0,0,0,0)';
      BIDIRECTIONAL='TRUE';
      INPUT_LOAD='(-0.01,0.01)';
      OUTPUT_LOAD='(1.0,-1.0)';
    'PCI_AD9':
      PIN_NUMBER='(0,0,0,0,AD18,0,0,0,0,0)';
      BIDIRECTIONAL='TRUE';
      INPUT_LOAD='(-0.01,0.01)';
      OUTPUT_LOAD='(1.0,-1.0)';
    'PCI_AD10':
      PIN_NUMBER='(0,0,0,0,AB18,0,0,0,0,0)';
      BIDIRECTIONAL='TRUE';
      INPUT_LOAD='(-0.01,0.01)';
      OUTPUT_LOAD='(1.0,-1.0)';
    'PCI_AD11':
      PIN_NUMBER='(0,0,0,0,AE19,0,0,0,0,0)';
      BIDIRECTIONAL='TRUE';
      INPUT_LOAD='(-0.01,0.01)';
      OUTPUT_LOAD='(1.0,-1.0)';
    'PCI_AD12':
      PIN_NUMBER='(0,0,0,0,AB17,0,0,0,0,0)';
      BIDIRECTIONAL='TRUE';
      INPUT_LOAD='(-0.01,0.01)';
      OUTPUT_LOAD='(1.0,-1.0)';
    'PCI_AD13':
      PIN_NUMBER='(0,0,0,0,AE18,0,0,0,0,0)';
      BIDIRECTIONAL='TRUE';
      INPUT_LOAD='(-0.01,0.01)';
      OUTPUT_LOAD='(1.0,-1.0)';
    'PCI_AD14':
      PIN_NUMBER='(0,0,0,0,AD17,0,0,0,0,0)';
      BIDIRECTIONAL='TRUE';
      INPUT_LOAD='(-0.01,0.01)';
      OUTPUT_LOAD='(1.0,-1.0)';
    'PCI_AD15':
      PIN_NUMBER='(0,0,0,0,AF19,0,0,0,0,0)';
      BIDIRECTIONAL='TRUE';
      INPUT_LOAD='(-0.01,0.01)';
      OUTPUT_LOAD='(1.0,-1.0)';
    'PCI_AD16':
      PIN_NUMBER='(0,0,0,0,AB14,0,0,0,0,0)';
      BIDIRECTIONAL='TRUE';
      INPUT_LOAD='(-0.01,0.01)';
      OUTPUT_LOAD='(1.0,-1.0)';
    'PCI_AD17':
      PIN_NUMBER='(0,0,0,0,AF15,0,0,0,0,0)';
      BIDIRECTIONAL='TRUE';
      INPUT_LOAD='(-0.01,0.01)';
      OUTPUT_LOAD='(1.0,-1.0)';
    'PCI_AD18':
      PIN_NUMBER='(0,0,0,0,AD14,0,0,0,0,0)';
      BIDIRECTIONAL='TRUE';
      INPUT_LOAD='(-0.01,0.01)';
      OUTPUT_LOAD='(1.0,-1.0)';
    'PCI_AD19':
      PIN_NUMBER='(0,0,0,0,AE14,0,0,0,0,0)';
      BIDIRECTIONAL='TRUE';
      INPUT_LOAD='(-0.01,0.01)';
      OUTPUT_LOAD='(1.0,-1.0)';
    'PCI_AD20':
      PIN_NUMBER='(0,0,0,0,AF12,0,0,0,0,0)';
      BIDIRECTIONAL='TRUE';
      INPUT_LOAD='(-0.01,0.01)';
      OUTPUT_LOAD='(1.0,-1.0)';
    'PCI_AD21':
      PIN_NUMBER='(0,0,0,0,AE11,0,0,0,0,0)';
      BIDIRECTIONAL='TRUE';
      INPUT_LOAD='(-0.01,0.01)';
      OUTPUT_LOAD='(1.0,-1.0)';
    'PCI_AD22':
      PIN_NUMBER='(0,0,0,0,AD12,0,0,0,0,0)';
      BIDIRECTIONAL='TRUE';
      INPUT_LOAD='(-0.01,0.01)';
      OUTPUT_LOAD='(1.0,-1.0)';
    'PCI_AD23':
      PIN_NUMBER='(0,0,0,0,AB13,0,0,0,0,0)';
      BIDIRECTIONAL='TRUE';
      INPUT_LOAD='(-0.01,0.01)';
      OUTPUT_LOAD='(1.0,-1.0)';
    'PCI_AD24':
      PIN_NUMBER='(0,0,0,0,AF9,0,0,0,0,0)';
      BIDIRECTIONAL='TRUE';
      INPUT_LOAD='(-0.01,0.01)';
      OUTPUT_LOAD='(1.0,-1.0)';
    'PCI_AD25':
      PIN_NUMBER='(0,0,0,0,AD11,0,0,0,0,0)';
      BIDIRECTIONAL='TRUE';
      INPUT_LOAD='(-0.01,0.01)';
      OUTPUT_LOAD='(1.0,-1.0)';
    'PCI_AD26':
      PIN_NUMBER='(0,0,0,0,AE10,0,0,0,0,0)';
      BIDIRECTIONAL='TRUE';
      INPUT_LOAD='(-0.01,0.01)';
      OUTPUT_LOAD='(1.0,-1.0)';
    'PCI_AD27':
      PIN_NUMBER='(0,0,0,0,AB12,0,0,0,0,0)';
      BIDIRECTIONAL='TRUE';
      INPUT_LOAD='(-0.01,0.01)';
      OUTPUT_LOAD='(1.0,-1.0)';
    'PCI_AD28':
      PIN_NUMBER='(0,0,0,0,AD10,0,0,0,0,0)';
      BIDIRECTIONAL='TRUE';
      INPUT_LOAD='(-0.01,0.01)';
      OUTPUT_LOAD='(1.0,-1.0)';
    'PCI_AD29':
      PIN_NUMBER='(0,0,0,0,AC10,0,0,0,0,0)';
      BIDIRECTIONAL='TRUE';
      INPUT_LOAD='(-0.01,0.01)';
      OUTPUT_LOAD='(1.0,-1.0)';
    'PCI_AD30':
      PIN_NUMBER='(0,0,0,0,AF10,0,0,0,0,0)';
      BIDIRECTIONAL='TRUE';
      INPUT_LOAD='(-0.01,0.01)';
      OUTPUT_LOAD='(1.0,-1.0)';
    'PCI_AD31':
      PIN_NUMBER='(0,0,0,0,AF8,0,0,0,0,0)';
      BIDIRECTIONAL='TRUE';
      INPUT_LOAD='(-0.01,0.01)';
      OUTPUT_LOAD='(1.0,-1.0)';
    'PCI_C/BE0#':
      PIN_NUMBER='(0,0,0,0,AC19,0,0,0,0,0)';
      BIDIRECTIONAL='TRUE';
      INPUT_LOAD='(-0.01,0.01)';
      OUTPUT_LOAD='(1.0,-1.0)';
    'PCI_C/BE1#':
      PIN_NUMBER='(0,0,0,0,AB15,0,0,0,0,0)';
      BIDIRECTIONAL='TRUE';
      INPUT_LOAD='(-0.01,0.01)';
      OUTPUT_LOAD='(1.0,-1.0)';
    'PCI_C/BE2#':
      PIN_NUMBER='(0,0,0,0,AF14,0,0,0,0,0)';
      BIDIRECTIONAL='TRUE';
      INPUT_LOAD='(-0.01,0.01)';
      OUTPUT_LOAD='(1.0,-1.0)';
    'PCI_C/BE3#':
      PIN_NUMBER='(0,0,0,0,AF11,0,0,0,0,0)';
      BIDIRECTIONAL='TRUE';
      INPUT_LOAD='(-0.01,0.01)';
      OUTPUT_LOAD='(1.0,-1.0)';
    'PCI_PAR':
      PIN_NUMBER='(0,0,0,0,AD16,0,0,0,0,0)';
      BIDIRECTIONAL='TRUE';
      INPUT_LOAD='(-0.01,0.01)';
      OUTPUT_LOAD='(1.0,-1.0)';
    'PCI_FRAME#':
      PIN_NUMBER='(0,0,0,0,AF16,0,0,0,0,0)';
      BIDIRECTIONAL='TRUE';
      INPUT_LOAD='(-0.01,0.01)';
      OUTPUT_LOAD='(1.0,-1.0)';
    'PCI_TRDY#':
      PIN_NUMBER='(0,0,0,0,AD13,0,0,0,0,0)';
      BIDIRECTIONAL='TRUE';
      INPUT_LOAD='(-0.01,0.01)';
      OUTPUT_LOAD='(1.0,-1.0)';
    'PCI_IRDY#':
      PIN_NUMBER='(0,0,0,0,AC15,0,0,0,0,0)';
      BIDIRECTIONAL='TRUE';
      INPUT_LOAD='(-0.01,0.01)';
      OUTPUT_LOAD='(1.0,-1.0)';
    'PCI_STOP#':
      PIN_NUMBER='(0,0,0,0,AF13,0,0,0,0,0)';
      BIDIRECTIONAL='TRUE';
      INPUT_LOAD='(-0.01,0.01)';
      OUTPUT_LOAD='(1.0,-1.0)';
    'PCI_DEVSEL#':
      PIN_NUMBER='(0,0,0,0,AC14,0,0,0,0,0)';
      BIDIRECTIONAL='TRUE';
      INPUT_LOAD='(-0.01,0.01)';
      OUTPUT_LOAD='(1.0,-1.0)';
    'PCI_IDSEL':
      PIN_NUMBER='(0,0,0,0,AF20,0,0,0,0,0)';
      INPUT_LOAD='(-0.01,0.01)';
    'PCI_SERR#':
      PIN_NUMBER='(0,0,0,0,AE15,0,0,0,0,0)';
      BIDIRECTIONAL='TRUE';
      INPUT_LOAD='(-0.01,0.01)';
      OUTPUT_LOAD='(1.0,-1.0)';
    'PCI_PERR#':
      PIN_NUMBER='(0,0,0,0,AD15,0,0,0,0,0)';
      BIDIRECTIONAL='TRUE';
      INPUT_LOAD='(-0.01,0.01)';
      OUTPUT_LOAD='(1.0,-1.0)';
    'PCI_REQ0#':
      PIN_NUMBER='(0,0,0,0,AB10,0,0,0,0,0)';
      BIDIRECTIONAL='TRUE';
      INPUT_LOAD='(-0.01,0.01)';
      OUTPUT_LOAD='(1.0,-1.0)';
    'PCI_REQ1#/CPCI_HS_ES':
      PIN_NUMBER='(0,0,0,0,AD9,0,0,0,0,0)';
      INPUT_LOAD='(-0.01,0.01)';
    'PCI_REQ2#':
      PIN_NUMBER='(0,0,0,0,AD8,0,0,0,0,0)';
      INPUT_LOAD='(-0.01,0.01)';
    'PCI_GNT0#':
      PIN_NUMBER='(0,0,0,0,AC11,0,0,0,0,0)';
      BIDIRECTIONAL='TRUE';
      INPUT_LOAD='(-0.01,0.01)';
      OUTPUT_LOAD='(1.0,-1.0)';
    'PCI_GNT1#/CPCI_HS_LED':
      PIN_NUMBER='(0,0,0,0,AE7,0,0,0,0,0)';
      OUTPUT_LOAD='(1.0,-1.0)';
    'PCI_GNT2#/CPCI_HS_ENUM':
      PIN_NUMBER='(0,0,0,0,AD7,0,0,0,0,0)';
      OUTPUT_LOAD='(1.0,-1.0)';
    'M66EN':
      PIN_NUMBER='(0,0,0,0,AD21,0,0,0,0,0)';
      INPUT_LOAD='(-0.01,0.01)';
    'PCI_CLK0':
      PIN_NUMBER='(0,0,0,0,AF17,0,0,0,0,0)';
      OUTPUT_LOAD='(1.0,-1.0)';
    'PCI_CLK1':
      PIN_NUMBER='(0,0,0,0,AB16,0,0,0,0,0)';
      OUTPUT_LOAD='(1.0,-1.0)';
    'PCI_CLK2':
      PIN_NUMBER='(0,0,0,0,AF18,0,0,0,0,0)';
      OUTPUT_LOAD='(1.0,-1.0)';
    'PCI_PME#':
      PIN_NUMBER='(0,0,0,0,AD22,0,0,0,0,0)';
      BIDIRECTIONAL='TRUE';
      INPUT_LOAD='(-0.01,0.01)';
      OUTPUT_LOAD='(1.0,-1.0)';
    'TSEC1_COL/USBDR_TXDRXD0':
      PIN_NUMBER='(0,0,0,0,0,AD2,0,0,0,0)';
      BIDIRECTIONAL='TRUE';
      INPUT_LOAD='(-0.01,0.01)';
      OUTPUT_LOAD='(1.0,-1.0)';
    'TSEC1_CRS/USBDR_TXDRXD1':
      PIN_NUMBER='(0,0,0,0,0,AC3,0,0,0,0)';
      BIDIRECTIONAL='TRUE';
      INPUT_LOAD='(-0.01,0.01)';
      OUTPUT_LOAD='(1.0,-1.0)';
    'TSEC1_GTX_CLK/USBDR_TXDRXD2':
      PIN_NUMBER='(0,0,0,0,0,AF3,0,0,0,0)';
      BIDIRECTIONAL='TRUE';
      INPUT_LOAD='(-0.01,0.01)';
      OUTPUT_LOAD='(1.0,-1.0)';
    'TSEC1_RX_CLK/USBDR_TXDRXD3':
      PIN_NUMBER='(0,0,0,0,0,AE3,0,0,0,0)';
      BIDIRECTIONAL='TRUE';
      INPUT_LOAD='(-0.01,0.01)';
      OUTPUT_LOAD='(1.0,-1.0)';
    'TSEC1_RX_DV/USBDR_TXDRXD4':
      PIN_NUMBER='(0,0,0,0,0,AD3,0,0,0,0)';
      BIDIRECTIONAL='TRUE';
      INPUT_LOAD='(-0.01,0.01)';
      OUTPUT_LOAD='(1.0,-1.0)';
    'TSEC1_RXD3/USBDR_TXDRXD5':
      PIN_NUMBER='(0,0,0,0,0,AC6,0,0,0,0)';
      BIDIRECTIONAL='TRUE';
      INPUT_LOAD='(-0.01,0.01)';
      OUTPUT_LOAD='(1.0,-1.0)';
    'TSEC1_RXD2/USBDR_TXDRXD6':
      PIN_NUMBER='(0,0,0,0,0,AF4,0,0,0,0)';
      BIDIRECTIONAL='TRUE';
      INPUT_LOAD='(-0.01,0.01)';
      OUTPUT_LOAD='(1.0,-1.0)';
    'TSEC1_RXD1/USBDR_TXDRXD7':
      PIN_NUMBER='(0,0,0,0,0,AB6,0,0,0,0)';
      BIDIRECTIONAL='TRUE';
      INPUT_LOAD='(-0.01,0.01)';
      OUTPUT_LOAD='(1.0,-1.0)';
    'TSEC1_RXD0/USBDR_NXT/TSEC_1588_TRIG1':
      PIN_NUMBER='(0,0,0,0,0,AB5,0,0,0,0)';
      INPUT_LOAD='(-0.01,0.01)';
    'TSEC1_RX_ER/USBDR_DIR/TSEC_1588_TRIG2':
      PIN_NUMBER='(0,0,0,0,0,AD4,0,0,0,0)';
      INPUT_LOAD='(-0.01,0.01)';
    'TSEC1_TX_CLK/USBDR_CLK/TSEC_1588_CLK':
      PIN_NUMBER='(0,0,0,0,0,AF5,0,0,0,0)';
      INPUT_LOAD='(-0.01,0.01)';
    'TSEC1_TXD3/TSEC_1588_GCLK':
      PIN_NUMBER='(0,0,0,0,0,AE6,0,0,0,0)';
      OUTPUT_LOAD='(1.0,-1.0)';
    'TSEC1_TXD2/TSEC_1588_PP1':
      PIN_NUMBER='(0,0,0,0,0,AC7,0,0,0,0)';
      OUTPUT_LOAD='(1.0,-1.0)';
    'TSEC1_TXD1/TSEC_1588_PP2':
      PIN_NUMBER='(0,0,0,0,0,AD6,0,0,0,0)';
      OUTPUT_LOAD='(1.0,-1.0)';
    'TSEC1_TXD0/USBDR_STP/TSEC_1588_PP3':
      PIN_NUMBER='(0,0,0,0,0,AD5,0,0,0,0)';
      OUTPUT_LOAD='(1.0,-1.0)';
    'TSEC1_TX_EN/TSEC_1588_ALARM1':
      PIN_NUMBER='(0,0,0,0,0,AB7,0,0,0,0)';
      OUTPUT_LOAD='(1.0,-1.0)';
    'TSEC1_TX_ER/TSEC_1588_ALARM2':
      PIN_NUMBER='(0,0,0,0,0,AB8,0,0,0,0)';
      OUTPUT_LOAD='(1.0,-1.0)';
    'TSEC1_GTX_CLK125':
      PIN_NUMBER='(0,0,0,0,0,AE1,0,0,0,0)';
      INPUT_LOAD='(-0.01,0.01)';
    'TSEC1_MDC/LB_POR_CFG_BOOT_ECC_DIS':
      PIN_NUMBER='(0,0,0,0,0,AF6,0,0,0,0)';
      OUTPUT_LOAD='(1.0,-1.0)';
    'TSEC1_MDIO':
      PIN_NUMBER='(0,0,0,0,0,AB9,0,0,0,0)';
      BIDIRECTIONAL='TRUE';
      INPUT_LOAD='(-0.01,0.01)';
      OUTPUT_LOAD='(1.0,-1.0)';
    'TSEC2_COL/GTM1_TIN4/GTM2_TIN3/GPIO15':
      PIN_NUMBER='(0,0,0,0,0,0,AB4,0,0,0)';
      BIDIRECTIONAL='TRUE';
      INPUT_LOAD='(-0.01,0.01)';
      OUTPUT_LOAD='(1.0,-1.0)';
    'TSEC2_CRS/GTM1_TGATE4#/GTM2_TGATE3#/GPIO16':
      PIN_NUMBER='(0,0,0,0,0,0,AB3,0,0,0)';
      BIDIRECTIONAL='TRUE';
      INPUT_LOAD='(-0.01,0.01)';
      OUTPUT_LOAD='(1.0,-1.0)';
    'TSEC2_GTX_CLK/GTM1_TOUT4#/GTM2_TOUT3#/GPIO17':
      PIN_NUMBER='(0,0,0,0,0,0,AC1,0,0,0)';
      BIDIRECTIONAL='TRUE';
      INPUT_LOAD='(-0.01,0.01)';
      OUTPUT_LOAD='(1.0,-1.0)';
    'TSEC2_RX_CLK/GTM1_TIN2/GTM2_TIN1/GPIO18':
      PIN_NUMBER='(0,0,0,0,0,0,AC2,0,0,0)';
      BIDIRECTIONAL='TRUE';
      INPUT_LOAD='(-0.01,0.01)';
      OUTPUT_LOAD='(1.0,-1.0)';
    'TSCE2_RX_DV/GTM1_TGATE2#/GTM2_TGATE1#/GPIO19':
      PIN_NUMBER='(0,0,0,0,0,0,AA3,0,0,0)';
      BIDIRECTIONAL='TRUE';
      INPUT_LOAD='(-0.01,0.01)';
      OUTPUT_LOAD='(1.0,-1.0)';
    'TSEC2_RXD3/GPIO20':
      PIN_NUMBER='(0,0,0,0,0,0,Y5,0,0,0)';
      BIDIRECTIONAL='TRUE';
      INPUT_LOAD='(-0.01,0.01)';
      OUTPUT_LOAD='(1.0,-1.0)';
    'TSEC2_RXD2/GPIO21':
      PIN_NUMBER='(0,0,0,0,0,0,AA4,0,0,0)';
      BIDIRECTIONAL='TRUE';
      INPUT_LOAD='(-0.01,0.01)';
      OUTPUT_LOAD='(1.0,-1.0)';
    'TSEC2_RXD1/GPIO22':
      PIN_NUMBER='(0,0,0,0,0,0,AB2,0,0,0)';
      BIDIRECTIONAL='TRUE';
      INPUT_LOAD='(-0.01,0.01)';
      OUTPUT_LOAD='(1.0,-1.0)';
    'TSEC2_RXD0/GPIO23':
      PIN_NUMBER='(0,0,0,0,0,0,AA5,0,0,0)';
      BIDIRECTIONAL='TRUE';
      INPUT_LOAD='(-0.01,0.01)';
      OUTPUT_LOAD='(1.0,-1.0)';
    'TSEC2_RX_ER/GTM1_TOUT2#/GTM2_TOUT1#/GPIO24':
      PIN_NUMBER='(0,0,0,0,0,0,AA2,0,0,0)';
      BIDIRECTIONAL='TRUE';
      INPUT_LOAD='(-0.01,0.01)';
      OUTPUT_LOAD='(1.0,-1.0)';
    'TSEC2_TX_CLK/GPIO25':
      PIN_NUMBER='(0,0,0,0,0,0,AB1,0,0,0)';
      BIDIRECTIONAL='TRUE';
      INPUT_LOAD='(-0.01,0.01)';
      OUTPUT_LOAD='(1.0,-1.0)';
    'TSEC2_TXD3/CFG_RESET_SOURCE0':
      PIN_NUMBER='(0,0,0,0,0,0,W3,0,0,0)';
      BIDIRECTIONAL='TRUE';
      INPUT_LOAD='(-0.01,0.01)';
      OUTPUT_LOAD='(1.0,-1.0)';
    'TSEC2_TXD2/CFG_RESET_SOURCE1':
      PIN_NUMBER='(0,0,0,0,0,0,Y1,0,0,0)';
      BIDIRECTIONAL='TRUE';
      INPUT_LOAD='(-0.01,0.01)';
      OUTPUT_LOAD='(1.0,-1.0)';
    'TSEC2_TXD1/CFG_RESET_SOURCE2':
      PIN_NUMBER='(0,0,0,0,0,0,W5,0,0,0)';
      BIDIRECTIONAL='TRUE';
      INPUT_LOAD='(-0.01,0.01)';
      OUTPUT_LOAD='(1.0,-1.0)';
    'TSEC2_TXD0/CFG_RESET_SOURCE3':
      PIN_NUMBER='(0,0,0,0,0,0,Y3,0,0,0)';
      BIDIRECTIONAL='TRUE';
      INPUT_LOAD='(-0.01,0.01)';
      OUTPUT_LOAD='(1.0,-1.0)';
    'TSEC2_TX_EN/GPIO26':
      PIN_NUMBER='(0,0,0,0,0,0,AA1,0,0,0)';
      BIDIRECTIONAL='TRUE';
      INPUT_LOAD='(-0.01,0.01)';
      OUTPUT_LOAD='(1.0,-1.0)';
    'TSEC2_TX_ER/GPIO27':
      PIN_NUMBER='(0,0,0,0,0,0,W1,0,0,0)';
      BIDIRECTIONAL='TRUE';
      INPUT_LOAD='(-0.01,0.01)';
      OUTPUT_LOAD='(1.0,-1.0)';
    'TXA':
      PIN_NUMBER='(0,0,0,0,0,0,0,U3,0,0)';
      OUTPUT_LOAD='(1.0,-1.0)';
    'TXA#':
      PIN_NUMBER='(0,0,0,0,0,0,0,V3,0,0)';
      OUTPUT_LOAD='(1.0,-1.0)';
    'RXA':
      PIN_NUMBER='(0,0,0,0,0,0,0,U1,0,0)';
      INPUT_LOAD='(-0.01,0.01)';
    'RXA#':
      PIN_NUMBER='(0,0,0,0,0,0,0,V1,0,0)';
      INPUT_LOAD='(-0.01,0.01)';
    'TXB':
      PIN_NUMBER='(0,0,0,0,0,0,0,P4,0,0)';
      OUTPUT_LOAD='(1.0,-1.0)';
    'TXB#':
      PIN_NUMBER='(0,0,0,0,0,0,0,N4,0,0)';
      OUTPUT_LOAD='(1.0,-1.0)';
    'RXB':
      PIN_NUMBER='(0,0,0,0,0,0,0,R1,0,0)';
      INPUT_LOAD='(-0.01,0.01)';
    'RXB#':
      PIN_NUMBER='(0,0,0,0,0,0,0,P1,0,0)';
      INPUT_LOAD='(-0.01,0.01)';
    'SD_IMP_CAL_RX':
      PIN_NUMBER='(0,0,0,0,0,0,0,V5,0,0)';
      INPUT_LOAD='(-0.01,0.01)';
    'SD_REF_CLK#':
      PIN_NUMBER='(0,0,0,0,0,0,0,T5,0,0)';
      INPUT_LOAD='(-0.01,0.01)';
    'SD_REF_CLK':
      PIN_NUMBER='(0,0,0,0,0,0,0,T4,0,0)';
      INPUT_LOAD='(-0.01,0.01)';
    'SD_PLL_TPD':
      PIN_NUMBER='(0,0,0,0,0,0,0,T2,0,0)';
      OUTPUT_LOAD='(1.0,-1.0)';
    'SD_IMP_CAL_TX':
      PIN_NUMBER='(0,0,0,0,0,0,0,N5,0,0)';
      INPUT_LOAD='(-0.01,0.01)';
    'SDAVDD':
      PIN_NUMBER='(0,0,0,0,0,0,0,R5,0,0)';
      BIDIRECTIONAL='TRUE';
      INPUT_LOAD='(-0.01,0.01)';
      OUTPUT_LOAD='(1.0,-1.0)';
    'SD_PLL_TPA_ANA':
      PIN_NUMBER='(0,0,0,0,0,0,0,R4,0,0)';
      OUTPUT_LOAD='(1.0,-1.0)';
    'SDAVSS':
      PIN_NUMBER='(0,0,0,0,0,0,0,R3,0,0)';
      BIDIRECTIONAL='TRUE';
      INPUT_LOAD='(-0.01,0.01)';
      OUTPUT_LOAD='(1.0,-1.0)';
    'USB_DP':
      PIN_NUMBER='(0,0,0,0,0,0,0,P26,0,0)';
      BIDIRECTIONAL='TRUE';
      INPUT_LOAD='(-0.01,0.01)';
      OUTPUT_LOAD='(1.0,-1.0)';
    'USB_DM':
      PIN_NUMBER='(0,0,0,0,0,0,0,N26,0,0)';
      BIDIRECTIONAL='TRUE';
      INPUT_LOAD='(-0.01,0.01)';
      OUTPUT_LOAD='(1.0,-1.0)';
    'USB_VBUS':
      PIN_NUMBER='(0,0,0,0,0,0,0,P24,0,0)';
      BIDIRECTIONAL='TRUE';
      INPUT_LOAD='(-0.01,0.01)';
      OUTPUT_LOAD='(1.0,-1.0)';
    'USB_TPA':
      PIN_NUMBER='(0,0,0,0,0,0,0,L26,0,0)';
      BIDIRECTIONAL='TRUE';
      INPUT_LOAD='(-0.01,0.01)';
      OUTPUT_LOAD='(1.0,-1.0)';
    'USB_RBIAS':
      PIN_NUMBER='(0,0,0,0,0,0,0,M24,0,0)';
      BIDIRECTIONAL='TRUE';
      INPUT_LOAD='(-0.01,0.01)';
      OUTPUT_LOAD='(1.0,-1.0)';
    'USB_PLL_PWR3':
      PIN_NUMBER='(0,0,0,0,0,0,0,M26,0,0)';
      BIDIRECTIONAL='TRUE';
      INPUT_LOAD='(-0.01,0.01)';
      OUTPUT_LOAD='(1.0,-1.0)';
    'USB_PLL_GND':
      PIN_NUMBER='(0,0,0,0,0,0,0,N24,0,0)';
      BIDIRECTIONAL='TRUE';
      INPUT_LOAD='(-0.01,0.01)';
      OUTPUT_LOAD='(1.0,-1.0)';
    'USB_PLL_PWR1':
      PIN_NUMBER='(0,0,0,0,0,0,0,N25,0,0)';
      BIDIRECTIONAL='TRUE';
      INPUT_LOAD='(-0.01,0.01)';
      OUTPUT_LOAD='(1.0,-1.0)';
    'USB_VSSA_BIAS':
      PIN_NUMBER='(0,0,0,0,0,0,0,M25,0,0)';
      BIDIRECTIONAL='TRUE';
      INPUT_LOAD='(-0.01,0.01)';
      OUTPUT_LOAD='(1.0,-1.0)';
    'USB_VDDA_BIAS':
      PIN_NUMBER='(0,0,0,0,0,0,0,M22,0,0)';
      BIDIRECTIONAL='TRUE';
      INPUT_LOAD='(-0.01,0.01)';
      OUTPUT_LOAD='(1.0,-1.0)';
    'USB_VSSA':
      PIN_NUMBER='(0,0,0,0,0,0,0,N22,0,0)';
      BIDIRECTIONAL='TRUE';
      INPUT_LOAD='(-0.01,0.01)';
      OUTPUT_LOAD='(1.0,-1.0)';
    'USB_VDDA':
      PIN_NUMBER='(0,0,0,0,0,0,0,P22,0,0)';
      BIDIRECTIONAL='TRUE';
      INPUT_LOAD='(-0.01,0.01)';
      OUTPUT_LOAD='(1.0,-1.0)';
    'USBDR_DRIVE_VBUS/GTM1_TIN1/GTM2_TIN2/LSRCID0':
      PIN_NUMBER='(0,0,0,0,0,0,0,AD23,0,0)';
      BIDIRECTIONAL='TRUE';
      INPUT_LOAD='(-0.01,0.01)';
      OUTPUT_LOAD='(1.0,-1.0)';
    'USBDR_PCTL0/GTM1_TOUT1#/LSRCID2':
      PIN_NUMBER='(0,0,0,0,0,0,0,AC22,0,0)';
      OUTPUT_LOAD='(1.0,-1.0)';
    'USBDR_PCTL1/LBC_PM_REF_10/LSRCID3':
      PIN_NUMBER='(0,0,0,0,0,0,0,AB21,0,0)';
      OUTPUT_LOAD='(1.0,-1.0)';
    'SPIMOSI/GTM1_TIN3/GTM2_TIN4/GPIO28/LSRCID4':
      PIN_NUMBER='(0,0,0,0,0,0,0,H1,0,0)';
      BIDIRECTIONAL='TRUE';
      INPUT_LOAD='(-0.01,0.01)';
      OUTPUT_LOAD='(1.0,-1.0)';
    'SPICLK/GTM1_TOUT3#/GPIO30':
      PIN_NUMBER='(0,0,0,0,0,0,0,G1,0,0)';
      BIDIRECTIONAL='TRUE';
      INPUT_LOAD='(-0.01,0.01)';
      OUTPUT_LOAD='(1.0,-1.0)';
    'SPISEL/GPIO31':
      PIN_NUMBER='(0,0,0,0,0,0,0,G3,0,0)';
      BIDIRECTIONAL='TRUE';
      INPUT_LOAD='(-0.01,0.01)';
      OUTPUT_LOAD='(1.0,-1.0)';
    'USBDR_PWRFAULT/GTM1_TGATE1#/GTM2_TGATE2#/LSRCID1':
      PIN_NUMBER='(0,0,0,0,0,0,0,AE23,0,0)';
      BIDIRECTIONAL='TRUE';
      INPUT_LOAD='(-0.01,0.01)';
      OUTPUT_LOAD='(1.0,-1.0)';
    'SPIMISO/GTM1_TGATE3#/GTM2_TGATE4#/GPIO29/LDVAL':
      PIN_NUMBER='(0,0,0,0,0,0,0,H3,0,0)';
      BIDIRECTIONAL='TRUE';
      INPUT_LOAD='(-0.01,0.01)';
      OUTPUT_LOAD='(1.0,-1.0)';
    'AVDD1':
      PIN_NUMBER='(0,0,0,0,0,0,0,0,F14,0)';
      PINUSE='POWER';
      NO_LOAD_CHECK='Both';
      NO_IO_CHECK='Both';
      NO_ASSERT_CHECK='TRUE';
      NO_DIR_CHECK='TRUE';
      ALLOW_CONNECT='TRUE';
    'AVDD2':
      PIN_NUMBER='(0,0,0,0,0,0,0,0,P21,0)';
      PINUSE='POWER';
      NO_LOAD_CHECK='Both';
      NO_IO_CHECK='Both';
      NO_ASSERT_CHECK='TRUE';
      NO_DIR_CHECK='TRUE';
      ALLOW_CONNECT='TRUE';
    'GVDD_1':
      PIN_NUMBER='(0,0,0,0,0,0,0,0,A2,0)';
      PINUSE='POWER';
      NO_LOAD_CHECK='Both';
      NO_IO_CHECK='Both';
      NO_ASSERT_CHECK='TRUE';
      NO_DIR_CHECK='TRUE';
      ALLOW_CONNECT='TRUE';
    'GVDD_2':
      PIN_NUMBER='(0,0,0,0,0,0,0,0,A3,0)';
      PINUSE='POWER';
      NO_LOAD_CHECK='Both';
      NO_IO_CHECK='Both';
      NO_ASSERT_CHECK='TRUE';
      NO_DIR_CHECK='TRUE';
      ALLOW_CONNECT='TRUE';
    'GVDD_3':
      PIN_NUMBER='(0,0,0,0,0,0,0,0,A4,0)';
      PINUSE='POWER';
      NO_LOAD_CHECK='Both';
      NO_IO_CHECK='Both';
      NO_ASSERT_CHECK='TRUE';
      NO_DIR_CHECK='TRUE';
      ALLOW_CONNECT='TRUE';
    'GVDD_4':
      PIN_NUMBER='(0,0,0,0,0,0,0,0,A24,0)';
      PINUSE='POWER';
      NO_LOAD_CHECK='Both';
      NO_IO_CHECK='Both';
      NO_ASSERT_CHECK='TRUE';
      NO_DIR_CHECK='TRUE';
      ALLOW_CONNECT='TRUE';
    'GVDD_5':
      PIN_NUMBER='(0,0,0,0,0,0,0,0,A25,0)';
      PINUSE='POWER';
      NO_LOAD_CHECK='Both';
      NO_IO_CHECK='Both';
      NO_ASSERT_CHECK='TRUE';
      NO_DIR_CHECK='TRUE';
      ALLOW_CONNECT='TRUE';
    'GVDD_6':
      PIN_NUMBER='(0,0,0,0,0,0,0,0,B3,0)';
      PINUSE='POWER';
      NO_LOAD_CHECK='Both';
      NO_IO_CHECK='Both';
      NO_ASSERT_CHECK='TRUE';
      NO_DIR_CHECK='TRUE';
      ALLOW_CONNECT='TRUE';
    'GVDD_7':
      PIN_NUMBER='(0,0,0,0,0,0,0,0,B4,0)';
      PINUSE='POWER';
      NO_LOAD_CHECK='Both';
      NO_IO_CHECK='Both';
      NO_ASSERT_CHECK='TRUE';
      NO_DIR_CHECK='TRUE';
      ALLOW_CONNECT='TRUE';
    'GVDD_8':
      PIN_NUMBER='(0,0,0,0,0,0,0,0,B5,0)';
      PINUSE='POWER';
      NO_LOAD_CHECK='Both';
      NO_IO_CHECK='Both';
      NO_ASSERT_CHECK='TRUE';
      NO_DIR_CHECK='TRUE';
      ALLOW_CONNECT='TRUE';
    'GVDD_9':
      PIN_NUMBER='(0,0,0,0,0,0,0,0,B12,0)';
      PINUSE='POWER';
      NO_LOAD_CHECK='Both';
      NO_IO_CHECK='Both';
      NO_ASSERT_CHECK='TRUE';
      NO_DIR_CHECK='TRUE';
      ALLOW_CONNECT='TRUE';
    'GVDD_10':
      PIN_NUMBER='(0,0,0,0,0,0,0,0,B13,0)';
      PINUSE='POWER';
      NO_LOAD_CHECK='Both';
      NO_IO_CHECK='Both';
      NO_ASSERT_CHECK='TRUE';
      NO_DIR_CHECK='TRUE';
      ALLOW_CONNECT='TRUE';
    'GVDD_11':
      PIN_NUMBER='(0,0,0,0,0,0,0,0,B20,0)';
      PINUSE='POWER';
      NO_LOAD_CHECK='Both';
      NO_IO_CHECK='Both';
      NO_ASSERT_CHECK='TRUE';
      NO_DIR_CHECK='TRUE';
      ALLOW_CONNECT='TRUE';
    'GVDD_12':
      PIN_NUMBER='(0,0,0,0,0,0,0,0,B21,0)';
      PINUSE='POWER';
      NO_LOAD_CHECK='Both';
      NO_IO_CHECK='Both';
      NO_ASSERT_CHECK='TRUE';
      NO_DIR_CHECK='TRUE';
      ALLOW_CONNECT='TRUE';
    'GVDD_13':
      PIN_NUMBER='(0,0,0,0,0,0,0,0,B24,0)';
      PINUSE='POWER';
      NO_LOAD_CHECK='Both';
      NO_IO_CHECK='Both';
      NO_ASSERT_CHECK='TRUE';
      NO_DIR_CHECK='TRUE';
      ALLOW_CONNECT='TRUE';
    'GVDD_14':
      PIN_NUMBER='(0,0,0,0,0,0,0,0,B25,0)';
      PINUSE='POWER';
      NO_LOAD_CHECK='Both';
      NO_IO_CHECK='Both';
      NO_ASSERT_CHECK='TRUE';
      NO_DIR_CHECK='TRUE';
      ALLOW_CONNECT='TRUE';
    'GVDD_15':
      PIN_NUMBER='(0,0,0,0,0,0,0,0,B26,0)';
      PINUSE='POWER';
      NO_LOAD_CHECK='Both';
      NO_IO_CHECK='Both';
      NO_ASSERT_CHECK='TRUE';
      NO_DIR_CHECK='TRUE';
      ALLOW_CONNECT='TRUE';
    'GVDD_16':
      PIN_NUMBER='(0,0,0,0,0,0,0,0,D1,0)';
      PINUSE='POWER';
      NO_LOAD_CHECK='Both';
      NO_IO_CHECK='Both';
      NO_ASSERT_CHECK='TRUE';
      NO_DIR_CHECK='TRUE';
      ALLOW_CONNECT='TRUE';
    'GVDD_17':
      PIN_NUMBER='(0,0,0,0,0,0,0,0,D2,0)';
      PINUSE='POWER';
      NO_LOAD_CHECK='Both';
      NO_IO_CHECK='Both';
      NO_ASSERT_CHECK='TRUE';
      NO_DIR_CHECK='TRUE';
      ALLOW_CONNECT='TRUE';
    'GVDD_18':
      PIN_NUMBER='(0,0,0,0,0,0,0,0,D8,0)';
      PINUSE='POWER';
      NO_LOAD_CHECK='Both';
      NO_IO_CHECK='Both';
      NO_ASSERT_CHECK='TRUE';
      NO_DIR_CHECK='TRUE';
      ALLOW_CONNECT='TRUE';
    'GVDD_19':
      PIN_NUMBER='(0,0,0,0,0,0,0,0,D9,0)';
      PINUSE='POWER';
      NO_LOAD_CHECK='Both';
      NO_IO_CHECK='Both';
      NO_ASSERT_CHECK='TRUE';
      NO_DIR_CHECK='TRUE';
      ALLOW_CONNECT='TRUE';
    'GVDD_20':
      PIN_NUMBER='(0,0,0,0,0,0,0,0,D16,0)';
      PINUSE='POWER';
      NO_LOAD_CHECK='Both';
      NO_IO_CHECK='Both';
      NO_ASSERT_CHECK='TRUE';
      NO_DIR_CHECK='TRUE';
      ALLOW_CONNECT='TRUE';
    'GVDD_21':
      PIN_NUMBER='(0,0,0,0,0,0,0,0,D17,0)';
      PINUSE='POWER';
      NO_LOAD_CHECK='Both';
      NO_IO_CHECK='Both';
      NO_ASSERT_CHECK='TRUE';
      NO_DIR_CHECK='TRUE';
      ALLOW_CONNECT='TRUE';
    'LVDD_1':
      PIN_NUMBER='(0,0,0,0,0,0,0,0,D24,0)';
      PINUSE='POWER';
      NO_LOAD_CHECK='Both';
      NO_IO_CHECK='Both';
      NO_ASSERT_CHECK='TRUE';
      NO_DIR_CHECK='TRUE';
      ALLOW_CONNECT='TRUE';
    'LVDD_2':
      PIN_NUMBER='(0,0,0,0,0,0,0,0,D25,0)';
      PINUSE='POWER';
      NO_LOAD_CHECK='Both';
      NO_IO_CHECK='Both';
      NO_ASSERT_CHECK='TRUE';
      NO_DIR_CHECK='TRUE';
      ALLOW_CONNECT='TRUE';
    'LVDD_3':
      PIN_NUMBER='(0,0,0,0,0,0,0,0,G23,0)';
      PINUSE='POWER';
      NO_LOAD_CHECK='Both';
      NO_IO_CHECK='Both';
      NO_ASSERT_CHECK='TRUE';
      NO_DIR_CHECK='TRUE';
      ALLOW_CONNECT='TRUE';
    'LVDD_4':
      PIN_NUMBER='(0,0,0,0,0,0,0,0,H23,0)';
      PINUSE='POWER';
      NO_LOAD_CHECK='Both';
      NO_IO_CHECK='Both';
      NO_ASSERT_CHECK='TRUE';
      NO_DIR_CHECK='TRUE';
      ALLOW_CONNECT='TRUE';
    'LVDD_5':
      PIN_NUMBER='(0,0,0,0,0,0,0,0,R23,0)';
      PINUSE='POWER';
      NO_LOAD_CHECK='Both';
      NO_IO_CHECK='Both';
      NO_ASSERT_CHECK='TRUE';
      NO_DIR_CHECK='TRUE';
      ALLOW_CONNECT='TRUE';
    'LVDD_6':
      PIN_NUMBER='(0,0,0,0,0,0,0,0,T23,0)';
      PINUSE='POWER';
      NO_LOAD_CHECK='Both';
      NO_IO_CHECK='Both';
      NO_ASSERT_CHECK='TRUE';
      NO_DIR_CHECK='TRUE';
      ALLOW_CONNECT='TRUE';
    'LVDD_7':
      PIN_NUMBER='(0,0,0,0,0,0,0,0,W25,0)';
      PINUSE='POWER';
      NO_LOAD_CHECK='Both';
      NO_IO_CHECK='Both';
      NO_ASSERT_CHECK='TRUE';
      NO_DIR_CHECK='TRUE';
      ALLOW_CONNECT='TRUE';
    'LVDD_8':
      PIN_NUMBER='(0,0,0,0,0,0,0,0,Y25,0)';
      PINUSE='POWER';
      NO_LOAD_CHECK='Both';
      NO_IO_CHECK='Both';
      NO_ASSERT_CHECK='TRUE';
      NO_DIR_CHECK='TRUE';
      ALLOW_CONNECT='TRUE';
    'LVDD_9':
      PIN_NUMBER='(0,0,0,0,0,0,0,0,AA22,0)';
      PINUSE='POWER';
      NO_LOAD_CHECK='Both';
      NO_IO_CHECK='Both';
      NO_ASSERT_CHECK='TRUE';
      NO_DIR_CHECK='TRUE';
      ALLOW_CONNECT='TRUE';
    'LVDD_10':
      PIN_NUMBER='(0,0,0,0,0,0,0,0,AC23,0)';
      PINUSE='POWER';
      NO_LOAD_CHECK='Both';
      NO_IO_CHECK='Both';
      NO_ASSERT_CHECK='TRUE';
      NO_DIR_CHECK='TRUE';
      ALLOW_CONNECT='TRUE';
    'LVDDA_1':
      PIN_NUMBER='(0,0,0,0,0,0,0,0,W2,0)';
      PINUSE='POWER';
      NO_LOAD_CHECK='Both';
      NO_IO_CHECK='Both';
      NO_ASSERT_CHECK='TRUE';
      NO_DIR_CHECK='TRUE';
      ALLOW_CONNECT='TRUE';
    'LVDDA_2':
      PIN_NUMBER='(0,0,0,0,0,0,0,0,Y2,0)';
      PINUSE='POWER';
      NO_LOAD_CHECK='Both';
      NO_IO_CHECK='Both';
      NO_ASSERT_CHECK='TRUE';
      NO_DIR_CHECK='TRUE';
      ALLOW_CONNECT='TRUE';
    'LVDDB_1':
      PIN_NUMBER='(0,0,0,0,0,0,0,0,AC8,0)';
      PINUSE='POWER';
      NO_LOAD_CHECK='Both';
      NO_IO_CHECK='Both';
      NO_ASSERT_CHECK='TRUE';
      NO_DIR_CHECK='TRUE';
      ALLOW_CONNECT='TRUE';
    'LVDDB_2':
      PIN_NUMBER='(0,0,0,0,0,0,0,0,AC9,0)';
      PINUSE='POWER';
      NO_LOAD_CHECK='Both';
      NO_IO_CHECK='Both';
      NO_ASSERT_CHECK='TRUE';
      NO_DIR_CHECK='TRUE';
      ALLOW_CONNECT='TRUE';
    'LVDDB_3':
      PIN_NUMBER='(0,0,0,0,0,0,0,0,AE4,0)';
      PINUSE='POWER';
      NO_LOAD_CHECK='Both';
      NO_IO_CHECK='Both';
      NO_ASSERT_CHECK='TRUE';
      NO_DIR_CHECK='TRUE';
      ALLOW_CONNECT='TRUE';
    'LVDDB_4':
      PIN_NUMBER='(0,0,0,0,0,0,0,0,AE5,0)';
      PINUSE='POWER';
      NO_LOAD_CHECK='Both';
      NO_IO_CHECK='Both';
      NO_ASSERT_CHECK='TRUE';
      NO_DIR_CHECK='TRUE';
      ALLOW_CONNECT='TRUE';
    'MVREF_1':
      PIN_NUMBER='(0,0,0,0,0,0,0,0,C14,0)';
      PINUSE='POWER';
      NO_LOAD_CHECK='Both';
      NO_IO_CHECK='Both';
      NO_ASSERT_CHECK='TRUE';
      NO_DIR_CHECK='TRUE';
      ALLOW_CONNECT='TRUE';
    'MVREF_2':
      PIN_NUMBER='(0,0,0,0,0,0,0,0,D14,0)';
      PINUSE='POWER';
      NO_LOAD_CHECK='Both';
      NO_IO_CHECK='Both';
      NO_ASSERT_CHECK='TRUE';
      NO_DIR_CHECK='TRUE';
      ALLOW_CONNECT='TRUE';
    'NVDD_1':
      PIN_NUMBER='(0,0,0,0,0,0,0,0,G4,0)';
      PINUSE='POWER';
      NO_LOAD_CHECK='Both';
      NO_IO_CHECK='Both';
      NO_ASSERT_CHECK='TRUE';
      NO_DIR_CHECK='TRUE';
      ALLOW_CONNECT='TRUE';
    'NVDD_2':
      PIN_NUMBER='(0,0,0,0,0,0,0,0,H4,0)';
      PINUSE='POWER';
      NO_LOAD_CHECK='Both';
      NO_IO_CHECK='Both';
      NO_ASSERT_CHECK='TRUE';
      NO_DIR_CHECK='TRUE';
      ALLOW_CONNECT='TRUE';
    'NVDD_3':
      PIN_NUMBER='(0,0,0,0,0,0,0,0,L2,0)';
      PINUSE='POWER';
      NO_LOAD_CHECK='Both';
      NO_IO_CHECK='Both';
      NO_ASSERT_CHECK='TRUE';
      NO_DIR_CHECK='TRUE';
      ALLOW_CONNECT='TRUE';
    'NVDD_4':
      PIN_NUMBER='(0,0,0,0,0,0,0,0,M2,0)';
      PINUSE='POWER';
      NO_LOAD_CHECK='Both';
      NO_IO_CHECK='Both';
      NO_ASSERT_CHECK='TRUE';
      NO_DIR_CHECK='TRUE';
      ALLOW_CONNECT='TRUE';
    'NVDD_5':
      PIN_NUMBER='(0,0,0,0,0,0,0,0,AC16,0)';
      PINUSE='POWER';
      NO_LOAD_CHECK='Both';
      NO_IO_CHECK='Both';
      NO_ASSERT_CHECK='TRUE';
      NO_DIR_CHECK='TRUE';
      ALLOW_CONNECT='TRUE';
    'NVDD_6':
      PIN_NUMBER='(0,0,0,0,0,0,0,0,AC17,0)';
      PINUSE='POWER';
      NO_LOAD_CHECK='Both';
      NO_IO_CHECK='Both';
      NO_ASSERT_CHECK='TRUE';
      NO_DIR_CHECK='TRUE';
      ALLOW_CONNECT='TRUE';
    'NVDD_7':
      PIN_NUMBER='(0,0,0,0,0,0,0,0,AD25,0)';
      PINUSE='POWER';
      NO_LOAD_CHECK='Both';
      NO_IO_CHECK='Both';
      NO_ASSERT_CHECK='TRUE';
      NO_DIR_CHECK='TRUE';
      ALLOW_CONNECT='TRUE';
    'NVDD_8':
      PIN_NUMBER='(0,0,0,0,0,0,0,0,AD26,0)';
      PINUSE='POWER';
      NO_LOAD_CHECK='Both';
      NO_IO_CHECK='Both';
      NO_ASSERT_CHECK='TRUE';
      NO_DIR_CHECK='TRUE';
      ALLOW_CONNECT='TRUE';
    'NVDD_9':
      PIN_NUMBER='(0,0,0,0,0,0,0,0,AE12,0)';
      PINUSE='POWER';
      NO_LOAD_CHECK='Both';
      NO_IO_CHECK='Both';
      NO_ASSERT_CHECK='TRUE';
      NO_DIR_CHECK='TRUE';
      ALLOW_CONNECT='TRUE';
    'NVDD_10':
      PIN_NUMBER='(0,0,0,0,0,0,0,0,AE13,0)';
      PINUSE='POWER';
      NO_LOAD_CHECK='Both';
      NO_IO_CHECK='Both';
      NO_ASSERT_CHECK='TRUE';
      NO_DIR_CHECK='TRUE';
      ALLOW_CONNECT='TRUE';
    'NVDD_11':
      PIN_NUMBER='(0,0,0,0,0,0,0,0,AE20,0)';
      PINUSE='POWER';
      NO_LOAD_CHECK='Both';
      NO_IO_CHECK='Both';
      NO_ASSERT_CHECK='TRUE';
      NO_DIR_CHECK='TRUE';
      ALLOW_CONNECT='TRUE';
    'NVDD_12':
      PIN_NUMBER='(0,0,0,0,0,0,0,0,AE21,0)';
      PINUSE='POWER';
      NO_LOAD_CHECK='Both';
      NO_IO_CHECK='Both';
      NO_ASSERT_CHECK='TRUE';
      NO_DIR_CHECK='TRUE';
      ALLOW_CONNECT='TRUE';
    'NVDD_13':
      PIN_NUMBER='(0,0,0,0,0,0,0,0,AE24,0)';
      PINUSE='POWER';
      NO_LOAD_CHECK='Both';
      NO_IO_CHECK='Both';
      NO_ASSERT_CHECK='TRUE';
      NO_DIR_CHECK='TRUE';
      ALLOW_CONNECT='TRUE';
    'NVDD_14':
      PIN_NUMBER='(0,0,0,0,0,0,0,0,AE25,0)';
      PINUSE='POWER';
      NO_LOAD_CHECK='Both';
      NO_IO_CHECK='Both';
      NO_ASSERT_CHECK='TRUE';
      NO_DIR_CHECK='TRUE';
      ALLOW_CONNECT='TRUE';
    'NVDD_15':
      PIN_NUMBER='(0,0,0,0,0,0,0,0,AE26,0)';
      PINUSE='POWER';
      NO_LOAD_CHECK='Both';
      NO_IO_CHECK='Both';
      NO_ASSERT_CHECK='TRUE';
      NO_DIR_CHECK='TRUE';
      ALLOW_CONNECT='TRUE';
    'NVDD_16':
      PIN_NUMBER='(0,0,0,0,0,0,0,0,AF24,0)';
      PINUSE='POWER';
      NO_LOAD_CHECK='Both';
      NO_IO_CHECK='Both';
      NO_ASSERT_CHECK='TRUE';
      NO_DIR_CHECK='TRUE';
      ALLOW_CONNECT='TRUE';
    'NVDD_17':
      PIN_NUMBER='(0,0,0,0,0,0,0,0,AF25,0)';
      PINUSE='POWER';
      NO_LOAD_CHECK='Both';
      NO_IO_CHECK='Both';
      NO_ASSERT_CHECK='TRUE';
      NO_DIR_CHECK='TRUE';
      ALLOW_CONNECT='TRUE';
    'VDD_1':
      PIN_NUMBER='(0,0,0,0,0,0,0,0,K11,0)';
      PINUSE='POWER';
      NO_LOAD_CHECK='Both';
      NO_IO_CHECK='Both';
      NO_ASSERT_CHECK='TRUE';
      NO_DIR_CHECK='TRUE';
      ALLOW_CONNECT='TRUE';
    'VDD_2':
      PIN_NUMBER='(0,0,0,0,0,0,0,0,K12,0)';
      PINUSE='POWER';
      NO_LOAD_CHECK='Both';
      NO_IO_CHECK='Both';
      NO_ASSERT_CHECK='TRUE';
      NO_DIR_CHECK='TRUE';
      ALLOW_CONNECT='TRUE';
    'VDD_3':
      PIN_NUMBER='(0,0,0,0,0,0,0,0,K13,0)';
      PINUSE='POWER';
      NO_LOAD_CHECK='Both';
      NO_IO_CHECK='Both';
      NO_ASSERT_CHECK='TRUE';
      NO_DIR_CHECK='TRUE';
      ALLOW_CONNECT='TRUE';
    'VDD_4':
      PIN_NUMBER='(0,0,0,0,0,0,0,0,K14,0)';
      PINUSE='POWER';
      NO_LOAD_CHECK='Both';
      NO_IO_CHECK='Both';
      NO_ASSERT_CHECK='TRUE';
      NO_DIR_CHECK='TRUE';
      ALLOW_CONNECT='TRUE';
    'VDD_5':
      PIN_NUMBER='(0,0,0,0,0,0,0,0,K15,0)';
      PINUSE='POWER';
      NO_LOAD_CHECK='Both';
      NO_IO_CHECK='Both';
      NO_ASSERT_CHECK='TRUE';
      NO_DIR_CHECK='TRUE';
      ALLOW_CONNECT='TRUE';
    'VDD_6':
      PIN_NUMBER='(0,0,0,0,0,0,0,0,K16,0)';
      PINUSE='POWER';
      NO_LOAD_CHECK='Both';
      NO_IO_CHECK='Both';
      NO_ASSERT_CHECK='TRUE';
      NO_DIR_CHECK='TRUE';
      ALLOW_CONNECT='TRUE';
    'VDD_7':
      PIN_NUMBER='(0,0,0,0,0,0,0,0,L10,0)';
      PINUSE='POWER';
      NO_LOAD_CHECK='Both';
      NO_IO_CHECK='Both';
      NO_ASSERT_CHECK='TRUE';
      NO_DIR_CHECK='TRUE';
      ALLOW_CONNECT='TRUE';
    'VDD_8':
      PIN_NUMBER='(0,0,0,0,0,0,0,0,L17,0)';
      PINUSE='POWER';
      NO_LOAD_CHECK='Both';
      NO_IO_CHECK='Both';
      NO_ASSERT_CHECK='TRUE';
      NO_DIR_CHECK='TRUE';
      ALLOW_CONNECT='TRUE';
    'VDD_9':
      PIN_NUMBER='(0,0,0,0,0,0,0,0,M10,0)';
      PINUSE='POWER';
      NO_LOAD_CHECK='Both';
      NO_IO_CHECK='Both';
      NO_ASSERT_CHECK='TRUE';
      NO_DIR_CHECK='TRUE';
      ALLOW_CONNECT='TRUE';
    'VDD_10':
      PIN_NUMBER='(0,0,0,0,0,0,0,0,M17,0)';
      PINUSE='POWER';
      NO_LOAD_CHECK='Both';
      NO_IO_CHECK='Both';
      NO_ASSERT_CHECK='TRUE';
      NO_DIR_CHECK='TRUE';
      ALLOW_CONNECT='TRUE';
    'VDD_11':
      PIN_NUMBER='(0,0,0,0,0,0,0,0,N10,0)';
      PINUSE='POWER';
      NO_LOAD_CHECK='Both';
      NO_IO_CHECK='Both';
      NO_ASSERT_CHECK='TRUE';
      NO_DIR_CHECK='TRUE';
      ALLOW_CONNECT='TRUE';
    'VDD_12':
      PIN_NUMBER='(0,0,0,0,0,0,0,0,N17,0)';
      PINUSE='POWER';
      NO_LOAD_CHECK='Both';
      NO_IO_CHECK='Both';
      NO_ASSERT_CHECK='TRUE';
      NO_DIR_CHECK='TRUE';
      ALLOW_CONNECT='TRUE';
    'VDD_13':
      PIN_NUMBER='(0,0,0,0,0,0,0,0,U12,0)';
      PINUSE='POWER';
      NO_LOAD_CHECK='Both';
      NO_IO_CHECK='Both';
      NO_ASSERT_CHECK='TRUE';
      NO_DIR_CHECK='TRUE';
      ALLOW_CONNECT='TRUE';
    'VDD_14':
      PIN_NUMBER='(0,0,0,0,0,0,0,0,U13,0)';
      PINUSE='POWER';
      NO_LOAD_CHECK='Both';
      NO_IO_CHECK='Both';
      NO_ASSERT_CHECK='TRUE';
      NO_DIR_CHECK='TRUE';
      ALLOW_CONNECT='TRUE';
    'VDDC_1':
      PIN_NUMBER='(0,0,0,0,0,0,0,0,F6,0)';
      PINUSE='POWER';
      NO_LOAD_CHECK='Both';
      NO_IO_CHECK='Both';
      NO_ASSERT_CHECK='TRUE';
      NO_DIR_CHECK='TRUE';
      ALLOW_CONNECT='TRUE';
    'VDDC_2':
      PIN_NUMBER='(0,0,0,0,0,0,0,0,F10,0)';
      PINUSE='POWER';
      NO_LOAD_CHECK='Both';
      NO_IO_CHECK='Both';
      NO_ASSERT_CHECK='TRUE';
      NO_DIR_CHECK='TRUE';
      ALLOW_CONNECT='TRUE';
    'VDDC_3':
      PIN_NUMBER='(0,0,0,0,0,0,0,0,F19,0)';
      PINUSE='POWER';
      NO_LOAD_CHECK='Both';
      NO_IO_CHECK='Both';
      NO_ASSERT_CHECK='TRUE';
      NO_DIR_CHECK='TRUE';
      ALLOW_CONNECT='TRUE';
    'VDDC_4':
      PIN_NUMBER='(0,0,0,0,0,0,0,0,K6,0)';
      PINUSE='POWER';
      NO_LOAD_CHECK='Both';
      NO_IO_CHECK='Both';
      NO_ASSERT_CHECK='TRUE';
      NO_DIR_CHECK='TRUE';
      ALLOW_CONNECT='TRUE';
    'VDDC_5':
      PIN_NUMBER='(0,0,0,0,0,0,0,0,K10,0)';
      PINUSE='POWER';
      NO_LOAD_CHECK='Both';
      NO_IO_CHECK='Both';
      NO_ASSERT_CHECK='TRUE';
      NO_DIR_CHECK='TRUE';
      ALLOW_CONNECT='TRUE';
    'VDDC_6':
      PIN_NUMBER='(0,0,0,0,0,0,0,0,K17,0)';
      PINUSE='POWER';
      NO_LOAD_CHECK='Both';
      NO_IO_CHECK='Both';
      NO_ASSERT_CHECK='TRUE';
      NO_DIR_CHECK='TRUE';
      ALLOW_CONNECT='TRUE';
    'VDDC_7':
      PIN_NUMBER='(0,0,0,0,0,0,0,0,K21,0)';
      PINUSE='POWER';
      NO_LOAD_CHECK='Both';
      NO_IO_CHECK='Both';
      NO_ASSERT_CHECK='TRUE';
      NO_DIR_CHECK='TRUE';
      ALLOW_CONNECT='TRUE';
    'VDDC_8':
      PIN_NUMBER='(0,0,0,0,0,0,0,0,P6,0)';
      PINUSE='POWER';
      NO_LOAD_CHECK='Both';
      NO_IO_CHECK='Both';
      NO_ASSERT_CHECK='TRUE';
      NO_DIR_CHECK='TRUE';
      ALLOW_CONNECT='TRUE';
    'VDDC_9':
      PIN_NUMBER='(0,0,0,0,0,0,0,0,P10,0)';
      PINUSE='POWER';
      NO_LOAD_CHECK='Both';
      NO_IO_CHECK='Both';
      NO_ASSERT_CHECK='TRUE';
      NO_DIR_CHECK='TRUE';
      ALLOW_CONNECT='TRUE';
    'VDDC_10':
      PIN_NUMBER='(0,0,0,0,0,0,0,0,P17,0)';
      PINUSE='POWER';
      NO_LOAD_CHECK='Both';
      NO_IO_CHECK='Both';
      NO_ASSERT_CHECK='TRUE';
      NO_DIR_CHECK='TRUE';
      ALLOW_CONNECT='TRUE';
    'VDDC_11':
      PIN_NUMBER='(0,0,0,0,0,0,0,0,R10,0)';
      PINUSE='POWER';
      NO_LOAD_CHECK='Both';
      NO_IO_CHECK='Both';
      NO_ASSERT_CHECK='TRUE';
      NO_DIR_CHECK='TRUE';
      ALLOW_CONNECT='TRUE';
    'VDDC_12':
      PIN_NUMBER='(0,0,0,0,0,0,0,0,R17,0)';
      PINUSE='POWER';
      NO_LOAD_CHECK='Both';
      NO_IO_CHECK='Both';
      NO_ASSERT_CHECK='TRUE';
      NO_DIR_CHECK='TRUE';
      ALLOW_CONNECT='TRUE';
    'VDDC_13':
      PIN_NUMBER='(0,0,0,0,0,0,0,0,T10,0)';
      PINUSE='POWER';
      NO_LOAD_CHECK='Both';
      NO_IO_CHECK='Both';
      NO_ASSERT_CHECK='TRUE';
      NO_DIR_CHECK='TRUE';
      ALLOW_CONNECT='TRUE';
    'VDDC_14':
      PIN_NUMBER='(0,0,0,0,0,0,0,0,T17,0)';
      PINUSE='POWER';
      NO_LOAD_CHECK='Both';
      NO_IO_CHECK='Both';
      NO_ASSERT_CHECK='TRUE';
      NO_DIR_CHECK='TRUE';
      ALLOW_CONNECT='TRUE';
    'VDDC_15':
      PIN_NUMBER='(0,0,0,0,0,0,0,0,U10,0)';
      PINUSE='POWER';
      NO_LOAD_CHECK='Both';
      NO_IO_CHECK='Both';
      NO_ASSERT_CHECK='TRUE';
      NO_DIR_CHECK='TRUE';
      ALLOW_CONNECT='TRUE';
    'VDDC_16':
      PIN_NUMBER='(0,0,0,0,0,0,0,0,U11,0)';
      PINUSE='POWER';
      NO_LOAD_CHECK='Both';
      NO_IO_CHECK='Both';
      NO_ASSERT_CHECK='TRUE';
      NO_DIR_CHECK='TRUE';
      ALLOW_CONNECT='TRUE';
    'VDDC_17':
      PIN_NUMBER='(0,0,0,0,0,0,0,0,U14,0)';
      PINUSE='POWER';
      NO_LOAD_CHECK='Both';
      NO_IO_CHECK='Both';
      NO_ASSERT_CHECK='TRUE';
      NO_DIR_CHECK='TRUE';
      ALLOW_CONNECT='TRUE';
    'VDDC_18':
      PIN_NUMBER='(0,0,0,0,0,0,0,0,U15,0)';
      PINUSE='POWER';
      NO_LOAD_CHECK='Both';
      NO_IO_CHECK='Both';
      NO_ASSERT_CHECK='TRUE';
      NO_DIR_CHECK='TRUE';
      ALLOW_CONNECT='TRUE';
    'VDDC_19':
      PIN_NUMBER='(0,0,0,0,0,0,0,0,U16,0)';
      PINUSE='POWER';
      NO_LOAD_CHECK='Both';
      NO_IO_CHECK='Both';
      NO_ASSERT_CHECK='TRUE';
      NO_DIR_CHECK='TRUE';
      ALLOW_CONNECT='TRUE';
    'VDDC_20':
      PIN_NUMBER='(0,0,0,0,0,0,0,0,U17,0)';
      PINUSE='POWER';
      NO_LOAD_CHECK='Both';
      NO_IO_CHECK='Both';
      NO_ASSERT_CHECK='TRUE';
      NO_DIR_CHECK='TRUE';
      ALLOW_CONNECT='TRUE';
    'VDDC_21':
      PIN_NUMBER='(0,0,0,0,0,0,0,0,W6,0)';
      PINUSE='POWER';
      NO_LOAD_CHECK='Both';
      NO_IO_CHECK='Both';
      NO_ASSERT_CHECK='TRUE';
      NO_DIR_CHECK='TRUE';
      ALLOW_CONNECT='TRUE';
    'VDDC_22':
      PIN_NUMBER='(0,0,0,0,0,0,0,0,W21,0)';
      PINUSE='POWER';
      NO_LOAD_CHECK='Both';
      NO_IO_CHECK='Both';
      NO_ASSERT_CHECK='TRUE';
      NO_DIR_CHECK='TRUE';
      ALLOW_CONNECT='TRUE';
    'VDDC_23':
      PIN_NUMBER='(0,0,0,0,0,0,0,0,AA6,0)';
      PINUSE='POWER';
      NO_LOAD_CHECK='Both';
      NO_IO_CHECK='Both';
      NO_ASSERT_CHECK='TRUE';
      NO_DIR_CHECK='TRUE';
      ALLOW_CONNECT='TRUE';
    'VDDC_24':
      PIN_NUMBER='(0,0,0,0,0,0,0,0,AA10,0)';
      PINUSE='POWER';
      NO_LOAD_CHECK='Both';
      NO_IO_CHECK='Both';
      NO_ASSERT_CHECK='TRUE';
      NO_DIR_CHECK='TRUE';
      ALLOW_CONNECT='TRUE';
    'VDDC_25':
      PIN_NUMBER='(0,0,0,0,0,0,0,0,AA14,0)';
      PINUSE='POWER';
      NO_LOAD_CHECK='Both';
      NO_IO_CHECK='Both';
      NO_ASSERT_CHECK='TRUE';
      NO_DIR_CHECK='TRUE';
      ALLOW_CONNECT='TRUE';
    'VDDC_26':
      PIN_NUMBER='(0,0,0,0,0,0,0,0,AA19,0)';
      PINUSE='POWER';
      NO_LOAD_CHECK='Both';
      NO_IO_CHECK='Both';
      NO_ASSERT_CHECK='TRUE';
      NO_DIR_CHECK='TRUE';
      ALLOW_CONNECT='TRUE';
    'XCOREVDD_1':
      PIN_NUMBER='(0,0,0,0,0,0,0,0,T1,0)';
      PINUSE='POWER';
      NO_LOAD_CHECK='Both';
      NO_IO_CHECK='Both';
      NO_ASSERT_CHECK='TRUE';
      NO_DIR_CHECK='TRUE';
      ALLOW_CONNECT='TRUE';
    'XCOREVDD_2':
      PIN_NUMBER='(0,0,0,0,0,0,0,0,U2,0)';
      PINUSE='POWER';
      NO_LOAD_CHECK='Both';
      NO_IO_CHECK='Both';
      NO_ASSERT_CHECK='TRUE';
      NO_DIR_CHECK='TRUE';
      ALLOW_CONNECT='TRUE';
    'XCOREVDD_3':
      PIN_NUMBER='(0,0,0,0,0,0,0,0,V2,0)';
      PINUSE='POWER';
      NO_LOAD_CHECK='Both';
      NO_IO_CHECK='Both';
      NO_ASSERT_CHECK='TRUE';
      NO_DIR_CHECK='TRUE';
      ALLOW_CONNECT='TRUE';
    'XPADVDD_1':
      PIN_NUMBER='(0,0,0,0,0,0,0,0,P5,0)';
      PINUSE='POWER';
      NO_LOAD_CHECK='Both';
      NO_IO_CHECK='Both';
      NO_ASSERT_CHECK='TRUE';
      NO_DIR_CHECK='TRUE';
      ALLOW_CONNECT='TRUE';
    'XPADVDD_2':
      PIN_NUMBER='(0,0,0,0,0,0,0,0,U4,0)';
      PINUSE='POWER';
      NO_LOAD_CHECK='Both';
      NO_IO_CHECK='Both';
      NO_ASSERT_CHECK='TRUE';
      NO_DIR_CHECK='TRUE';
      ALLOW_CONNECT='TRUE';
    'VSS_1':
      PIN_NUMBER='(0,0,0,0,0,0,0,0,0,B1)';
      PINUSE='GROUND';
      NO_LOAD_CHECK='Both';
      NO_IO_CHECK='Both';
      NO_ASSERT_CHECK='TRUE';
      NO_DIR_CHECK='TRUE';
      ALLOW_CONNECT='TRUE';
    'VSS_2':
      PIN_NUMBER='(0,0,0,0,0,0,0,0,0,B2)';
      PINUSE='GROUND';
      NO_LOAD_CHECK='Both';
      NO_IO_CHECK='Both';
      NO_ASSERT_CHECK='TRUE';
      NO_DIR_CHECK='TRUE';
      ALLOW_CONNECT='TRUE';
    'VSS_3':
      PIN_NUMBER='(0,0,0,0,0,0,0,0,0,B8)';
      PINUSE='GROUND';
      NO_LOAD_CHECK='Both';
      NO_IO_CHECK='Both';
      NO_ASSERT_CHECK='TRUE';
      NO_DIR_CHECK='TRUE';
      ALLOW_CONNECT='TRUE';
    'VSS_4':
      PIN_NUMBER='(0,0,0,0,0,0,0,0,0,B9)';
      PINUSE='GROUND';
      NO_LOAD_CHECK='Both';
      NO_IO_CHECK='Both';
      NO_ASSERT_CHECK='TRUE';
      NO_DIR_CHECK='TRUE';
      ALLOW_CONNECT='TRUE';
    'VSS_5':
      PIN_NUMBER='(0,0,0,0,0,0,0,0,0,B16)';
      PINUSE='GROUND';
      NO_LOAD_CHECK='Both';
      NO_IO_CHECK='Both';
      NO_ASSERT_CHECK='TRUE';
      NO_DIR_CHECK='TRUE';
      ALLOW_CONNECT='TRUE';
    'VSS_6':
      PIN_NUMBER='(0,0,0,0,0,0,0,0,0,B17)';
      PINUSE='GROUND';
      NO_LOAD_CHECK='Both';
      NO_IO_CHECK='Both';
      NO_ASSERT_CHECK='TRUE';
      NO_DIR_CHECK='TRUE';
      ALLOW_CONNECT='TRUE';
    'VSS_7':
      PIN_NUMBER='(0,0,0,0,0,0,0,0,0,C1)';
      PINUSE='GROUND';
      NO_LOAD_CHECK='Both';
      NO_IO_CHECK='Both';
      NO_ASSERT_CHECK='TRUE';
      NO_DIR_CHECK='TRUE';
      ALLOW_CONNECT='TRUE';
    'VSS_8':
      PIN_NUMBER='(0,0,0,0,0,0,0,0,0,C2)';
      PINUSE='GROUND';
      NO_LOAD_CHECK='Both';
      NO_IO_CHECK='Both';
      NO_ASSERT_CHECK='TRUE';
      NO_DIR_CHECK='TRUE';
      ALLOW_CONNECT='TRUE';
    'VSS_9':
      PIN_NUMBER='(0,0,0,0,0,0,0,0,0,C3)';
      PINUSE='GROUND';
      NO_LOAD_CHECK='Both';
      NO_IO_CHECK='Both';
      NO_ASSERT_CHECK='TRUE';
      NO_DIR_CHECK='TRUE';
      ALLOW_CONNECT='TRUE';
    'VSS_10':
      PIN_NUMBER='(0,0,0,0,0,0,0,0,0,C4)';
      PINUSE='GROUND';
      NO_LOAD_CHECK='Both';
      NO_IO_CHECK='Both';
      NO_ASSERT_CHECK='TRUE';
      NO_DIR_CHECK='TRUE';
      ALLOW_CONNECT='TRUE';
    'VSS_11':
      PIN_NUMBER='(0,0,0,0,0,0,0,0,0,C5)';
      PINUSE='GROUND';
      NO_LOAD_CHECK='Both';
      NO_IO_CHECK='Both';
      NO_ASSERT_CHECK='TRUE';
      NO_DIR_CHECK='TRUE';
      ALLOW_CONNECT='TRUE';
    'VSS_12':
      PIN_NUMBER='(0,0,0,0,0,0,0,0,0,C24)';
      PINUSE='GROUND';
      NO_LOAD_CHECK='Both';
      NO_IO_CHECK='Both';
      NO_ASSERT_CHECK='TRUE';
      NO_DIR_CHECK='TRUE';
      ALLOW_CONNECT='TRUE';
    'VSS_13':
      PIN_NUMBER='(0,0,0,0,0,0,0,0,0,C25)';
      PINUSE='GROUND';
      NO_LOAD_CHECK='Both';
      NO_IO_CHECK='Both';
      NO_ASSERT_CHECK='TRUE';
      NO_DIR_CHECK='TRUE';
      ALLOW_CONNECT='TRUE';
    'VSS_14':
      PIN_NUMBER='(0,0,0,0,0,0,0,0,0,C26)';
      PINUSE='GROUND';
      NO_LOAD_CHECK='Both';
      NO_IO_CHECK='Both';
      NO_ASSERT_CHECK='TRUE';
      NO_DIR_CHECK='TRUE';
      ALLOW_CONNECT='TRUE';
    'VSS_15':
      PIN_NUMBER='(0,0,0,0,0,0,0,0,0,D3)';
      PINUSE='GROUND';
      NO_LOAD_CHECK='Both';
      NO_IO_CHECK='Both';
      NO_ASSERT_CHECK='TRUE';
      NO_DIR_CHECK='TRUE';
      ALLOW_CONNECT='TRUE';
    'VSS_16':
      PIN_NUMBER='(0,0,0,0,0,0,0,0,0,D4)';
      PINUSE='GROUND';
      NO_LOAD_CHECK='Both';
      NO_IO_CHECK='Both';
      NO_ASSERT_CHECK='TRUE';
      NO_DIR_CHECK='TRUE';
      ALLOW_CONNECT='TRUE';
    'VSS_17':
      PIN_NUMBER='(0,0,0,0,0,0,0,0,0,D12)';
      PINUSE='GROUND';
      NO_LOAD_CHECK='Both';
      NO_IO_CHECK='Both';
      NO_ASSERT_CHECK='TRUE';
      NO_DIR_CHECK='TRUE';
      ALLOW_CONNECT='TRUE';
    'VSS_18':
      PIN_NUMBER='(0,0,0,0,0,0,0,0,0,D13)';
      PINUSE='GROUND';
      NO_LOAD_CHECK='Both';
      NO_IO_CHECK='Both';
      NO_ASSERT_CHECK='TRUE';
      NO_DIR_CHECK='TRUE';
      ALLOW_CONNECT='TRUE';
    'VSS_19':
      PIN_NUMBER='(0,0,0,0,0,0,0,0,0,D20)';
      PINUSE='GROUND';
      NO_LOAD_CHECK='Both';
      NO_IO_CHECK='Both';
      NO_ASSERT_CHECK='TRUE';
      NO_DIR_CHECK='TRUE';
      ALLOW_CONNECT='TRUE';
    'VSS_20':
      PIN_NUMBER='(0,0,0,0,0,0,0,0,0,D21)';
      PINUSE='GROUND';
      NO_LOAD_CHECK='Both';
      NO_IO_CHECK='Both';
      NO_ASSERT_CHECK='TRUE';
      NO_DIR_CHECK='TRUE';
      ALLOW_CONNECT='TRUE';
    'VSS_21':
      PIN_NUMBER='(0,0,0,0,0,0,0,0,0,F8)';
      PINUSE='GROUND';
      NO_LOAD_CHECK='Both';
      NO_IO_CHECK='Both';
      NO_ASSERT_CHECK='TRUE';
      NO_DIR_CHECK='TRUE';
      ALLOW_CONNECT='TRUE';
    'VSS_22':
      PIN_NUMBER='(0,0,0,0,0,0,0,0,0,F11)';
      PINUSE='GROUND';
      NO_LOAD_CHECK='Both';
      NO_IO_CHECK='Both';
      NO_ASSERT_CHECK='TRUE';
      NO_DIR_CHECK='TRUE';
      ALLOW_CONNECT='TRUE';
    'VSS_23':
      PIN_NUMBER='(0,0,0,0,0,0,0,0,0,F13)';
      PINUSE='GROUND';
      NO_LOAD_CHECK='Both';
      NO_IO_CHECK='Both';
      NO_ASSERT_CHECK='TRUE';
      NO_DIR_CHECK='TRUE';
      ALLOW_CONNECT='TRUE';
    'VSS_24':
      PIN_NUMBER='(0,0,0,0,0,0,0,0,0,F16)';
      PINUSE='GROUND';
      NO_LOAD_CHECK='Both';
      NO_IO_CHECK='Both';
      NO_ASSERT_CHECK='TRUE';
      NO_DIR_CHECK='TRUE';
      ALLOW_CONNECT='TRUE';
    'VSS_25':
      PIN_NUMBER='(0,0,0,0,0,0,0,0,0,F17)';
      PINUSE='GROUND';
      NO_LOAD_CHECK='Both';
      NO_IO_CHECK='Both';
      NO_ASSERT_CHECK='TRUE';
      NO_DIR_CHECK='TRUE';
      ALLOW_CONNECT='TRUE';
    'VSS_26':
      PIN_NUMBER='(0,0,0,0,0,0,0,0,0,F21)';
      PINUSE='GROUND';
      NO_LOAD_CHECK='Both';
      NO_IO_CHECK='Both';
      NO_ASSERT_CHECK='TRUE';
      NO_DIR_CHECK='TRUE';
      ALLOW_CONNECT='TRUE';
    'VSS_27':
      PIN_NUMBER='(0,0,0,0,0,0,0,0,0,G2)';
      PINUSE='GROUND';
      NO_LOAD_CHECK='Both';
      NO_IO_CHECK='Both';
      NO_ASSERT_CHECK='TRUE';
      NO_DIR_CHECK='TRUE';
      ALLOW_CONNECT='TRUE';
    'VSS_28':
      PIN_NUMBER='(0,0,0,0,0,0,0,0,0,G25)';
      PINUSE='GROUND';
      NO_LOAD_CHECK='Both';
      NO_IO_CHECK='Both';
      NO_ASSERT_CHECK='TRUE';
      NO_DIR_CHECK='TRUE';
      ALLOW_CONNECT='TRUE';
    'VSS_29':
      PIN_NUMBER='(0,0,0,0,0,0,0,0,0,H2)';
      PINUSE='GROUND';
      NO_LOAD_CHECK='Both';
      NO_IO_CHECK='Both';
      NO_ASSERT_CHECK='TRUE';
      NO_DIR_CHECK='TRUE';
      ALLOW_CONNECT='TRUE';
    'VSS_30':
      PIN_NUMBER='(0,0,0,0,0,0,0,0,0,H6)';
      PINUSE='GROUND';
      NO_LOAD_CHECK='Both';
      NO_IO_CHECK='Both';
      NO_ASSERT_CHECK='TRUE';
      NO_DIR_CHECK='TRUE';
      ALLOW_CONNECT='TRUE';
    'VSS_31':
      PIN_NUMBER='(0,0,0,0,0,0,0,0,0,H21)';
      PINUSE='GROUND';
      NO_LOAD_CHECK='Both';
      NO_IO_CHECK='Both';
      NO_ASSERT_CHECK='TRUE';
      NO_DIR_CHECK='TRUE';
      ALLOW_CONNECT='TRUE';
    'VSS_32':
      PIN_NUMBER='(0,0,0,0,0,0,0,0,0,H25)';
      PINUSE='GROUND';
      NO_LOAD_CHECK='Both';
      NO_IO_CHECK='Both';
      NO_ASSERT_CHECK='TRUE';
      NO_DIR_CHECK='TRUE';
      ALLOW_CONNECT='TRUE';
    'VSS_33':
      PIN_NUMBER='(0,0,0,0,0,0,0,0,0,L4)';
      PINUSE='GROUND';
      NO_LOAD_CHECK='Both';
      NO_IO_CHECK='Both';
      NO_ASSERT_CHECK='TRUE';
      NO_DIR_CHECK='TRUE';
      ALLOW_CONNECT='TRUE';
    'VSS_34':
      PIN_NUMBER='(0,0,0,0,0,0,0,0,0,L6)';
      PINUSE='GROUND';
      NO_LOAD_CHECK='Both';
      NO_IO_CHECK='Both';
      NO_ASSERT_CHECK='TRUE';
      NO_DIR_CHECK='TRUE';
      ALLOW_CONNECT='TRUE';
    'VSS_35':
      PIN_NUMBER='(0,0,0,0,0,0,0,0,0,L11)';
      PINUSE='GROUND';
      NO_LOAD_CHECK='Both';
      NO_IO_CHECK='Both';
      NO_ASSERT_CHECK='TRUE';
      NO_DIR_CHECK='TRUE';
      ALLOW_CONNECT='TRUE';
    'VSS_36':
      PIN_NUMBER='(0,0,0,0,0,0,0,0,0,L12)';
      PINUSE='GROUND';
      NO_LOAD_CHECK='Both';
      NO_IO_CHECK='Both';
      NO_ASSERT_CHECK='TRUE';
      NO_DIR_CHECK='TRUE';
      ALLOW_CONNECT='TRUE';
    'VSS_37':
      PIN_NUMBER='(0,0,0,0,0,0,0,0,0,L13)';
      PINUSE='GROUND';
      NO_LOAD_CHECK='Both';
      NO_IO_CHECK='Both';
      NO_ASSERT_CHECK='TRUE';
      NO_DIR_CHECK='TRUE';
      ALLOW_CONNECT='TRUE';
    'VSS_38':
      PIN_NUMBER='(0,0,0,0,0,0,0,0,0,L14)';
      PINUSE='GROUND';
      NO_LOAD_CHECK='Both';
      NO_IO_CHECK='Both';
      NO_ASSERT_CHECK='TRUE';
      NO_DIR_CHECK='TRUE';
      ALLOW_CONNECT='TRUE';
    'VSS_39':
      PIN_NUMBER='(0,0,0,0,0,0,0,0,0,L15)';
      PINUSE='GROUND';
      NO_LOAD_CHECK='Both';
      NO_IO_CHECK='Both';
      NO_ASSERT_CHECK='TRUE';
      NO_DIR_CHECK='TRUE';
      ALLOW_CONNECT='TRUE';
    'VSS_40':
      PIN_NUMBER='(0,0,0,0,0,0,0,0,0,L16)';
      PINUSE='GROUND';
      NO_LOAD_CHECK='Both';
      NO_IO_CHECK='Both';
      NO_ASSERT_CHECK='TRUE';
      NO_DIR_CHECK='TRUE';
      ALLOW_CONNECT='TRUE';
    'VSS_41':
      PIN_NUMBER='(0,0,0,0,0,0,0,0,0,L21)';
      PINUSE='GROUND';
      NO_LOAD_CHECK='Both';
      NO_IO_CHECK='Both';
      NO_ASSERT_CHECK='TRUE';
      NO_DIR_CHECK='TRUE';
      ALLOW_CONNECT='TRUE';
    'VSS_42':
      PIN_NUMBER='(0,0,0,0,0,0,0,0,0,L23)';
      PINUSE='GROUND';
      NO_LOAD_CHECK='Both';
      NO_IO_CHECK='Both';
      NO_ASSERT_CHECK='TRUE';
      NO_DIR_CHECK='TRUE';
      ALLOW_CONNECT='TRUE';
    'VSS_43':
      PIN_NUMBER='(0,0,0,0,0,0,0,0,0,M4)';
      PINUSE='GROUND';
      NO_LOAD_CHECK='Both';
      NO_IO_CHECK='Both';
      NO_ASSERT_CHECK='TRUE';
      NO_DIR_CHECK='TRUE';
      ALLOW_CONNECT='TRUE';
    'VSS_44':
      PIN_NUMBER='(0,0,0,0,0,0,0,0,0,M11)';
      PINUSE='GROUND';
      NO_LOAD_CHECK='Both';
      NO_IO_CHECK='Both';
      NO_ASSERT_CHECK='TRUE';
      NO_DIR_CHECK='TRUE';
      ALLOW_CONNECT='TRUE';
    'VSS_45':
      PIN_NUMBER='(0,0,0,0,0,0,0,0,0,M12)';
      PINUSE='GROUND';
      NO_LOAD_CHECK='Both';
      NO_IO_CHECK='Both';
      NO_ASSERT_CHECK='TRUE';
      NO_DIR_CHECK='TRUE';
      ALLOW_CONNECT='TRUE';
    'VSS_46':
      PIN_NUMBER='(0,0,0,0,0,0,0,0,0,M13)';
      PINUSE='GROUND';
      NO_LOAD_CHECK='Both';
      NO_IO_CHECK='Both';
      NO_ASSERT_CHECK='TRUE';
      NO_DIR_CHECK='TRUE';
      ALLOW_CONNECT='TRUE';
    'VSS_47':
      PIN_NUMBER='(0,0,0,0,0,0,0,0,0,M14)';
      PINUSE='GROUND';
      NO_LOAD_CHECK='Both';
      NO_IO_CHECK='Both';
      NO_ASSERT_CHECK='TRUE';
      NO_DIR_CHECK='TRUE';
      ALLOW_CONNECT='TRUE';
    'VSS_48':
      PIN_NUMBER='(0,0,0,0,0,0,0,0,0,M15)';
      PINUSE='GROUND';
      NO_LOAD_CHECK='Both';
      NO_IO_CHECK='Both';
      NO_ASSERT_CHECK='TRUE';
      NO_DIR_CHECK='TRUE';
      ALLOW_CONNECT='TRUE';
    'VSS_49':
      PIN_NUMBER='(0,0,0,0,0,0,0,0,0,M16)';
      PINUSE='GROUND';
      NO_LOAD_CHECK='Both';
      NO_IO_CHECK='Both';
      NO_ASSERT_CHECK='TRUE';
      NO_DIR_CHECK='TRUE';
      ALLOW_CONNECT='TRUE';
    'VSS_50':
      PIN_NUMBER='(0,0,0,0,0,0,0,0,0,M23)';
      PINUSE='GROUND';
      NO_LOAD_CHECK='Both';
      NO_IO_CHECK='Both';
      NO_ASSERT_CHECK='TRUE';
      NO_DIR_CHECK='TRUE';
      ALLOW_CONNECT='TRUE';
    'VSS_51':
      PIN_NUMBER='(0,0,0,0,0,0,0,0,0,N6)';
      PINUSE='GROUND';
      NO_LOAD_CHECK='Both';
      NO_IO_CHECK='Both';
      NO_ASSERT_CHECK='TRUE';
      NO_DIR_CHECK='TRUE';
      ALLOW_CONNECT='TRUE';
    'VSS_52':
      PIN_NUMBER='(0,0,0,0,0,0,0,0,0,N11)';
      PINUSE='GROUND';
      NO_LOAD_CHECK='Both';
      NO_IO_CHECK='Both';
      NO_ASSERT_CHECK='TRUE';
      NO_DIR_CHECK='TRUE';
      ALLOW_CONNECT='TRUE';
    'VSS_53':
      PIN_NUMBER='(0,0,0,0,0,0,0,0,0,N12)';
      PINUSE='GROUND';
      NO_LOAD_CHECK='Both';
      NO_IO_CHECK='Both';
      NO_ASSERT_CHECK='TRUE';
      NO_DIR_CHECK='TRUE';
      ALLOW_CONNECT='TRUE';
    'VSS_54':
      PIN_NUMBER='(0,0,0,0,0,0,0,0,0,N13)';
      PINUSE='GROUND';
      NO_LOAD_CHECK='Both';
      NO_IO_CHECK='Both';
      NO_ASSERT_CHECK='TRUE';
      NO_DIR_CHECK='TRUE';
      ALLOW_CONNECT='TRUE';
    'VSS_55':
      PIN_NUMBER='(0,0,0,0,0,0,0,0,0,N14)';
      PINUSE='GROUND';
      NO_LOAD_CHECK='Both';
      NO_IO_CHECK='Both';
      NO_ASSERT_CHECK='TRUE';
      NO_DIR_CHECK='TRUE';
      ALLOW_CONNECT='TRUE';
    'VSS_56':
      PIN_NUMBER='(0,0,0,0,0,0,0,0,0,N15)';
      PINUSE='GROUND';
      NO_LOAD_CHECK='Both';
      NO_IO_CHECK='Both';
      NO_ASSERT_CHECK='TRUE';
      NO_DIR_CHECK='TRUE';
      ALLOW_CONNECT='TRUE';
    'VSS_57':
      PIN_NUMBER='(0,0,0,0,0,0,0,0,0,N16)';
      PINUSE='GROUND';
      NO_LOAD_CHECK='Both';
      NO_IO_CHECK='Both';
      NO_ASSERT_CHECK='TRUE';
      NO_DIR_CHECK='TRUE';
      ALLOW_CONNECT='TRUE';
    'VSS_58':
      PIN_NUMBER='(0,0,0,0,0,0,0,0,0,N21)';
      PINUSE='GROUND';
      NO_LOAD_CHECK='Both';
      NO_IO_CHECK='Both';
      NO_ASSERT_CHECK='TRUE';
      NO_DIR_CHECK='TRUE';
      ALLOW_CONNECT='TRUE';
    'VSS_59':
      PIN_NUMBER='(0,0,0,0,0,0,0,0,0,N23)';
      PINUSE='GROUND';
      NO_LOAD_CHECK='Both';
      NO_IO_CHECK='Both';
      NO_ASSERT_CHECK='TRUE';
      NO_DIR_CHECK='TRUE';
      ALLOW_CONNECT='TRUE';
    'VSS_60':
      PIN_NUMBER='(0,0,0,0,0,0,0,0,0,P11)';
      PINUSE='GROUND';
      NO_LOAD_CHECK='Both';
      NO_IO_CHECK='Both';
      NO_ASSERT_CHECK='TRUE';
      NO_DIR_CHECK='TRUE';
      ALLOW_CONNECT='TRUE';
    'VSS_61':
      PIN_NUMBER='(0,0,0,0,0,0,0,0,0,P12)';
      PINUSE='GROUND';
      NO_LOAD_CHECK='Both';
      NO_IO_CHECK='Both';
      NO_ASSERT_CHECK='TRUE';
      NO_DIR_CHECK='TRUE';
      ALLOW_CONNECT='TRUE';
    'VSS_62':
      PIN_NUMBER='(0,0,0,0,0,0,0,0,0,P13)';
      PINUSE='GROUND';
      NO_LOAD_CHECK='Both';
      NO_IO_CHECK='Both';
      NO_ASSERT_CHECK='TRUE';
      NO_DIR_CHECK='TRUE';
      ALLOW_CONNECT='TRUE';
    'VSS_63':
      PIN_NUMBER='(0,0,0,0,0,0,0,0,0,P14)';
      PINUSE='GROUND';
      NO_LOAD_CHECK='Both';
      NO_IO_CHECK='Both';
      NO_ASSERT_CHECK='TRUE';
      NO_DIR_CHECK='TRUE';
      ALLOW_CONNECT='TRUE';
    'VSS_64':
      PIN_NUMBER='(0,0,0,0,0,0,0,0,0,P15)';
      PINUSE='GROUND';
      NO_LOAD_CHECK='Both';
      NO_IO_CHECK='Both';
      NO_ASSERT_CHECK='TRUE';
      NO_DIR_CHECK='TRUE';
      ALLOW_CONNECT='TRUE';
    'VSS_65':
      PIN_NUMBER='(0,0,0,0,0,0,0,0,0,P16)';
      PINUSE='GROUND';
      NO_LOAD_CHECK='Both';
      NO_IO_CHECK='Both';
      NO_ASSERT_CHECK='TRUE';
      NO_DIR_CHECK='TRUE';
      ALLOW_CONNECT='TRUE';
    'VSS_66':
      PIN_NUMBER='(0,0,0,0,0,0,0,0,0,P23)';
      PINUSE='GROUND';
      NO_LOAD_CHECK='Both';
      NO_IO_CHECK='Both';
      NO_ASSERT_CHECK='TRUE';
      NO_DIR_CHECK='TRUE';
      ALLOW_CONNECT='TRUE';
    'VSS_67':
      PIN_NUMBER='(0,0,0,0,0,0,0,0,0,P25)';
      PINUSE='GROUND';
      NO_LOAD_CHECK='Both';
      NO_IO_CHECK='Both';
      NO_ASSERT_CHECK='TRUE';
      NO_DIR_CHECK='TRUE';
      ALLOW_CONNECT='TRUE';
    'VSS_68':
      PIN_NUMBER='(0,0,0,0,0,0,0,0,0,R11)';
      PINUSE='GROUND';
      NO_LOAD_CHECK='Both';
      NO_IO_CHECK='Both';
      NO_ASSERT_CHECK='TRUE';
      NO_DIR_CHECK='TRUE';
      ALLOW_CONNECT='TRUE';
    'VSS_69':
      PIN_NUMBER='(0,0,0,0,0,0,0,0,0,R12)';
      PINUSE='GROUND';
      NO_LOAD_CHECK='Both';
      NO_IO_CHECK='Both';
      NO_ASSERT_CHECK='TRUE';
      NO_DIR_CHECK='TRUE';
      ALLOW_CONNECT='TRUE';
    'VSS_70':
      PIN_NUMBER='(0,0,0,0,0,0,0,0,0,R13)';
      PINUSE='GROUND';
      NO_LOAD_CHECK='Both';
      NO_IO_CHECK='Both';
      NO_ASSERT_CHECK='TRUE';
      NO_DIR_CHECK='TRUE';
      ALLOW_CONNECT='TRUE';
    'VSS_71':
      PIN_NUMBER='(0,0,0,0,0,0,0,0,0,R14)';
      PINUSE='GROUND';
      NO_LOAD_CHECK='Both';
      NO_IO_CHECK='Both';
      NO_ASSERT_CHECK='TRUE';
      NO_DIR_CHECK='TRUE';
      ALLOW_CONNECT='TRUE';
    'VSS_72':
      PIN_NUMBER='(0,0,0,0,0,0,0,0,0,R15)';
      PINUSE='GROUND';
      NO_LOAD_CHECK='Both';
      NO_IO_CHECK='Both';
      NO_ASSERT_CHECK='TRUE';
      NO_DIR_CHECK='TRUE';
      ALLOW_CONNECT='TRUE';
    'VSS_73':
      PIN_NUMBER='(0,0,0,0,0,0,0,0,0,R16)';
      PINUSE='GROUND';
      NO_LOAD_CHECK='Both';
      NO_IO_CHECK='Both';
      NO_ASSERT_CHECK='TRUE';
      NO_DIR_CHECK='TRUE';
      ALLOW_CONNECT='TRUE';
    'VSS_74':
      PIN_NUMBER='(0,0,0,0,0,0,0,0,0,R25)';
      PINUSE='GROUND';
      NO_LOAD_CHECK='Both';
      NO_IO_CHECK='Both';
      NO_ASSERT_CHECK='TRUE';
      NO_DIR_CHECK='TRUE';
      ALLOW_CONNECT='TRUE';
    'VSS_75':
      PIN_NUMBER='(0,0,0,0,0,0,0,0,0,T6)';
      PINUSE='GROUND';
      NO_LOAD_CHECK='Both';
      NO_IO_CHECK='Both';
      NO_ASSERT_CHECK='TRUE';
      NO_DIR_CHECK='TRUE';
      ALLOW_CONNECT='TRUE';
    'VSS_76':
      PIN_NUMBER='(0,0,0,0,0,0,0,0,0,T11)';
      PINUSE='GROUND';
      NO_LOAD_CHECK='Both';
      NO_IO_CHECK='Both';
      NO_ASSERT_CHECK='TRUE';
      NO_DIR_CHECK='TRUE';
      ALLOW_CONNECT='TRUE';
    'VSS_77':
      PIN_NUMBER='(0,0,0,0,0,0,0,0,0,T12)';
      PINUSE='GROUND';
      NO_LOAD_CHECK='Both';
      NO_IO_CHECK='Both';
      NO_ASSERT_CHECK='TRUE';
      NO_DIR_CHECK='TRUE';
      ALLOW_CONNECT='TRUE';
    'VSS_78':
      PIN_NUMBER='(0,0,0,0,0,0,0,0,0,T13)';
      PINUSE='GROUND';
      NO_LOAD_CHECK='Both';
      NO_IO_CHECK='Both';
      NO_ASSERT_CHECK='TRUE';
      NO_DIR_CHECK='TRUE';
      ALLOW_CONNECT='TRUE';
    'VSS_79':
      PIN_NUMBER='(0,0,0,0,0,0,0,0,0,T14)';
      PINUSE='GROUND';
      NO_LOAD_CHECK='Both';
      NO_IO_CHECK='Both';
      NO_ASSERT_CHECK='TRUE';
      NO_DIR_CHECK='TRUE';
      ALLOW_CONNECT='TRUE';
    'VSS_80':
      PIN_NUMBER='(0,0,0,0,0,0,0,0,0,T15)';
      PINUSE='GROUND';
      NO_LOAD_CHECK='Both';
      NO_IO_CHECK='Both';
      NO_ASSERT_CHECK='TRUE';
      NO_DIR_CHECK='TRUE';
      ALLOW_CONNECT='TRUE';
    'VSS_81':
      PIN_NUMBER='(0,0,0,0,0,0,0,0,0,T16)';
      PINUSE='GROUND';
      NO_LOAD_CHECK='Both';
      NO_IO_CHECK='Both';
      NO_ASSERT_CHECK='TRUE';
      NO_DIR_CHECK='TRUE';
      ALLOW_CONNECT='TRUE';
    'VSS_82':
      PIN_NUMBER='(0,0,0,0,0,0,0,0,0,T21)';
      PINUSE='GROUND';
      NO_LOAD_CHECK='Both';
      NO_IO_CHECK='Both';
      NO_ASSERT_CHECK='TRUE';
      NO_DIR_CHECK='TRUE';
      ALLOW_CONNECT='TRUE';
    'VSS_83':
      PIN_NUMBER='(0,0,0,0,0,0,0,0,0,T25)';
      PINUSE='GROUND';
      NO_LOAD_CHECK='Both';
      NO_IO_CHECK='Both';
      NO_ASSERT_CHECK='TRUE';
      NO_DIR_CHECK='TRUE';
      ALLOW_CONNECT='TRUE';
    'VSS_84':
      PIN_NUMBER='(0,0,0,0,0,0,0,0,0,U5)';
      PINUSE='GROUND';
      NO_LOAD_CHECK='Both';
      NO_IO_CHECK='Both';
      NO_ASSERT_CHECK='TRUE';
      NO_DIR_CHECK='TRUE';
      ALLOW_CONNECT='TRUE';
    'VSS_85':
      PIN_NUMBER='(0,0,0,0,0,0,0,0,0,U6)';
      PINUSE='GROUND';
      NO_LOAD_CHECK='Both';
      NO_IO_CHECK='Both';
      NO_ASSERT_CHECK='TRUE';
      NO_DIR_CHECK='TRUE';
      ALLOW_CONNECT='TRUE';
    'VSS_86':
      PIN_NUMBER='(0,0,0,0,0,0,0,0,0,U21)';
      PINUSE='GROUND';
      NO_LOAD_CHECK='Both';
      NO_IO_CHECK='Both';
      NO_ASSERT_CHECK='TRUE';
      NO_DIR_CHECK='TRUE';
      ALLOW_CONNECT='TRUE';
    'VSS_87':
      PIN_NUMBER='(0,0,0,0,0,0,0,0,0,W4)';
      PINUSE='GROUND';
      NO_LOAD_CHECK='Both';
      NO_IO_CHECK='Both';
      NO_ASSERT_CHECK='TRUE';
      NO_DIR_CHECK='TRUE';
      ALLOW_CONNECT='TRUE';
    'VSS_88':
      PIN_NUMBER='(0,0,0,0,0,0,0,0,0,W23)';
      PINUSE='GROUND';
      NO_LOAD_CHECK='Both';
      NO_IO_CHECK='Both';
      NO_ASSERT_CHECK='TRUE';
      NO_DIR_CHECK='TRUE';
      ALLOW_CONNECT='TRUE';
    'VSS_89':
      PIN_NUMBER='(0,0,0,0,0,0,0,0,0,Y4)';
      PINUSE='GROUND';
      NO_LOAD_CHECK='Both';
      NO_IO_CHECK='Both';
      NO_ASSERT_CHECK='TRUE';
      NO_DIR_CHECK='TRUE';
      ALLOW_CONNECT='TRUE';
    'VSS_90':
      PIN_NUMBER='(0,0,0,0,0,0,0,0,0,Y23)';
      PINUSE='GROUND';
      NO_LOAD_CHECK='Both';
      NO_IO_CHECK='Both';
      NO_ASSERT_CHECK='TRUE';
      NO_DIR_CHECK='TRUE';
      ALLOW_CONNECT='TRUE';
    'VSS_91':
      PIN_NUMBER='(0,0,0,0,0,0,0,0,0,AA8)';
      PINUSE='GROUND';
      NO_LOAD_CHECK='Both';
      NO_IO_CHECK='Both';
      NO_ASSERT_CHECK='TRUE';
      NO_DIR_CHECK='TRUE';
      ALLOW_CONNECT='TRUE';
    'VSS_92':
      PIN_NUMBER='(0,0,0,0,0,0,0,0,0,AA11)';
      PINUSE='GROUND';
      NO_LOAD_CHECK='Both';
      NO_IO_CHECK='Both';
      NO_ASSERT_CHECK='TRUE';
      NO_DIR_CHECK='TRUE';
      ALLOW_CONNECT='TRUE';
    'VSS_93':
      PIN_NUMBER='(0,0,0,0,0,0,0,0,0,AA13)';
      PINUSE='GROUND';
      NO_LOAD_CHECK='Both';
      NO_IO_CHECK='Both';
      NO_ASSERT_CHECK='TRUE';
      NO_DIR_CHECK='TRUE';
      ALLOW_CONNECT='TRUE';
    'VSS_94':
      PIN_NUMBER='(0,0,0,0,0,0,0,0,0,AA16)';
      PINUSE='GROUND';
      NO_LOAD_CHECK='Both';
      NO_IO_CHECK='Both';
      NO_ASSERT_CHECK='TRUE';
      NO_DIR_CHECK='TRUE';
      ALLOW_CONNECT='TRUE';
    'VSS_95':
      PIN_NUMBER='(0,0,0,0,0,0,0,0,0,AA17)';
      PINUSE='GROUND';
      NO_LOAD_CHECK='Both';
      NO_IO_CHECK='Both';
      NO_ASSERT_CHECK='TRUE';
      NO_DIR_CHECK='TRUE';
      ALLOW_CONNECT='TRUE';
    'VSS_96':
      PIN_NUMBER='(0,0,0,0,0,0,0,0,0,AA21)';
      PINUSE='GROUND';
      NO_LOAD_CHECK='Both';
      NO_IO_CHECK='Both';
      NO_ASSERT_CHECK='TRUE';
      NO_DIR_CHECK='TRUE';
      ALLOW_CONNECT='TRUE';
    'VSS_97':
      PIN_NUMBER='(0,0,0,0,0,0,0,0,0,AC4)';
      PINUSE='GROUND';
      NO_LOAD_CHECK='Both';
      NO_IO_CHECK='Both';
      NO_ASSERT_CHECK='TRUE';
      NO_DIR_CHECK='TRUE';
      ALLOW_CONNECT='TRUE';
    'VSS_98':
      PIN_NUMBER='(0,0,0,0,0,0,0,0,0,AC5)';
      PINUSE='GROUND';
      NO_LOAD_CHECK='Both';
      NO_IO_CHECK='Both';
      NO_ASSERT_CHECK='TRUE';
      NO_DIR_CHECK='TRUE';
      ALLOW_CONNECT='TRUE';
    'VSS_99':
      PIN_NUMBER='(0,0,0,0,0,0,0,0,0,AC12)';
      PINUSE='GROUND';
      NO_LOAD_CHECK='Both';
      NO_IO_CHECK='Both';
      NO_ASSERT_CHECK='TRUE';
      NO_DIR_CHECK='TRUE';
      ALLOW_CONNECT='TRUE';
    'VSS_100':
      PIN_NUMBER='(0,0,0,0,0,0,0,0,0,AC13)';
      PINUSE='GROUND';
      NO_LOAD_CHECK='Both';
      NO_IO_CHECK='Both';
      NO_ASSERT_CHECK='TRUE';
      NO_DIR_CHECK='TRUE';
      ALLOW_CONNECT='TRUE';
    'VSS_101':
      PIN_NUMBER='(0,0,0,0,0,0,0,0,0,AC20)';
      PINUSE='GROUND';
      NO_LOAD_CHECK='Both';
      NO_IO_CHECK='Both';
      NO_ASSERT_CHECK='TRUE';
      NO_DIR_CHECK='TRUE';
      ALLOW_CONNECT='TRUE';
    'VSS_102':
      PIN_NUMBER='(0,0,0,0,0,0,0,0,0,AC21)';
      PINUSE='GROUND';
      NO_LOAD_CHECK='Both';
      NO_IO_CHECK='Both';
      NO_ASSERT_CHECK='TRUE';
      NO_DIR_CHECK='TRUE';
      ALLOW_CONNECT='TRUE';
    'VSS_103':
      PIN_NUMBER='(0,0,0,0,0,0,0,0,0,AD1)';
      PINUSE='GROUND';
      NO_LOAD_CHECK='Both';
      NO_IO_CHECK='Both';
      NO_ASSERT_CHECK='TRUE';
      NO_DIR_CHECK='TRUE';
      ALLOW_CONNECT='TRUE';
    'VSS_104':
      PIN_NUMBER='(0,0,0,0,0,0,0,0,0,AE2)';
      PINUSE='GROUND';
      NO_LOAD_CHECK='Both';
      NO_IO_CHECK='Both';
      NO_ASSERT_CHECK='TRUE';
      NO_DIR_CHECK='TRUE';
      ALLOW_CONNECT='TRUE';
    'VSS_105':
      PIN_NUMBER='(0,0,0,0,0,0,0,0,0,AE8)';
      PINUSE='GROUND';
      NO_LOAD_CHECK='Both';
      NO_IO_CHECK='Both';
      NO_ASSERT_CHECK='TRUE';
      NO_DIR_CHECK='TRUE';
      ALLOW_CONNECT='TRUE';
    'VSS_106':
      PIN_NUMBER='(0,0,0,0,0,0,0,0,0,AE9)';
      PINUSE='GROUND';
      NO_LOAD_CHECK='Both';
      NO_IO_CHECK='Both';
      NO_ASSERT_CHECK='TRUE';
      NO_DIR_CHECK='TRUE';
      ALLOW_CONNECT='TRUE';
    'VSS_107':
      PIN_NUMBER='(0,0,0,0,0,0,0,0,0,AE16)';
      PINUSE='GROUND';
      NO_LOAD_CHECK='Both';
      NO_IO_CHECK='Both';
      NO_ASSERT_CHECK='TRUE';
      NO_DIR_CHECK='TRUE';
      ALLOW_CONNECT='TRUE';
    'VSS_108':
      PIN_NUMBER='(0,0,0,0,0,0,0,0,0,AE17)';
      PINUSE='GROUND';
      NO_LOAD_CHECK='Both';
      NO_IO_CHECK='Both';
      NO_ASSERT_CHECK='TRUE';
      NO_DIR_CHECK='TRUE';
      ALLOW_CONNECT='TRUE';
    'VSS_109':
      PIN_NUMBER='(0,0,0,0,0,0,0,0,0,AF2)';
      PINUSE='GROUND';
      NO_LOAD_CHECK='Both';
      NO_IO_CHECK='Both';
      NO_ASSERT_CHECK='TRUE';
      NO_DIR_CHECK='TRUE';
      ALLOW_CONNECT='TRUE';
    'XCOREVSS_1':
      PIN_NUMBER='(0,0,0,0,0,0,0,0,0,P2)';
      PINUSE='GROUND';
      NO_LOAD_CHECK='Both';
      NO_IO_CHECK='Both';
      NO_ASSERT_CHECK='TRUE';
      NO_DIR_CHECK='TRUE';
      ALLOW_CONNECT='TRUE';
    'XCOREVSS_2':
      PIN_NUMBER='(0,0,0,0,0,0,0,0,0,R2)';
      PINUSE='GROUND';
      NO_LOAD_CHECK='Both';
      NO_IO_CHECK='Both';
      NO_ASSERT_CHECK='TRUE';
      NO_DIR_CHECK='TRUE';
      ALLOW_CONNECT='TRUE';
    'XCOREVSS_3':
      PIN_NUMBER='(0,0,0,0,0,0,0,0,0,T3)';
      PINUSE='GROUND';
      NO_LOAD_CHECK='Both';
      NO_IO_CHECK='Both';
      NO_ASSERT_CHECK='TRUE';
      NO_DIR_CHECK='TRUE';
      ALLOW_CONNECT='TRUE';
    'XPADVSS_1':
      PIN_NUMBER='(0,0,0,0,0,0,0,0,0,P3)';
      PINUSE='GROUND';
      NO_LOAD_CHECK='Both';
      NO_IO_CHECK='Both';
      NO_ASSERT_CHECK='TRUE';
      NO_DIR_CHECK='TRUE';
      ALLOW_CONNECT='TRUE';
    'XPADVSS_2':
      PIN_NUMBER='(0,0,0,0,0,0,0,0,0,V4)';
      PINUSE='GROUND';
      NO_LOAD_CHECK='Both';
      NO_IO_CHECK='Both';
      NO_ASSERT_CHECK='TRUE';
      NO_DIR_CHECK='TRUE';
      ALLOW_CONNECT='TRUE';
  end_pin;
  body
    PART_NAME='MPC8313ECVRAFF';
    BODY_NAME='MPC8313ECVRAFF';
    PHYS_DES_PREFIX='U';
    CLASS='IC';
  end_body;
end_primitive;

END.
