FILE_TYPE=LIBRARY_PARTS;
primitive 'LPC3220_30_40_50';
  pin
    'JTAG_NTRST':
      PIN_NUMBER='(0,0,0,H17)';
      INPUT_LOAD='(-0.01,0.01)';
    'JTAG_RTCK':
      PIN_NUMBER='(0,0,0,H18)';
      OUTPUT_LOAD='(1.0,-1.0)';
    'JTAG_TCK':
      PIN_NUMBER='(0,0,0,H14)';
      INPUT_LOAD='(-0.01,0.01)';
    'JTAG_TDI':
      PIN_NUMBER='(0,0,0,J16)';
      INPUT_LOAD='(-0.01,0.01)';
    'JTAG_TDO':
      PIN_NUMBER='(0,0,0,J15)';
      OUTPUT_LOAD='(1.0,-1.0)';
    'JTAG_TMS':
      PIN_NUMBER='(0,0,0,G18)';
      INPUT_LOAD='(-0.01,0.01)';
    'KEY_COL0/ENET_TX_CLK':
      PIN_NUMBER='(0,0,0,F15)';
      INPUT_LOAD='(-0.01,0.01)';
    'KEY_COL1/ENET_RX_CLK/ENET_REF_CLK':
      PIN_NUMBER='(0,0,0,E16)';
      INPUT_LOAD='(-0.01,0.01)';
    'KEY_COL2/ENET_RX_ER':
      PIN_NUMBER='(0,0,0,D17)';
      INPUT_LOAD='(-0.01,0.01)';
    'KEY_COL3/ENET_CRS':
      PIN_NUMBER='(0,0,0,D18)';
      INPUT_LOAD='(-0.01,0.01)';
    'KEY_COL4/ENET_RXD0':
      PIN_NUMBER='(0,0,0,G15)';
      INPUT_LOAD='(-0.01,0.01)';
    'KEY_COL5/ENET_RXD1':
      PIN_NUMBER='(0,0,0,F16)';
      INPUT_LOAD='(-0.01,0.01)';
    'KEY_ROW0/ENET_TX_ER':
      PIN_NUMBER='(0,0,0,E15)';
      BIDIRECTIONAL='TRUE';
      INPUT_LOAD='(-0.01,0.01)';
      OUTPUT_LOAD='(1.0,-1.0)';
    'KEY_ROW1/ENET_TXD2':
      PIN_NUMBER='(0,0,0,E14)';
      BIDIRECTIONAL='TRUE';
      INPUT_LOAD='(-0.01,0.01)';
      OUTPUT_LOAD='(1.0,-1.0)';
    'KEY_ROW2/ENET_RXD3':
      PIN_NUMBER='(0,0,0,F14)';
      BIDIRECTIONAL='TRUE';
      INPUT_LOAD='(-0.01,0.01)';
      OUTPUT_LOAD='(1.0,-1.0)';
    'KEY_ROW3/ENET_TX_EN':
      PIN_NUMBER='(0,0,0,D16)';
      BIDIRECTIONAL='TRUE';
      INPUT_LOAD='(-0.01,0.01)';
      OUTPUT_LOAD='(1.0,-1.0)';
    'KEY_ROW4/ENET_TXD0':
      PIN_NUMBER='(0,0,0,C17)';
      BIDIRECTIONAL='TRUE';
      INPUT_LOAD='(-0.01,0.01)';
      OUTPUT_LOAD='(1.0,-1.0)';
    'KEY_ROW5/ENET_TXD1':
      PIN_NUMBER='(0,0,0,C18)';
      BIDIRECTIONAL='TRUE';
      INPUT_LOAD='(-0.01,0.01)';
      OUTPUT_LOAD='(1.0,-1.0)';
    'ONSW':
      PIN_NUMBER='(0,0,0,M15)';
      BIDIRECTIONAL='TRUE';
      INPUT_LOAD='(-0.01,0.01)';
      OUTPUT_LOAD='(1.0,-1.0)';
    'P0.0/I2S1RX_CLK':
      PIN_NUMBER='(0,0,0,B5)';
      BIDIRECTIONAL='TRUE';
      INPUT_LOAD='(-0.01,0.01)';
      OUTPUT_LOAD='(1.0,-1.0)';
    'P0.1/I2S1RX_WS':
      PIN_NUMBER='(0,0,0,D7)';
      BIDIRECTIONAL='TRUE';
      INPUT_LOAD='(-0.01,0.01)';
      OUTPUT_LOAD='(1.0,-1.0)';
    'RESET#':
      PIN_NUMBER='(0,0,0,M14)';
      INPUT_LOAD='(-0.01,0.01)';
    'RESOUT#':
      PIN_NUMBER='(0,0,0,G4)';
      OUTPUT_LOAD='(1.0,-1.0)';
    'RTCX_IN':
      PIN_NUMBER='(0,0,0,P16)';
      INPUT_LOAD='(-0.01,0.01)';
    'RTCX_OUT':
      PIN_NUMBER='(0,0,0,P17)';
      OUTPUT_LOAD='(1.0,-1.0)';
    'SYSX_IN':
      PIN_NUMBER='(0,0,0,T17)';
      INPUT_LOAD='(-0.01,0.01)';
    'SYSX_OUT':
      PIN_NUMBER='(0,0,0,R15)';
      OUTPUT_LOAD='(1.0,-1.0)';
    'TST_CLK2':
      PIN_NUMBER='(0,0,0,C6)';
      OUTPUT_LOAD='(1.0,-1.0)';
    'U1_RX/CAP1.0/GPI_15':
      PIN_NUMBER='(0,0,0,K15)';
      BIDIRECTIONAL='TRUE';
      INPUT_LOAD='(-0.01,0.01)';
      OUTPUT_LOAD='(1.0,-1.0)';
    'U1_TX':
      PIN_NUMBER='(0,0,0,K16)';
      OUTPUT_LOAD='(1.0,-1.0)';
    'U2_HCTS/U3_CTS/GPI_16':
      PIN_NUMBER='(0,0,0,J18)';
      BIDIRECTIONAL='TRUE';
      INPUT_LOAD='(-0.01,0.01)';
      OUTPUT_LOAD='(1.0,-1.0)';
    'U2_RX/U3_DSR/GPI_17':
      PIN_NUMBER='(0,0,0,K18)';
      BIDIRECTIONAL='TRUE';
      INPUT_LOAD='(-0.01,0.01)';
      OUTPUT_LOAD='(1.0,-1.0)';
    'U2_TX/U3_DTR':
      PIN_NUMBER='(0,0,0,K17)';
      BIDIRECTIONAL='TRUE';
      INPUT_LOAD='(-0.01,0.01)';
      OUTPUT_LOAD='(1.0,-1.0)';
    'U3_RX/GPI_18':
      PIN_NUMBER='(0,0,0,J14)';
      BIDIRECTIONAL='TRUE';
      INPUT_LOAD='(-0.01,0.01)';
      OUTPUT_LOAD='(1.0,-1.0)';
    'U3_TX':
      PIN_NUMBER='(0,0,0,J17)';
      BIDIRECTIONAL='TRUE';
      INPUT_LOAD='(-0.01,0.01)';
      OUTPUT_LOAD='(1.0,-1.0)';
    'U5_RX/GPI_20':
      PIN_NUMBER='(0,0,0,F18)';
      BIDIRECTIONAL='TRUE';
      INPUT_LOAD='(-0.01,0.01)';
      OUTPUT_LOAD='(1.0,-1.0)';
    'U5_TX':
      PIN_NUMBER='(0,0,0,H15)';
      OUTPUT_LOAD='(1.0,-1.0)';
    'U6_IRRX/GPI_21':
      PIN_NUMBER='(0,0,0,F17)';
      BIDIRECTIONAL='TRUE';
      INPUT_LOAD='(-0.01,0.01)';
      OUTPUT_LOAD='(1.0,-1.0)';
    'U6_IRTX':
      PIN_NUMBER='(0,0,0,G16)';
      OUTPUT_LOAD='(1.0,-1.0)';
    'I2S1TX_WS/CAP3.0':
      PIN_NUMBER='(0,0,0,B4)';
      BIDIRECTIONAL='TRUE';
      INPUT_LOAD='(-0.01,0.01)';
      OUTPUT_LOAD='(1.0,-1.0)';
    'I2S1TX_SDA/MAT3.1':
      PIN_NUMBER='(0,0,0,E7)';
      BIDIRECTIONAL='TRUE';
      INPUT_LOAD='(-0.01,0.01)';
      OUTPUT_LOAD='(1.0,-1.0)';
    'I2S1TX_CLK/MAT3.0':
      PIN_NUMBER='(0,0,0,A4)';
      BIDIRECTIONAL='TRUE';
      INPUT_LOAD='(-0.01,0.01)';
      OUTPUT_LOAD='(1.0,-1.0)';
    'GPO_04':
      PIN_NUMBER='(0,0,0,D8)';
      OUTPUT_LOAD='(1.0,-1.0)';
    'GPO_05':
      PIN_NUMBER='(0,0,0,B3)';
      OUTPUT_LOAD='(1.0,-1.0)';
    'GPO_14':
      PIN_NUMBER='(0,0,0,D3)';
      OUTPUT_LOAD='(1.0,-1.0)';
    'GPO_17':
      PIN_NUMBER='(0,0,0,N18)';
      OUTPUT_LOAD='(1.0,-1.0)';
    'GPO_19':
      PIN_NUMBER='(0,0,0,C2)';
      OUTPUT_LOAD='(1.0,-1.0)';
    'GPO_20':
      PIN_NUMBER='(0,0,0,B2)';
      OUTPUT_LOAD='(1.0,-1.0)';
    'GPO_23/U2_HRTS/U3_RTS':
      PIN_NUMBER='(0,0,0,M16)';
      OUTPUT_LOAD='(1.0,-1.0)';
    'GPO_11':
      PIN_NUMBER='(0,0,0,E8)';
      OUTPUT_LOAD='(1.0,-1.0)';
    'GPO_01':
      PIN_NUMBER='(0,0,0,D4)';
      OUTPUT_LOAD='(1.0,-1.0)';
    'GPI_08/KEY_COL6/SPI2_BUSY/ENET_RX_DV':
      PIN_NUMBER='(0,0,0,B16)';
      INPUT_LOAD='(-0.01,0.01)';
    'GPI_09/KEY_COL7/ENET_COL':
      PIN_NUMBER='(0,0,0,E12)';
      INPUT_LOAD='(-0.01,0.01)';
    'GPI_05/U3_DCD':
      PIN_NUMBER='(0,0,0,N16)';
      INPUT_LOAD='(-0.01,0.01)';
    'GPI_06/HSTIM_CAP/I2S1RX_SDA':
      PIN_NUMBER='(0,0,0,C7)';
      INPUT_LOAD='(-0.01,0.01)';
    'GPI_07/PCAP3.0':
      PIN_NUMBER='(0,0,0,D13)';
      INPUT_LOAD='(-0.01,0.01)';
    'GPI_19/U4_RX':
      PIN_NUMBER='(0,0,0,B15)';
      INPUT_LOAD='(-0.01,0.01)';
    'GPI_28/U3_RI':
      PIN_NUMBER='(0,0,0,N17)';
      INPUT_LOAD='(-0.01,0.01)';
    'GPIO_00':
      PIN_NUMBER='(0,0,0,A12)';
      BIDIRECTIONAL='TRUE';
      INPUT_LOAD='(-0.01,0.01)';
      OUTPUT_LOAD='(1.0,-1.0)';
    'GPIO_01':
      PIN_NUMBER='(0,0,0,A11)';
      BIDIRECTIONAL='TRUE';
      INPUT_LOAD='(-0.01,0.01)';
      OUTPUT_LOAD='(1.0,-1.0)';
    'GPIO_02/KEY_ROW6/ENET_MDC':
      PIN_NUMBER='(0,0,0,D9)';
      BIDIRECTIONAL='TRUE';
      INPUT_LOAD='(-0.01,0.01)';
      OUTPUT_LOAD='(1.0,-1.0)';
    'GPIO_03/KEY_ROW7/ENET_MDIO':
      PIN_NUMBER='(0,0,0,C11)';
      BIDIRECTIONAL='TRUE';
      INPUT_LOAD='(-0.01,0.01)';
      OUTPUT_LOAD='(1.0,-1.0)';
    'GPI_03':
      PIN_NUMBER='(0,0,0,F4)';
      INPUT_LOAD='(-0.01,0.01)';
    'GPI_00/ENET_RXD2':
      PIN_NUMBER='(0,0,0,C16)';
      INPUT_LOAD='(-0.01,0.01)';
    'GPI_01/SERVICE#':
      PIN_NUMBER='(0,0,0,C15)';
      INPUT_LOAD='(-0.01,0.01)';
    'GPI_02/CAP2.0/ENET_RXD3':
      PIN_NUMBER='(0,0,0,C14)';
      INPUT_LOAD='(-0.01,0.01)';
    'GPO_00/TST_CLK1':
      PIN_NUMBER='(0,0,0,C3)';
      OUTPUT_LOAD='(1.0,-1.0)';
    'DBGEN':
      PIN_NUMBER='(0,0,0,G14)';
      INPUT_LOAD='(-0.01,0.01)';
    'ADIN0'<0>:
      PIN_NUMBER='(0,0,U15,0)';
      INPUT_LOAD='(-0.01,0.01)';
    'ADIN1'<0>:
      PIN_NUMBER='(0,0,T14,0)';
      INPUT_LOAD='(-0.01,0.01)';
    'TS_XP':
      PIN_NUMBER='(0,0,R13,0)';
      BIDIRECTIONAL='TRUE';
      INPUT_LOAD='(-0.01,0.01)';
      OUTPUT_LOAD='(1.0,-1.0)';
    'TS_YP':
      PIN_NUMBER='(0,0,U16,0)';
      BIDIRECTIONAL='TRUE';
      INPUT_LOAD='(-0.01,0.01)';
      OUTPUT_LOAD='(1.0,-1.0)';
    'FLASH_IO00':
      PIN_NUMBER='(0,0,H2,0)';
      BIDIRECTIONAL='TRUE';
      INPUT_LOAD='(-0.01,0.01)';
      OUTPUT_LOAD='(1.0,-1.0)';
    'FLASH_IO01':
      PIN_NUMBER='(0,0,H3,0)';
      BIDIRECTIONAL='TRUE';
      INPUT_LOAD='(-0.01,0.01)';
      OUTPUT_LOAD='(1.0,-1.0)';
    'FLASH_IO02':
      PIN_NUMBER='(0,0,F1,0)';
      BIDIRECTIONAL='TRUE';
      INPUT_LOAD='(-0.01,0.01)';
      OUTPUT_LOAD='(1.0,-1.0)';
    'FLASH_IO03':
      PIN_NUMBER='(0,0,E1,0)';
      BIDIRECTIONAL='TRUE';
      INPUT_LOAD='(-0.01,0.01)';
      OUTPUT_LOAD='(1.0,-1.0)';
    'FLASH_IO04':
      PIN_NUMBER='(0,0,H4,0)';
      BIDIRECTIONAL='TRUE';
      INPUT_LOAD='(-0.01,0.01)';
      OUTPUT_LOAD='(1.0,-1.0)';
    'FLASH_IO05':
      PIN_NUMBER='(0,0,G2,0)';
      BIDIRECTIONAL='TRUE';
      INPUT_LOAD='(-0.01,0.01)';
      OUTPUT_LOAD='(1.0,-1.0)';
    'FLASH_IO06':
      PIN_NUMBER='(0,0,G3,0)';
      BIDIRECTIONAL='TRUE';
      INPUT_LOAD='(-0.01,0.01)';
      OUTPUT_LOAD='(1.0,-1.0)';
    'FLASH_IO07':
      PIN_NUMBER='(0,0,E2,0)';
      BIDIRECTIONAL='TRUE';
      INPUT_LOAD='(-0.01,0.01)';
      OUTPUT_LOAD='(1.0,-1.0)';
    'FLASH_RD#':
      PIN_NUMBER='(0,0,C1,0)';
      OUTPUT_LOAD='(1.0,-1.0)';
    'FLASH_RDY':
      PIN_NUMBER='(0,0,D1,0)';
      INPUT_LOAD='(-0.01,0.01)';
    'FLASH_WR#':
      PIN_NUMBER='(0,0,F2,0)';
      OUTPUT_LOAD='(1.0,-1.0)';
    'GPI_04/SPI_BUSY':
      PIN_NUMBER='(0,0,E13,0)';
      INPUT_LOAD='(-0.01,0.01)';
    'GPIO_04/SSEL1/LCDVD22':
      PIN_NUMBER='(0,0,B11,0)';
      BIDIRECTIONAL='TRUE';
      INPUT_LOAD='(-0.01,0.01)';
      OUTPUT_LOAD='(1.0,-1.0)';
    'GPIO_05/SSEL0':
      PIN_NUMBER='(0,0,E9,0)';
      BIDIRECTIONAL='TRUE';
      INPUT_LOAD='(-0.01,0.01)';
      OUTPUT_LOAD='(1.0,-1.0)';
    'GPO_02/MAT1.0/LCDVD0':
      PIN_NUMBER='(0,0,B14,0)';
      OUTPUT_LOAD='(1.0,-1.0)';
    'GPO_03/LCDVD1':
      PIN_NUMBER='(0,0,D12,0)';
      OUTPUT_LOAD='(1.0,-1.0)';
    'GPO_06/PWM4.3/LCDVD18':
      PIN_NUMBER='(0,0,A16,0)';
      OUTPUT_LOAD='(1.0,-1.0)';
    'GPO_07/LCDVD2':
      PIN_NUMBER='(0,0,A15,0)';
      OUTPUT_LOAD='(1.0,-1.0)';
    'GPO_08/PWM4.2/LCDVD8':
      PIN_NUMBER='(0,0,C13,0)';
      OUTPUT_LOAD='(1.0,-1.0)';
    'GPO_09/PWM4.1/LCDVD9':
      PIN_NUMBER='(0,0,C12,0)';
      OUTPUT_LOAD='(1.0,-1.0)';
    'GPO_10/PWM3.6/LCDPWR':
      PIN_NUMBER='(0,0,E11,0)';
      OUTPUT_LOAD='(1.0,-1.0)';
    'GPO_12/PWM3.5/LCDLE':
      PIN_NUMBER='(0,0,B12,0)';
      OUTPUT_LOAD='(1.0,-1.0)';
    'GPO_13/PWM3.4/LCDDCLK':
      PIN_NUMBER='(0,0,B13,0)';
      OUTPUT_LOAD='(1.0,-1.0)';
    'GPO_15/PWM3.3/LCDFP':
      PIN_NUMBER='(0,0,A14,0)';
      OUTPUT_LOAD='(1.0,-1.0)';
    'GPO_16/PWM3.2/LCDM/LCDENAB':
      PIN_NUMBER='(0,0,D10,0)';
      OUTPUT_LOAD='(1.0,-1.0)';
    'GPO_18/PWM3.1/LCDLP':
      PIN_NUMBER='(0,0,D11,0)';
      OUTPUT_LOAD='(1.0,-1.0)';
    'GPO_21/U4_TX/LCDVD3':
      PIN_NUMBER='(0,0,A13,0)';
      OUTPUT_LOAD='(1.0,-1.0)';
    'GPO_22/U7_HRTS/LCDVD14':
      PIN_NUMBER='(0,0,E10,0)';
      OUTPUT_LOAD='(1.0,-1.0)';
    'HIGHCORE/LCDVD17':
      PIN_NUMBER='(0,0,H16,0)';
      OUTPUT_LOAD='(1.0,-1.0)';
    'I2C1_SCL':
      PIN_NUMBER='(0,0,A5,0)';
      BIDIRECTIONAL='TRUE';
      INPUT_LOAD='(-0.01,0.01)';
      OUTPUT_LOAD='(1.0,-1.0)';
    'I2C1_SDA':
      PIN_NUMBER='(0,0,B6,0)';
      BIDIRECTIONAL='TRUE';
      INPUT_LOAD='(-0.01,0.01)';
      OUTPUT_LOAD='(1.0,-1.0)';
    'I2C2_SCL':
      PIN_NUMBER='(0,0,A3,0)';
      BIDIRECTIONAL='TRUE';
      INPUT_LOAD='(-0.01,0.01)';
      OUTPUT_LOAD='(1.0,-1.0)';
    'I2C2_SDA':
      PIN_NUMBER='(0,0,E4,0)';
      BIDIRECTIONAL='TRUE';
      INPUT_LOAD='(-0.01,0.01)';
      OUTPUT_LOAD='(1.0,-1.0)';
    'FLASH_CLE':
      PIN_NUMBER='(0,0,F3,0)';
      OUTPUT_LOAD='(1.0,-1.0)';
    'FLASH_ALE':
      PIN_NUMBER='(0,0,D2,0)';
      OUTPUT_LOAD='(1.0,-1.0)';
    'FLASH_CE#':
      PIN_NUMBER='(0,0,E3,0)';
      OUTPUT_LOAD='(1.0,-1.0)';
    'P0.2/I2S0RX_SDA/LCDVD4':
      PIN_NUMBER='(0,0,M17,0)';
      BIDIRECTIONAL='TRUE';
      INPUT_LOAD='(-0.01,0.01)';
      OUTPUT_LOAD='(1.0,-1.0)';
    'P0.3/I2S0RX_CLK/LCDVD5':
      PIN_NUMBER='(0,0,M18,0)';
      BIDIRECTIONAL='TRUE';
      INPUT_LOAD='(-0.01,0.01)';
      OUTPUT_LOAD='(1.0,-1.0)';
    'P0.4/I2S0RX_WS/LCDVD6':
      PIN_NUMBER='(0,0,L15,0)';
      BIDIRECTIONAL='TRUE';
      INPUT_LOAD='(-0.01,0.01)';
      OUTPUT_LOAD='(1.0,-1.0)';
    'P0.5/I2S0TX_SDA/LCDVD7':
      PIN_NUMBER='(0,0,L16,0)';
      BIDIRECTIONAL='TRUE';
      INPUT_LOAD='(-0.01,0.01)';
      OUTPUT_LOAD='(1.0,-1.0)';
    'P0.6/I2S0TX_CLK/LCDVD12':
      PIN_NUMBER='(0,0,L17,0)';
      BIDIRECTIONAL='TRUE';
      INPUT_LOAD='(-0.01,0.01)';
      OUTPUT_LOAD='(1.0,-1.0)';
    'P0.7/I2S0TX_WS/LCDVD13':
      PIN_NUMBER='(0,0,L18,0)';
      BIDIRECTIONAL='TRUE';
      INPUT_LOAD='(-0.01,0.01)';
      OUTPUT_LOAD='(1.0,-1.0)';
    'PWM_OUT1/LCDVD16':
      PIN_NUMBER='(0,0,D14,0)';
      OUTPUT_LOAD='(1.0,-1.0)';
    'PWM_OUT2/LCDVD19':
      PIN_NUMBER='(0,0,D15,0)';
      OUTPUT_LOAD='(1.0,-1.0)';
    'SPI2_CLK/SCK1/LCDVD23':
      PIN_NUMBER='(0,0,B10,0)';
      BIDIRECTIONAL='TRUE';
      INPUT_LOAD='(-0.01,0.01)';
      OUTPUT_LOAD='(1.0,-1.0)';
    'SPI2_DATIO/MOSI1/LCDVD20':
      PIN_NUMBER='(0,0,A9,0)';
      BIDIRECTIONAL='TRUE';
      INPUT_LOAD='(-0.01,0.01)';
      OUTPUT_LOAD='(1.0,-1.0)';
    'SYSCLKEN/LCDVD15':
      PIN_NUMBER='(0,0,G17,0)';
      BIDIRECTIONAL='TRUE';
      INPUT_LOAD='(-0.01,0.01)';
      OUTPUT_LOAD='(1.0,-1.0)';
    'U7_HCTS/CAP0.1/GPI_22/LCDCLKIN':
      PIN_NUMBER='(0,0,G13,0)';
      INPUT_LOAD='(-0.01,0.01)';
    'U7_RX/CAP0.0/GPI23/LCDVD10':
      PIN_NUMBER='(0,0,E17,0)';
      BIDIRECTIONAL='TRUE';
      INPUT_LOAD='(-0.01,0.01)';
      OUTPUT_LOAD='(1.0,-1.0)';
    'U7_TX/MAT1.1/LCDVD11':
      PIN_NUMBER='(0,0,E18,0)';
      BIDIRECTIONAL='TRUE';
      INPUT_LOAD='(-0.01,0.01)';
      OUTPUT_LOAD='(1.0,-1.0)';
    'SPI2_DATIN/MISO1/GPI_27/LCDVD21':
      PIN_NUMBER='(0,0,A10,0)';
      BIDIRECTIONAL='TRUE';
      INPUT_LOAD='(-0.01,0.01)';
      OUTPUT_LOAD='(1.0,-1.0)';
    'SPI1_CLK/SCK0':
      PIN_NUMBER='(0,0,C9,0)';
      OUTPUT_LOAD='(1.0,-1.0)';
    'SPI1_DATIN/MISO0/GPI_25':
      PIN_NUMBER='(0,0,C10,0)';
      BIDIRECTIONAL='TRUE';
      INPUT_LOAD='(-0.01,0.01)';
      OUTPUT_LOAD='(1.0,-1.0)';
    'SPI1_DATIO/MOSI0':
      PIN_NUMBER='(0,0,B9,0)';
      BIDIRECTIONAL='TRUE';
      INPUT_LOAD='(-0.01,0.01)';
      OUTPUT_LOAD='(1.0,-1.0)';
    'USB_SE0_VM/U5_TX':
      PIN_NUMBER='(0,0,C5,0)';
      BIDIRECTIONAL='TRUE';
      INPUT_LOAD='(-0.01,0.01)';
      OUTPUT_LOAD='(1.0,-1.0)';
    'USB_OE_TP#':
      PIN_NUMBER='(0,0,D6,0)';
      BIDIRECTIONAL='TRUE';
      INPUT_LOAD='(-0.01,0.01)';
      OUTPUT_LOAD='(1.0,-1.0)';
    'USB_I2C_SDA':
      PIN_NUMBER='(0,0,E6,0)';
      BIDIRECTIONAL='TRUE';
      INPUT_LOAD='(-0.01,0.01)';
      OUTPUT_LOAD='(1.0,-1.0)';
    'USB_I2C_SCL':
      PIN_NUMBER='(0,0,E5,0)';
      BIDIRECTIONAL='TRUE';
      INPUT_LOAD='(-0.01,0.01)';
      OUTPUT_LOAD='(1.0,-1.0)';
    'USB_DAT_VP/U5_RX':
      PIN_NUMBER='(0,0,D5,0)';
      BIDIRECTIONAL='TRUE';
      INPUT_LOAD='(-0.01,0.01)';
      OUTPUT_LOAD='(1.0,-1.0)';
    'USB_ATX_INT#':
      PIN_NUMBER='(0,0,C4,0)';
      INPUT_LOAD='(-0.01,0.01)';
    'MS_DIO0/MAT0.0/PWM3.1':
      PIN_NUMBER='(0,0,A8,0)';
      BIDIRECTIONAL='TRUE';
      INPUT_LOAD='(-0.01,0.01)';
      OUTPUT_LOAD='(1.0,-1.0)';
    'MS_DIO1/MAT0.1/PWM3.2':
      PIN_NUMBER='(0,0,A7,0)';
      BIDIRECTIONAL='TRUE';
      INPUT_LOAD='(-0.01,0.01)';
      OUTPUT_LOAD='(1.0,-1.0)';
    'MS_DIO2/MAT0.2/PWM3.3':
      PIN_NUMBER='(0,0,B8,0)';
      BIDIRECTIONAL='TRUE';
      INPUT_LOAD='(-0.01,0.01)';
      OUTPUT_LOAD='(1.0,-1.0)';
    'MS_DIO3/MAT0.3/PWM3.4':
      PIN_NUMBER='(0,0,C8,0)';
      BIDIRECTIONAL='TRUE';
      INPUT_LOAD='(-0.01,0.01)';
      OUTPUT_LOAD='(1.0,-1.0)';
    'MS_SCLK/MAT2.0/PWM3.5':
      PIN_NUMBER='(0,0,B7,0)';
      BIDIRECTIONAL='TRUE';
      INPUT_LOAD='(-0.01,0.01)';
      OUTPUT_LOAD='(1.0,-1.0)';
    'MS_BS/MAT2.1/PWM3.6':
      PIN_NUMBER='(0,0,A6,0)';
      BIDIRECTIONAL='TRUE';
      INPUT_LOAD='(-0.01,0.01)';
      OUTPUT_LOAD='(1.0,-1.0)';
    'ADIN2'<0>:
      PIN_NUMBER='(0,0,V16,0)';
      INPUT_LOAD='(-0.01,0.01)';
    'EMC_A00/P1.0':
      PIN_NUMBER='(0,L3,0,0)';
      BIDIRECTIONAL='TRUE';
      INPUT_LOAD='(-0.01,0.01)';
      OUTPUT_LOAD='(1.0,-1.0)';
    'EMC_A01/P1.1':
      PIN_NUMBER='(0,L4,0,0)';
      BIDIRECTIONAL='TRUE';
      INPUT_LOAD='(-0.01,0.01)';
      OUTPUT_LOAD='(1.0,-1.0)';
    'EMC_A02/P1.2':
      PIN_NUMBER='(0,M1,0,0)';
      BIDIRECTIONAL='TRUE';
      INPUT_LOAD='(-0.01,0.01)';
      OUTPUT_LOAD='(1.0,-1.0)';
    'EMC_A03/P1.3':
      PIN_NUMBER='(0,M2,0,0)';
      BIDIRECTIONAL='TRUE';
      INPUT_LOAD='(-0.01,0.01)';
      OUTPUT_LOAD='(1.0,-1.0)';
    'EMC_A04/P1.4':
      PIN_NUMBER='(0,M3,0,0)';
      BIDIRECTIONAL='TRUE';
      INPUT_LOAD='(-0.01,0.01)';
      OUTPUT_LOAD='(1.0,-1.0)';
    'EMC_A05/P1.5':
      PIN_NUMBER='(0,N1,0,0)';
      BIDIRECTIONAL='TRUE';
      INPUT_LOAD='(-0.01,0.01)';
      OUTPUT_LOAD='(1.0,-1.0)';
    'EMC_A06/P1.6':
      PIN_NUMBER='(0,N2,0,0)';
      BIDIRECTIONAL='TRUE';
      INPUT_LOAD='(-0.01,0.01)';
      OUTPUT_LOAD='(1.0,-1.0)';
    'EMC_A07/P1.7':
      PIN_NUMBER='(0,N3,0,0)';
      BIDIRECTIONAL='TRUE';
      INPUT_LOAD='(-0.01,0.01)';
      OUTPUT_LOAD='(1.0,-1.0)';
    'EMC_A08/P1.8':
      PIN_NUMBER='(0,M4,0,0)';
      BIDIRECTIONAL='TRUE';
      INPUT_LOAD='(-0.01,0.01)';
      OUTPUT_LOAD='(1.0,-1.0)';
    'EMC_A10/P1.10':
      PIN_NUMBER='(0,P2,0,0)';
      BIDIRECTIONAL='TRUE';
      INPUT_LOAD='(-0.01,0.01)';
      OUTPUT_LOAD='(1.0,-1.0)';
    'EMC_A09/P1.9':
      PIN_NUMBER='(0,P1,0,0)';
      BIDIRECTIONAL='TRUE';
      INPUT_LOAD='(-0.01,0.01)';
      OUTPUT_LOAD='(1.0,-1.0)';
    'EMC_A11/P1.11':
      PIN_NUMBER='(0,P3,0,0)';
      BIDIRECTIONAL='TRUE';
      INPUT_LOAD='(-0.01,0.01)';
      OUTPUT_LOAD='(1.0,-1.0)';
    'EMC_A12/P1.12':
      PIN_NUMBER='(0,N4,0,0)';
      BIDIRECTIONAL='TRUE';
      INPUT_LOAD='(-0.01,0.01)';
      OUTPUT_LOAD='(1.0,-1.0)';
    'EMC_A13/P1.13':
      PIN_NUMBER='(0,R1,0,0)';
      BIDIRECTIONAL='TRUE';
      INPUT_LOAD='(-0.01,0.01)';
      OUTPUT_LOAD='(1.0,-1.0)';
    'EMC_A14/P1.14':
      PIN_NUMBER='(0,R2,0,0)';
      BIDIRECTIONAL='TRUE';
      INPUT_LOAD='(-0.01,0.01)';
      OUTPUT_LOAD='(1.0,-1.0)';
    'EMC_A15/P1.15':
      PIN_NUMBER='(0,L1,0,0)';
      BIDIRECTIONAL='TRUE';
      INPUT_LOAD='(-0.01,0.01)';
      OUTPUT_LOAD='(1.0,-1.0)';
    'EMC_A16/P1.16':
      PIN_NUMBER='(0,K3,0,0)';
      BIDIRECTIONAL='TRUE';
      INPUT_LOAD='(-0.01,0.01)';
      OUTPUT_LOAD='(1.0,-1.0)';
    'EMC_A17/P1.17':
      PIN_NUMBER='(0,K4,0,0)';
      BIDIRECTIONAL='TRUE';
      INPUT_LOAD='(-0.01,0.01)';
      OUTPUT_LOAD='(1.0,-1.0)';
    'EMC_A18/P1.18':
      PIN_NUMBER='(0,K2,0,0)';
      BIDIRECTIONAL='TRUE';
      INPUT_LOAD='(-0.01,0.01)';
      OUTPUT_LOAD='(1.0,-1.0)';
    'EMC_A19/P1.19':
      PIN_NUMBER='(0,K1,0,0)';
      BIDIRECTIONAL='TRUE';
      INPUT_LOAD='(-0.01,0.01)';
      OUTPUT_LOAD='(1.0,-1.0)';
    'EMC_A20/P1.20':
      PIN_NUMBER='(0,J1,0,0)';
      BIDIRECTIONAL='TRUE';
      INPUT_LOAD='(-0.01,0.01)';
      OUTPUT_LOAD='(1.0,-1.0)';
    'EMC_A21/P1.21':
      PIN_NUMBER='(0,J2,0,0)';
      BIDIRECTIONAL='TRUE';
      INPUT_LOAD='(-0.01,0.01)';
      OUTPUT_LOAD='(1.0,-1.0)';
    'EMC_A22/P1.22':
      PIN_NUMBER='(0,J3,0,0)';
      BIDIRECTIONAL='TRUE';
      INPUT_LOAD='(-0.01,0.01)';
      OUTPUT_LOAD='(1.0,-1.0)';
    'EMC_A23/P1.23':
      PIN_NUMBER='(0,J4,0,0)';
      BIDIRECTIONAL='TRUE';
      INPUT_LOAD='(-0.01,0.01)';
      OUTPUT_LOAD='(1.0,-1.0)';
    'EMC_BLS0':
      PIN_NUMBER='(0,U14,0,0)';
      OUTPUT_LOAD='(1.0,-1.0)';
    'EMC_BLS1':
      PIN_NUMBER='(0,T13,0,0)';
      OUTPUT_LOAD='(1.0,-1.0)';
    'EMC_BLS2':
      PIN_NUMBER='(0,R12,0,0)';
      OUTPUT_LOAD='(1.0,-1.0)';
    'EMC_BLS3':
      PIN_NUMBER='(0,P12,0,0)';
      OUTPUT_LOAD='(1.0,-1.0)';
    'EMC_CAS#':
      PIN_NUMBER='(0,R5,0,0)';
      OUTPUT_LOAD='(1.0,-1.0)';
    'EMC_CKE0':
      PIN_NUMBER='(0,U3,0,0)';
      OUTPUT_LOAD='(1.0,-1.0)';
    'EMC_CKE1':
      PIN_NUMBER='(0,L2,0,0)';
      OUTPUT_LOAD='(1.0,-1.0)';
    'EMC_CLK':
      PIN_NUMBER='(0,T3,0,0)';
      OUTPUT_LOAD='(1.0,-1.0)';
    'EMC_CLKIN':
      PIN_NUMBER='(0,T4,0,0)';
      INPUT_LOAD='(-0.01,0.01)';
    'EMC_CS0#':
      PIN_NUMBER='(0,U13,0,0)';
      OUTPUT_LOAD='(1.0,-1.0)';
    'EMC_CS1#':
      PIN_NUMBER='(0,R11,0,0)';
      OUTPUT_LOAD='(1.0,-1.0)';
    'EMC_CS2#':
      PIN_NUMBER='(0,T12,0,0)';
      OUTPUT_LOAD='(1.0,-1.0)';
    'EMC_CS3#':
      PIN_NUMBER='(0,V15,0,0)';
      OUTPUT_LOAD='(1.0,-1.0)';
    'EMC_D00':
      PIN_NUMBER='(0,U4,0,0)';
      BIDIRECTIONAL='TRUE';
      INPUT_LOAD='(-0.01,0.01)';
      OUTPUT_LOAD='(1.0,-1.0)';
    'EMC_D01':
      PIN_NUMBER='(0,R7,0,0)';
      BIDIRECTIONAL='TRUE';
      INPUT_LOAD='(-0.01,0.01)';
      OUTPUT_LOAD='(1.0,-1.0)';
    'EMC_D02':
      PIN_NUMBER='(0,T5,0,0)';
      BIDIRECTIONAL='TRUE';
      INPUT_LOAD='(-0.01,0.01)';
      OUTPUT_LOAD='(1.0,-1.0)';
    'EMC_D03':
      PIN_NUMBER='(0,U5,0,0)';
      BIDIRECTIONAL='TRUE';
      INPUT_LOAD='(-0.01,0.01)';
      OUTPUT_LOAD='(1.0,-1.0)';
    'EMC_D04':
      PIN_NUMBER='(0,V3,0,0)';
      BIDIRECTIONAL='TRUE';
      INPUT_LOAD='(-0.01,0.01)';
      OUTPUT_LOAD='(1.0,-1.0)';
    'EMC_D05':
      PIN_NUMBER='(0,V4,0,0)';
      BIDIRECTIONAL='TRUE';
      INPUT_LOAD='(-0.01,0.01)';
      OUTPUT_LOAD='(1.0,-1.0)';
    'EMC_D06':
      PIN_NUMBER='(0,T6,0,0)';
      BIDIRECTIONAL='TRUE';
      INPUT_LOAD='(-0.01,0.01)';
      OUTPUT_LOAD='(1.0,-1.0)';
    'EMC_D07':
      PIN_NUMBER='(0,R8,0,0)';
      BIDIRECTIONAL='TRUE';
      INPUT_LOAD='(-0.01,0.01)';
      OUTPUT_LOAD='(1.0,-1.0)';
    'EMC_D08':
      PIN_NUMBER='(0,V5,0,0)';
      BIDIRECTIONAL='TRUE';
      INPUT_LOAD='(-0.01,0.01)';
      OUTPUT_LOAD='(1.0,-1.0)';
    'EMC_D09':
      PIN_NUMBER='(0,U6,0,0)';
      BIDIRECTIONAL='TRUE';
      INPUT_LOAD='(-0.01,0.01)';
      OUTPUT_LOAD='(1.0,-1.0)';
    'EMC_D10':
      PIN_NUMBER='(0,V6,0,0)';
      BIDIRECTIONAL='TRUE';
      INPUT_LOAD='(-0.01,0.01)';
      OUTPUT_LOAD='(1.0,-1.0)';
    'EMC_D11':
      PIN_NUMBER='(0,T7,0,0)';
      BIDIRECTIONAL='TRUE';
      INPUT_LOAD='(-0.01,0.01)';
      OUTPUT_LOAD='(1.0,-1.0)';
    'EMC_D12':
      PIN_NUMBER='(0,U7,0,0)';
      BIDIRECTIONAL='TRUE';
      INPUT_LOAD='(-0.01,0.01)';
      OUTPUT_LOAD='(1.0,-1.0)';
    'EMC_D13':
      PIN_NUMBER='(0,V7,0,0)';
      BIDIRECTIONAL='TRUE';
      INPUT_LOAD='(-0.01,0.01)';
      OUTPUT_LOAD='(1.0,-1.0)';
    'EMC_D14':
      PIN_NUMBER='(0,T8,0,0)';
      BIDIRECTIONAL='TRUE';
      INPUT_LOAD='(-0.01,0.01)';
      OUTPUT_LOAD='(1.0,-1.0)';
    'EMC_D15':
      PIN_NUMBER='(0,U8,0,0)';
      BIDIRECTIONAL='TRUE';
      INPUT_LOAD='(-0.01,0.01)';
      OUTPUT_LOAD='(1.0,-1.0)';
    'EMC_D16/DDR_DQS0':
      PIN_NUMBER='(0,V8,0,0)';
      BIDIRECTIONAL='TRUE';
      INPUT_LOAD='(-0.01,0.01)';
      OUTPUT_LOAD='(1.0,-1.0)';
    'EMC_D17/DDR_DQS1':
      PIN_NUMBER='(0,R9,0,0)';
      BIDIRECTIONAL='TRUE';
      INPUT_LOAD='(-0.01,0.01)';
      OUTPUT_LOAD='(1.0,-1.0)';
    'EMC_D18/DDR_NCLK':
      PIN_NUMBER='(0,V9,0,0)';
      BIDIRECTIONAL='TRUE';
      INPUT_LOAD='(-0.01,0.01)';
      OUTPUT_LOAD='(1.0,-1.0)';
    'EMC_D19/P2.0':
      PIN_NUMBER='(0,U9,0,0)';
      BIDIRECTIONAL='TRUE';
      INPUT_LOAD='(-0.01,0.01)';
      OUTPUT_LOAD='(1.0,-1.0)';
    'EMC_D20/P2.1':
      PIN_NUMBER='(0,T9,0,0)';
      BIDIRECTIONAL='TRUE';
      INPUT_LOAD='(-0.01,0.01)';
      OUTPUT_LOAD='(1.0,-1.0)';
    'EMC_D21/P2.2':
      PIN_NUMBER='(0,V10,0,0)';
      BIDIRECTIONAL='TRUE';
      INPUT_LOAD='(-0.01,0.01)';
      OUTPUT_LOAD='(1.0,-1.0)';
    'EMC_D22/P2.3':
      PIN_NUMBER='(0,U10,0,0)';
      BIDIRECTIONAL='TRUE';
      INPUT_LOAD='(-0.01,0.01)';
      OUTPUT_LOAD='(1.0,-1.0)';
    'EMC_D23/P2.4':
      PIN_NUMBER='(0,T10,0,0)';
      BIDIRECTIONAL='TRUE';
      INPUT_LOAD='(-0.01,0.01)';
      OUTPUT_LOAD='(1.0,-1.0)';
    'EMC_D24/P2.5':
      PIN_NUMBER='(0,R10,0,0)';
      BIDIRECTIONAL='TRUE';
      INPUT_LOAD='(-0.01,0.01)';
      OUTPUT_LOAD='(1.0,-1.0)';
    'EMC_D25/P2.6':
      PIN_NUMBER='(0,V11,0,0)';
      BIDIRECTIONAL='TRUE';
      INPUT_LOAD='(-0.01,0.01)';
      OUTPUT_LOAD='(1.0,-1.0)';
    'EMC_D26/P2.7':
      PIN_NUMBER='(0,U11,0,0)';
      BIDIRECTIONAL='TRUE';
      INPUT_LOAD='(-0.01,0.01)';
      OUTPUT_LOAD='(1.0,-1.0)';
    'EMC_D27/P2.8':
      PIN_NUMBER='(0,T11,0,0)';
      BIDIRECTIONAL='TRUE';
      INPUT_LOAD='(-0.01,0.01)';
      OUTPUT_LOAD='(1.0,-1.0)';
    'EMC_D28/P2.9':
      PIN_NUMBER='(0,V12,0,0)';
      BIDIRECTIONAL='TRUE';
      INPUT_LOAD='(-0.01,0.01)';
      OUTPUT_LOAD='(1.0,-1.0)';
    'EMC_D29/P2.10':
      PIN_NUMBER='(0,V13,0,0)';
      BIDIRECTIONAL='TRUE';
      INPUT_LOAD='(-0.01,0.01)';
      OUTPUT_LOAD='(1.0,-1.0)';
    'EMC_D30/P2.11':
      PIN_NUMBER='(0,U12,0,0)';
      BIDIRECTIONAL='TRUE';
      INPUT_LOAD='(-0.01,0.01)';
      OUTPUT_LOAD='(1.0,-1.0)';
    'EMC_D31/P2.12':
      PIN_NUMBER='(0,V14,0,0)';
      BIDIRECTIONAL='TRUE';
      INPUT_LOAD='(-0.01,0.01)';
      OUTPUT_LOAD='(1.0,-1.0)';
    'EMC_DQM0':
      PIN_NUMBER='(0,R3,0,0)';
      OUTPUT_LOAD='(1.0,-1.0)';
    'EMC_DQM1':
      PIN_NUMBER='(0,P4,0,0)';
      OUTPUT_LOAD='(1.0,-1.0)';
    'EMC_DQM2':
      PIN_NUMBER='(0,T1,0,0)';
      OUTPUT_LOAD='(1.0,-1.0)';
    'EMC_DQM3':
      PIN_NUMBER='(0,P5,0,0)';
      BIDIRECTIONAL='TRUE';
      INPUT_LOAD='(-0.01,0.01)';
      OUTPUT_LOAD='(1.0,-1.0)';
    'EMC_WR#':
      PIN_NUMBER='(0,R4,0,0)';
      OUTPUT_LOAD='(1.0,-1.0)';
    'EMC_DYCS0#':
      PIN_NUMBER='(0,R6,0,0)';
      OUTPUT_LOAD='(1.0,-1.0)';
    'EMC_DYCS1#':
      PIN_NUMBER='(0,G1,0,0)';
      OUTPUT_LOAD='(1.0,-1.0)';
    'EMC_OE#':
      PIN_NUMBER='(0,H1,0,0)';
      OUTPUT_LOAD='(1.0,-1.0)';
    'EMC_RAS#':
      PIN_NUMBER='(0,T2,0,0)';
      OUTPUT_LOAD='(1.0,-1.0)';
    'VDD_CORE'<0>:
      PIN_NUMBER='(G7,0,0,0)';
      PINUSE='POWER';
      NO_LOAD_CHECK='Both';
      NO_IO_CHECK='Both';
      NO_ASSERT_CHECK='TRUE';
      NO_DIR_CHECK='TRUE';
      ALLOW_CONNECT='TRUE';
    'VDD_CORE'<1>:
      PIN_NUMBER='(G9,0,0,0)';
      PINUSE='POWER';
      NO_LOAD_CHECK='Both';
      NO_IO_CHECK='Both';
      NO_ASSERT_CHECK='TRUE';
      NO_DIR_CHECK='TRUE';
      ALLOW_CONNECT='TRUE';
    'VDD_CORE'<2>:
      PIN_NUMBER='(G11,0,0,0)';
      PINUSE='POWER';
      NO_LOAD_CHECK='Both';
      NO_IO_CHECK='Both';
      NO_ASSERT_CHECK='TRUE';
      NO_DIR_CHECK='TRUE';
      ALLOW_CONNECT='TRUE';
    'VDD_CORE'<3>:
      PIN_NUMBER='(J7,0,0,0)';
      PINUSE='POWER';
      NO_LOAD_CHECK='Both';
      NO_IO_CHECK='Both';
      NO_ASSERT_CHECK='TRUE';
      NO_DIR_CHECK='TRUE';
      ALLOW_CONNECT='TRUE';
    'VDD_CORE'<4>:
      PIN_NUMBER='(J12,0,0,0)';
      PINUSE='POWER';
      NO_LOAD_CHECK='Both';
      NO_IO_CHECK='Both';
      NO_ASSERT_CHECK='TRUE';
      NO_DIR_CHECK='TRUE';
      ALLOW_CONNECT='TRUE';
    'VDD_CORE'<5>:
      PIN_NUMBER='(M7,0,0,0)';
      PINUSE='POWER';
      NO_LOAD_CHECK='Both';
      NO_IO_CHECK='Both';
      NO_ASSERT_CHECK='TRUE';
      NO_DIR_CHECK='TRUE';
      ALLOW_CONNECT='TRUE';
    'VDD_CORE'<6>:
      PIN_NUMBER='(M11,0,0,0)';
      PINUSE='POWER';
      NO_LOAD_CHECK='Both';
      NO_IO_CHECK='Both';
      NO_ASSERT_CHECK='TRUE';
      NO_DIR_CHECK='TRUE';
      ALLOW_CONNECT='TRUE';
    'VDD_COREFXD'<0>:
      PIN_NUMBER='(L12,0,0,0)';
      PINUSE='POWER';
      NO_LOAD_CHECK='Both';
      NO_IO_CHECK='Both';
      NO_ASSERT_CHECK='TRUE';
      NO_DIR_CHECK='TRUE';
      ALLOW_CONNECT='TRUE';
    'VDD_COREFXD'<1>:
      PIN_NUMBER='(M13,0,0,0)';
      PINUSE='POWER';
      NO_LOAD_CHECK='Both';
      NO_IO_CHECK='Both';
      NO_ASSERT_CHECK='TRUE';
      NO_DIR_CHECK='TRUE';
      ALLOW_CONNECT='TRUE';
    'VDD_OSC':
      PIN_NUMBER='(T18,0,0,0)';
      PINUSE='POWER';
      NO_LOAD_CHECK='Both';
      NO_IO_CHECK='Both';
      NO_ASSERT_CHECK='TRUE';
      NO_DIR_CHECK='TRUE';
      ALLOW_CONNECT='TRUE';
    'VDD_PLL397':
      PIN_NUMBER='(T16,0,0,0)';
      PINUSE='POWER';
      NO_LOAD_CHECK='Both';
      NO_IO_CHECK='Both';
      NO_ASSERT_CHECK='TRUE';
      NO_DIR_CHECK='TRUE';
      ALLOW_CONNECT='TRUE';
    'VDD_PLLHCLK':
      PIN_NUMBER='(R17,0,0,0)';
      PINUSE='POWER';
      NO_LOAD_CHECK='Both';
      NO_IO_CHECK='Both';
      NO_ASSERT_CHECK='TRUE';
      NO_DIR_CHECK='TRUE';
      ALLOW_CONNECT='TRUE';
    'VDD_PLLUSB':
      PIN_NUMBER='(P15,0,0,0)';
      PINUSE='POWER';
      NO_LOAD_CHECK='Both';
      NO_IO_CHECK='Both';
      NO_ASSERT_CHECK='TRUE';
      NO_DIR_CHECK='TRUE';
      ALLOW_CONNECT='TRUE';
    'VDD_RTC':
      PIN_NUMBER='(K14,0,0,0)';
      PINUSE='POWER';
      NO_LOAD_CHECK='Both';
      NO_IO_CHECK='Both';
      NO_ASSERT_CHECK='TRUE';
      NO_DIR_CHECK='TRUE';
      ALLOW_CONNECT='TRUE';
    'VDD_RTCCORE':
      PIN_NUMBER='(L13,0,0,0)';
      PINUSE='POWER';
      NO_LOAD_CHECK='Both';
      NO_IO_CHECK='Both';
      NO_ASSERT_CHECK='TRUE';
      NO_DIR_CHECK='TRUE';
      ALLOW_CONNECT='TRUE';
    'VDD_RTCOSC':
      PIN_NUMBER='(N15,0,0,0)';
      PINUSE='POWER';
      NO_LOAD_CHECK='Both';
      NO_IO_CHECK='Both';
      NO_ASSERT_CHECK='TRUE';
      NO_DIR_CHECK='TRUE';
      ALLOW_CONNECT='TRUE';
    'VDD_EMC'<0>:
      PIN_NUMBER='(J6,0,0,0)';
      PINUSE='POWER';
      NO_LOAD_CHECK='Both';
      NO_IO_CHECK='Both';
      NO_ASSERT_CHECK='TRUE';
      NO_DIR_CHECK='TRUE';
      ALLOW_CONNECT='TRUE';
    'VDD_EMC'<1>:
      PIN_NUMBER='(K6,0,0,0)';
      PINUSE='POWER';
      NO_LOAD_CHECK='Both';
      NO_IO_CHECK='Both';
      NO_ASSERT_CHECK='TRUE';
      NO_DIR_CHECK='TRUE';
      ALLOW_CONNECT='TRUE';
    'VDD_EMC'<2>:
      PIN_NUMBER='(K7,0,0,0)';
      PINUSE='POWER';
      NO_LOAD_CHECK='Both';
      NO_IO_CHECK='Both';
      NO_ASSERT_CHECK='TRUE';
      NO_DIR_CHECK='TRUE';
      ALLOW_CONNECT='TRUE';
    'VDD_EMC'<3>:
      PIN_NUMBER='(L6,0,0,0)';
      PINUSE='POWER';
      NO_LOAD_CHECK='Both';
      NO_IO_CHECK='Both';
      NO_ASSERT_CHECK='TRUE';
      NO_DIR_CHECK='TRUE';
      ALLOW_CONNECT='TRUE';
    'VDD_EMC'<4>:
      PIN_NUMBER='(M6,0,0,0)';
      PINUSE='POWER';
      NO_LOAD_CHECK='Both';
      NO_IO_CHECK='Both';
      NO_ASSERT_CHECK='TRUE';
      NO_DIR_CHECK='TRUE';
      ALLOW_CONNECT='TRUE';
    'VDD_EMC'<5>:
      PIN_NUMBER='(M8,0,0,0)';
      PINUSE='POWER';
      NO_LOAD_CHECK='Both';
      NO_IO_CHECK='Both';
      NO_ASSERT_CHECK='TRUE';
      NO_DIR_CHECK='TRUE';
      ALLOW_CONNECT='TRUE';
    'VDD_EMC'<6>:
      PIN_NUMBER='(N7,0,0,0)';
      PINUSE='POWER';
      NO_LOAD_CHECK='Both';
      NO_IO_CHECK='Both';
      NO_ASSERT_CHECK='TRUE';
      NO_DIR_CHECK='TRUE';
      ALLOW_CONNECT='TRUE';
    'VDD_EMC'<7>:
      PIN_NUMBER='(N8,0,0,0)';
      PINUSE='POWER';
      NO_LOAD_CHECK='Both';
      NO_IO_CHECK='Both';
      NO_ASSERT_CHECK='TRUE';
      NO_DIR_CHECK='TRUE';
      ALLOW_CONNECT='TRUE';
    'VDD_EMC'<8>:
      PIN_NUMBER='(N9,0,0,0)';
      PINUSE='POWER';
      NO_LOAD_CHECK='Both';
      NO_IO_CHECK='Both';
      NO_ASSERT_CHECK='TRUE';
      NO_DIR_CHECK='TRUE';
      ALLOW_CONNECT='TRUE';
    'VDD_EMC'<9>:
      PIN_NUMBER='(N10,0,0,0)';
      PINUSE='POWER';
      NO_LOAD_CHECK='Both';
      NO_IO_CHECK='Both';
      NO_ASSERT_CHECK='TRUE';
      NO_DIR_CHECK='TRUE';
      ALLOW_CONNECT='TRUE';
    'VDD_EMC'<10>:
      PIN_NUMBER='(N11,0,0,0)';
      PINUSE='POWER';
      NO_LOAD_CHECK='Both';
      NO_IO_CHECK='Both';
      NO_ASSERT_CHECK='TRUE';
      NO_DIR_CHECK='TRUE';
      ALLOW_CONNECT='TRUE';
    'VDD_IOA'<0>:
      PIN_NUMBER='(H13,0,0,0)';
      PINUSE='POWER';
      NO_LOAD_CHECK='Both';
      NO_IO_CHECK='Both';
      NO_ASSERT_CHECK='TRUE';
      NO_DIR_CHECK='TRUE';
      ALLOW_CONNECT='TRUE';
    'VDD_IOA'<1>:
      PIN_NUMBER='(J13,0,0,0)';
      PINUSE='POWER';
      NO_LOAD_CHECK='Both';
      NO_IO_CHECK='Both';
      NO_ASSERT_CHECK='TRUE';
      NO_DIR_CHECK='TRUE';
      ALLOW_CONNECT='TRUE';
    'VDD_IOB':
      PIN_NUMBER='(F8,0,0,0)';
      PINUSE='POWER';
      NO_LOAD_CHECK='Both';
      NO_IO_CHECK='Both';
      NO_ASSERT_CHECK='TRUE';
      NO_DIR_CHECK='TRUE';
      ALLOW_CONNECT='TRUE';
    'VDD_IOC'<0>:
      PIN_NUMBER='(F7,0,0,0)';
      PINUSE='POWER';
      NO_LOAD_CHECK='Both';
      NO_IO_CHECK='Both';
      NO_ASSERT_CHECK='TRUE';
      NO_DIR_CHECK='TRUE';
      ALLOW_CONNECT='TRUE';
    'VDD_IOC'<1>:
      PIN_NUMBER='(G6,0,0,0)';
      PINUSE='POWER';
      NO_LOAD_CHECK='Both';
      NO_IO_CHECK='Both';
      NO_ASSERT_CHECK='TRUE';
      NO_DIR_CHECK='TRUE';
      ALLOW_CONNECT='TRUE';
    'VDD_IOC'<2>:
      PIN_NUMBER='(H6,0,0,0)';
      PINUSE='POWER';
      NO_LOAD_CHECK='Both';
      NO_IO_CHECK='Both';
      NO_ASSERT_CHECK='TRUE';
      NO_DIR_CHECK='TRUE';
      ALLOW_CONNECT='TRUE';
    'VDD_IOC'<3>:
      PIN_NUMBER='(J5,0,0,0)';
      PINUSE='POWER';
      NO_LOAD_CHECK='Both';
      NO_IO_CHECK='Both';
      NO_ASSERT_CHECK='TRUE';
      NO_DIR_CHECK='TRUE';
      ALLOW_CONNECT='TRUE';
    'VDD_IOD'<0>:
      PIN_NUMBER='(F9,0,0,0)';
      PINUSE='POWER';
      NO_LOAD_CHECK='Both';
      NO_IO_CHECK='Both';
      NO_ASSERT_CHECK='TRUE';
      NO_DIR_CHECK='TRUE';
      ALLOW_CONNECT='TRUE';
    'VDD_IOD'<1>:
      PIN_NUMBER='(F13,0,0,0)';
      PINUSE='POWER';
      NO_LOAD_CHECK='Both';
      NO_IO_CHECK='Both';
      NO_ASSERT_CHECK='TRUE';
      NO_DIR_CHECK='TRUE';
      ALLOW_CONNECT='TRUE';
    'VDD_FUSE':
      PIN_NUMBER='(N14,0,0,0)';
      PINUSE='POWER';
      NO_LOAD_CHECK='Both';
      NO_IO_CHECK='Both';
      NO_ASSERT_CHECK='TRUE';
      NO_DIR_CHECK='TRUE';
      ALLOW_CONNECT='TRUE';
    'VDD_AD'<0>:
      PIN_NUMBER='(N12,0,0,0)';
      PINUSE='POWER';
      NO_LOAD_CHECK='Both';
      NO_IO_CHECK='Both';
      NO_ASSERT_CHECK='TRUE';
      NO_DIR_CHECK='TRUE';
      ALLOW_CONNECT='TRUE';
    'VDD_AD'<1>:
      PIN_NUMBER='(N13,0,0,0)';
      PINUSE='POWER';
      NO_LOAD_CHECK='Both';
      NO_IO_CHECK='Both';
      NO_ASSERT_CHECK='TRUE';
      NO_DIR_CHECK='TRUE';
      ALLOW_CONNECT='TRUE';
    'VSS_AD':
      PIN_NUMBER='(P13,0,0,0)';
      PINUSE='POWER';
      NO_LOAD_CHECK='Both';
      NO_IO_CHECK='Both';
      NO_ASSERT_CHECK='TRUE';
      NO_DIR_CHECK='TRUE';
      ALLOW_CONNECT='TRUE';
    'VSS_CORE'<0>:
      PIN_NUMBER='(G8,0,0,0)';
      PINUSE='POWER';
      NO_LOAD_CHECK='Both';
      NO_IO_CHECK='Both';
      NO_ASSERT_CHECK='TRUE';
      NO_DIR_CHECK='TRUE';
      ALLOW_CONNECT='TRUE';
    'VSS_CORE'<1>:
      PIN_NUMBER='(G10,0,0,0)';
      PINUSE='POWER';
      NO_LOAD_CHECK='Both';
      NO_IO_CHECK='Both';
      NO_ASSERT_CHECK='TRUE';
      NO_DIR_CHECK='TRUE';
      ALLOW_CONNECT='TRUE';
    'VSS_CORE'<2>:
      PIN_NUMBER='(G12,0,0,0)';
      PINUSE='POWER';
      NO_LOAD_CHECK='Both';
      NO_IO_CHECK='Both';
      NO_ASSERT_CHECK='TRUE';
      NO_DIR_CHECK='TRUE';
      ALLOW_CONNECT='TRUE';
    'VSS_CORE'<3>:
      PIN_NUMBER='(H7,0,0,0)';
      PINUSE='POWER';
      NO_LOAD_CHECK='Both';
      NO_IO_CHECK='Both';
      NO_ASSERT_CHECK='TRUE';
      NO_DIR_CHECK='TRUE';
      ALLOW_CONNECT='TRUE';
    'VSS_CORE'<4>:
      PIN_NUMBER='(K12,0,0,0)';
      PINUSE='POWER';
      NO_LOAD_CHECK='Both';
      NO_IO_CHECK='Both';
      NO_ASSERT_CHECK='TRUE';
      NO_DIR_CHECK='TRUE';
      ALLOW_CONNECT='TRUE';
    'VSS_CORE'<5>:
      PIN_NUMBER='(L7,0,0,0)';
      PINUSE='POWER';
      NO_LOAD_CHECK='Both';
      NO_IO_CHECK='Both';
      NO_ASSERT_CHECK='TRUE';
      NO_DIR_CHECK='TRUE';
      ALLOW_CONNECT='TRUE';
    'VSS_CORE'<6>:
      PIN_NUMBER='(M9,0,0,0)';
      PINUSE='POWER';
      NO_LOAD_CHECK='Both';
      NO_IO_CHECK='Both';
      NO_ASSERT_CHECK='TRUE';
      NO_DIR_CHECK='TRUE';
      ALLOW_CONNECT='TRUE';
    'VSS_CORE'<7>:
      PIN_NUMBER='(M10,0,0,0)';
      PINUSE='POWER';
      NO_LOAD_CHECK='Both';
      NO_IO_CHECK='Both';
      NO_ASSERT_CHECK='TRUE';
      NO_DIR_CHECK='TRUE';
      ALLOW_CONNECT='TRUE';
    'VSS_CORE'<8>:
      PIN_NUMBER='(M12,0,0,0)';
      PINUSE='POWER';
      NO_LOAD_CHECK='Both';
      NO_IO_CHECK='Both';
      NO_ASSERT_CHECK='TRUE';
      NO_DIR_CHECK='TRUE';
      ALLOW_CONNECT='TRUE';
    'VSS_EMC'<0>:
      PIN_NUMBER='(K5,0,0,0)';
      PINUSE='POWER';
      NO_LOAD_CHECK='Both';
      NO_IO_CHECK='Both';
      NO_ASSERT_CHECK='TRUE';
      NO_DIR_CHECK='TRUE';
      ALLOW_CONNECT='TRUE';
    'VSS_EMC'<1>:
      PIN_NUMBER='(L5,0,0,0)';
      PINUSE='POWER';
      NO_LOAD_CHECK='Both';
      NO_IO_CHECK='Both';
      NO_ASSERT_CHECK='TRUE';
      NO_DIR_CHECK='TRUE';
      ALLOW_CONNECT='TRUE';
    'VSS_EMC'<2>:
      PIN_NUMBER='(M5,0,0,0)';
      PINUSE='POWER';
      NO_LOAD_CHECK='Both';
      NO_IO_CHECK='Both';
      NO_ASSERT_CHECK='TRUE';
      NO_DIR_CHECK='TRUE';
      ALLOW_CONNECT='TRUE';
    'VSS_EMC'<3>:
      PIN_NUMBER='(N5,0,0,0)';
      PINUSE='POWER';
      NO_LOAD_CHECK='Both';
      NO_IO_CHECK='Both';
      NO_ASSERT_CHECK='TRUE';
      NO_DIR_CHECK='TRUE';
      ALLOW_CONNECT='TRUE';
    'VSS_EMC'<4>:
      PIN_NUMBER='(N6,0,0,0)';
      PINUSE='POWER';
      NO_LOAD_CHECK='Both';
      NO_IO_CHECK='Both';
      NO_ASSERT_CHECK='TRUE';
      NO_DIR_CHECK='TRUE';
      ALLOW_CONNECT='TRUE';
    'VSS_EMC'<5>:
      PIN_NUMBER='(P6,0,0,0)';
      PINUSE='POWER';
      NO_LOAD_CHECK='Both';
      NO_IO_CHECK='Both';
      NO_ASSERT_CHECK='TRUE';
      NO_DIR_CHECK='TRUE';
      ALLOW_CONNECT='TRUE';
    'VSS_EMC'<6>:
      PIN_NUMBER='(P7,0,0,0)';
      PINUSE='POWER';
      NO_LOAD_CHECK='Both';
      NO_IO_CHECK='Both';
      NO_ASSERT_CHECK='TRUE';
      NO_DIR_CHECK='TRUE';
      ALLOW_CONNECT='TRUE';
    'VSS_EMC'<7>:
      PIN_NUMBER='(P8,0,0,0)';
      PINUSE='POWER';
      NO_LOAD_CHECK='Both';
      NO_IO_CHECK='Both';
      NO_ASSERT_CHECK='TRUE';
      NO_DIR_CHECK='TRUE';
      ALLOW_CONNECT='TRUE';
    'VSS_EMC'<8>:
      PIN_NUMBER='(P9,0,0,0)';
      PINUSE='POWER';
      NO_LOAD_CHECK='Both';
      NO_IO_CHECK='Both';
      NO_ASSERT_CHECK='TRUE';
      NO_DIR_CHECK='TRUE';
      ALLOW_CONNECT='TRUE';
    'VSS_EMC'<9>:
      PIN_NUMBER='(P10,0,0,0)';
      PINUSE='POWER';
      NO_LOAD_CHECK='Both';
      NO_IO_CHECK='Both';
      NO_ASSERT_CHECK='TRUE';
      NO_DIR_CHECK='TRUE';
      ALLOW_CONNECT='TRUE';
    'VSS_EMC'<10>:
      PIN_NUMBER='(P11,0,0,0)';
      PINUSE='POWER';
      NO_LOAD_CHECK='Both';
      NO_IO_CHECK='Both';
      NO_ASSERT_CHECK='TRUE';
      NO_DIR_CHECK='TRUE';
      ALLOW_CONNECT='TRUE';
    'VSS_IOA':
      PIN_NUMBER='(K13,0,0,0)';
      PINUSE='POWER';
      NO_LOAD_CHECK='Both';
      NO_IO_CHECK='Both';
      NO_ASSERT_CHECK='TRUE';
      NO_DIR_CHECK='TRUE';
      ALLOW_CONNECT='TRUE';
    'VSS_IOB':
      PIN_NUMBER='(F6,0,0,0)';
      PINUSE='POWER';
      NO_LOAD_CHECK='Both';
      NO_IO_CHECK='Both';
      NO_ASSERT_CHECK='TRUE';
      NO_DIR_CHECK='TRUE';
      ALLOW_CONNECT='TRUE';
    'VSS_IOC'<0>:
      PIN_NUMBER='(F5,0,0,0)';
      PINUSE='POWER';
      NO_LOAD_CHECK='Both';
      NO_IO_CHECK='Both';
      NO_ASSERT_CHECK='TRUE';
      NO_DIR_CHECK='TRUE';
      ALLOW_CONNECT='TRUE';
    'VSS_IOC'<1>:
      PIN_NUMBER='(G5,0,0,0)';
      PINUSE='POWER';
      NO_LOAD_CHECK='Both';
      NO_IO_CHECK='Both';
      NO_ASSERT_CHECK='TRUE';
      NO_DIR_CHECK='TRUE';
      ALLOW_CONNECT='TRUE';
    'VSS_IOC'<2>:
      PIN_NUMBER='(H5,0,0,0)';
      PINUSE='POWER';
      NO_LOAD_CHECK='Both';
      NO_IO_CHECK='Both';
      NO_ASSERT_CHECK='TRUE';
      NO_DIR_CHECK='TRUE';
      ALLOW_CONNECT='TRUE';
    'VSS_IOD'<0>:
      PIN_NUMBER='(F10,0,0,0)';
      PINUSE='POWER';
      NO_LOAD_CHECK='Both';
      NO_IO_CHECK='Both';
      NO_ASSERT_CHECK='TRUE';
      NO_DIR_CHECK='TRUE';
      ALLOW_CONNECT='TRUE';
    'VSS_IOD'<1>:
      PIN_NUMBER='(F11,0,0,0)';
      PINUSE='POWER';
      NO_LOAD_CHECK='Both';
      NO_IO_CHECK='Both';
      NO_ASSERT_CHECK='TRUE';
      NO_DIR_CHECK='TRUE';
      ALLOW_CONNECT='TRUE';
    'VSS_IOD'<2>:
      PIN_NUMBER='(F12,0,0,0)';
      PINUSE='POWER';
      NO_LOAD_CHECK='Both';
      NO_IO_CHECK='Both';
      NO_ASSERT_CHECK='TRUE';
      NO_DIR_CHECK='TRUE';
      ALLOW_CONNECT='TRUE';
    'VSS_IOD'<3>:
      PIN_NUMBER='(H12,0,0,0)';
      PINUSE='POWER';
      NO_LOAD_CHECK='Both';
      NO_IO_CHECK='Both';
      NO_ASSERT_CHECK='TRUE';
      NO_DIR_CHECK='TRUE';
      ALLOW_CONNECT='TRUE';
    'VSS_OSC':
      PIN_NUMBER='(P14,0,0,0)';
      PINUSE='POWER';
      NO_LOAD_CHECK='Both';
      NO_IO_CHECK='Both';
      NO_ASSERT_CHECK='TRUE';
      NO_DIR_CHECK='TRUE';
      ALLOW_CONNECT='TRUE';
    'VSS_PLL397':
      PIN_NUMBER='(T15,0,0,0)';
      PINUSE='POWER';
      NO_LOAD_CHECK='Both';
      NO_IO_CHECK='Both';
      NO_ASSERT_CHECK='TRUE';
      NO_DIR_CHECK='TRUE';
      ALLOW_CONNECT='TRUE';
    'VSS_PLLHCLK':
      PIN_NUMBER='(R18,0,0,0)';
      PINUSE='POWER';
      NO_LOAD_CHECK='Both';
      NO_IO_CHECK='Both';
      NO_ASSERT_CHECK='TRUE';
      NO_DIR_CHECK='TRUE';
      ALLOW_CONNECT='TRUE';
    'VSS_PLLUSB':
      PIN_NUMBER='(R16,0,0,0)';
      PINUSE='POWER';
      NO_LOAD_CHECK='Both';
      NO_IO_CHECK='Both';
      NO_ASSERT_CHECK='TRUE';
      NO_DIR_CHECK='TRUE';
      ALLOW_CONNECT='TRUE';
    'VSS_RTCCORE':
      PIN_NUMBER='(L14,0,0,0)';
      PINUSE='POWER';
      NO_LOAD_CHECK='Both';
      NO_IO_CHECK='Both';
      NO_ASSERT_CHECK='TRUE';
      NO_DIR_CHECK='TRUE';
      ALLOW_CONNECT='TRUE';
    'VSS_RTCOSC':
      PIN_NUMBER='(P18,0,0,0)';
      PINUSE='POWER';
      NO_LOAD_CHECK='Both';
      NO_IO_CHECK='Both';
      NO_ASSERT_CHECK='TRUE';
      NO_DIR_CHECK='TRUE';
      ALLOW_CONNECT='TRUE';
    'N/C2':
      PIN_NUMBER='(U17,0,0,0)';
      PIN_TYPE='ANALOG';
      NO_LOAD_CHECK='Both';
      NO_IO_CHECK='Both';
      NO_ASSERT_CHECK='TRUE';
      NO_DIR_CHECK='TRUE';
      ALLOW_CONNECT='TRUE';
    'N/C1':
      PIN_NUMBER='(B17,0,0,0)';
      PIN_TYPE='ANALOG';
      NO_LOAD_CHECK='Both';
      NO_IO_CHECK='Both';
      NO_ASSERT_CHECK='TRUE';
      NO_DIR_CHECK='TRUE';
      ALLOW_CONNECT='TRUE';
    'N/C3':
      PIN_NUMBER='(U2,0,0,0)';
      PIN_TYPE='ANALOG';
      NO_LOAD_CHECK='Both';
      NO_IO_CHECK='Both';
      NO_ASSERT_CHECK='TRUE';
      NO_DIR_CHECK='TRUE';
      ALLOW_CONNECT='TRUE';
    'PLL397_LOOP':
      PIN_NUMBER='(R14,0,0,0)';
      BIDIRECTIONAL='TRUE';
      INPUT_LOAD='(-0.01,0.01)';
      OUTPUT_LOAD='(1.0,-1.0)';
  end_pin;
  body
    BODY_NAME='LPC3220_30_40_50';
    PART_NAME='LPC3220_30_40_50';
    PHYS_DES_PREFIX='U';
    CLASS='IC';
  end_body;
end_primitive;

END.
