FILE_TYPE=LIBRARY_PARTS;
primitive 'CON_SIP254_6';
  pin
    '1':
      PIN_NUMBER='(1)';
      PINUSE='UNSPEC';
      NO_LOAD_CHECK='Both';
      NO_IO_CHECK='Both';
      ALLOW_CONNECT='TRUE';
    '2':
      PIN_NUMBER='(2)';
      PINUSE='UNSPEC';
      NO_LOAD_CHECK='Both';
      NO_IO_CHECK='Both';
      ALLOW_CONNECT='TRUE';
    '3':
      PIN_NUMBER='(3)';
      PINUSE='UNSPEC';
      NO_LOAD_CHECK='Both';
      NO_IO_CHECK='Both';
      ALLOW_CONNECT='TRUE';
    '4':
      PIN_NUMBER='(4)';
      PINUSE='UNSPEC';
      NO_LOAD_CHECK='Both';
      NO_IO_CHECK='Both';
      ALLOW_CONNECT='TRUE';
    '5':
      PIN_NUMBER='(5)';
      PINUSE='UNSPEC';
      NO_LOAD_CHECK='Both';
      NO_IO_CHECK='Both';
      ALLOW_CONNECT='TRUE';
    '6':
      PIN_NUMBER='(6)';
      PINUSE='UNSPEC';
      NO_LOAD_CHECK='Both';
      NO_IO_CHECK='Both';
      ALLOW_CONNECT='TRUE';
  end_pin;
  body
    BODY_NAME='CON_SIP254_6';
    PART_NAME='CON_SIP254_6';
    PHYS_DES_PREFIX='J';
    CLASS='DISCRETE';
  end_body;
end_primitive;

END.
