FILE_TYPE=LIBRARY_PARTS;
primitive '74LVC244APW';
  pin
    '1OE#':
      PIN_NUMBER='(1)';
      INPUT_LOAD='(-0.01,0.01)';
    '1A0':
      PIN_NUMBER='(2)';
      INPUT_LOAD='(-0.01,0.01)';
    '2Y0':
      PIN_NUMBER='(3)';
      OUTPUT_LOAD='(1.0,-1.0)';
    '1A1':
      PIN_NUMBER='(4)';
      INPUT_LOAD='(-0.01,0.01)';
    '2Y1':
      PIN_NUMBER='(5)';
      OUTPUT_LOAD='(1.0,-1.0)';
    '1A2':
      PIN_NUMBER='(6)';
      INPUT_LOAD='(-0.01,0.01)';
    '2Y2':
      PIN_NUMBER='(7)';
      OUTPUT_LOAD='(1.0,-1.0)';
    '1A3':
      PIN_NUMBER='(8)';
      INPUT_LOAD='(-0.01,0.01)';
    '2Y3':
      PIN_NUMBER='(9)';
      OUTPUT_LOAD='(1.0,-1.0)';
    'GND':
      PIN_NUMBER='(10)';
      PINUSE='GROUND';
      NO_LOAD_CHECK='Both';
      NO_IO_CHECK='Both';
      NO_ASSERT_CHECK='TRUE';
      NO_DIR_CHECK='TRUE';
      ALLOW_CONNECT='TRUE';
    'VCC':
      PIN_NUMBER='(20)';
      PINUSE='POWER';
      NO_LOAD_CHECK='Both';
      NO_IO_CHECK='Both';
      NO_ASSERT_CHECK='TRUE';
      NO_DIR_CHECK='TRUE';
      ALLOW_CONNECT='TRUE';
    '2OE#':
      PIN_NUMBER='(19)';
      INPUT_LOAD='(-0.01,0.01)';
    '1Y0':
      PIN_NUMBER='(18)';
      OUTPUT_LOAD='(1.0,-1.0)';
    '2A0':
      PIN_NUMBER='(17)';
      INPUT_LOAD='(-0.01,0.01)';
    '1Y1':
      PIN_NUMBER='(16)';
      OUTPUT_LOAD='(1.0,-1.0)';
    '2A1':
      PIN_NUMBER='(15)';
      INPUT_LOAD='(-0.01,0.01)';
    '1Y2':
      PIN_NUMBER='(14)';
      OUTPUT_LOAD='(1.0,-1.0)';
    '2A2':
      PIN_NUMBER='(13)';
      INPUT_LOAD='(-0.01,0.01)';
    '1Y3':
      PIN_NUMBER='(12)';
      OUTPUT_LOAD='(1.0,-1.0)';
    '2A3':
      PIN_NUMBER='(11)';
      INPUT_LOAD='(-0.01,0.01)';
  end_pin;
  body
    BODY_NAME='74LVC244APW';
    PART_NAME='74LVC244APW';
    PHYS_DES_PREFIX='U';
    CLASS='IC';
  end_body;
end_primitive;

END.
