FILE_TYPE=LIBRARY_PARTS;
primitive 'TLK3132ZEN';
  pin
    'RST#':
      PIN_NUMBER='(N1,0,0,0,0)';
      INPUT_LOAD='(-0.01,0.01)';
    'ENABLE':
      PIN_NUMBER='(M2,0,0,0,0)';
      INPUT_LOAD='(-0.01,0.01)';
    'SPEED1':
      PIN_NUMBER='(F2,0,0,0,0)';
      INPUT_LOAD='(-0.01,0.01)';
    'SPEED0':
      PIN_NUMBER='(J14,0,0,0,0)';
      INPUT_LOAD='(-0.01,0.01)';
    'PLOOP':
      PIN_NUMBER='(M13,0,0,0,0)';
      INPUT_LOAD='(-0.01,0.01)';
    'SLOOP':
      PIN_NUMBER='(J13,0,0,0,0)';
      INPUT_LOAD='(-0.01,0.01)';
    'PRBS_EN':
      PIN_NUMBER='(M1,0,0,0,0)';
      INPUT_LOAD='(-0.01,0.01)';
    'CODE':
      PIN_NUMBER='(K3,0,0,0,0)';
      INPUT_LOAD='(-0.01,0.01)';
    'TDI':
      PIN_NUMBER='(K13,0,0,0,0)';
      INPUT_LOAD='(-0.01,0.01)';
    'TDO':
      PIN_NUMBER='(H14,0,0,0,0)';
      OUTPUT_LOAD='(1.0,-1.0)';
    'TMS':
      PIN_NUMBER='(K14,0,0,0,0)';
      INPUT_LOAD='(-0.01,0.01)';
    'TCK':
      PIN_NUMBER='(J12,0,0,0,0)';
      INPUT_LOAD='(-0.01,0.01)';
    'TRST#':
      PIN_NUMBER='(M14,0,0,0,0)';
      INPUT_LOAD='(-0.01,0.01)';
    'MDC':
      PIN_NUMBER='(G13,0,0,0,0)';
      INPUT_LOAD='(-0.01,0.01)';
    'MDIO':
      PIN_NUMBER='(F13,0,0,0,0)';
      PINUSE='UNSPEC';
      NO_LOAD_CHECK='Both';
      NO_IO_CHECK='Both';
      NO_ASSERT_CHECK='TRUE';
      NO_DIR_CHECK='TRUE';
      ALLOW_CONNECT='TRUE';
    'PRTAD4':
      PIN_NUMBER='(L13,0,0,0,0)';
      INPUT_LOAD='(-0.01,0.01)';
    'PRTAD3':
      PIN_NUMBER='(N13,0,0,0,0)';
      INPUT_LOAD='(-0.01,0.01)';
    'PRTAD2':
      PIN_NUMBER='(L3,0,0,0,0)';
      INPUT_LOAD='(-0.01,0.01)';
    'PRTAD1':
      PIN_NUMBER='(N3,0,0,0,0)';
      INPUT_LOAD='(-0.01,0.01)';
    'PRTAD0':
      PIN_NUMBER='(J11,0,0,0,0)';
      INPUT_LOAD='(-0.01,0.01)';
    'REFCLK':
      PIN_NUMBER='(0,K2,0,0,0)';
      INPUT_LOAD='(-0.01,0.01)';
    'TXCLK1':
      PIN_NUMBER='(0,D10,0,0,0)';
      INPUT_LOAD='(-0.01,0.01)';
    'TXCLK0':
      PIN_NUMBER='(0,G12,0,0,0)';
      INPUT_LOAD='(-0.01,0.01)';
    'TXD15':
      PIN_NUMBER='(0,B8,0,0,0)';
      INPUT_LOAD='(-0.01,0.01)';
    'TXD14':
      PIN_NUMBER='(0,C9,0,0,0)';
      INPUT_LOAD='(-0.01,0.01)';
    'TXD13':
      PIN_NUMBER='(0,A8,0,0,0)';
      INPUT_LOAD='(-0.01,0.01)';
    'TXD12':
      PIN_NUMBER='(0,B10,0,0,0)';
      INPUT_LOAD='(-0.01,0.01)';
    'TXD11':
      PIN_NUMBER='(0,A12,0,0,0)';
      INPUT_LOAD='(-0.01,0.01)';
    'TXD10':
      PIN_NUMBER='(0,A13,0,0,0)';
      INPUT_LOAD='(-0.01,0.01)';
    'TXD9':
      PIN_NUMBER='(0,B12,0,0,0)';
      INPUT_LOAD='(-0.01,0.01)';
    'TXD8':
      PIN_NUMBER='(0,A14,0,0,0)';
      INPUT_LOAD='(-0.01,0.01)';
    'TXD7':
      PIN_NUMBER='(0,B14,0,0,0)';
      INPUT_LOAD='(-0.01,0.01)';
    'TXD6':
      PIN_NUMBER='(0,D11,0,0,0)';
      INPUT_LOAD='(-0.01,0.01)';
    'TXD5':
      PIN_NUMBER='(0,E12,0,0,0)';
      INPUT_LOAD='(-0.01,0.01)';
    'TXD4':
      PIN_NUMBER='(0,F11,0,0,0)';
      INPUT_LOAD='(-0.01,0.01)';
    'TXD3':
      PIN_NUMBER='(0,C11,0,0,0)';
      INPUT_LOAD='(-0.01,0.01)';
    'TXD2':
      PIN_NUMBER='(0,F12,0,0,0)';
      INPUT_LOAD='(-0.01,0.01)';
    'TXD1':
      PIN_NUMBER='(0,D12,0,0,0)';
      INPUT_LOAD='(-0.01,0.01)';
    'TXD0':
      PIN_NUMBER='(0,C12,0,0,0)';
      INPUT_LOAD='(-0.01,0.01)';
    'TXC5':
      PIN_NUMBER='(0,B9,0,0,0)';
      INPUT_LOAD='(-0.01,0.01)';
    'TXC4':
      PIN_NUMBER='(0,D9,0,0,0)';
      INPUT_LOAD='(-0.01,0.01)';
    'TXC1':
      PIN_NUMBER='(0,D13,0,0,0)';
      INPUT_LOAD='(-0.01,0.01)';
    'TXC0':
      PIN_NUMBER='(0,C14,0,0,0)';
      INPUT_LOAD='(-0.01,0.01)';
    'RXCLK1':
      PIN_NUMBER='(0,B5,0,0,0)';
      OUTPUT_LOAD='(1.0,-1.0)';
    'RXCLK0':
      PIN_NUMBER='(0,A6,0,0,0)';
      OUTPUT_LOAD='(1.0,-1.0)';
    'RXD15':
      PIN_NUMBER='(0,E4,0,0,0)';
      OUTPUT_LOAD='(1.0,-1.0)';
    'RXD14':
      PIN_NUMBER='(0,E3,0,0,0)';
      OUTPUT_LOAD='(1.0,-1.0)';
    'RXD13':
      PIN_NUMBER='(0,D4,0,0,0)';
      OUTPUT_LOAD='(1.0,-1.0)';
    'RXD12':
      PIN_NUMBER='(0,E2,0,0,0)';
      OUTPUT_LOAD='(1.0,-1.0)';
    'RXD11':
      PIN_NUMBER='(0,D3,0,0,0)';
      OUTPUT_LOAD='(1.0,-1.0)';
    'RXD10':
      PIN_NUMBER='(0,E1,0,0,0)';
      OUTPUT_LOAD='(1.0,-1.0)';
    'RXD9':
      PIN_NUMBER='(0,C1,0,0,0)';
      OUTPUT_LOAD='(1.0,-1.0)';
    'RXD8':
      PIN_NUMBER='(0,D2,0,0,0)';
      OUTPUT_LOAD='(1.0,-1.0)';
    'RXD7':
      PIN_NUMBER='(0,B1,0,0,0)';
      OUTPUT_LOAD='(1.0,-1.0)';
    'RXD6':
      PIN_NUMBER='(0,C3,0,0,0)';
      OUTPUT_LOAD='(1.0,-1.0)';
    'RXD5':
      PIN_NUMBER='(0,D6,0,0,0)';
      OUTPUT_LOAD='(1.0,-1.0)';
    'RXD4':
      PIN_NUMBER='(0,C2,0,0,0)';
      OUTPUT_LOAD='(1.0,-1.0)';
    'RXD3':
      PIN_NUMBER='(0,B2,0,0,0)';
      OUTPUT_LOAD='(1.0,-1.0)';
    'RXD2':
      PIN_NUMBER='(0,C7,0,0,0)';
      OUTPUT_LOAD='(1.0,-1.0)';
    'RXD1':
      PIN_NUMBER='(0,A4,0,0,0)';
      OUTPUT_LOAD='(1.0,-1.0)';
    'RXD0':
      PIN_NUMBER='(0,A2,0,0,0)';
      OUTPUT_LOAD='(1.0,-1.0)';
    'RXC5':
      PIN_NUMBER='(0,C4,0,0,0)';
      OUTPUT_LOAD='(1.0,-1.0)';
    'RXC4':
      PIN_NUMBER='(0,A5,0,0,0)';
      OUTPUT_LOAD='(1.0,-1.0)';
    'RXC1':
      PIN_NUMBER='(0,C6,0,0,0)';
      OUTPUT_LOAD='(1.0,-1.0)';
    'RXC0':
      PIN_NUMBER='(0,D7,0,0,0)';
      OUTPUT_LOAD='(1.0,-1.0)';
    'TDP1':
      PIN_NUMBER='(0,P6,0,0,0)';
      OUTPUT_LOAD='(1.0,-1.0)';
    'TDN1':
      PIN_NUMBER='(0,N7,0,0,0)';
      OUTPUT_LOAD='(1.0,-1.0)';
    'TDP0':
      PIN_NUMBER='(0,M5,0,0,0)';
      OUTPUT_LOAD='(1.0,-1.0)';
    'TDN0':
      PIN_NUMBER='(0,M4,0,0,0)';
      OUTPUT_LOAD='(1.0,-1.0)';
    'RDP1':
      PIN_NUMBER='(0,M11,0,0,0)';
      INPUT_LOAD='(-0.01,0.01)';
    'RDN1':
      PIN_NUMBER='(0,N11,0,0,0)';
      INPUT_LOAD='(-0.01,0.01)';
    'RDP0':
      PIN_NUMBER='(0,N9,0,0,0)';
      INPUT_LOAD='(-0.01,0.01)';
    'RDN0':
      PIN_NUMBER='(0,M9,0,0,0)';
      INPUT_LOAD='(-0.01,0.01)';
    'VPP0':
      PIN_NUMBER='(0,0,C8,0,0)';
      PINUSE='POWER';
      NO_LOAD_CHECK='Both';
      NO_IO_CHECK='Both';
      NO_ASSERT_CHECK='TRUE';
      NO_DIR_CHECK='TRUE';
      ALLOW_CONNECT='TRUE';
    'VPP1':
      PIN_NUMBER='(0,0,D8,0,0)';
      PINUSE='POWER';
      NO_LOAD_CHECK='Both';
      NO_IO_CHECK='Both';
      NO_ASSERT_CHECK='TRUE';
      NO_DIR_CHECK='TRUE';
      ALLOW_CONNECT='TRUE';
    'TESTEN':
      PIN_NUMBER='(0,0,P3,0,0)';
      INPUT_LOAD='(-0.01,0.01)';
    'AMUX1':
      PIN_NUMBER='(0,0,M10,0,0)';
      OUTPUT_LOAD='(1.0,-1.0)';
    'AMUX0':
      PIN_NUMBER='(0,0,N6,0,0)';
      OUTPUT_LOAD='(1.0,-1.0)';
    'RES4':
      PIN_NUMBER='(0,0,A10,0,0)';
      PINUSE='UNSPEC';
      NO_LOAD_CHECK='Both';
      NO_IO_CHECK='Both';
      NO_ASSERT_CHECK='TRUE';
      NO_DIR_CHECK='TRUE';
      ALLOW_CONNECT='TRUE';
    'RES3':
      PIN_NUMBER='(0,0,D14,0,0)';
      PINUSE='UNSPEC';
      NO_LOAD_CHECK='Both';
      NO_IO_CHECK='Both';
      NO_ASSERT_CHECK='TRUE';
      NO_DIR_CHECK='TRUE';
      ALLOW_CONNECT='TRUE';
    'RES1':
      PIN_NUMBER='(0,0,C5,0,0)';
      PINUSE='UNSPEC';
      NO_LOAD_CHECK='Both';
      NO_IO_CHECK='Both';
      NO_ASSERT_CHECK='TRUE';
      NO_DIR_CHECK='TRUE';
      ALLOW_CONNECT='TRUE';
    'GPI1':
      PIN_NUMBER='(0,0,N14,0,0)';
      INPUT_LOAD='(-0.01,0.01)';
    'GPO4':
      PIN_NUMBER='(0,0,L1,0,0)';
      OUTPUT_LOAD='(1.0,-1.0)';
    'GPO3':
      PIN_NUMBER='(0,0,H10,0,0)';
      OUTPUT_LOAD='(1.0,-1.0)';
    'GPO2':
      PIN_NUMBER='(0,0,H12,0,0)';
      OUTPUT_LOAD='(1.0,-1.0)';
    'GPO1':
      PIN_NUMBER='(0,0,H11,0,0)';
      OUTPUT_LOAD='(1.0,-1.0)';
    'GPO0':
      PIN_NUMBER='(0,0,P2,0,0)';
      OUTPUT_LOAD='(1.0,-1.0)';
    'DVDD1':
      PIN_NUMBER='(0,0,0,E6,0)';
      PINUSE='POWER';
      NO_LOAD_CHECK='Both';
      NO_IO_CHECK='Both';
      NO_ASSERT_CHECK='TRUE';
      NO_DIR_CHECK='TRUE';
      ALLOW_CONNECT='TRUE';
    'DVDD2':
      PIN_NUMBER='(0,0,0,E8,0)';
      PINUSE='POWER';
      NO_LOAD_CHECK='Both';
      NO_IO_CHECK='Both';
      NO_ASSERT_CHECK='TRUE';
      NO_DIR_CHECK='TRUE';
      ALLOW_CONNECT='TRUE';
    'DVDD3':
      PIN_NUMBER='(0,0,0,F10,0)';
      PINUSE='POWER';
      NO_LOAD_CHECK='Both';
      NO_IO_CHECK='Both';
      NO_ASSERT_CHECK='TRUE';
      NO_DIR_CHECK='TRUE';
      ALLOW_CONNECT='TRUE';
    'DVDD4':
      PIN_NUMBER='(0,0,0,F4,0)';
      PINUSE='POWER';
      NO_LOAD_CHECK='Both';
      NO_IO_CHECK='Both';
      NO_ASSERT_CHECK='TRUE';
      NO_DIR_CHECK='TRUE';
      ALLOW_CONNECT='TRUE';
    'DVDD5':
      PIN_NUMBER='(0,0,0,F5,0)';
      PINUSE='POWER';
      NO_LOAD_CHECK='Both';
      NO_IO_CHECK='Both';
      NO_ASSERT_CHECK='TRUE';
      NO_DIR_CHECK='TRUE';
      ALLOW_CONNECT='TRUE';
    'DVDD6':
      PIN_NUMBER='(0,0,0,G10,0)';
      PINUSE='POWER';
      NO_LOAD_CHECK='Both';
      NO_IO_CHECK='Both';
      NO_ASSERT_CHECK='TRUE';
      NO_DIR_CHECK='TRUE';
      ALLOW_CONNECT='TRUE';
    'DVDD7':
      PIN_NUMBER='(0,0,0,K10,0)';
      PINUSE='POWER';
      NO_LOAD_CHECK='Both';
      NO_IO_CHECK='Both';
      NO_ASSERT_CHECK='TRUE';
      NO_DIR_CHECK='TRUE';
      ALLOW_CONNECT='TRUE';
    'DVDD8':
      PIN_NUMBER='(0,0,0,K5,0)';
      PINUSE='POWER';
      NO_LOAD_CHECK='Both';
      NO_IO_CHECK='Both';
      NO_ASSERT_CHECK='TRUE';
      NO_DIR_CHECK='TRUE';
      ALLOW_CONNECT='TRUE';
    'DVDD9':
      PIN_NUMBER='(0,0,0,L2,0)';
      PINUSE='POWER';
      NO_LOAD_CHECK='Both';
      NO_IO_CHECK='Both';
      NO_ASSERT_CHECK='TRUE';
      NO_DIR_CHECK='TRUE';
      ALLOW_CONNECT='TRUE';
    'DVDD10':
      PIN_NUMBER='(0,0,0,L8,0)';
      PINUSE='POWER';
      NO_LOAD_CHECK='Both';
      NO_IO_CHECK='Both';
      NO_ASSERT_CHECK='TRUE';
      NO_DIR_CHECK='TRUE';
      ALLOW_CONNECT='TRUE';
    'DVDD11':
      PIN_NUMBER='(0,0,0,N2,0)';
      PINUSE='POWER';
      NO_LOAD_CHECK='Both';
      NO_IO_CHECK='Both';
      NO_ASSERT_CHECK='TRUE';
      NO_DIR_CHECK='TRUE';
      ALLOW_CONNECT='TRUE';
    'VDDO1':
      PIN_NUMBER='(0,0,0,F3,0)';
      PINUSE='POWER';
      NO_LOAD_CHECK='Both';
      NO_IO_CHECK='Both';
      NO_ASSERT_CHECK='TRUE';
      NO_DIR_CHECK='TRUE';
      ALLOW_CONNECT='TRUE';
    'VDDO2':
      PIN_NUMBER='(0,0,0,H13,0)';
      PINUSE='POWER';
      NO_LOAD_CHECK='Both';
      NO_IO_CHECK='Both';
      NO_ASSERT_CHECK='TRUE';
      NO_DIR_CHECK='TRUE';
      ALLOW_CONNECT='TRUE';
    'VDDO3':
      PIN_NUMBER='(0,0,0,K12,0)';
      PINUSE='POWER';
      NO_LOAD_CHECK='Both';
      NO_IO_CHECK='Both';
      NO_ASSERT_CHECK='TRUE';
      NO_DIR_CHECK='TRUE';
      ALLOW_CONNECT='TRUE';
    'VDDO4':
      PIN_NUMBER='(0,0,0,K4,0)';
      PINUSE='POWER';
      NO_LOAD_CHECK='Both';
      NO_IO_CHECK='Both';
      NO_ASSERT_CHECK='TRUE';
      NO_DIR_CHECK='TRUE';
      ALLOW_CONNECT='TRUE';
    'VDDM':
      PIN_NUMBER='(0,0,0,G14,0)';
      PINUSE='POWER';
      NO_LOAD_CHECK='Both';
      NO_IO_CHECK='Both';
      NO_ASSERT_CHECK='TRUE';
      NO_DIR_CHECK='TRUE';
      ALLOW_CONNECT='TRUE';
    'VDDQ1':
      PIN_NUMBER='(0,0,0,A3,0)';
      PINUSE='POWER';
      NO_LOAD_CHECK='Both';
      NO_IO_CHECK='Both';
      NO_ASSERT_CHECK='TRUE';
      NO_DIR_CHECK='TRUE';
      ALLOW_CONNECT='TRUE';
    'VDDQ2':
      PIN_NUMBER='(0,0,0,A7,0)';
      PINUSE='POWER';
      NO_LOAD_CHECK='Both';
      NO_IO_CHECK='Both';
      NO_ASSERT_CHECK='TRUE';
      NO_DIR_CHECK='TRUE';
      ALLOW_CONNECT='TRUE';
    'VDDQ3':
      PIN_NUMBER='(0,0,0,B11,0)';
      PINUSE='POWER';
      NO_LOAD_CHECK='Both';
      NO_IO_CHECK='Both';
      NO_ASSERT_CHECK='TRUE';
      NO_DIR_CHECK='TRUE';
      ALLOW_CONNECT='TRUE';
    'VDDQ4':
      PIN_NUMBER='(0,0,0,B13,0)';
      PINUSE='POWER';
      NO_LOAD_CHECK='Both';
      NO_IO_CHECK='Both';
      NO_ASSERT_CHECK='TRUE';
      NO_DIR_CHECK='TRUE';
      ALLOW_CONNECT='TRUE';
    'VDDQ5':
      PIN_NUMBER='(0,0,0,B6,0)';
      PINUSE='POWER';
      NO_LOAD_CHECK='Both';
      NO_IO_CHECK='Both';
      NO_ASSERT_CHECK='TRUE';
      NO_DIR_CHECK='TRUE';
      ALLOW_CONNECT='TRUE';
    'VDDQ6':
      PIN_NUMBER='(0,0,0,D1,0)';
      PINUSE='POWER';
      NO_LOAD_CHECK='Both';
      NO_IO_CHECK='Both';
      NO_ASSERT_CHECK='TRUE';
      NO_DIR_CHECK='TRUE';
      ALLOW_CONNECT='TRUE';
    'VDDQ7':
      PIN_NUMBER='(0,0,0,E10,0)';
      PINUSE='POWER';
      NO_LOAD_CHECK='Both';
      NO_IO_CHECK='Both';
      NO_ASSERT_CHECK='TRUE';
      NO_DIR_CHECK='TRUE';
      ALLOW_CONNECT='TRUE';
    'VDDQ8':
      PIN_NUMBER='(0,0,0,E5,0)';
      PINUSE='POWER';
      NO_LOAD_CHECK='Both';
      NO_IO_CHECK='Both';
      NO_ASSERT_CHECK='TRUE';
      NO_DIR_CHECK='TRUE';
      ALLOW_CONNECT='TRUE';
    'VDDQ9':
      PIN_NUMBER='(0,0,0,E7,0)';
      PINUSE='POWER';
      NO_LOAD_CHECK='Both';
      NO_IO_CHECK='Both';
      NO_ASSERT_CHECK='TRUE';
      NO_DIR_CHECK='TRUE';
      ALLOW_CONNECT='TRUE';
    'VDDQ10':
      PIN_NUMBER='(0,0,0,E9,0)';
      PINUSE='POWER';
      NO_LOAD_CHECK='Both';
      NO_IO_CHECK='Both';
      NO_ASSERT_CHECK='TRUE';
      NO_DIR_CHECK='TRUE';
      ALLOW_CONNECT='TRUE';
    'VDDQ11':
      PIN_NUMBER='(0,0,0,F14,0)';
      PINUSE='POWER';
      NO_LOAD_CHECK='Both';
      NO_IO_CHECK='Both';
      NO_ASSERT_CHECK='TRUE';
      NO_DIR_CHECK='TRUE';
      ALLOW_CONNECT='TRUE';
    'VDDQ12':
      PIN_NUMBER='(0,0,0,G11,0)';
      PINUSE='POWER';
      NO_LOAD_CHECK='Both';
      NO_IO_CHECK='Both';
      NO_ASSERT_CHECK='TRUE';
      NO_DIR_CHECK='TRUE';
      ALLOW_CONNECT='TRUE';
    'VREF1':
      PIN_NUMBER='(0,0,0,E14,0)';
      PINUSE='POWER';
      NO_LOAD_CHECK='Both';
      NO_IO_CHECK='Both';
      NO_ASSERT_CHECK='TRUE';
      NO_DIR_CHECK='TRUE';
      ALLOW_CONNECT='TRUE';
    'VREF2':
      PIN_NUMBER='(0,0,0,A11,0)';
      PINUSE='POWER';
      NO_LOAD_CHECK='Both';
      NO_IO_CHECK='Both';
      NO_ASSERT_CHECK='TRUE';
      NO_DIR_CHECK='TRUE';
      ALLOW_CONNECT='TRUE';
    'DGND1':
      PIN_NUMBER='(0,0,0,A1,0)';
      PINUSE='GROUND';
      NO_LOAD_CHECK='Both';
      NO_IO_CHECK='Both';
      NO_ASSERT_CHECK='TRUE';
      NO_DIR_CHECK='TRUE';
      ALLOW_CONNECT='TRUE';
    'DGND2':
      PIN_NUMBER='(0,0,0,A9,0)';
      PINUSE='GROUND';
      NO_LOAD_CHECK='Both';
      NO_IO_CHECK='Both';
      NO_ASSERT_CHECK='TRUE';
      NO_DIR_CHECK='TRUE';
      ALLOW_CONNECT='TRUE';
    'DGND3':
      PIN_NUMBER='(0,0,0,B3,0)';
      PINUSE='GROUND';
      NO_LOAD_CHECK='Both';
      NO_IO_CHECK='Both';
      NO_ASSERT_CHECK='TRUE';
      NO_DIR_CHECK='TRUE';
      ALLOW_CONNECT='TRUE';
    'DGND4':
      PIN_NUMBER='(0,0,0,B4,0)';
      PINUSE='GROUND';
      NO_LOAD_CHECK='Both';
      NO_IO_CHECK='Both';
      NO_ASSERT_CHECK='TRUE';
      NO_DIR_CHECK='TRUE';
      ALLOW_CONNECT='TRUE';
    'DGND5':
      PIN_NUMBER='(0,0,0,B7,0)';
      PINUSE='GROUND';
      NO_LOAD_CHECK='Both';
      NO_IO_CHECK='Both';
      NO_ASSERT_CHECK='TRUE';
      NO_DIR_CHECK='TRUE';
      ALLOW_CONNECT='TRUE';
    'DGND6':
      PIN_NUMBER='(0,0,0,C10,0)';
      PINUSE='GROUND';
      NO_LOAD_CHECK='Both';
      NO_IO_CHECK='Both';
      NO_ASSERT_CHECK='TRUE';
      NO_DIR_CHECK='TRUE';
      ALLOW_CONNECT='TRUE';
    'DGND7':
      PIN_NUMBER='(0,0,0,C13,0)';
      PINUSE='GROUND';
      NO_LOAD_CHECK='Both';
      NO_IO_CHECK='Both';
      NO_ASSERT_CHECK='TRUE';
      NO_DIR_CHECK='TRUE';
      ALLOW_CONNECT='TRUE';
    'DGND8':
      PIN_NUMBER='(0,0,0,D5,0)';
      PINUSE='GROUND';
      NO_LOAD_CHECK='Both';
      NO_IO_CHECK='Both';
      NO_ASSERT_CHECK='TRUE';
      NO_DIR_CHECK='TRUE';
      ALLOW_CONNECT='TRUE';
    'DGND9':
      PIN_NUMBER='(0,0,0,E11,0)';
      PINUSE='GROUND';
      NO_LOAD_CHECK='Both';
      NO_IO_CHECK='Both';
      NO_ASSERT_CHECK='TRUE';
      NO_DIR_CHECK='TRUE';
      ALLOW_CONNECT='TRUE';
    'DGND10':
      PIN_NUMBER='(0,0,0,E13,0)';
      PINUSE='GROUND';
      NO_LOAD_CHECK='Both';
      NO_IO_CHECK='Both';
      NO_ASSERT_CHECK='TRUE';
      NO_DIR_CHECK='TRUE';
      ALLOW_CONNECT='TRUE';
    'DGND11':
      PIN_NUMBER='(0,0,0,F1,0)';
      PINUSE='GROUND';
      NO_LOAD_CHECK='Both';
      NO_IO_CHECK='Both';
      NO_ASSERT_CHECK='TRUE';
      NO_DIR_CHECK='TRUE';
      ALLOW_CONNECT='TRUE';
    'DGND12':
      PIN_NUMBER='(0,0,0,F6,0)';
      PINUSE='GROUND';
      NO_LOAD_CHECK='Both';
      NO_IO_CHECK='Both';
      NO_ASSERT_CHECK='TRUE';
      NO_DIR_CHECK='TRUE';
      ALLOW_CONNECT='TRUE';
    'DGND13':
      PIN_NUMBER='(0,0,0,F7,0)';
      PINUSE='GROUND';
      NO_LOAD_CHECK='Both';
      NO_IO_CHECK='Both';
      NO_ASSERT_CHECK='TRUE';
      NO_DIR_CHECK='TRUE';
      ALLOW_CONNECT='TRUE';
    'DGND14':
      PIN_NUMBER='(0,0,0,F8,0)';
      PINUSE='GROUND';
      NO_LOAD_CHECK='Both';
      NO_IO_CHECK='Both';
      NO_ASSERT_CHECK='TRUE';
      NO_DIR_CHECK='TRUE';
      ALLOW_CONNECT='TRUE';
    'DGND15':
      PIN_NUMBER='(0,0,0,F9,0)';
      PINUSE='GROUND';
      NO_LOAD_CHECK='Both';
      NO_IO_CHECK='Both';
      NO_ASSERT_CHECK='TRUE';
      NO_DIR_CHECK='TRUE';
      ALLOW_CONNECT='TRUE';
    'DGND16':
      PIN_NUMBER='(0,0,0,G6,0)';
      PINUSE='GROUND';
      NO_LOAD_CHECK='Both';
      NO_IO_CHECK='Both';
      NO_ASSERT_CHECK='TRUE';
      NO_DIR_CHECK='TRUE';
      ALLOW_CONNECT='TRUE';
    'DGND17':
      PIN_NUMBER='(0,0,0,G7,0)';
      PINUSE='GROUND';
      NO_LOAD_CHECK='Both';
      NO_IO_CHECK='Both';
      NO_ASSERT_CHECK='TRUE';
      NO_DIR_CHECK='TRUE';
      ALLOW_CONNECT='TRUE';
    'DGND18':
      PIN_NUMBER='(0,0,0,G8,0)';
      PINUSE='GROUND';
      NO_LOAD_CHECK='Both';
      NO_IO_CHECK='Both';
      NO_ASSERT_CHECK='TRUE';
      NO_DIR_CHECK='TRUE';
      ALLOW_CONNECT='TRUE';
    'DGND19':
      PIN_NUMBER='(0,0,0,G9,0)';
      PINUSE='GROUND';
      NO_LOAD_CHECK='Both';
      NO_IO_CHECK='Both';
      NO_ASSERT_CHECK='TRUE';
      NO_DIR_CHECK='TRUE';
      ALLOW_CONNECT='TRUE';
    'DGND20':
      PIN_NUMBER='(0,0,0,H6,0)';
      PINUSE='GROUND';
      NO_LOAD_CHECK='Both';
      NO_IO_CHECK='Both';
      NO_ASSERT_CHECK='TRUE';
      NO_DIR_CHECK='TRUE';
      ALLOW_CONNECT='TRUE';
    'DGND21':
      PIN_NUMBER='(0,0,0,H7,0)';
      PINUSE='GROUND';
      NO_LOAD_CHECK='Both';
      NO_IO_CHECK='Both';
      NO_ASSERT_CHECK='TRUE';
      NO_DIR_CHECK='TRUE';
      ALLOW_CONNECT='TRUE';
    'DGND22':
      PIN_NUMBER='(0,0,0,H8,0)';
      PINUSE='GROUND';
      NO_LOAD_CHECK='Both';
      NO_IO_CHECK='Both';
      NO_ASSERT_CHECK='TRUE';
      NO_DIR_CHECK='TRUE';
      ALLOW_CONNECT='TRUE';
    'DGND23':
      PIN_NUMBER='(0,0,0,H9,0)';
      PINUSE='GROUND';
      NO_LOAD_CHECK='Both';
      NO_IO_CHECK='Both';
      NO_ASSERT_CHECK='TRUE';
      NO_DIR_CHECK='TRUE';
      ALLOW_CONNECT='TRUE';
    'DGND24':
      PIN_NUMBER='(0,0,0,J10,0)';
      PINUSE='GROUND';
      NO_LOAD_CHECK='Both';
      NO_IO_CHECK='Both';
      NO_ASSERT_CHECK='TRUE';
      NO_DIR_CHECK='TRUE';
      ALLOW_CONNECT='TRUE';
    'DGND25':
      PIN_NUMBER='(0,0,0,J5,0)';
      PINUSE='GROUND';
      NO_LOAD_CHECK='Both';
      NO_IO_CHECK='Both';
      NO_ASSERT_CHECK='TRUE';
      NO_DIR_CHECK='TRUE';
      ALLOW_CONNECT='TRUE';
    'DGND26':
      PIN_NUMBER='(0,0,0,J6,0)';
      PINUSE='GROUND';
      NO_LOAD_CHECK='Both';
      NO_IO_CHECK='Both';
      NO_ASSERT_CHECK='TRUE';
      NO_DIR_CHECK='TRUE';
      ALLOW_CONNECT='TRUE';
    'DGND27':
      PIN_NUMBER='(0,0,0,J7,0)';
      PINUSE='GROUND';
      NO_LOAD_CHECK='Both';
      NO_IO_CHECK='Both';
      NO_ASSERT_CHECK='TRUE';
      NO_DIR_CHECK='TRUE';
      ALLOW_CONNECT='TRUE';
    'DGND28':
      PIN_NUMBER='(0,0,0,J8,0)';
      PINUSE='GROUND';
      NO_LOAD_CHECK='Both';
      NO_IO_CHECK='Both';
      NO_ASSERT_CHECK='TRUE';
      NO_DIR_CHECK='TRUE';
      ALLOW_CONNECT='TRUE';
    'DGND29':
      PIN_NUMBER='(0,0,0,J9,0)';
      PINUSE='GROUND';
      NO_LOAD_CHECK='Both';
      NO_IO_CHECK='Both';
      NO_ASSERT_CHECK='TRUE';
      NO_DIR_CHECK='TRUE';
      ALLOW_CONNECT='TRUE';
    'DGND30':
      PIN_NUMBER='(0,0,0,K1,0)';
      PINUSE='GROUND';
      NO_LOAD_CHECK='Both';
      NO_IO_CHECK='Both';
      NO_ASSERT_CHECK='TRUE';
      NO_DIR_CHECK='TRUE';
      ALLOW_CONNECT='TRUE';
    'DGND31':
      PIN_NUMBER='(0,0,0,L14,0)';
      PINUSE='GROUND';
      NO_LOAD_CHECK='Both';
      NO_IO_CHECK='Both';
      NO_ASSERT_CHECK='TRUE';
      NO_DIR_CHECK='TRUE';
      ALLOW_CONNECT='TRUE';
    'DGND32':
      PIN_NUMBER='(0,0,0,P1,0)';
      PINUSE='GROUND';
      NO_LOAD_CHECK='Both';
      NO_IO_CHECK='Both';
      NO_ASSERT_CHECK='TRUE';
      NO_DIR_CHECK='TRUE';
      ALLOW_CONNECT='TRUE';
    'DGND33':
      PIN_NUMBER='(0,0,0,P14,0)';
      PINUSE='GROUND';
      NO_LOAD_CHECK='Both';
      NO_IO_CHECK='Both';
      NO_ASSERT_CHECK='TRUE';
      NO_DIR_CHECK='TRUE';
      ALLOW_CONNECT='TRUE';
    'AVDD1':
      PIN_NUMBER='(0,0,0,K6,0)';
      PINUSE='POWER';
      NO_LOAD_CHECK='Both';
      NO_IO_CHECK='Both';
      NO_ASSERT_CHECK='TRUE';
      NO_DIR_CHECK='TRUE';
      ALLOW_CONNECT='TRUE';
    'AVDD2':
      PIN_NUMBER='(0,0,0,K8,0)';
      PINUSE='POWER';
      NO_LOAD_CHECK='Both';
      NO_IO_CHECK='Both';
      NO_ASSERT_CHECK='TRUE';
      NO_DIR_CHECK='TRUE';
      ALLOW_CONNECT='TRUE';
    'AVDD3':
      PIN_NUMBER='(0,0,0,K9,0)';
      PINUSE='POWER';
      NO_LOAD_CHECK='Both';
      NO_IO_CHECK='Both';
      NO_ASSERT_CHECK='TRUE';
      NO_DIR_CHECK='TRUE';
      ALLOW_CONNECT='TRUE';
    'AVDD4':
      PIN_NUMBER='(0,0,0,L11,0)';
      PINUSE='POWER';
      NO_LOAD_CHECK='Both';
      NO_IO_CHECK='Both';
      NO_ASSERT_CHECK='TRUE';
      NO_DIR_CHECK='TRUE';
      ALLOW_CONNECT='TRUE';
    'AVDD5':
      PIN_NUMBER='(0,0,0,M12,0)';
      PINUSE='POWER';
      NO_LOAD_CHECK='Both';
      NO_IO_CHECK='Both';
      NO_ASSERT_CHECK='TRUE';
      NO_DIR_CHECK='TRUE';
      ALLOW_CONNECT='TRUE';
    'AVDD6':
      PIN_NUMBER='(0,0,0,M3,0)';
      PINUSE='POWER';
      NO_LOAD_CHECK='Both';
      NO_IO_CHECK='Both';
      NO_ASSERT_CHECK='TRUE';
      NO_DIR_CHECK='TRUE';
      ALLOW_CONNECT='TRUE';
    'AVDD7':
      PIN_NUMBER='(0,0,0,M6,0)';
      PINUSE='POWER';
      NO_LOAD_CHECK='Both';
      NO_IO_CHECK='Both';
      NO_ASSERT_CHECK='TRUE';
      NO_DIR_CHECK='TRUE';
      ALLOW_CONNECT='TRUE';
    'AVDD8':
      PIN_NUMBER='(0,0,0,P10,0)';
      PINUSE='POWER';
      NO_LOAD_CHECK='Both';
      NO_IO_CHECK='Both';
      NO_ASSERT_CHECK='TRUE';
      NO_DIR_CHECK='TRUE';
      ALLOW_CONNECT='TRUE';
    'AVDD9':
      PIN_NUMBER='(0,0,0,P7,0)';
      PINUSE='POWER';
      NO_LOAD_CHECK='Both';
      NO_IO_CHECK='Both';
      NO_ASSERT_CHECK='TRUE';
      NO_DIR_CHECK='TRUE';
      ALLOW_CONNECT='TRUE';
    'AGND1':
      PIN_NUMBER='(0,0,0,K11,0)';
      PINUSE='GROUND';
      NO_LOAD_CHECK='Both';
      NO_IO_CHECK='Both';
      NO_ASSERT_CHECK='TRUE';
      NO_DIR_CHECK='TRUE';
      ALLOW_CONNECT='TRUE';
    'AGND2':
      PIN_NUMBER='(0,0,0,L10,0)';
      PINUSE='GROUND';
      NO_LOAD_CHECK='Both';
      NO_IO_CHECK='Both';
      NO_ASSERT_CHECK='TRUE';
      NO_DIR_CHECK='TRUE';
      ALLOW_CONNECT='TRUE';
    'AGND3':
      PIN_NUMBER='(0,0,0,L4,0)';
      PINUSE='GROUND';
      NO_LOAD_CHECK='Both';
      NO_IO_CHECK='Both';
      NO_ASSERT_CHECK='TRUE';
      NO_DIR_CHECK='TRUE';
      ALLOW_CONNECT='TRUE';
    'AGND4':
      PIN_NUMBER='(0,0,0,L5,0)';
      PINUSE='GROUND';
      NO_LOAD_CHECK='Both';
      NO_IO_CHECK='Both';
      NO_ASSERT_CHECK='TRUE';
      NO_DIR_CHECK='TRUE';
      ALLOW_CONNECT='TRUE';
    'AGND5':
      PIN_NUMBER='(0,0,0,L6,0)';
      PINUSE='GROUND';
      NO_LOAD_CHECK='Both';
      NO_IO_CHECK='Both';
      NO_ASSERT_CHECK='TRUE';
      NO_DIR_CHECK='TRUE';
      ALLOW_CONNECT='TRUE';
    'AGND6':
      PIN_NUMBER='(0,0,0,L9,0)';
      PINUSE='GROUND';
      NO_LOAD_CHECK='Both';
      NO_IO_CHECK='Both';
      NO_ASSERT_CHECK='TRUE';
      NO_DIR_CHECK='TRUE';
      ALLOW_CONNECT='TRUE';
    'AGND7':
      PIN_NUMBER='(0,0,0,M8,0)';
      PINUSE='GROUND';
      NO_LOAD_CHECK='Both';
      NO_IO_CHECK='Both';
      NO_ASSERT_CHECK='TRUE';
      NO_DIR_CHECK='TRUE';
      ALLOW_CONNECT='TRUE';
    'AGND8':
      PIN_NUMBER='(0,0,0,N12,0)';
      PINUSE='GROUND';
      NO_LOAD_CHECK='Both';
      NO_IO_CHECK='Both';
      NO_ASSERT_CHECK='TRUE';
      NO_DIR_CHECK='TRUE';
      ALLOW_CONNECT='TRUE';
    'AGND9':
      PIN_NUMBER='(0,0,0,N4,0)';
      PINUSE='GROUND';
      NO_LOAD_CHECK='Both';
      NO_IO_CHECK='Both';
      NO_ASSERT_CHECK='TRUE';
      NO_DIR_CHECK='TRUE';
      ALLOW_CONNECT='TRUE';
    'AGND10':
      PIN_NUMBER='(0,0,0,P12,0)';
      PINUSE='GROUND';
      NO_LOAD_CHECK='Both';
      NO_IO_CHECK='Both';
      NO_ASSERT_CHECK='TRUE';
      NO_DIR_CHECK='TRUE';
      ALLOW_CONNECT='TRUE';
    'AGND11':
      PIN_NUMBER='(0,0,0,P5,0)';
      PINUSE='GROUND';
      NO_LOAD_CHECK='Both';
      NO_IO_CHECK='Both';
      NO_ASSERT_CHECK='TRUE';
      NO_DIR_CHECK='TRUE';
      ALLOW_CONNECT='TRUE';
    'AGND12':
      PIN_NUMBER='(0,0,0,P9,0)';
      PINUSE='GROUND';
      NO_LOAD_CHECK='Both';
      NO_IO_CHECK='Both';
      NO_ASSERT_CHECK='TRUE';
      NO_DIR_CHECK='TRUE';
      ALLOW_CONNECT='TRUE';
    'VDDR1':
      PIN_NUMBER='(0,0,0,K7,0)';
      PINUSE='POWER';
      NO_LOAD_CHECK='Both';
      NO_IO_CHECK='Both';
      NO_ASSERT_CHECK='TRUE';
      NO_DIR_CHECK='TRUE';
      ALLOW_CONNECT='TRUE';
    'VDDR2':
      PIN_NUMBER='(0,0,0,L7,0)';
      PINUSE='POWER';
      NO_LOAD_CHECK='Both';
      NO_IO_CHECK='Both';
      NO_ASSERT_CHECK='TRUE';
      NO_DIR_CHECK='TRUE';
      ALLOW_CONNECT='TRUE';
    'VDDT1':
      PIN_NUMBER='(0,0,0,L12,0)';
      PINUSE='POWER';
      NO_LOAD_CHECK='Both';
      NO_IO_CHECK='Both';
      NO_ASSERT_CHECK='TRUE';
      NO_DIR_CHECK='TRUE';
      ALLOW_CONNECT='TRUE';
    'VDDT2':
      PIN_NUMBER='(0,0,0,M7,0)';
      PINUSE='POWER';
      NO_LOAD_CHECK='Both';
      NO_IO_CHECK='Both';
      NO_ASSERT_CHECK='TRUE';
      NO_DIR_CHECK='TRUE';
      ALLOW_CONNECT='TRUE';
    'VDDT3':
      PIN_NUMBER='(0,0,0,N10,0)';
      PINUSE='POWER';
      NO_LOAD_CHECK='Both';
      NO_IO_CHECK='Both';
      NO_ASSERT_CHECK='TRUE';
      NO_DIR_CHECK='TRUE';
      ALLOW_CONNECT='TRUE';
    'VDDT4':
      PIN_NUMBER='(0,0,0,N5,0)';
      PINUSE='POWER';
      NO_LOAD_CHECK='Both';
      NO_IO_CHECK='Both';
      NO_ASSERT_CHECK='TRUE';
      NO_DIR_CHECK='TRUE';
      ALLOW_CONNECT='TRUE';
    'VDDT5':
      PIN_NUMBER='(0,0,0,N8,0)';
      PINUSE='POWER';
      NO_LOAD_CHECK='Both';
      NO_IO_CHECK='Both';
      NO_ASSERT_CHECK='TRUE';
      NO_DIR_CHECK='TRUE';
      ALLOW_CONNECT='TRUE';
    'VDDD1':
      PIN_NUMBER='(0,0,0,P11,0)';
      PINUSE='POWER';
      NO_LOAD_CHECK='Both';
      NO_IO_CHECK='Both';
      NO_ASSERT_CHECK='TRUE';
      NO_DIR_CHECK='TRUE';
      ALLOW_CONNECT='TRUE';
    'VDDD2':
      PIN_NUMBER='(0,0,0,P13,0)';
      PINUSE='POWER';
      NO_LOAD_CHECK='Both';
      NO_IO_CHECK='Both';
      NO_ASSERT_CHECK='TRUE';
      NO_DIR_CHECK='TRUE';
      ALLOW_CONNECT='TRUE';
    'VDDD3':
      PIN_NUMBER='(0,0,0,P4,0)';
      PINUSE='POWER';
      NO_LOAD_CHECK='Both';
      NO_IO_CHECK='Both';
      NO_ASSERT_CHECK='TRUE';
      NO_DIR_CHECK='TRUE';
      ALLOW_CONNECT='TRUE';
    'VDDD4':
      PIN_NUMBER='(0,0,0,P8,0)';
      PINUSE='POWER';
      NO_LOAD_CHECK='Both';
      NO_IO_CHECK='Both';
      NO_ASSERT_CHECK='TRUE';
      NO_DIR_CHECK='TRUE';
      ALLOW_CONNECT='TRUE';
    'REFCLKP':
      PIN_NUMBER='(0,0,0,0,J1)';
      PINUSE='UNSPEC';
      NO_LOAD_CHECK='Both';
      NO_IO_CHECK='Both';
      NO_ASSERT_CHECK='TRUE';
      NO_DIR_CHECK='TRUE';
      ALLOW_CONNECT='TRUE';
    'REFCLKN':
      PIN_NUMBER='(0,0,0,0,H1)';
      PINUSE='UNSPEC';
      NO_LOAD_CHECK='Both';
      NO_IO_CHECK='Both';
      NO_ASSERT_CHECK='TRUE';
      NO_DIR_CHECK='TRUE';
      ALLOW_CONNECT='TRUE';
    'VDDA_VCO':
      PIN_NUMBER='(0,0,0,0,G4)';
      PINUSE='POWER';
      NO_LOAD_CHECK='Both';
      NO_IO_CHECK='Both';
      NO_ASSERT_CHECK='TRUE';
      NO_DIR_CHECK='TRUE';
      ALLOW_CONNECT='TRUE';
    'VSSA_VCO':
      PIN_NUMBER='(0,0,0,0,G2)';
      PINUSE='GROUND';
      NO_LOAD_CHECK='Both';
      NO_IO_CHECK='Both';
      NO_ASSERT_CHECK='TRUE';
      NO_DIR_CHECK='TRUE';
      ALLOW_CONNECT='TRUE';
    'VDDA_CP':
      PIN_NUMBER='(0,0,0,0,J4)';
      PINUSE='POWER';
      NO_LOAD_CHECK='Both';
      NO_IO_CHECK='Both';
      NO_ASSERT_CHECK='TRUE';
      NO_DIR_CHECK='TRUE';
      ALLOW_CONNECT='TRUE';
    'VSSA_CP':
      PIN_NUMBER='(0,0,0,0,H4)';
      PINUSE='GROUND';
      NO_LOAD_CHECK='Both';
      NO_IO_CHECK='Both';
      NO_ASSERT_CHECK='TRUE';
      NO_DIR_CHECK='TRUE';
      ALLOW_CONNECT='TRUE';
    'VDD_CML':
      PIN_NUMBER='(0,0,0,0,H3)';
      PINUSE='POWER';
      NO_LOAD_CHECK='Both';
      NO_IO_CHECK='Both';
      NO_ASSERT_CHECK='TRUE';
      NO_DIR_CHECK='TRUE';
      ALLOW_CONNECT='TRUE';
    'VSS_CML':
      PIN_NUMBER='(0,0,0,0,J3)';
      PINUSE='GROUND';
      NO_LOAD_CHECK='Both';
      NO_IO_CHECK='Both';
      NO_ASSERT_CHECK='TRUE';
      NO_DIR_CHECK='TRUE';
      ALLOW_CONNECT='TRUE';
    'VDD_PLL':
      PIN_NUMBER='(0,0,0,0,G5)';
      PINUSE='POWER';
      NO_LOAD_CHECK='Both';
      NO_IO_CHECK='Both';
      NO_ASSERT_CHECK='TRUE';
      NO_DIR_CHECK='TRUE';
      ALLOW_CONNECT='TRUE';
    'VSS_PLL':
      PIN_NUMBER='(0,0,0,0,H5)';
      PINUSE='GROUND';
      NO_LOAD_CHECK='Both';
      NO_IO_CHECK='Both';
      NO_ASSERT_CHECK='TRUE';
      NO_DIR_CHECK='TRUE';
      ALLOW_CONNECT='TRUE';
    'VCO_TL_TST':
      PIN_NUMBER='(0,0,0,0,J2)';
      INPUT_LOAD='(-0.01,0.01)';
    'TST_OUT':
      PIN_NUMBER='(0,0,0,0,G1)';
      PINUSE='UNSPEC';
      NO_LOAD_CHECK='Both';
      NO_IO_CHECK='Both';
      NO_ASSERT_CHECK='TRUE';
      NO_DIR_CHECK='TRUE';
      ALLOW_CONNECT='TRUE';
    'CP_OUT':
      PIN_NUMBER='(0,0,0,0,G3)';
      OUTPUT_LOAD='(1.0,-1.0)';
    'VTUNE':
      PIN_NUMBER='(0,0,0,0,H2)';
      INPUT_LOAD='(-0.01,0.01)';
  end_pin;
  body
    BODY_NAME='TLK3132ZEN';
    PART_NAME='TLK3132ZEN';
    PHYS_DES_PREFIX='U';
    CLASS='IC';
  end_body;
end_primitive;

END.
