FILE_TYPE=LIBRARY_PARTS;
primitive 'DIODE_BAV70';
  pin
    'ANODE'<1>:
      PIN_NUMBER='(1)';
      PINUSE='UNSPEC';
      NO_LOAD_CHECK='Both';
      NO_IO_CHECK='Both';
      NO_ASSERT_CHECK='TRUE';
      NO_DIR_CHECK='TRUE';
      ALLOW_CONNECT='TRUE';
    'ANODE'<2>:
      PIN_NUMBER='(2)';
      PINUSE='UNSPEC';
      NO_LOAD_CHECK='Both';
      NO_IO_CHECK='Both';
      NO_ASSERT_CHECK='TRUE';
      NO_DIR_CHECK='TRUE';
      ALLOW_CONNECT='TRUE';
    'CATHODE':
      PIN_NUMBER='(3)';
      PINUSE='UNSPEC';
      NO_LOAD_CHECK='Both';
      NO_IO_CHECK='Both';
      NO_ASSERT_CHECK='TRUE';
      NO_DIR_CHECK='TRUE';
      ALLOW_CONNECT='TRUE';
  end_pin;
  body
    BODY_NAME='DIODE_BAV70';
    PART_NAME='DIODE_BAV70';
    PHYS_DES_PREFIX='D';
    CLASS='DISCRETE';
  end_body;
end_primitive;

END.
