FILE_TYPE=LIBRARY_PARTS;
primitive 'EPM1270F256I5';
  pin
    'GNDIO_1':
      PIN_NUMBER='(0,0,0,0,0,A1)';
      PINUSE='GROUND';
      NO_LOAD_CHECK='Both';
      NO_IO_CHECK='Both';
      NO_ASSERT_CHECK='TRUE';
      NO_DIR_CHECK='TRUE';
      ALLOW_CONNECT='TRUE';
    'VCCIO2_2':
      PIN_NUMBER='(0,0,0,0,0,A14)';
      PINUSE='POWER';
      NO_LOAD_CHECK='Both';
      NO_IO_CHECK='Both';
      NO_ASSERT_CHECK='TRUE';
      NO_DIR_CHECK='TRUE';
      ALLOW_CONNECT='TRUE';
    'GNDIO_2':
      PIN_NUMBER='(0,0,0,0,0,A16)';
      PINUSE='GROUND';
      NO_LOAD_CHECK='Both';
      NO_IO_CHECK='Both';
      NO_ASSERT_CHECK='TRUE';
      NO_DIR_CHECK='TRUE';
      ALLOW_CONNECT='TRUE';
    'VCCIO2_1':
      PIN_NUMBER='(0,0,0,0,0,A3)';
      PINUSE='POWER';
      NO_LOAD_CHECK='Both';
      NO_IO_CHECK='Both';
      NO_ASSERT_CHECK='TRUE';
      NO_DIR_CHECK='TRUE';
      ALLOW_CONNECT='TRUE';
    'GNDIO_4':
      PIN_NUMBER='(0,0,0,0,0,B15)';
      PINUSE='GROUND';
      NO_LOAD_CHECK='Both';
      NO_IO_CHECK='Both';
      NO_ASSERT_CHECK='TRUE';
      NO_DIR_CHECK='TRUE';
      ALLOW_CONNECT='TRUE';
    'GNDIO_3':
      PIN_NUMBER='(0,0,0,0,0,B2)';
      PINUSE='GROUND';
      NO_LOAD_CHECK='Both';
      NO_IO_CHECK='Both';
      NO_ASSERT_CHECK='TRUE';
      NO_DIR_CHECK='TRUE';
      ALLOW_CONNECT='TRUE';
    'VCCIO1_1':
      PIN_NUMBER='(0,0,0,0,0,C1)';
      PINUSE='POWER';
      NO_LOAD_CHECK='Both';
      NO_IO_CHECK='Both';
      NO_ASSERT_CHECK='TRUE';
      NO_DIR_CHECK='TRUE';
      ALLOW_CONNECT='TRUE';
    'VCCIO3_1':
      PIN_NUMBER='(0,0,0,0,0,C16)';
      PINUSE='POWER';
      NO_LOAD_CHECK='Both';
      NO_IO_CHECK='Both';
      NO_ASSERT_CHECK='TRUE';
      NO_DIR_CHECK='TRUE';
      ALLOW_CONNECT='TRUE';
    'VCCIO2_3':
      PIN_NUMBER='(0,0,0,0,0,F8)';
      PINUSE='POWER';
      NO_LOAD_CHECK='Both';
      NO_IO_CHECK='Both';
      NO_ASSERT_CHECK='TRUE';
      NO_DIR_CHECK='TRUE';
      ALLOW_CONNECT='TRUE';
    'VCCIO2_4':
      PIN_NUMBER='(0,0,0,0,0,F9)';
      PINUSE='POWER';
      NO_LOAD_CHECK='Both';
      NO_IO_CHECK='Both';
      NO_ASSERT_CHECK='TRUE';
      NO_DIR_CHECK='TRUE';
      ALLOW_CONNECT='TRUE';
    'GNDIO_8':
      PIN_NUMBER='(0,0,0,0,0,G10)';
      PINUSE='GROUND';
      NO_LOAD_CHECK='Both';
      NO_IO_CHECK='Both';
      NO_ASSERT_CHECK='TRUE';
      NO_DIR_CHECK='TRUE';
      ALLOW_CONNECT='TRUE';
    'GNDIO_5':
      PIN_NUMBER='(0,0,0,0,0,G7)';
      PINUSE='GROUND';
      NO_LOAD_CHECK='Both';
      NO_IO_CHECK='Both';
      NO_ASSERT_CHECK='TRUE';
      NO_DIR_CHECK='TRUE';
      ALLOW_CONNECT='TRUE';
    'GNDIO_6':
      PIN_NUMBER='(0,0,0,0,0,G8)';
      PINUSE='GROUND';
      NO_LOAD_CHECK='Both';
      NO_IO_CHECK='Both';
      NO_ASSERT_CHECK='TRUE';
      NO_DIR_CHECK='TRUE';
      ALLOW_CONNECT='TRUE';
    'GNDIO_7':
      PIN_NUMBER='(0,0,0,0,0,G9)';
      PINUSE='GROUND';
      NO_LOAD_CHECK='Both';
      NO_IO_CHECK='Both';
      NO_ASSERT_CHECK='TRUE';
      NO_DIR_CHECK='TRUE';
      ALLOW_CONNECT='TRUE';
    'VCCINT_2':
      PIN_NUMBER='(0,0,0,0,0,H10)';
      PINUSE='POWER';
      NO_LOAD_CHECK='Both';
      NO_IO_CHECK='Both';
      NO_ASSERT_CHECK='TRUE';
      NO_DIR_CHECK='TRUE';
      ALLOW_CONNECT='TRUE';
    'VCCIO3_2':
      PIN_NUMBER='(0,0,0,0,0,H11)';
      PINUSE='POWER';
      NO_LOAD_CHECK='Both';
      NO_IO_CHECK='Both';
      NO_ASSERT_CHECK='TRUE';
      NO_DIR_CHECK='TRUE';
      ALLOW_CONNECT='TRUE';
    'VCCIO1_2':
      PIN_NUMBER='(0,0,0,0,0,H6)';
      PINUSE='POWER';
      NO_LOAD_CHECK='Both';
      NO_IO_CHECK='Both';
      NO_ASSERT_CHECK='TRUE';
      NO_DIR_CHECK='TRUE';
      ALLOW_CONNECT='TRUE';
    'GNDINT_1':
      PIN_NUMBER='(0,0,0,0,0,H7)';
      PINUSE='GROUND';
      NO_LOAD_CHECK='Both';
      NO_IO_CHECK='Both';
      NO_ASSERT_CHECK='TRUE';
      NO_DIR_CHECK='TRUE';
      ALLOW_CONNECT='TRUE';
    'VCCINT_1':
      PIN_NUMBER='(0,0,0,0,0,H8)';
      PINUSE='POWER';
      NO_LOAD_CHECK='Both';
      NO_IO_CHECK='Both';
      NO_ASSERT_CHECK='TRUE';
      NO_DIR_CHECK='TRUE';
      ALLOW_CONNECT='TRUE';
    'GNDINT_2':
      PIN_NUMBER='(0,0,0,0,0,H9)';
      PINUSE='GROUND';
      NO_LOAD_CHECK='Both';
      NO_IO_CHECK='Both';
      NO_ASSERT_CHECK='TRUE';
      NO_DIR_CHECK='TRUE';
      ALLOW_CONNECT='TRUE';
    'GNDINT_4':
      PIN_NUMBER='(0,0,0,0,0,J10)';
      PINUSE='GROUND';
      NO_LOAD_CHECK='Both';
      NO_IO_CHECK='Both';
      NO_ASSERT_CHECK='TRUE';
      NO_DIR_CHECK='TRUE';
      ALLOW_CONNECT='TRUE';
    'VCCIO3_3':
      PIN_NUMBER='(0,0,0,0,0,J11)';
      PINUSE='POWER';
      NO_LOAD_CHECK='Both';
      NO_IO_CHECK='Both';
      NO_ASSERT_CHECK='TRUE';
      NO_DIR_CHECK='TRUE';
      ALLOW_CONNECT='TRUE';
    'VCCIO1_3':
      PIN_NUMBER='(0,0,0,0,0,J6)';
      PINUSE='POWER';
      NO_LOAD_CHECK='Both';
      NO_IO_CHECK='Both';
      NO_ASSERT_CHECK='TRUE';
      NO_DIR_CHECK='TRUE';
      ALLOW_CONNECT='TRUE';
    'VCCINT_3':
      PIN_NUMBER='(0,0,0,0,0,J7)';
      PINUSE='POWER';
      NO_LOAD_CHECK='Both';
      NO_IO_CHECK='Both';
      NO_ASSERT_CHECK='TRUE';
      NO_DIR_CHECK='TRUE';
      ALLOW_CONNECT='TRUE';
    'GNDINT_3':
      PIN_NUMBER='(0,0,0,0,0,J8)';
      PINUSE='GROUND';
      NO_LOAD_CHECK='Both';
      NO_IO_CHECK='Both';
      NO_ASSERT_CHECK='TRUE';
      NO_DIR_CHECK='TRUE';
      ALLOW_CONNECT='TRUE';
    'VCCINT_4':
      PIN_NUMBER='(0,0,0,0,0,J9)';
      PINUSE='POWER';
      NO_LOAD_CHECK='Both';
      NO_IO_CHECK='Both';
      NO_ASSERT_CHECK='TRUE';
      NO_DIR_CHECK='TRUE';
      ALLOW_CONNECT='TRUE';
    'GNDIO_12':
      PIN_NUMBER='(0,0,0,0,0,K10)';
      PINUSE='GROUND';
      NO_LOAD_CHECK='Both';
      NO_IO_CHECK='Both';
      NO_ASSERT_CHECK='TRUE';
      NO_DIR_CHECK='TRUE';
      ALLOW_CONNECT='TRUE';
    'GNDIO_9':
      PIN_NUMBER='(0,0,0,0,0,K7)';
      PINUSE='GROUND';
      NO_LOAD_CHECK='Both';
      NO_IO_CHECK='Both';
      NO_ASSERT_CHECK='TRUE';
      NO_DIR_CHECK='TRUE';
      ALLOW_CONNECT='TRUE';
    'GNDIO_10':
      PIN_NUMBER='(0,0,0,0,0,K8)';
      PINUSE='GROUND';
      NO_LOAD_CHECK='Both';
      NO_IO_CHECK='Both';
      NO_ASSERT_CHECK='TRUE';
      NO_DIR_CHECK='TRUE';
      ALLOW_CONNECT='TRUE';
    'GNDIO_11':
      PIN_NUMBER='(0,0,0,0,0,K9)';
      PINUSE='GROUND';
      NO_LOAD_CHECK='Both';
      NO_IO_CHECK='Both';
      NO_ASSERT_CHECK='TRUE';
      NO_DIR_CHECK='TRUE';
      ALLOW_CONNECT='TRUE';
    'VCCIO4_1':
      PIN_NUMBER='(0,0,0,0,0,L8)';
      PINUSE='POWER';
      NO_LOAD_CHECK='Both';
      NO_IO_CHECK='Both';
      NO_ASSERT_CHECK='TRUE';
      NO_DIR_CHECK='TRUE';
      ALLOW_CONNECT='TRUE';
    'VCCIO4_2':
      PIN_NUMBER='(0,0,0,0,0,L9)';
      PINUSE='POWER';
      NO_LOAD_CHECK='Both';
      NO_IO_CHECK='Both';
      NO_ASSERT_CHECK='TRUE';
      NO_DIR_CHECK='TRUE';
      ALLOW_CONNECT='TRUE';
    'VCCIO1_4':
      PIN_NUMBER='(0,0,0,0,0,P1)';
      PINUSE='POWER';
      NO_LOAD_CHECK='Both';
      NO_IO_CHECK='Both';
      NO_ASSERT_CHECK='TRUE';
      NO_DIR_CHECK='TRUE';
      ALLOW_CONNECT='TRUE';
    'VCCIO3_4':
      PIN_NUMBER='(0,0,0,0,0,P16)';
      PINUSE='POWER';
      NO_LOAD_CHECK='Both';
      NO_IO_CHECK='Both';
      NO_ASSERT_CHECK='TRUE';
      NO_DIR_CHECK='TRUE';
      ALLOW_CONNECT='TRUE';
    'GNDIO_14':
      PIN_NUMBER='(0,0,0,0,0,R15)';
      PINUSE='GROUND';
      NO_LOAD_CHECK='Both';
      NO_IO_CHECK='Both';
      NO_ASSERT_CHECK='TRUE';
      NO_DIR_CHECK='TRUE';
      ALLOW_CONNECT='TRUE';
    'GNDIO_13':
      PIN_NUMBER='(0,0,0,0,0,R2)';
      PINUSE='GROUND';
      NO_LOAD_CHECK='Both';
      NO_IO_CHECK='Both';
      NO_ASSERT_CHECK='TRUE';
      NO_DIR_CHECK='TRUE';
      ALLOW_CONNECT='TRUE';
    'GNDIO_15':
      PIN_NUMBER='(0,0,0,0,0,T1)';
      PINUSE='GROUND';
      NO_LOAD_CHECK='Both';
      NO_IO_CHECK='Both';
      NO_ASSERT_CHECK='TRUE';
      NO_DIR_CHECK='TRUE';
      ALLOW_CONNECT='TRUE';
    'VCCIO4_4':
      PIN_NUMBER='(0,0,0,0,0,T14)';
      PINUSE='POWER';
      NO_LOAD_CHECK='Both';
      NO_IO_CHECK='Both';
      NO_ASSERT_CHECK='TRUE';
      NO_DIR_CHECK='TRUE';
      ALLOW_CONNECT='TRUE';
    'GNDIO_16':
      PIN_NUMBER='(0,0,0,0,0,T16)';
      PINUSE='GROUND';
      NO_LOAD_CHECK='Both';
      NO_IO_CHECK='Both';
      NO_ASSERT_CHECK='TRUE';
      NO_DIR_CHECK='TRUE';
      ALLOW_CONNECT='TRUE';
    'VCCIO4_3':
      PIN_NUMBER='(0,0,0,0,0,T3)';
      PINUSE='POWER';
      NO_LOAD_CHECK='Both';
      NO_IO_CHECK='Both';
      NO_ASSERT_CHECK='TRUE';
      NO_DIR_CHECK='TRUE';
      ALLOW_CONNECT='TRUE';
    'TDI':
      PIN_NUMBER='(0,0,0,0,L6,0)';
      BIDIRECTIONAL='TRUE';
      INPUT_LOAD='(-0.01,0.01)';
      OUTPUT_LOAD='(1.0,-1.0)';
    'TDO':
      PIN_NUMBER='(0,0,0,0,M5,0)';
      BIDIRECTIONAL='TRUE';
      INPUT_LOAD='(-0.01,0.01)';
      OUTPUT_LOAD='(1.0,-1.0)';
    'TMS':
      PIN_NUMBER='(0,0,0,0,N4,0)';
      BIDIRECTIONAL='TRUE';
      INPUT_LOAD='(-0.01,0.01)';
      OUTPUT_LOAD='(1.0,-1.0)';
    'TCK':
      PIN_NUMBER='(0,0,0,0,P3,0)';
      BIDIRECTIONAL='TRUE';
      INPUT_LOAD='(-0.01,0.01)';
      OUTPUT_LOAD='(1.0,-1.0)';
    'B1_IO_2':
      PIN_NUMBER='(C2,0,0,0,0,0)';
      BIDIRECTIONAL='TRUE';
      INPUT_LOAD='(-0.01,0.01)';
      OUTPUT_LOAD='(1.0,-1.0)';
    'B1_IO_4':
      PIN_NUMBER='(C3,0,0,0,0,0)';
      BIDIRECTIONAL='TRUE';
      INPUT_LOAD='(-0.01,0.01)';
      OUTPUT_LOAD='(1.0,-1.0)';
    'B1_IO_8':
      PIN_NUMBER='(D1,0,0,0,0,0)';
      BIDIRECTIONAL='TRUE';
      INPUT_LOAD='(-0.01,0.01)';
      OUTPUT_LOAD='(1.0,-1.0)';
    'B1_IO_6':
      PIN_NUMBER='(D2,0,0,0,0,0)';
      BIDIRECTIONAL='TRUE';
      INPUT_LOAD='(-0.01,0.01)';
      OUTPUT_LOAD='(1.0,-1.0)';
    'B1_IO_1':
      PIN_NUMBER='(D3,0,0,0,0,0)';
      BIDIRECTIONAL='TRUE';
      INPUT_LOAD='(-0.01,0.01)';
      OUTPUT_LOAD='(1.0,-1.0)';
    'B1_IO_12':
      PIN_NUMBER='(E1,0,0,0,0,0)';
      BIDIRECTIONAL='TRUE';
      INPUT_LOAD='(-0.01,0.01)';
      OUTPUT_LOAD='(1.0,-1.0)';
    'B1_IO_10':
      PIN_NUMBER='(E2,0,0,0,0,0)';
      BIDIRECTIONAL='TRUE';
      INPUT_LOAD='(-0.01,0.01)';
      OUTPUT_LOAD='(1.0,-1.0)';
    'B1_IO_3':
      PIN_NUMBER='(E3,0,0,0,0,0)';
      BIDIRECTIONAL='TRUE';
      INPUT_LOAD='(-0.01,0.01)';
      OUTPUT_LOAD='(1.0,-1.0)';
    'B1_IO_5':
      PIN_NUMBER='(E4,0,0,0,0,0)';
      BIDIRECTIONAL='TRUE';
      INPUT_LOAD='(-0.01,0.01)';
      OUTPUT_LOAD='(1.0,-1.0)';
    'B1_IO_7/570NC35':
      PIN_NUMBER='(E5,0,0,0,0,0)';
      BIDIRECTIONAL='TRUE';
      INPUT_LOAD='(-0.01,0.01)';
      OUTPUT_LOAD='(1.0,-1.0)';
    'B1_IO_16':
      PIN_NUMBER='(F1,0,0,0,0,0)';
      BIDIRECTIONAL='TRUE';
      INPUT_LOAD='(-0.01,0.01)';
      OUTPUT_LOAD='(1.0,-1.0)';
    'B1_IO_14':
      PIN_NUMBER='(F2,0,0,0,0,0)';
      BIDIRECTIONAL='TRUE';
      INPUT_LOAD='(-0.01,0.01)';
      OUTPUT_LOAD='(1.0,-1.0)';
    'B1_IO_9':
      PIN_NUMBER='(F3,0,0,0,0,0)';
      BIDIRECTIONAL='TRUE';
      INPUT_LOAD='(-0.01,0.01)';
      OUTPUT_LOAD='(1.0,-1.0)';
    'B1_IO_11/570NC43':
      PIN_NUMBER='(F4,0,0,0,0,0)';
      BIDIRECTIONAL='TRUE';
      INPUT_LOAD='(-0.01,0.01)';
      OUTPUT_LOAD='(1.0,-1.0)';
    'B1_IO_13/570NC44':
      PIN_NUMBER='(F5,0,0,0,0,0)';
      BIDIRECTIONAL='TRUE';
      INPUT_LOAD='(-0.01,0.01)';
      OUTPUT_LOAD='(1.0,-1.0)';
    'B1_IO_15/570NC45':
      PIN_NUMBER='(F6,0,0,0,0,0)';
      BIDIRECTIONAL='TRUE';
      INPUT_LOAD='(-0.01,0.01)';
      OUTPUT_LOAD='(1.0,-1.0)';
    'B1_IO_20':
      PIN_NUMBER='(G1,0,0,0,0,0)';
      BIDIRECTIONAL='TRUE';
      INPUT_LOAD='(-0.01,0.01)';
      OUTPUT_LOAD='(1.0,-1.0)';
    'B1_IO_18':
      PIN_NUMBER='(G2,0,0,0,0,0)';
      BIDIRECTIONAL='TRUE';
      INPUT_LOAD='(-0.01,0.01)';
      OUTPUT_LOAD='(1.0,-1.0)';
    'B1_IO_17':
      PIN_NUMBER='(G3,0,0,0,0,0)';
      BIDIRECTIONAL='TRUE';
      INPUT_LOAD='(-0.01,0.01)';
      OUTPUT_LOAD='(1.0,-1.0)';
    'B1_IO_19/570NC27':
      PIN_NUMBER='(G4,0,0,0,0,0)';
      BIDIRECTIONAL='TRUE';
      INPUT_LOAD='(-0.01,0.01)';
      OUTPUT_LOAD='(1.0,-1.0)';
    'B1_IO_21/570NC28':
      PIN_NUMBER='(G5,0,0,0,0,0)';
      BIDIRECTIONAL='TRUE';
      INPUT_LOAD='(-0.01,0.01)';
      OUTPUT_LOAD='(1.0,-1.0)';
    'B1_IO_23/570NC29':
      PIN_NUMBER='(G6,0,0,0,0,0)';
      BIDIRECTIONAL='TRUE';
      INPUT_LOAD='(-0.01,0.01)';
      OUTPUT_LOAD='(1.0,-1.0)';
    'B1_IO_24':
      PIN_NUMBER='(H1,0,0,0,0,0)';
      BIDIRECTIONAL='TRUE';
      INPUT_LOAD='(-0.01,0.01)';
      OUTPUT_LOAD='(1.0,-1.0)';
    'B1_IO_22':
      PIN_NUMBER='(H2,0,0,0,0,0)';
      BIDIRECTIONAL='TRUE';
      INPUT_LOAD='(-0.01,0.01)';
      OUTPUT_LOAD='(1.0,-1.0)';
    'B1_IO_25':
      PIN_NUMBER='(H3,0,0,0,0,0)';
      BIDIRECTIONAL='TRUE';
      INPUT_LOAD='(-0.01,0.01)';
      OUTPUT_LOAD='(1.0,-1.0)';
    'B1_IO_29/570NC31':
      PIN_NUMBER='(H4,0,0,0,0,0)';
      BIDIRECTIONAL='TRUE';
      INPUT_LOAD='(-0.01,0.01)';
      OUTPUT_LOAD='(1.0,-1.0)';
    'B1_IO_27/GCLK0':
      PIN_NUMBER='(H5,0,0,0,0,0)';
      BIDIRECTIONAL='TRUE';
      INPUT_LOAD='(-0.01,0.01)';
      OUTPUT_LOAD='(1.0,-1.0)';
    'B1_IO_26':
      PIN_NUMBER='(J1,0,0,0,0,0)';
      BIDIRECTIONAL='TRUE';
      INPUT_LOAD='(-0.01,0.01)';
      OUTPUT_LOAD='(1.0,-1.0)';
    'B1_IO_30':
      PIN_NUMBER='(J2,0,0,0,0,0)';
      BIDIRECTIONAL='TRUE';
      INPUT_LOAD='(-0.01,0.01)';
      OUTPUT_LOAD='(1.0,-1.0)';
    'B1_IO_33':
      PIN_NUMBER='(J3,0,0,0,0,0)';
      BIDIRECTIONAL='TRUE';
      INPUT_LOAD='(-0.01,0.01)';
      OUTPUT_LOAD='(1.0,-1.0)';
    'B1_IO_31/570NC18':
      PIN_NUMBER='(J4,0,0,0,0,0)';
      BIDIRECTIONAL='TRUE';
      INPUT_LOAD='(-0.01,0.01)';
      OUTPUT_LOAD='(1.0,-1.0)';
    'B1_IO_28/GCLK1':
      PIN_NUMBER='(J5,0,0,0,0,0)';
      BIDIRECTIONAL='TRUE';
      INPUT_LOAD='(-0.01,0.01)';
      OUTPUT_LOAD='(1.0,-1.0)';
    'B1_IO_32':
      PIN_NUMBER='(K1,0,0,0,0,0)';
      BIDIRECTIONAL='TRUE';
      INPUT_LOAD='(-0.01,0.01)';
      OUTPUT_LOAD='(1.0,-1.0)';
    'B1_IO_34':
      PIN_NUMBER='(K2,0,0,0,0,0)';
      BIDIRECTIONAL='TRUE';
      INPUT_LOAD='(-0.01,0.01)';
      OUTPUT_LOAD='(1.0,-1.0)';
    'B1_IO_41':
      PIN_NUMBER='(K3,0,0,0,0,0)';
      BIDIRECTIONAL='TRUE';
      INPUT_LOAD='(-0.01,0.01)';
      OUTPUT_LOAD='(1.0,-1.0)';
    'B1_IO_39/570NC21':
      PIN_NUMBER='(K4,0,0,0,0,0)';
      BIDIRECTIONAL='TRUE';
      INPUT_LOAD='(-0.01,0.01)';
      OUTPUT_LOAD='(1.0,-1.0)';
    'B1_IO_37/570NC22':
      PIN_NUMBER='(K5,0,0,0,0,0)';
      BIDIRECTIONAL='TRUE';
      INPUT_LOAD='(-0.01,0.01)';
      OUTPUT_LOAD='(1.0,-1.0)';
    'B1_IO_35/570NC23':
      PIN_NUMBER='(K6,0,0,0,0,0)';
      BIDIRECTIONAL='TRUE';
      INPUT_LOAD='(-0.01,0.01)';
      OUTPUT_LOAD='(1.0,-1.0)';
    'B1_IO_36':
      PIN_NUMBER='(L1,0,0,0,0,0)';
      BIDIRECTIONAL='TRUE';
      INPUT_LOAD='(-0.01,0.01)';
      OUTPUT_LOAD='(1.0,-1.0)';
    'B1_IO_38':
      PIN_NUMBER='(L2,0,0,0,0,0)';
      BIDIRECTIONAL='TRUE';
      INPUT_LOAD='(-0.01,0.01)';
      OUTPUT_LOAD='(1.0,-1.0)';
    'B1_IO_47':
      PIN_NUMBER='(L3,0,0,0,0,0)';
      BIDIRECTIONAL='TRUE';
      INPUT_LOAD='(-0.01,0.01)';
      OUTPUT_LOAD='(1.0,-1.0)';
    'B1_IO_45':
      PIN_NUMBER='(L4,0,0,0,0,0)';
      BIDIRECTIONAL='TRUE';
      INPUT_LOAD='(-0.01,0.01)';
      OUTPUT_LOAD='(1.0,-1.0)';
    'B1_IO_43/570NC10':
      PIN_NUMBER='(L5,0,0,0,0,0)';
      BIDIRECTIONAL='TRUE';
      INPUT_LOAD='(-0.01,0.01)';
      OUTPUT_LOAD='(1.0,-1.0)';
    'B1_IO_40':
      PIN_NUMBER='(M1,0,0,0,0,0)';
      BIDIRECTIONAL='TRUE';
      INPUT_LOAD='(-0.01,0.01)';
      OUTPUT_LOAD='(1.0,-1.0)';
    'B1_IO_42':
      PIN_NUMBER='(M2,0,0,0,0,0)';
      BIDIRECTIONAL='TRUE';
      INPUT_LOAD='(-0.01,0.01)';
      OUTPUT_LOAD='(1.0,-1.0)';
    'B1_IO_44':
      PIN_NUMBER='(M3,0,0,0,0,0)';
      BIDIRECTIONAL='TRUE';
      INPUT_LOAD='(-0.01,0.01)';
      OUTPUT_LOAD='(1.0,-1.0)';
    'B1_IO_49':
      PIN_NUMBER='(M4,0,0,0,0,0)';
      BIDIRECTIONAL='TRUE';
      INPUT_LOAD='(-0.01,0.01)';
      OUTPUT_LOAD='(1.0,-1.0)';
    'B1_IO_46':
      PIN_NUMBER='(N1,0,0,0,0,0)';
      BIDIRECTIONAL='TRUE';
      INPUT_LOAD='(-0.01,0.01)';
      OUTPUT_LOAD='(1.0,-1.0)';
    'B1_IO_48':
      PIN_NUMBER='(N2,0,0,0,0,0)';
      BIDIRECTIONAL='TRUE';
      INPUT_LOAD='(-0.01,0.01)';
      OUTPUT_LOAD='(1.0,-1.0)';
    'B1_IO_50':
      PIN_NUMBER='(N3,0,0,0,0,0)';
      BIDIRECTIONAL='TRUE';
      INPUT_LOAD='(-0.01,0.01)';
      OUTPUT_LOAD='(1.0,-1.0)';
    'B1_IO_51':
      PIN_NUMBER='(P2,0,0,0,0,0)';
      BIDIRECTIONAL='TRUE';
      INPUT_LOAD='(-0.01,0.01)';
      OUTPUT_LOAD='(1.0,-1.0)';
    'B2_IO_22':
      PIN_NUMBER='(0,A10,0,0,0,0)';
      BIDIRECTIONAL='TRUE';
      INPUT_LOAD='(-0.01,0.01)';
      OUTPUT_LOAD='(1.0,-1.0)';
    'B2_IO_18':
      PIN_NUMBER='(0,A11,0,0,0,0)';
      BIDIRECTIONAL='TRUE';
      INPUT_LOAD='(-0.01,0.01)';
      OUTPUT_LOAD='(1.0,-1.0)';
    'B2_IO_14':
      PIN_NUMBER='(0,A12,0,0,0,0)';
      BIDIRECTIONAL='TRUE';
      INPUT_LOAD='(-0.01,0.01)';
      OUTPUT_LOAD='(1.0,-1.0)';
    'B2_IO_10':
      PIN_NUMBER='(0,A13,0,0,0,0)';
      BIDIRECTIONAL='TRUE';
      INPUT_LOAD='(-0.01,0.01)';
      OUTPUT_LOAD='(1.0,-1.0)';
    'B2_IO_4':
      PIN_NUMBER='(0,A15,0,0,0,0)';
      BIDIRECTIONAL='TRUE';
      INPUT_LOAD='(-0.01,0.01)';
      OUTPUT_LOAD='(1.0,-1.0)';
    'B2_IO_50':
      PIN_NUMBER='(0,A2,0,0,0,0)';
      BIDIRECTIONAL='TRUE';
      INPUT_LOAD='(-0.01,0.01)';
      OUTPUT_LOAD='(1.0,-1.0)';
    'B2_IO_42':
      PIN_NUMBER='(0,A4,0,0,0,0)';
      BIDIRECTIONAL='TRUE';
      INPUT_LOAD='(-0.01,0.01)';
      OUTPUT_LOAD='(1.0,-1.0)';
    'B2_IO_38':
      PIN_NUMBER='(0,A5,0,0,0,0)';
      BIDIRECTIONAL='TRUE';
      INPUT_LOAD='(-0.01,0.01)';
      OUTPUT_LOAD='(1.0,-1.0)';
    'B2_IO_34':
      PIN_NUMBER='(0,A6,0,0,0,0)';
      BIDIRECTIONAL='TRUE';
      INPUT_LOAD='(-0.01,0.01)';
      OUTPUT_LOAD='(1.0,-1.0)';
    'B2_IO_30':
      PIN_NUMBER='(0,A7,0,0,0,0)';
      BIDIRECTIONAL='TRUE';
      INPUT_LOAD='(-0.01,0.01)';
      OUTPUT_LOAD='(1.0,-1.0)';
    'B2_IO_27':
      PIN_NUMBER='(0,A8,0,0,0,0)';
      BIDIRECTIONAL='TRUE';
      INPUT_LOAD='(-0.01,0.01)';
      OUTPUT_LOAD='(1.0,-1.0)';
    'B2_IO_26':
      PIN_NUMBER='(0,A9,0,0,0,0)';
      BIDIRECTIONAL='TRUE';
      INPUT_LOAD='(-0.01,0.01)';
      OUTPUT_LOAD='(1.0,-1.0)';
    'B2_IO_52':
      PIN_NUMBER='(0,B1,0,0,0,0)';
      BIDIRECTIONAL='TRUE';
      INPUT_LOAD='(-0.01,0.01)';
      OUTPUT_LOAD='(1.0,-1.0)';
    'B2_IO_20':
      PIN_NUMBER='(0,B10,0,0,0,0)';
      BIDIRECTIONAL='TRUE';
      INPUT_LOAD='(-0.01,0.01)';
      OUTPUT_LOAD='(1.0,-1.0)';
    'B2_IO_16':
      PIN_NUMBER='(0,B11,0,0,0,0)';
      BIDIRECTIONAL='TRUE';
      INPUT_LOAD='(-0.01,0.01)';
      OUTPUT_LOAD='(1.0,-1.0)';
    'B2_IO_12':
      PIN_NUMBER='(0,B12,0,0,0,0)';
      BIDIRECTIONAL='TRUE';
      INPUT_LOAD='(-0.01,0.01)';
      OUTPUT_LOAD='(1.0,-1.0)';
    'B2_IO_8':
      PIN_NUMBER='(0,B13,0,0,0,0)';
      BIDIRECTIONAL='TRUE';
      INPUT_LOAD='(-0.01,0.01)';
      OUTPUT_LOAD='(1.0,-1.0)';
    'B2_IO_6':
      PIN_NUMBER='(0,B14,0,0,0,0)';
      BIDIRECTIONAL='TRUE';
      INPUT_LOAD='(-0.01,0.01)';
      OUTPUT_LOAD='(1.0,-1.0)';
    'B2_IO_2':
      PIN_NUMBER='(0,B16,0,0,0,0)';
      BIDIRECTIONAL='TRUE';
      INPUT_LOAD='(-0.01,0.01)';
      OUTPUT_LOAD='(1.0,-1.0)';
    'B2_IO_48':
      PIN_NUMBER='(0,B3,0,0,0,0)';
      BIDIRECTIONAL='TRUE';
      INPUT_LOAD='(-0.01,0.01)';
      OUTPUT_LOAD='(1.0,-1.0)';
    'B2_IO_44':
      PIN_NUMBER='(0,B4,0,0,0,0)';
      BIDIRECTIONAL='TRUE';
      INPUT_LOAD='(-0.01,0.01)';
      OUTPUT_LOAD='(1.0,-1.0)';
    'B2_IO_40':
      PIN_NUMBER='(0,B5,0,0,0,0)';
      BIDIRECTIONAL='TRUE';
      INPUT_LOAD='(-0.01,0.01)';
      OUTPUT_LOAD='(1.0,-1.0)';
    'B2_IO_36':
      PIN_NUMBER='(0,B6,0,0,0,0)';
      BIDIRECTIONAL='TRUE';
      INPUT_LOAD='(-0.01,0.01)';
      OUTPUT_LOAD='(1.0,-1.0)';
    'B2_IO_32':
      PIN_NUMBER='(0,B7,0,0,0,0)';
      BIDIRECTIONAL='TRUE';
      INPUT_LOAD='(-0.01,0.01)';
      OUTPUT_LOAD='(1.0,-1.0)';
    'B2_IO_28':
      PIN_NUMBER='(0,B8,0,0,0,0)';
      BIDIRECTIONAL='TRUE';
      INPUT_LOAD='(-0.01,0.01)';
      OUTPUT_LOAD='(1.0,-1.0)';
    'B2_IO_24':
      PIN_NUMBER='(0,B9,0,0,0,0)';
      BIDIRECTIONAL='TRUE';
      INPUT_LOAD='(-0.01,0.01)';
      OUTPUT_LOAD='(1.0,-1.0)';
    'B2_IO_13':
      PIN_NUMBER='(0,C10,0,0,0,0)';
      BIDIRECTIONAL='TRUE';
      INPUT_LOAD='(-0.01,0.01)';
      OUTPUT_LOAD='(1.0,-1.0)';
    'B2_IO_7':
      PIN_NUMBER='(0,C11,0,0,0,0)';
      BIDIRECTIONAL='TRUE';
      INPUT_LOAD='(-0.01,0.01)';
      OUTPUT_LOAD='(1.0,-1.0)';
    'B2_IO_3':
      PIN_NUMBER='(0,C12,0,0,0,0)';
      BIDIRECTIONAL='TRUE';
      INPUT_LOAD='(-0.01,0.01)';
      OUTPUT_LOAD='(1.0,-1.0)';
    'B2_IO_1':
      PIN_NUMBER='(0,C13,0,0,0,0)';
      BIDIRECTIONAL='TRUE';
      INPUT_LOAD='(-0.01,0.01)';
      OUTPUT_LOAD='(1.0,-1.0)';
    'B2_IO_46':
      PIN_NUMBER='(0,C4,0,0,0,0)';
      BIDIRECTIONAL='TRUE';
      INPUT_LOAD='(-0.01,0.01)';
      OUTPUT_LOAD='(1.0,-1.0)';
    'B2_IO_49':
      PIN_NUMBER='(0,C5,0,0,0,0)';
      BIDIRECTIONAL='TRUE';
      INPUT_LOAD='(-0.01,0.01)';
      OUTPUT_LOAD='(1.0,-1.0)';
    'B2_IO_47':
      PIN_NUMBER='(0,C6,0,0,0,0)';
      BIDIRECTIONAL='TRUE';
      INPUT_LOAD='(-0.01,0.01)';
      OUTPUT_LOAD='(1.0,-1.0)';
    'B2_IO_41':
      PIN_NUMBER='(0,C7,0,0,0,0)';
      BIDIRECTIONAL='TRUE';
      INPUT_LOAD='(-0.01,0.01)';
      OUTPUT_LOAD='(1.0,-1.0)';
    'B2_IO_33':
      PIN_NUMBER='(0,C8,0,0,0,0)';
      BIDIRECTIONAL='TRUE';
      INPUT_LOAD='(-0.01,0.01)';
      OUTPUT_LOAD='(1.0,-1.0)';
    'B2_IO_21':
      PIN_NUMBER='(0,C9,0,0,0,0)';
      BIDIRECTIONAL='TRUE';
      INPUT_LOAD='(-0.01,0.01)';
      OUTPUT_LOAD='(1.0,-1.0)';
    'B2_IO_15/570NC47':
      PIN_NUMBER='(0,D10,0,0,0,0)';
      BIDIRECTIONAL='TRUE';
      INPUT_LOAD='(-0.01,0.01)';
      OUTPUT_LOAD='(1.0,-1.0)';
    'B2_IO_9':
      PIN_NUMBER='(0,D11,0,0,0,0)';
      BIDIRECTIONAL='TRUE';
      INPUT_LOAD='(-0.01,0.01)';
      OUTPUT_LOAD='(1.0,-1.0)';
    'B2_IO_5':
      PIN_NUMBER='(0,D12,0,0,0,0)';
      BIDIRECTIONAL='TRUE';
      INPUT_LOAD='(-0.01,0.01)';
      OUTPUT_LOAD='(1.0,-1.0)';
    'B2_IO_53':
      PIN_NUMBER='(0,D4,0,0,0,0)';
      BIDIRECTIONAL='TRUE';
      INPUT_LOAD='(-0.01,0.01)';
      OUTPUT_LOAD='(1.0,-1.0)';
    'B2_IO_51':
      PIN_NUMBER='(0,D5,0,0,0,0)';
      BIDIRECTIONAL='TRUE';
      INPUT_LOAD='(-0.01,0.01)';
      OUTPUT_LOAD='(1.0,-1.0)';
    'B2_IO_45/570NC48':
      PIN_NUMBER='(0,D6,0,0,0,0)';
      BIDIRECTIONAL='TRUE';
      INPUT_LOAD='(-0.01,0.01)';
      OUTPUT_LOAD='(1.0,-1.0)';
    'B2_IO_39/570NC49':
      PIN_NUMBER='(0,D7,0,0,0,0)';
      BIDIRECTIONAL='TRUE';
      INPUT_LOAD='(-0.01,0.01)';
      OUTPUT_LOAD='(1.0,-1.0)';
    'B2_IO_31/570NC50':
      PIN_NUMBER='(0,D8,0,0,0,0)';
      BIDIRECTIONAL='TRUE';
      INPUT_LOAD='(-0.01,0.01)';
      OUTPUT_LOAD='(1.0,-1.0)';
    'B2_IO_23/570NC51':
      PIN_NUMBER='(0,D9,0,0,0,0)';
      BIDIRECTIONAL='TRUE';
      INPUT_LOAD='(-0.01,0.01)';
      OUTPUT_LOAD='(1.0,-1.0)';
    'B2_IO_17/570NC32':
      PIN_NUMBER='(0,E10,0,0,0,0)';
      BIDIRECTIONAL='TRUE';
      INPUT_LOAD='(-0.01,0.01)';
      OUTPUT_LOAD='(1.0,-1.0)';
    'B2_IO_11/570NC33':
      PIN_NUMBER='(0,E11,0,0,0,0)';
      BIDIRECTIONAL='TRUE';
      INPUT_LOAD='(-0.01,0.01)';
      OUTPUT_LOAD='(1.0,-1.0)';
    'B2_IO_43/570NC36':
      PIN_NUMBER='(0,E6,0,0,0,0)';
      BIDIRECTIONAL='TRUE';
      INPUT_LOAD='(-0.01,0.01)';
      OUTPUT_LOAD='(1.0,-1.0)';
    'B2_IO_37/570NC37':
      PIN_NUMBER='(0,E7,0,0,0,0)';
      BIDIRECTIONAL='TRUE';
      INPUT_LOAD='(-0.01,0.01)';
      OUTPUT_LOAD='(1.0,-1.0)';
    'B2_IO_29/570NC38':
      PIN_NUMBER='(0,E8,0,0,0,0)';
      BIDIRECTIONAL='TRUE';
      INPUT_LOAD='(-0.01,0.01)';
      OUTPUT_LOAD='(1.0,-1.0)';
    'B2_IO_25/570NC39':
      PIN_NUMBER='(0,E9,0,0,0,0)';
      BIDIRECTIONAL='TRUE';
      INPUT_LOAD='(-0.01,0.01)';
      OUTPUT_LOAD='(1.0,-1.0)';
    'B2_IO_19/570NC40':
      PIN_NUMBER='(0,F10,0,0,0,0)';
      BIDIRECTIONAL='TRUE';
      INPUT_LOAD='(-0.01,0.01)';
      OUTPUT_LOAD='(1.0,-1.0)';
    'B2_IO_35/570NC46':
      PIN_NUMBER='(0,F7,0,0,0,0)';
      BIDIRECTIONAL='TRUE';
      INPUT_LOAD='(-0.01,0.01)';
      OUTPUT_LOAD='(1.0,-1.0)';
    'B3_IO_53':
      PIN_NUMBER='(0,0,C14,0,0,0)';
      BIDIRECTIONAL='TRUE';
      INPUT_LOAD='(-0.01,0.01)';
      OUTPUT_LOAD='(1.0,-1.0)';
    'B3_IO_51':
      PIN_NUMBER='(0,0,C15,0,0,0)';
      BIDIRECTIONAL='TRUE';
      INPUT_LOAD='(-0.01,0.01)';
      OUTPUT_LOAD='(1.0,-1.0)';
    'B3_IO_55':
      PIN_NUMBER='(0,0,D13,0,0,0)';
      BIDIRECTIONAL='TRUE';
      INPUT_LOAD='(-0.01,0.01)';
      OUTPUT_LOAD='(1.0,-1.0)';
    'B3_IO_49':
      PIN_NUMBER='(0,0,D14,0,0,0)';
      BIDIRECTIONAL='TRUE';
      INPUT_LOAD='(-0.01,0.01)';
      OUTPUT_LOAD='(1.0,-1.0)';
    'B3_IO_47':
      PIN_NUMBER='(0,0,D15,0,0,0)';
      BIDIRECTIONAL='TRUE';
      INPUT_LOAD='(-0.01,0.01)';
      OUTPUT_LOAD='(1.0,-1.0)';
    'B3_IO_45':
      PIN_NUMBER='(0,0,D16,0,0,0)';
      BIDIRECTIONAL='TRUE';
      INPUT_LOAD='(-0.01,0.01)';
      OUTPUT_LOAD='(1.0,-1.0)';
    'B3_IO_50/570NC34':
      PIN_NUMBER='(0,0,E12,0,0,0)';
      BIDIRECTIONAL='TRUE';
      INPUT_LOAD='(-0.01,0.01)';
      OUTPUT_LOAD='(1.0,-1.0)';
    'B3_IO_52':
      PIN_NUMBER='(0,0,E13,0,0,0)';
      BIDIRECTIONAL='TRUE';
      INPUT_LOAD='(-0.01,0.01)';
      OUTPUT_LOAD='(1.0,-1.0)';
    'B3_IO_54':
      PIN_NUMBER='(0,0,E14,0,0,0)';
      BIDIRECTIONAL='TRUE';
      INPUT_LOAD='(-0.01,0.01)';
      OUTPUT_LOAD='(1.0,-1.0)';
    'B3_IO_43':
      PIN_NUMBER='(0,0,E15,0,0,0)';
      BIDIRECTIONAL='TRUE';
      INPUT_LOAD='(-0.01,0.01)';
      OUTPUT_LOAD='(1.0,-1.0)';
    'B3_IO_41':
      PIN_NUMBER='(0,0,E16,0,0,0)';
      BIDIRECTIONAL='TRUE';
      INPUT_LOAD='(-0.01,0.01)';
      OUTPUT_LOAD='(1.0,-1.0)';
    'B3_IO_42/570NC41':
      PIN_NUMBER='(0,0,F11,0,0,0)';
      BIDIRECTIONAL='TRUE';
      INPUT_LOAD='(-0.01,0.01)';
      OUTPUT_LOAD='(1.0,-1.0)';
    'B3_IO_44/570NC42':
      PIN_NUMBER='(0,0,F12,0,0,0)';
      BIDIRECTIONAL='TRUE';
      INPUT_LOAD='(-0.01,0.01)';
      OUTPUT_LOAD='(1.0,-1.0)';
    'B3_IO_46':
      PIN_NUMBER='(0,0,F13,0,0,0)';
      BIDIRECTIONAL='TRUE';
      INPUT_LOAD='(-0.01,0.01)';
      OUTPUT_LOAD='(1.0,-1.0)';
    'B3_IO_48':
      PIN_NUMBER='(0,0,F14,0,0,0)';
      BIDIRECTIONAL='TRUE';
      INPUT_LOAD='(-0.01,0.01)';
      OUTPUT_LOAD='(1.0,-1.0)';
    'B3_IO_39':
      PIN_NUMBER='(0,0,F15,0,0,0)';
      BIDIRECTIONAL='TRUE';
      INPUT_LOAD='(-0.01,0.01)';
      OUTPUT_LOAD='(1.0,-1.0)';
    'B3_IO_37':
      PIN_NUMBER='(0,0,F16,0,0,0)';
      BIDIRECTIONAL='TRUE';
      INPUT_LOAD='(-0.01,0.01)';
      OUTPUT_LOAD='(1.0,-1.0)';
    'B3_IO_36/570NC24':
      PIN_NUMBER='(0,0,G11,0,0,0)';
      BIDIRECTIONAL='TRUE';
      INPUT_LOAD='(-0.01,0.01)';
      OUTPUT_LOAD='(1.0,-1.0)';
    'B3_IO_34/570NC25':
      PIN_NUMBER='(0,0,G12,0,0,0)';
      BIDIRECTIONAL='TRUE';
      INPUT_LOAD='(-0.01,0.01)';
      OUTPUT_LOAD='(1.0,-1.0)';
    'B3_IO_38/570NC26':
      PIN_NUMBER='(0,0,G13,0,0,0)';
      BIDIRECTIONAL='TRUE';
      INPUT_LOAD='(-0.01,0.01)';
      OUTPUT_LOAD='(1.0,-1.0)';
    'B3_IO_40':
      PIN_NUMBER='(0,0,G14,0,0,0)';
      BIDIRECTIONAL='TRUE';
      INPUT_LOAD='(-0.01,0.01)';
      OUTPUT_LOAD='(1.0,-1.0)';
    'B3_IO_35':
      PIN_NUMBER='(0,0,G15,0,0,0)';
      BIDIRECTIONAL='TRUE';
      INPUT_LOAD='(-0.01,0.01)';
      OUTPUT_LOAD='(1.0,-1.0)';
    'B3_IO_33':
      PIN_NUMBER='(0,0,G16,0,0,0)';
      BIDIRECTIONAL='TRUE';
      INPUT_LOAD='(-0.01,0.01)';
      OUTPUT_LOAD='(1.0,-1.0)';
    'B3_IO_28/GCLK3':
      PIN_NUMBER='(0,0,H12,0,0,0)';
      BIDIRECTIONAL='TRUE';
      INPUT_LOAD='(-0.01,0.01)';
      OUTPUT_LOAD='(1.0,-1.0)';
    'B3_IO_30/570NC30':
      PIN_NUMBER='(0,0,H13,0,0,0)';
      BIDIRECTIONAL='TRUE';
      INPUT_LOAD='(-0.01,0.01)';
      OUTPUT_LOAD='(1.0,-1.0)';
    'B3_IO_32':
      PIN_NUMBER='(0,0,H14,0,0,0)';
      BIDIRECTIONAL='TRUE';
      INPUT_LOAD='(-0.01,0.01)';
      OUTPUT_LOAD='(1.0,-1.0)';
    'B3_IO_31':
      PIN_NUMBER='(0,0,H15,0,0,0)';
      BIDIRECTIONAL='TRUE';
      INPUT_LOAD='(-0.01,0.01)';
      OUTPUT_LOAD='(1.0,-1.0)';
    'B3_IO_29':
      PIN_NUMBER='(0,0,H16,0,0,0)';
      BIDIRECTIONAL='TRUE';
      INPUT_LOAD='(-0.01,0.01)';
      OUTPUT_LOAD='(1.0,-1.0)';
    'B3_IO_27/GCLK2':
      PIN_NUMBER='(0,0,J12,0,0,0)';
      BIDIRECTIONAL='TRUE';
      INPUT_LOAD='(-0.01,0.01)';
      OUTPUT_LOAD='(1.0,-1.0)';
    'B3_IO_26/570NC17':
      PIN_NUMBER='(0,0,J13,0,0,0)';
      BIDIRECTIONAL='TRUE';
      INPUT_LOAD='(-0.01,0.01)';
      OUTPUT_LOAD='(1.0,-1.0)';
    'B3_IO_24':
      PIN_NUMBER='(0,0,J14,0,0,0)';
      BIDIRECTIONAL='TRUE';
      INPUT_LOAD='(-0.01,0.01)';
      OUTPUT_LOAD='(1.0,-1.0)';
    'B3_IO_23':
      PIN_NUMBER='(0,0,J15,0,0,0)';
      BIDIRECTIONAL='TRUE';
      INPUT_LOAD='(-0.01,0.01)';
      OUTPUT_LOAD='(1.0,-1.0)';
    'B3_IO_25':
      PIN_NUMBER='(0,0,J16,0,0,0)';
      BIDIRECTIONAL='TRUE';
      INPUT_LOAD='(-0.01,0.01)';
      OUTPUT_LOAD='(1.0,-1.0)';
    'B3_IO_22/570NC18':
      PIN_NUMBER='(0,0,K11,0,0,0)';
      BIDIRECTIONAL='TRUE';
      INPUT_LOAD='(-0.01,0.01)';
      OUTPUT_LOAD='(1.0,-1.0)';
    'B3_IO_20/570NC19':
      PIN_NUMBER='(0,0,K12,0,0,0)';
      BIDIRECTIONAL='TRUE';
      INPUT_LOAD='(-0.01,0.01)';
      OUTPUT_LOAD='(1.0,-1.0)';
    'B3_IO_18/570NC20':
      PIN_NUMBER='(0,0,K13,0,0,0)';
      BIDIRECTIONAL='TRUE';
      INPUT_LOAD='(-0.01,0.01)';
      OUTPUT_LOAD='(1.0,-1.0)';
    'B3_IO_16':
      PIN_NUMBER='(0,0,K14,0,0,0)';
      BIDIRECTIONAL='TRUE';
      INPUT_LOAD='(-0.01,0.01)';
      OUTPUT_LOAD='(1.0,-1.0)';
    'B3_IO_19':
      PIN_NUMBER='(0,0,K15,0,0,0)';
      BIDIRECTIONAL='TRUE';
      INPUT_LOAD='(-0.01,0.01)';
      OUTPUT_LOAD='(1.0,-1.0)';
    'B3_IO_21':
      PIN_NUMBER='(0,0,K16,0,0,0)';
      BIDIRECTIONAL='TRUE';
      INPUT_LOAD='(-0.01,0.01)';
      OUTPUT_LOAD='(1.0,-1.0)';
    'B3_IO_14/570NC8':
      PIN_NUMBER='(0,0,L11,0,0,0)';
      BIDIRECTIONAL='TRUE';
      INPUT_LOAD='(-0.01,0.01)';
      OUTPUT_LOAD='(1.0,-1.0)';
    'B3_IO_12/570NC9':
      PIN_NUMBER='(0,0,L12,0,0,0)';
      BIDIRECTIONAL='TRUE';
      INPUT_LOAD='(-0.01,0.01)';
      OUTPUT_LOAD='(1.0,-1.0)';
    'B3_IO_10':
      PIN_NUMBER='(0,0,L13,0,0,0)';
      BIDIRECTIONAL='TRUE';
      INPUT_LOAD='(-0.01,0.01)';
      OUTPUT_LOAD='(1.0,-1.0)';
    'B3_IO_8':
      PIN_NUMBER='(0,0,L14,0,0,0)';
      BIDIRECTIONAL='TRUE';
      INPUT_LOAD='(-0.01,0.01)';
      OUTPUT_LOAD='(1.0,-1.0)';
    'B3_IO_15':
      PIN_NUMBER='(0,0,L15,0,0,0)';
      BIDIRECTIONAL='TRUE';
      INPUT_LOAD='(-0.01,0.01)';
      OUTPUT_LOAD='(1.0,-1.0)';
    'B3_IO_17':
      PIN_NUMBER='(0,0,L16,0,0,0)';
      BIDIRECTIONAL='TRUE';
      INPUT_LOAD='(-0.01,0.01)';
      OUTPUT_LOAD='(1.0,-1.0)';
    'B3_IO_6':
      PIN_NUMBER='(0,0,M13,0,0,0)';
      BIDIRECTIONAL='TRUE';
      INPUT_LOAD='(-0.01,0.01)';
      OUTPUT_LOAD='(1.0,-1.0)';
    'B3_IO_4':
      PIN_NUMBER='(0,0,M14,0,0,0)';
      BIDIRECTIONAL='TRUE';
      INPUT_LOAD='(-0.01,0.01)';
      OUTPUT_LOAD='(1.0,-1.0)';
    'B3_IO_11':
      PIN_NUMBER='(0,0,M15,0,0,0)';
      BIDIRECTIONAL='TRUE';
      INPUT_LOAD='(-0.01,0.01)';
      OUTPUT_LOAD='(1.0,-1.0)';
    'B3_IO_13':
      PIN_NUMBER='(0,0,M16,0,0,0)';
      BIDIRECTIONAL='TRUE';
      INPUT_LOAD='(-0.01,0.01)';
      OUTPUT_LOAD='(1.0,-1.0)';
    'B3_IO_2':
      PIN_NUMBER='(0,0,N13,0,0,0)';
      BIDIRECTIONAL='TRUE';
      INPUT_LOAD='(-0.01,0.01)';
      OUTPUT_LOAD='(1.0,-1.0)';
    'B3_IO_5':
      PIN_NUMBER='(0,0,N14,0,0,0)';
      BIDIRECTIONAL='TRUE';
      INPUT_LOAD='(-0.01,0.01)';
      OUTPUT_LOAD='(1.0,-1.0)';
    'B3_IO_7':
      PIN_NUMBER='(0,0,N15,0,0,0)';
      BIDIRECTIONAL='TRUE';
      INPUT_LOAD='(-0.01,0.01)';
      OUTPUT_LOAD='(1.0,-1.0)';
    'B3_IO_9':
      PIN_NUMBER='(0,0,N16,0,0,0)';
      BIDIRECTIONAL='TRUE';
      INPUT_LOAD='(-0.01,0.01)';
      OUTPUT_LOAD='(1.0,-1.0)';
    'B3_IO_1':
      PIN_NUMBER='(0,0,P14,0,0,0)';
      BIDIRECTIONAL='TRUE';
      INPUT_LOAD='(-0.01,0.01)';
      OUTPUT_LOAD='(1.0,-1.0)';
    'B3_IO_3':
      PIN_NUMBER='(0,0,P15,0,0,0)';
      BIDIRECTIONAL='TRUE';
      INPUT_LOAD='(-0.01,0.01)';
      OUTPUT_LOAD='(1.0,-1.0)';
    'B4_IO_33/570NC7':
      PIN_NUMBER='(0,0,0,L10,0,0)';
      BIDIRECTIONAL='TRUE';
      INPUT_LOAD='(-0.01,0.01)';
      OUTPUT_LOAD='(1.0,-1.0)';
    'B4_IO_19/570NC11':
      PIN_NUMBER='(0,0,0,L7,0,0)';
      BIDIRECTIONAL='TRUE';
      INPUT_LOAD='(-0.01,0.01)';
      OUTPUT_LOAD='(1.0,-1.0)';
    'B4_IO_35/570NC12':
      PIN_NUMBER='(0,0,0,M10,0,0)';
      BIDIRECTIONAL='TRUE';
      INPUT_LOAD='(-0.01,0.01)';
      OUTPUT_LOAD='(1.0,-1.0)';
    'B4_IO_41/570NC13':
      PIN_NUMBER='(0,0,0,M11,0,0)';
      BIDIRECTIONAL='TRUE';
      INPUT_LOAD='(-0.01,0.01)';
      OUTPUT_LOAD='(1.0,-1.0)';
    'B4_IO_47/570NC14':
      PIN_NUMBER='(0,0,0,M12,0,0)';
      BIDIRECTIONAL='TRUE';
      INPUT_LOAD='(-0.01,0.01)';
      OUTPUT_LOAD='(1.0,-1.0)';
    'B4_IO_11/570NC15':
      PIN_NUMBER='(0,0,0,M6,0,0)';
      BIDIRECTIONAL='TRUE';
      INPUT_LOAD='(-0.01,0.01)';
      OUTPUT_LOAD='(1.0,-1.0)';
    'B4_IO_17/570NC16':
      PIN_NUMBER='(0,0,0,M7,0,0)';
      BIDIRECTIONAL='TRUE';
      INPUT_LOAD='(-0.01,0.01)';
      OUTPUT_LOAD='(1.0,-1.0)';
    'B4_IO_31/DEV_OE':
      PIN_NUMBER='(0,0,0,M8,0,0)';
      BIDIRECTIONAL='TRUE';
      INPUT_LOAD='(-0.01,0.01)';
      OUTPUT_LOAD='(1.0,-1.0)';
    'B4_IO_32/DEV_CLRN':
      PIN_NUMBER='(0,0,0,M9,0,0)';
      BIDIRECTIONAL='TRUE';
      INPUT_LOAD='(-0.01,0.01)';
      OUTPUT_LOAD='(1.0,-1.0)';
    'B4_IO_37/570NC1':
      PIN_NUMBER='(0,0,0,N10,0,0)';
      BIDIRECTIONAL='TRUE';
      INPUT_LOAD='(-0.01,0.01)';
      OUTPUT_LOAD='(1.0,-1.0)';
    'B4_IO_43/570NC2':
      PIN_NUMBER='(0,0,0,N11,0,0)';
      BIDIRECTIONAL='TRUE';
      INPUT_LOAD='(-0.01,0.01)';
      OUTPUT_LOAD='(1.0,-1.0)';
    'B4_IO_49':
      PIN_NUMBER='(0,0,0,N12,0,0)';
      BIDIRECTIONAL='TRUE';
      INPUT_LOAD='(-0.01,0.01)';
      OUTPUT_LOAD='(1.0,-1.0)';
    'B4_IO_5':
      PIN_NUMBER='(0,0,0,N5,0,0)';
      BIDIRECTIONAL='TRUE';
      INPUT_LOAD='(-0.01,0.01)';
      OUTPUT_LOAD='(1.0,-1.0)';
    'B4_IO_9/570NC3':
      PIN_NUMBER='(0,0,0,N6,0,0)';
      BIDIRECTIONAL='TRUE';
      INPUT_LOAD='(-0.01,0.01)';
      OUTPUT_LOAD='(1.0,-1.0)';
    'B4_IO_15/570NC4':
      PIN_NUMBER='(0,0,0,N7,0,0)';
      BIDIRECTIONAL='TRUE';
      INPUT_LOAD='(-0.01,0.01)';
      OUTPUT_LOAD='(1.0,-1.0)';
    'B4_IO_23/570NC5':
      PIN_NUMBER='(0,0,0,N8,0,0)';
      BIDIRECTIONAL='TRUE';
      INPUT_LOAD='(-0.01,0.01)';
      OUTPUT_LOAD='(1.0,-1.0)';
    'B4_IO_25/570NC6':
      PIN_NUMBER='(0,0,0,N9,0,0)';
      BIDIRECTIONAL='TRUE';
      INPUT_LOAD='(-0.01,0.01)';
      OUTPUT_LOAD='(1.0,-1.0)';
    'B4_IO_39':
      PIN_NUMBER='(0,0,0,P10,0,0)';
      BIDIRECTIONAL='TRUE';
      INPUT_LOAD='(-0.01,0.01)';
      OUTPUT_LOAD='(1.0,-1.0)';
    'B4_IO_45':
      PIN_NUMBER='(0,0,0,P11,0,0)';
      BIDIRECTIONAL='TRUE';
      INPUT_LOAD='(-0.01,0.01)';
      OUTPUT_LOAD='(1.0,-1.0)';
    'B4_IO_51':
      PIN_NUMBER='(0,0,0,P12,0,0)';
      BIDIRECTIONAL='TRUE';
      INPUT_LOAD='(-0.01,0.01)';
      OUTPUT_LOAD='(1.0,-1.0)';
    'B4_IO_53':
      PIN_NUMBER='(0,0,0,P13,0,0)';
      BIDIRECTIONAL='TRUE';
      INPUT_LOAD='(-0.01,0.01)';
      OUTPUT_LOAD='(1.0,-1.0)';
    'B4_IO_1':
      PIN_NUMBER='(0,0,0,P4,0,0)';
      BIDIRECTIONAL='TRUE';
      INPUT_LOAD='(-0.01,0.01)';
      OUTPUT_LOAD='(1.0,-1.0)';
    'B4_IO_3':
      PIN_NUMBER='(0,0,0,P5,0,0)';
      BIDIRECTIONAL='TRUE';
      INPUT_LOAD='(-0.01,0.01)';
      OUTPUT_LOAD='(1.0,-1.0)';
    'B4_IO_7':
      PIN_NUMBER='(0,0,0,P6,0,0)';
      BIDIRECTIONAL='TRUE';
      INPUT_LOAD='(-0.01,0.01)';
      OUTPUT_LOAD='(1.0,-1.0)';
    'B4_IO_13':
      PIN_NUMBER='(0,0,0,P7,0,0)';
      BIDIRECTIONAL='TRUE';
      INPUT_LOAD='(-0.01,0.01)';
      OUTPUT_LOAD='(1.0,-1.0)';
    'B4_IO_21':
      PIN_NUMBER='(0,0,0,P8,0,0)';
      BIDIRECTIONAL='TRUE';
      INPUT_LOAD='(-0.01,0.01)';
      OUTPUT_LOAD='(1.0,-1.0)';
    'B4_IO_29':
      PIN_NUMBER='(0,0,0,P9,0,0)';
      BIDIRECTIONAL='TRUE';
      INPUT_LOAD='(-0.01,0.01)';
      OUTPUT_LOAD='(1.0,-1.0)';
    'B4_IO_2':
      PIN_NUMBER='(0,0,0,R1,0,0)';
      BIDIRECTIONAL='TRUE';
      INPUT_LOAD='(-0.01,0.01)';
      OUTPUT_LOAD='(1.0,-1.0)';
    'B4_IO_34':
      PIN_NUMBER='(0,0,0,R10,0,0)';
      BIDIRECTIONAL='TRUE';
      INPUT_LOAD='(-0.01,0.01)';
      OUTPUT_LOAD='(1.0,-1.0)';
    'B4_IO_38':
      PIN_NUMBER='(0,0,0,R11,0,0)';
      BIDIRECTIONAL='TRUE';
      INPUT_LOAD='(-0.01,0.01)';
      OUTPUT_LOAD='(1.0,-1.0)';
    'B4_IO_42':
      PIN_NUMBER='(0,0,0,R12,0,0)';
      BIDIRECTIONAL='TRUE';
      INPUT_LOAD='(-0.01,0.01)';
      OUTPUT_LOAD='(1.0,-1.0)';
    'B4_IO_46':
      PIN_NUMBER='(0,0,0,R13,0,0)';
      BIDIRECTIONAL='TRUE';
      INPUT_LOAD='(-0.01,0.01)';
      OUTPUT_LOAD='(1.0,-1.0)';
    'B4_IO_48':
      PIN_NUMBER='(0,0,0,R14,0,0)';
      BIDIRECTIONAL='TRUE';
      INPUT_LOAD='(-0.01,0.01)';
      OUTPUT_LOAD='(1.0,-1.0)';
    'B4_IO_52':
      PIN_NUMBER='(0,0,0,R16,0,0)';
      BIDIRECTIONAL='TRUE';
      INPUT_LOAD='(-0.01,0.01)';
      OUTPUT_LOAD='(1.0,-1.0)';
    'B4_IO_6':
      PIN_NUMBER='(0,0,0,R3,0,0)';
      BIDIRECTIONAL='TRUE';
      INPUT_LOAD='(-0.01,0.01)';
      OUTPUT_LOAD='(1.0,-1.0)';
    'B4_IO_8':
      PIN_NUMBER='(0,0,0,R4,0,0)';
      BIDIRECTIONAL='TRUE';
      INPUT_LOAD='(-0.01,0.01)';
      OUTPUT_LOAD='(1.0,-1.0)';
    'B4_IO_12':
      PIN_NUMBER='(0,0,0,R5,0,0)';
      BIDIRECTIONAL='TRUE';
      INPUT_LOAD='(-0.01,0.01)';
      OUTPUT_LOAD='(1.0,-1.0)';
    'B4_IO_16':
      PIN_NUMBER='(0,0,0,R6,0,0)';
      BIDIRECTIONAL='TRUE';
      INPUT_LOAD='(-0.01,0.01)';
      OUTPUT_LOAD='(1.0,-1.0)';
    'B4_IO_20':
      PIN_NUMBER='(0,0,0,R7,0,0)';
      BIDIRECTIONAL='TRUE';
      INPUT_LOAD='(-0.01,0.01)';
      OUTPUT_LOAD='(1.0,-1.0)';
    'B4_IO_24':
      PIN_NUMBER='(0,0,0,R8,0,0)';
      BIDIRECTIONAL='TRUE';
      INPUT_LOAD='(-0.01,0.01)';
      OUTPUT_LOAD='(1.0,-1.0)';
    'B4_IO_28':
      PIN_NUMBER='(0,0,0,R9,0,0)';
      BIDIRECTIONAL='TRUE';
      INPUT_LOAD='(-0.01,0.01)';
      OUTPUT_LOAD='(1.0,-1.0)';
    'B4_IO_30':
      PIN_NUMBER='(0,0,0,T10,0,0)';
      BIDIRECTIONAL='TRUE';
      INPUT_LOAD='(-0.01,0.01)';
      OUTPUT_LOAD='(1.0,-1.0)';
    'B4_IO_36':
      PIN_NUMBER='(0,0,0,T11,0,0)';
      BIDIRECTIONAL='TRUE';
      INPUT_LOAD='(-0.01,0.01)';
      OUTPUT_LOAD='(1.0,-1.0)';
    'B4_IO_40':
      PIN_NUMBER='(0,0,0,T12,0,0)';
      BIDIRECTIONAL='TRUE';
      INPUT_LOAD='(-0.01,0.01)';
      OUTPUT_LOAD='(1.0,-1.0)';
    'B4_IO_44':
      PIN_NUMBER='(0,0,0,T13,0,0)';
      BIDIRECTIONAL='TRUE';
      INPUT_LOAD='(-0.01,0.01)';
      OUTPUT_LOAD='(1.0,-1.0)';
    'B4_IO_50':
      PIN_NUMBER='(0,0,0,T15,0,0)';
      BIDIRECTIONAL='TRUE';
      INPUT_LOAD='(-0.01,0.01)';
      OUTPUT_LOAD='(1.0,-1.0)';
    'B4_IO_4':
      PIN_NUMBER='(0,0,0,T2,0,0)';
      BIDIRECTIONAL='TRUE';
      INPUT_LOAD='(-0.01,0.01)';
      OUTPUT_LOAD='(1.0,-1.0)';
    'B4_IO_10':
      PIN_NUMBER='(0,0,0,T4,0,0)';
      BIDIRECTIONAL='TRUE';
      INPUT_LOAD='(-0.01,0.01)';
      OUTPUT_LOAD='(1.0,-1.0)';
    'B4_IO_14':
      PIN_NUMBER='(0,0,0,T5,0,0)';
      BIDIRECTIONAL='TRUE';
      INPUT_LOAD='(-0.01,0.01)';
      OUTPUT_LOAD='(1.0,-1.0)';
    'B4_IO_18':
      PIN_NUMBER='(0,0,0,T6,0,0)';
      BIDIRECTIONAL='TRUE';
      INPUT_LOAD='(-0.01,0.01)';
      OUTPUT_LOAD='(1.0,-1.0)';
    'B4_IO_22':
      PIN_NUMBER='(0,0,0,T7,0,0)';
      BIDIRECTIONAL='TRUE';
      INPUT_LOAD='(-0.01,0.01)';
      OUTPUT_LOAD='(1.0,-1.0)';
    'B4_IO_26':
      PIN_NUMBER='(0,0,0,T8,0,0)';
      BIDIRECTIONAL='TRUE';
      INPUT_LOAD='(-0.01,0.01)';
      OUTPUT_LOAD='(1.0,-1.0)';
    'B4_IO_27':
      PIN_NUMBER='(0,0,0,T9,0,0)';
      BIDIRECTIONAL='TRUE';
      INPUT_LOAD='(-0.01,0.01)';
      OUTPUT_LOAD='(1.0,-1.0)';
  end_pin;
  body
    BODY_NAME='EPM1270F256I5';
    PART_NAME='EPM1270F256I5';
    PHYS_DES_PREFIX='U';
    CLASS='IC';
  end_body;
end_primitive;

END.
