FILE_TYPE=LIBRARY_PARTS;
primitive 'JS28F512M29EWH';
  pin
    'A23':
      PIN_NUMBER='(1)';
      INPUT_LOAD='(-0.01,0.01)';
    'A22':
      PIN_NUMBER='(2)';
      INPUT_LOAD='(-0.01,0.01)';
    'A15':
      PIN_NUMBER='(3)';
      INPUT_LOAD='(-0.01,0.01)';
    'A14':
      PIN_NUMBER='(4)';
      INPUT_LOAD='(-0.01,0.01)';
    'A13':
      PIN_NUMBER='(5)';
      INPUT_LOAD='(-0.01,0.01)';
    'A12':
      PIN_NUMBER='(6)';
      INPUT_LOAD='(-0.01,0.01)';
    'A11':
      PIN_NUMBER='(7)';
      INPUT_LOAD='(-0.01,0.01)';
    'A10':
      PIN_NUMBER='(8)';
      INPUT_LOAD='(-0.01,0.01)';
    'A9':
      PIN_NUMBER='(9)';
      INPUT_LOAD='(-0.01,0.01)';
    'A8':
      PIN_NUMBER='(10)';
      INPUT_LOAD='(-0.01,0.01)';
    'A19':
      PIN_NUMBER='(11)';
      INPUT_LOAD='(-0.01,0.01)';
    'A20':
      PIN_NUMBER='(12)';
      INPUT_LOAD='(-0.01,0.01)';
    'WE#':
      PIN_NUMBER='(13)';
      INPUT_LOAD='(-0.01,0.01)';
    'RST#':
      PIN_NUMBER='(14)';
      INPUT_LOAD='(-0.01,0.01)';
    'A21':
      PIN_NUMBER='(15)';
      INPUT_LOAD='(-0.01,0.01)';
    'VPP/WP#':
      PIN_NUMBER='(16)';
      INPUT_LOAD='(-0.01,0.01)';
    'RY/BY#':
      PIN_NUMBER='(17)';
      OUTPUT_LOAD='(1.0,-1.0)';
    'A18':
      PIN_NUMBER='(18)';
      INPUT_LOAD='(-0.01,0.01)';
    'A17':
      PIN_NUMBER='(19)';
      INPUT_LOAD='(-0.01,0.01)';
    'A7':
      PIN_NUMBER='(20)';
      INPUT_LOAD='(-0.01,0.01)';
    'A6':
      PIN_NUMBER='(21)';
      INPUT_LOAD='(-0.01,0.01)';
    'A5':
      PIN_NUMBER='(22)';
      INPUT_LOAD='(-0.01,0.01)';
    'A4':
      PIN_NUMBER='(23)';
      INPUT_LOAD='(-0.01,0.01)';
    'A3':
      PIN_NUMBER='(24)';
      INPUT_LOAD='(-0.01,0.01)';
    'A2':
      PIN_NUMBER='(25)';
      INPUT_LOAD='(-0.01,0.01)';
    'A1':
      PIN_NUMBER='(26)';
      INPUT_LOAD='(-0.01,0.01)';
    'RFU1':
      PIN_NUMBER='(27)';
      PINUSE='UNSPEC';
      NO_LOAD_CHECK='Both';
      NO_IO_CHECK='Both';
      NO_ASSERT_CHECK='TRUE';
      NO_DIR_CHECK='TRUE';
      ALLOW_CONNECT='TRUE';
    'RFU2':
      PIN_NUMBER='(28)';
      PINUSE='UNSPEC';
      NO_LOAD_CHECK='Both';
      NO_IO_CHECK='Both';
      NO_ASSERT_CHECK='TRUE';
      NO_DIR_CHECK='TRUE';
      ALLOW_CONNECT='TRUE';
    'VCCQ':
      PIN_NUMBER='(29)';
      PINUSE='POWER';
      NO_LOAD_CHECK='Both';
      NO_IO_CHECK='Both';
      NO_ASSERT_CHECK='TRUE';
      NO_DIR_CHECK='TRUE';
      ALLOW_CONNECT='TRUE';
    'RFU3':
      PIN_NUMBER='(30)';
      PINUSE='UNSPEC';
      NO_LOAD_CHECK='Both';
      NO_IO_CHECK='Both';
      NO_ASSERT_CHECK='TRUE';
      NO_DIR_CHECK='TRUE';
      ALLOW_CONNECT='TRUE';
    'A0':
      PIN_NUMBER='(31)';
      INPUT_LOAD='(-0.01,0.01)';
    'CE#':
      PIN_NUMBER='(32)';
      INPUT_LOAD='(-0.01,0.01)';
    'VSS1':
      PIN_NUMBER='(33)';
      PINUSE='POWER';
      NO_LOAD_CHECK='Both';
      NO_IO_CHECK='Both';
      NO_ASSERT_CHECK='TRUE';
      NO_DIR_CHECK='TRUE';
      ALLOW_CONNECT='TRUE';
    'OE#':
      PIN_NUMBER='(34)';
      INPUT_LOAD='(-0.01,0.01)';
    'DQ0':
      PIN_NUMBER='(35)';
      PINUSE='UNSPEC';
      NO_LOAD_CHECK='Both';
      NO_IO_CHECK='Both';
      NO_ASSERT_CHECK='TRUE';
      NO_DIR_CHECK='TRUE';
      ALLOW_CONNECT='TRUE';
    'DQ8':
      PIN_NUMBER='(36)';
      PINUSE='UNSPEC';
      NO_LOAD_CHECK='Both';
      NO_IO_CHECK='Both';
      NO_ASSERT_CHECK='TRUE';
      NO_DIR_CHECK='TRUE';
      ALLOW_CONNECT='TRUE';
    'DQ1':
      PIN_NUMBER='(37)';
      PINUSE='UNSPEC';
      NO_LOAD_CHECK='Both';
      NO_IO_CHECK='Both';
      NO_ASSERT_CHECK='TRUE';
      NO_DIR_CHECK='TRUE';
      ALLOW_CONNECT='TRUE';
    'DQ9':
      PIN_NUMBER='(38)';
      PINUSE='UNSPEC';
      NO_LOAD_CHECK='Both';
      NO_IO_CHECK='Both';
      NO_ASSERT_CHECK='TRUE';
      NO_DIR_CHECK='TRUE';
      ALLOW_CONNECT='TRUE';
    'DQ2':
      PIN_NUMBER='(39)';
      PINUSE='UNSPEC';
      NO_LOAD_CHECK='Both';
      NO_IO_CHECK='Both';
      NO_ASSERT_CHECK='TRUE';
      NO_DIR_CHECK='TRUE';
      ALLOW_CONNECT='TRUE';
    'DQ10':
      PIN_NUMBER='(40)';
      PINUSE='UNSPEC';
      NO_LOAD_CHECK='Both';
      NO_IO_CHECK='Both';
      NO_ASSERT_CHECK='TRUE';
      NO_DIR_CHECK='TRUE';
      ALLOW_CONNECT='TRUE';
    'DQ3':
      PIN_NUMBER='(41)';
      PINUSE='UNSPEC';
      NO_LOAD_CHECK='Both';
      NO_IO_CHECK='Both';
      NO_ASSERT_CHECK='TRUE';
      NO_DIR_CHECK='TRUE';
      ALLOW_CONNECT='TRUE';
    'DQ11':
      PIN_NUMBER='(42)';
      PINUSE='UNSPEC';
      NO_LOAD_CHECK='Both';
      NO_IO_CHECK='Both';
      NO_ASSERT_CHECK='TRUE';
      NO_DIR_CHECK='TRUE';
      ALLOW_CONNECT='TRUE';
    'VCC':
      PIN_NUMBER='(43)';
      PINUSE='POWER';
      NO_LOAD_CHECK='Both';
      NO_IO_CHECK='Both';
      NO_ASSERT_CHECK='TRUE';
      NO_DIR_CHECK='TRUE';
      ALLOW_CONNECT='TRUE';
    'DQ4':
      PIN_NUMBER='(44)';
      PINUSE='UNSPEC';
      NO_LOAD_CHECK='Both';
      NO_IO_CHECK='Both';
      NO_ASSERT_CHECK='TRUE';
      NO_DIR_CHECK='TRUE';
      ALLOW_CONNECT='TRUE';
    'DQ12':
      PIN_NUMBER='(45)';
      PINUSE='UNSPEC';
      NO_LOAD_CHECK='Both';
      NO_IO_CHECK='Both';
      NO_ASSERT_CHECK='TRUE';
      NO_DIR_CHECK='TRUE';
      ALLOW_CONNECT='TRUE';
    'DQ5':
      PIN_NUMBER='(46)';
      PINUSE='UNSPEC';
      NO_LOAD_CHECK='Both';
      NO_IO_CHECK='Both';
      NO_ASSERT_CHECK='TRUE';
      NO_DIR_CHECK='TRUE';
      ALLOW_CONNECT='TRUE';
    'DQ13':
      PIN_NUMBER='(47)';
      PINUSE='UNSPEC';
      NO_LOAD_CHECK='Both';
      NO_IO_CHECK='Both';
      NO_ASSERT_CHECK='TRUE';
      NO_DIR_CHECK='TRUE';
      ALLOW_CONNECT='TRUE';
    'DQ6':
      PIN_NUMBER='(48)';
      PINUSE='UNSPEC';
      NO_LOAD_CHECK='Both';
      NO_IO_CHECK='Both';
      NO_ASSERT_CHECK='TRUE';
      NO_DIR_CHECK='TRUE';
      ALLOW_CONNECT='TRUE';
    'DQ14':
      PIN_NUMBER='(49)';
      PINUSE='UNSPEC';
      NO_LOAD_CHECK='Both';
      NO_IO_CHECK='Both';
      NO_ASSERT_CHECK='TRUE';
      NO_DIR_CHECK='TRUE';
      ALLOW_CONNECT='TRUE';
    'DQ7':
      PIN_NUMBER='(50)';
      PINUSE='UNSPEC';
      NO_LOAD_CHECK='Both';
      NO_IO_CHECK='Both';
      NO_ASSERT_CHECK='TRUE';
      NO_DIR_CHECK='TRUE';
      ALLOW_CONNECT='TRUE';
    'DQ15/A-1':
      PIN_NUMBER='(51)';
      PINUSE='UNSPEC';
      NO_LOAD_CHECK='Both';
      NO_IO_CHECK='Both';
      NO_ASSERT_CHECK='TRUE';
      NO_DIR_CHECK='TRUE';
      ALLOW_CONNECT='TRUE';
    'VSS2':
      PIN_NUMBER='(52)';
      PINUSE='POWER';
      NO_LOAD_CHECK='Both';
      NO_IO_CHECK='Both';
      NO_ASSERT_CHECK='TRUE';
      NO_DIR_CHECK='TRUE';
      ALLOW_CONNECT='TRUE';
    'BYTE#':
      PIN_NUMBER='(53)';
      INPUT_LOAD='(-0.01,0.01)';
    'A16':
      PIN_NUMBER='(54)';
      INPUT_LOAD='(-0.01,0.01)';
    'A25':
      PIN_NUMBER='(55)';
      INPUT_LOAD='(-0.01,0.01)';
    'A24':
      PIN_NUMBER='(56)';
      INPUT_LOAD='(-0.01,0.01)';
  end_pin;
  body
    BODY_NAME='JS28F512M29EWH';
    PART_NAME='JS28F512M29EWH';
    PHYS_DES_PREFIX='U';
    CLASS='IC';
  end_body;
end_primitive;

END.
