
	(Comment
		(Time 02/11/09,14:27:35)
		(User ray.zhou)
		(MsgId ECO_082)
		(Text "Symbol sym_2 deleted from cell")
		(Param1 sym_2)
	)
	(Comment
		(Time 02/11/09,14:27:38)
		(User ray.zhou)
		(MsgId ECO_082)
		(Text "Symbol sym_3 deleted from cell")
		(Param1 sym_3)
	)
	(Comment
		(Time 02/11/09,14:27:39)
		(User ray.zhou)
		(MsgId ECO_082)
		(Text "Symbol sym_4 deleted from cell")
		(Param1 sym_4)
	)
	(Comment
		(Time 02/11/09,14:27:44)
		(User ray.zhou)
		(MsgId ECO_022)
		(Text "Package INDUCTOR_0402 deleted from cell")
		(Param1 INDUCTOR_0402)
	)
	(Comment
		(Time 02/11/09,14:27:45)
		(User ray.zhou)
		(MsgId ECO_022)
		(Text "Package INDUCTOR_0603 deleted from cell")
		(Param1 INDUCTOR_0603)
	)
	(Comment
		(Time 02/11/09,14:27:47)
		(User ray.zhou)
		(MsgId ECO_022)
		(Text "Package INDUCTOR_0805 deleted from cell")
		(Param1 INDUCTOR_0805)
	)
	(Comment
		(Time 02/11/09,14:27:48)
		(User ray.zhou)
		(MsgId ECO_022)
		(Text "Package INDUCTOR_1008 deleted from cell")
		(Param1 INDUCTOR_1008)
	)
	(Comment
		(Time 02/11/09,14:27:49)
		(User ray.zhou)
		(MsgId ECO_022)
		(Text "Package INDUCTOR_0603WW deleted from cell")
		(Param1 INDUCTOR_0603WW)
	)
	(Comment
		(Time 02/11/09,14:27:49)
		(User ray.zhou)
		(MsgId ECO_022)
		(Text "Package INDUCTOR_0805WW deleted from cell")
		(Param1 INDUCTOR_0805WW)
	)
	(Comment
		(Time 02/11/09,14:27:50)
		(User ray.zhou)
		(MsgId ECO_022)
		(Text "Package INDUCTOR_1008WW deleted from cell")
		(Param1 INDUCTOR_1008WW)
	)
	(Comment
		(Time 02/11/09,14:27:51)
		(User ray.zhou)
		(MsgId ECO_022)
		(Text "Package INDUCTOR_1210WW deleted from cell")
		(Param1 INDUCTOR_1210WW)
	)
	(Comment
		(Time 02/11/09,14:27:52)
		(User ray.zhou)
		(MsgId ECO_022)
		(Text "Package INDUCTOR_1210 deleted from cell")
		(Param1 INDUCTOR_1210)
	)
	(Comment
		(Time 02/11/09,14:27:53)
		(User ray.zhou)
		(MsgId ECO_022)
		(Text "Package INDUCTOR_5258L deleted from cell")
		(Param1 INDUCTOR_5258L)
	)
	(Comment
		(Time 02/11/09,14:27:54)
		(User ray.zhou)
		(MsgId ECO_022)
		(Text "Package INDUCTOR_7870L deleted from cell")
		(Param1 INDUCTOR_7870L)
	)


