
	(Comment
		(Time 02/10/09,12:53:11)
		(User ray.zhou)
		(MsgId ECO_082)
		(Text "Symbol sym_3 deleted from cell")
		(Param1 sym_3)
	)
	(Comment
		(Time 02/10/09,12:53:14)
		(User ray.zhou)
		(MsgId ECO_082)
		(Text "Symbol sym_4 deleted from cell")
		(Param1 sym_4)
	)
	(Comment
		(Time 02/10/09,12:53:18)
		(User ray.zhou)
		(MsgId ECO_082)
		(Text "Symbol sym_5 deleted from cell")
		(Param1 sym_5)
	)
	(Comment
		(Time 02/10/09,12:53:29)
		(User ray.zhou)
		(MsgId ECO_082)
		(Text "Symbol sym_2 deleted from cell")
		(Param1 sym_2)
	)

	(Comment
		(Time 02/10/09,12:58:16)
		(User ray.zhou)
		(MsgId ECO_022)
		(Text "Package RESISTOR_0201 deleted from cell")
		(Param1 RESISTOR_0201)
	)
	(Comment
		(Time 02/10/09,12:58:19)
		(User ray.zhou)
		(MsgId ECO_022)
		(Text "Package RESISTOR_0402 deleted from cell")
		(Param1 RESISTOR_0402)
	)
	(Comment
		(Time 02/10/09,12:58:21)
		(User ray.zhou)
		(MsgId ECO_022)
		(Text "Package RESISTOR_0603 deleted from cell")
		(Param1 RESISTOR_0603)
	)
	(Comment
		(Time 02/10/09,12:58:24)
		(User ray.zhou)
		(MsgId ECO_022)
		(Text "Package RESISTOR_0805 deleted from cell")
		(Param1 RESISTOR_0805)
	)
	(Comment
		(Time 02/10/09,12:58:27)
		(User ray.zhou)
		(MsgId ECO_022)
		(Text "Package RESISTOR_1206 deleted from cell")
		(Param1 RESISTOR_1206)
	)
	(Comment
		(Time 02/10/09,12:58:29)
		(User ray.zhou)
		(MsgId ECO_022)
		(Text "Package RESISTOR_1210 deleted from cell")
		(Param1 RESISTOR_1210)
	)
	(Comment
		(Time 02/10/09,12:58:32)
		(User ray.zhou)
		(MsgId ECO_022)
		(Text "Package RESISTOR_2010 deleted from cell")
		(Param1 RESISTOR_2010)
	)
	(Comment
		(Time 02/10/09,12:58:34)
		(User ray.zhou)
		(MsgId ECO_022)
		(Text "Package RESISTOR_2512 deleted from cell")
		(Param1 RESISTOR_2512)
	)
	(Comment
		(Time 02/10/09,12:58:36)
		(User ray.zhou)
		(MsgId ECO_022)
		(Text "Package RESISTOR_RJ14 deleted from cell")
		(Param1 RESISTOR_RJ14)
	)
	(Comment
		(Time 02/10/09,12:58:38)
		(User ray.zhou)
		(MsgId ECO_022)
		(Text "Package RESISTOR_RJ15 deleted from cell")
		(Param1 RESISTOR_RJ15)
	)
	(Comment
		(Time 02/10/09,12:58:41)
		(User ray.zhou)
		(MsgId ECO_022)
		(Text "Package RESISTOR_RJ16 deleted from cell")
		(Param1 RESISTOR_RJ16)
	)
	(Comment
		(Time 02/10/09,12:58:43)
		(User ray.zhou)
		(MsgId ECO_022)
		(Text "Package RESISTOR_RJ73 deleted from cell")
		(Param1 RESISTOR_RJ73)
	)
	(Comment
		(Time 02/10/09,12:58:46)
		(User ray.zhou)
		(MsgId ECO_022)
		(Text "Package RESISTOR_EE1/10 deleted from cell")
		(Param1 RESISTOR_EE1/10)
	)
	(Comment
		(Time 02/10/09,12:58:49)
		(User ray.zhou)
		(MsgId ECO_022)
		(Text "Package RESISTOR_EE1/8 deleted from cell")
		(Param1 RESISTOR_EE1/8)
	)
	(Comment
		(Time 02/10/09,12:58:52)
		(User ray.zhou)
		(MsgId ECO_022)
		(Text "Package RESISTOR_EE1/2 deleted from cell")
		(Param1 RESISTOR_EE1/2)
	)
	(Comment
		(Time 02/10/09,12:58:55)
		(User ray.zhou)
		(MsgId ECO_022)
		(Text "Package RESISTOR_RY16 deleted from cell")
		(Param1 RESISTOR_RY16)
	)
	(Comment
		(Time 02/10/09,12:58:57)
		(User ray.zhou)
		(MsgId ECO_022)
		(Text "Package RESISTOR_RY17 deleted from cell")
		(Param1 RESISTOR_RY17)
	)
	(Comment
		(Time 02/10/09,12:58:59)
		(User ray.zhou)
		(MsgId ECO_022)
		(Text "Package RESISTOR_RY21 deleted from cell")
		(Param1 RESISTOR_RY21)
	)
	(Comment
		(Time 02/10/09,12:59:33)
		(User ray.zhou)
		(MsgId ECO_022)
		(Text "Package RESISTOR_SIP3 deleted from cell")
		(Param1 RESISTOR_SIP3)
	)
