FILE_TYPE=LIBRARY_PARTS;
primitive 'XC5VLX20T_2FFG323I';
  pin
    'DXP_0':
      PIN_NUMBER='(K10,0,0,0,0,0,0,0,0,0)';
      BIDIRECTIONAL='TRUE';
      INPUT_LOAD='(-0.01,0.01)';
      OUTPUT_LOAD='(1.0,-1.0)';
    'DXN_0':
      PIN_NUMBER='(K9,0,0,0,0,0,0,0,0,0)';
      BIDIRECTIONAL='TRUE';
      INPUT_LOAD='(-0.01,0.01)';
      OUTPUT_LOAD='(1.0,-1.0)';
    'AVDD_0':
      PIN_NUMBER='(G10,0,0,0,0,0,0,0,0,0)';
      BIDIRECTIONAL='TRUE';
      INPUT_LOAD='(-0.01,0.01)';
      OUTPUT_LOAD='(1.0,-1.0)';
    'AVSS_0':
      PIN_NUMBER='(G9,0,0,0,0,0,0,0,0,0)';
      BIDIRECTIONAL='TRUE';
      INPUT_LOAD='(-0.01,0.01)';
      OUTPUT_LOAD='(1.0,-1.0)';
    'VP_0':
      PIN_NUMBER='(H10,0,0,0,0,0,0,0,0,0)';
      BIDIRECTIONAL='TRUE';
      INPUT_LOAD='(-0.01,0.01)';
      OUTPUT_LOAD='(1.0,-1.0)';
    'VN_0':
      PIN_NUMBER='(J9,0,0,0,0,0,0,0,0,0)';
      BIDIRECTIONAL='TRUE';
      INPUT_LOAD='(-0.01,0.01)';
      OUTPUT_LOAD='(1.0,-1.0)';
    'VREFP_0':
      PIN_NUMBER='(J10,0,0,0,0,0,0,0,0,0)';
      BIDIRECTIONAL='TRUE';
      INPUT_LOAD='(-0.01,0.01)';
      OUTPUT_LOAD='(1.0,-1.0)';
    'VREFN_0':
      PIN_NUMBER='(H9,0,0,0,0,0,0,0,0,0)';
      BIDIRECTIONAL='TRUE';
      INPUT_LOAD='(-0.01,0.01)';
      OUTPUT_LOAD='(1.0,-1.0)';
    'VBATT_0':
      PIN_NUMBER='(D5,0,0,0,0,0,0,0,0,0)';
      BIDIRECTIONAL='TRUE';
      INPUT_LOAD='(-0.01,0.01)';
      OUTPUT_LOAD='(1.0,-1.0)';
    'PROGRAM_B_0':
      PIN_NUMBER='(E11,0,0,0,0,0,0,0,0,0)';
      BIDIRECTIONAL='TRUE';
      INPUT_LOAD='(-0.01,0.01)';
      OUTPUT_LOAD='(1.0,-1.0)';
    'HSWAPEN_0':
      PIN_NUMBER='(F11,0,0,0,0,0,0,0,0,0)';
      BIDIRECTIONAL='TRUE';
      INPUT_LOAD='(-0.01,0.01)';
      OUTPUT_LOAD='(1.0,-1.0)';
    'D_IN_0':
      PIN_NUMBER='(F6,0,0,0,0,0,0,0,0,0)';
      BIDIRECTIONAL='TRUE';
      INPUT_LOAD='(-0.01,0.01)';
      OUTPUT_LOAD='(1.0,-1.0)';
    'DONE_0':
      PIN_NUMBER='(F9,0,0,0,0,0,0,0,0,0)';
      BIDIRECTIONAL='TRUE';
      INPUT_LOAD='(-0.01,0.01)';
      OUTPUT_LOAD='(1.0,-1.0)';
    'CCLK_0':
      PIN_NUMBER='(E10,0,0,0,0,0,0,0,0,0)';
      BIDIRECTIONAL='TRUE';
      INPUT_LOAD='(-0.01,0.01)';
      OUTPUT_LOAD='(1.0,-1.0)';
    'INIT_B_0':
      PIN_NUMBER='(B5,0,0,0,0,0,0,0,0,0)';
      BIDIRECTIONAL='TRUE';
      INPUT_LOAD='(-0.01,0.01)';
      OUTPUT_LOAD='(1.0,-1.0)';
    'CS_B_0':
      PIN_NUMBER='(A4,0,0,0,0,0,0,0,0,0)';
      BIDIRECTIONAL='TRUE';
      INPUT_LOAD='(-0.01,0.01)';
      OUTPUT_LOAD='(1.0,-1.0)';
    'RDWR_B_0':
      PIN_NUMBER='(E6,0,0,0,0,0,0,0,0,0)';
      BIDIRECTIONAL='TRUE';
      INPUT_LOAD='(-0.01,0.01)';
      OUTPUT_LOAD='(1.0,-1.0)';
    'RSVD_1':
      PIN_NUMBER='(L9,0,0,0,0,0,0,0,0,0)';
      BIDIRECTIONAL='TRUE';
      INPUT_LOAD='(-0.01,0.01)';
      OUTPUT_LOAD='(1.0,-1.0)';
    'RSVD_2':
      PIN_NUMBER='(L10,0,0,0,0,0,0,0,0,0)';
      BIDIRECTIONAL='TRUE';
      INPUT_LOAD='(-0.01,0.01)';
      OUTPUT_LOAD='(1.0,-1.0)';
    'TCK_0':
      PIN_NUMBER='(M6,0,0,0,0,0,0,0,0,0)';
      BIDIRECTIONAL='TRUE';
      INPUT_LOAD='(-0.01,0.01)';
      OUTPUT_LOAD='(1.0,-1.0)';
    'M0_0':
      PIN_NUMBER='(G6,0,0,0,0,0,0,0,0,0)';
      BIDIRECTIONAL='TRUE';
      INPUT_LOAD='(-0.01,0.01)';
      OUTPUT_LOAD='(1.0,-1.0)';
    'M2_0':
      PIN_NUMBER='(M9,0,0,0,0,0,0,0,0,0)';
      BIDIRECTIONAL='TRUE';
      INPUT_LOAD='(-0.01,0.01)';
      OUTPUT_LOAD='(1.0,-1.0)';
    'M1_0':
      PIN_NUMBER='(H5,0,0,0,0,0,0,0,0,0)';
      BIDIRECTIONAL='TRUE';
      INPUT_LOAD='(-0.01,0.01)';
      OUTPUT_LOAD='(1.0,-1.0)';
    'TMS_0':
      PIN_NUMBER='(N1,0,0,0,0,0,0,0,0,0)';
      BIDIRECTIONAL='TRUE';
      INPUT_LOAD='(-0.01,0.01)';
      OUTPUT_LOAD='(1.0,-1.0)';
    'TDI_0':
      PIN_NUMBER='(M5,0,0,0,0,0,0,0,0,0)';
      BIDIRECTIONAL='TRUE';
      INPUT_LOAD='(-0.01,0.01)';
      OUTPUT_LOAD='(1.0,-1.0)';
    'D_OUT_BUSY_0':
      PIN_NUMBER='(N3,0,0,0,0,0,0,0,0,0)';
      BIDIRECTIONAL='TRUE';
      INPUT_LOAD='(-0.01,0.01)';
      OUTPUT_LOAD='(1.0,-1.0)';
    'TDO_0':
      PIN_NUMBER='(N5,0,0,0,0,0,0,0,0,0)';
      BIDIRECTIONAL='TRUE';
      INPUT_LOAD='(-0.01,0.01)';
      OUTPUT_LOAD='(1.0,-1.0)';
    'IO_L0P_A19_1':
      PIN_NUMBER='(0,A7,0,0,0,0,0,0,0,0)';
      BIDIRECTIONAL='TRUE';
      INPUT_LOAD='(-0.01,0.01)';
      OUTPUT_LOAD='(1.0,-1.0)';
    'IO_L0N_A18_1':
      PIN_NUMBER='(0,A6,0,0,0,0,0,0,0,0)';
      BIDIRECTIONAL='TRUE';
      INPUT_LOAD='(-0.01,0.01)';
      OUTPUT_LOAD='(1.0,-1.0)';
    'IO_L1P_A17_1':
      PIN_NUMBER='(0,E9,0,0,0,0,0,0,0,0)';
      BIDIRECTIONAL='TRUE';
      INPUT_LOAD='(-0.01,0.01)';
      OUTPUT_LOAD='(1.0,-1.0)';
    'IO_L1N_A16_1':
      PIN_NUMBER='(0,D8,0,0,0,0,0,0,0,0)';
      BIDIRECTIONAL='TRUE';
      INPUT_LOAD='(-0.01,0.01)';
      OUTPUT_LOAD='(1.0,-1.0)';
    'IO_L2P_A15_D31_1':
      PIN_NUMBER='(0,D10,0,0,0,0,0,0,0,0)';
      BIDIRECTIONAL='TRUE';
      INPUT_LOAD='(-0.01,0.01)';
      OUTPUT_LOAD='(1.0,-1.0)';
    'IO_L2N_A14_D30_1':
      PIN_NUMBER='(0,D9,0,0,0,0,0,0,0,0)';
      BIDIRECTIONAL='TRUE';
      INPUT_LOAD='(-0.01,0.01)';
      OUTPUT_LOAD='(1.0,-1.0)';
    'IO_L3P_A13_D29_1':
      PIN_NUMBER='(0,C8,0,0,0,0,0,0,0,0)';
      BIDIRECTIONAL='TRUE';
      INPUT_LOAD='(-0.01,0.01)';
      OUTPUT_LOAD='(1.0,-1.0)';
    'IO_L3N_A12_D28_1':
      PIN_NUMBER='(0,C7,0,0,0,0,0,0,0,0)';
      BIDIRECTIONAL='TRUE';
      INPUT_LOAD='(-0.01,0.01)';
      OUTPUT_LOAD='(1.0,-1.0)';
    'IO_L4P_A11_D27_1':
      PIN_NUMBER='(0,B9,0,0,0,0,0,0,0,0)';
      BIDIRECTIONAL='TRUE';
      INPUT_LOAD='(-0.01,0.01)';
      OUTPUT_LOAD='(1.0,-1.0)';
    'IO_L4N_VREF_A10_D26_1':
      PIN_NUMBER='(0,B8,0,0,0,0,0,0,0,0)';
      BIDIRECTIONAL='TRUE';
      INPUT_LOAD='(-0.01,0.01)';
      OUTPUT_LOAD='(1.0,-1.0)';
    'IO_L5P_A9_D25_1':
      PIN_NUMBER='(0,B6,0,0,0,0,0,0,0,0)';
      BIDIRECTIONAL='TRUE';
      INPUT_LOAD='(-0.01,0.01)';
      OUTPUT_LOAD='(1.0,-1.0)';
    'IO_L5N_A8_D24_1':
      PIN_NUMBER='(0,C6,0,0,0,0,0,0,0,0)';
      BIDIRECTIONAL='TRUE';
      INPUT_LOAD='(-0.01,0.01)';
      OUTPUT_LOAD='(1.0,-1.0)';
    'IO_L6P_A7_D23_1':
      PIN_NUMBER='(0,A8,0,0,0,0,0,0,0,0)';
      BIDIRECTIONAL='TRUE';
      INPUT_LOAD='(-0.01,0.01)';
      OUTPUT_LOAD='(1.0,-1.0)';
    'IO_L6N_A6_D22_1':
      PIN_NUMBER='(0,A9,0,0,0,0,0,0,0,0)';
      BIDIRECTIONAL='TRUE';
      INPUT_LOAD='(-0.01,0.01)';
      OUTPUT_LOAD='(1.0,-1.0)';
    'IO_L7P_A5_D21_1':
      PIN_NUMBER='(0,D7,0,0,0,0,0,0,0,0)';
      BIDIRECTIONAL='TRUE';
      INPUT_LOAD='(-0.01,0.01)';
      OUTPUT_LOAD='(1.0,-1.0)';
    'IO_L7N_A4_D20_1':
      PIN_NUMBER='(0,E7,0,0,0,0,0,0,0,0)';
      BIDIRECTIONAL='TRUE';
      INPUT_LOAD='(-0.01,0.01)';
      OUTPUT_LOAD='(1.0,-1.0)';
    'IO_L8P_CC_A3_D19_1':
      PIN_NUMBER='(0,B10,0,0,0,0,0,0,0,0)';
      BIDIRECTIONAL='TRUE';
      INPUT_LOAD='(-0.01,0.01)';
      OUTPUT_LOAD='(1.0,-1.0)';
    'IO_L8N_CC_A2_D18_1':
      PIN_NUMBER='(0,C10,0,0,0,0,0,0,0,0)';
      BIDIRECTIONAL='TRUE';
      INPUT_LOAD='(-0.01,0.01)';
      OUTPUT_LOAD='(1.0,-1.0)';
    'IO_L9P_CC_A1_D17_1':
      PIN_NUMBER='(0,F8,0,0,0,0,0,0,0,0)';
      BIDIRECTIONAL='TRUE';
      INPUT_LOAD='(-0.01,0.01)';
      OUTPUT_LOAD='(1.0,-1.0)';
    'IO_L9N_CC_A0_D16_1':
      PIN_NUMBER='(0,F7,0,0,0,0,0,0,0,0)';
      BIDIRECTIONAL='TRUE';
      INPUT_LOAD='(-0.01,0.01)';
      OUTPUT_LOAD='(1.0,-1.0)';
    'IO_L0P_CC_RS1_2':
      PIN_NUMBER='(0,0,R1,0,0,0,0,0,0,0)';
      BIDIRECTIONAL='TRUE';
      INPUT_LOAD='(-0.01,0.01)';
      OUTPUT_LOAD='(1.0,-1.0)';
    'IO_L0N_CC_RS0_2':
      PIN_NUMBER='(0,0,T1,0,0,0,0,0,0,0)';
      BIDIRECTIONAL='TRUE';
      INPUT_LOAD='(-0.01,0.01)';
      OUTPUT_LOAD='(1.0,-1.0)';
    'IO_L1P_CC_A25_2':
      PIN_NUMBER='(0,0,V1,0,0,0,0,0,0,0)';
      BIDIRECTIONAL='TRUE';
      INPUT_LOAD='(-0.01,0.01)';
      OUTPUT_LOAD='(1.0,-1.0)';
    'IO_L1N_CC_A24_2':
      PIN_NUMBER='(0,0,U1,0,0,0,0,0,0,0)';
      BIDIRECTIONAL='TRUE';
      INPUT_LOAD='(-0.01,0.01)';
      OUTPUT_LOAD='(1.0,-1.0)';
    'IO_L2P_A23_2':
      PIN_NUMBER='(0,0,P2,0,0,0,0,0,0,0)';
      BIDIRECTIONAL='TRUE';
      INPUT_LOAD='(-0.01,0.01)';
      OUTPUT_LOAD='(1.0,-1.0)';
    'IO_L2N_A22_2':
      PIN_NUMBER='(0,0,P3,0,0,0,0,0,0,0)';
      BIDIRECTIONAL='TRUE';
      INPUT_LOAD='(-0.01,0.01)';
      OUTPUT_LOAD='(1.0,-1.0)';
    'IO_L3P_A21_2':
      PIN_NUMBER='(0,0,V2,0,0,0,0,0,0,0)';
      BIDIRECTIONAL='TRUE';
      INPUT_LOAD='(-0.01,0.01)';
      OUTPUT_LOAD='(1.0,-1.0)';
    'IO_L3N_A20_2':
      PIN_NUMBER='(0,0,V3,0,0,0,0,0,0,0)';
      BIDIRECTIONAL='TRUE';
      INPUT_LOAD='(-0.01,0.01)';
      OUTPUT_LOAD='(1.0,-1.0)';
    'IO_L4P_FCS_B_2':
      PIN_NUMBER='(0,0,R2,0,0,0,0,0,0,0)';
      BIDIRECTIONAL='TRUE';
      INPUT_LOAD='(-0.01,0.01)';
      OUTPUT_LOAD='(1.0,-1.0)';
    'IO_L4N_VREF_FOE_B_MOSI_2':
      PIN_NUMBER='(0,0,T2,0,0,0,0,0,0,0)';
      BIDIRECTIONAL='TRUE';
      INPUT_LOAD='(-0.01,0.01)';
      OUTPUT_LOAD='(1.0,-1.0)';
    'IO_L5P_FWE_B_2':
      PIN_NUMBER='(0,0,U4,0,0,0,0,0,0,0)';
      BIDIRECTIONAL='TRUE';
      INPUT_LOAD='(-0.01,0.01)';
      OUTPUT_LOAD='(1.0,-1.0)';
    'IO_L5N_CSO_B_2':
      PIN_NUMBER='(0,0,U3,0,0,0,0,0,0,0)';
      BIDIRECTIONAL='TRUE';
      INPUT_LOAD='(-0.01,0.01)';
      OUTPUT_LOAD='(1.0,-1.0)';
    'IO_L6P_D7_2':
      PIN_NUMBER='(0,0,P4,0,0,0,0,0,0,0)';
      BIDIRECTIONAL='TRUE';
      INPUT_LOAD='(-0.01,0.01)';
      OUTPUT_LOAD='(1.0,-1.0)';
    'IO_L6N_D6_2':
      PIN_NUMBER='(0,0,R4,0,0,0,0,0,0,0)';
      BIDIRECTIONAL='TRUE';
      INPUT_LOAD='(-0.01,0.01)';
      OUTPUT_LOAD='(1.0,-1.0)';
    'IO_L7P_D5_2':
      PIN_NUMBER='(0,0,U5,0,0,0,0,0,0,0)';
      BIDIRECTIONAL='TRUE';
      INPUT_LOAD='(-0.01,0.01)';
      OUTPUT_LOAD='(1.0,-1.0)';
    'IO_L7N_D4_2':
      PIN_NUMBER='(0,0,V5,0,0,0,0,0,0,0)';
      BIDIRECTIONAL='TRUE';
      INPUT_LOAD='(-0.01,0.01)';
      OUTPUT_LOAD='(1.0,-1.0)';
    'IO_L8P_D3_2':
      PIN_NUMBER='(0,0,P5,0,0,0,0,0,0,0)';
      BIDIRECTIONAL='TRUE';
      INPUT_LOAD='(-0.01,0.01)';
      OUTPUT_LOAD='(1.0,-1.0)';
    'IO_L8N_D2_FS2_2':
      PIN_NUMBER='(0,0,R5,0,0,0,0,0,0,0)';
      BIDIRECTIONAL='TRUE';
      INPUT_LOAD='(-0.01,0.01)';
      OUTPUT_LOAD='(1.0,-1.0)';
    'IO_L9P_D1_FS1_2':
      PIN_NUMBER='(0,0,T4,0,0,0,0,0,0,0)';
      BIDIRECTIONAL='TRUE';
      INPUT_LOAD='(-0.01,0.01)';
      OUTPUT_LOAD='(1.0,-1.0)';
    'IO_L9N_D0_FS0_2':
      PIN_NUMBER='(0,0,T3,0,0,0,0,0,0,0)';
      BIDIRECTIONAL='TRUE';
      INPUT_LOAD='(-0.01,0.01)';
      OUTPUT_LOAD='(1.0,-1.0)';
    'IO_L0P_GC_D15_4':
      PIN_NUMBER='(0,0,0,R9,0,0,0,0,0,0)';
      BIDIRECTIONAL='TRUE';
      INPUT_LOAD='(-0.01,0.01)';
      OUTPUT_LOAD='(1.0,-1.0)';
    'IO_L0N_GC_D14_4':
      PIN_NUMBER='(0,0,0,P9,0,0,0,0,0,0)';
      BIDIRECTIONAL='TRUE';
      INPUT_LOAD='(-0.01,0.01)';
      OUTPUT_LOAD='(1.0,-1.0)';
    'IO_L1P_GC_D13_4':
      PIN_NUMBER='(0,0,0,N7,0,0,0,0,0,0)';
      BIDIRECTIONAL='TRUE';
      INPUT_LOAD='(-0.01,0.01)';
      OUTPUT_LOAD='(1.0,-1.0)';
    'IO_L1N_GC_D12_4':
      PIN_NUMBER='(0,0,0,N6,0,0,0,0,0,0)';
      BIDIRECTIONAL='TRUE';
      INPUT_LOAD='(-0.01,0.01)';
      OUTPUT_LOAD='(1.0,-1.0)';
    'IO_L2P_GC_D11_4':
      PIN_NUMBER='(0,0,0,T9,0,0,0,0,0,0)';
      BIDIRECTIONAL='TRUE';
      INPUT_LOAD='(-0.01,0.01)';
      OUTPUT_LOAD='(1.0,-1.0)';
    'IO_L2N_GC_D10_4':
      PIN_NUMBER='(0,0,0,U9,0,0,0,0,0,0)';
      BIDIRECTIONAL='TRUE';
      INPUT_LOAD='(-0.01,0.01)';
      OUTPUT_LOAD='(1.0,-1.0)';
    'IO_L3P_GC_D9_4':
      PIN_NUMBER='(0,0,0,T6,0,0,0,0,0,0)';
      BIDIRECTIONAL='TRUE';
      INPUT_LOAD='(-0.01,0.01)';
      OUTPUT_LOAD='(1.0,-1.0)';
    'IO_L3N_GC_D8_4':
      PIN_NUMBER='(0,0,0,R6,0,0,0,0,0,0)';
      BIDIRECTIONAL='TRUE';
      INPUT_LOAD='(-0.01,0.01)';
      OUTPUT_LOAD='(1.0,-1.0)';
    'IO_L4P_GC_4':
      PIN_NUMBER='(0,0,0,T8,0,0,0,0,0,0)';
      BIDIRECTIONAL='TRUE';
      INPUT_LOAD='(-0.01,0.01)';
      OUTPUT_LOAD='(1.0,-1.0)';
    'IO_L4N_GC_VREF_4':
      PIN_NUMBER='(0,0,0,U8,0,0,0,0,0,0)';
      BIDIRECTIONAL='TRUE';
      INPUT_LOAD='(-0.01,0.01)';
      OUTPUT_LOAD='(1.0,-1.0)';
    'IO_L5P_GC_4':
      PIN_NUMBER='(0,0,0,V6,0,0,0,0,0,0)';
      BIDIRECTIONAL='TRUE';
      INPUT_LOAD='(-0.01,0.01)';
      OUTPUT_LOAD='(1.0,-1.0)';
    'IO_L5N_GC_4':
      PIN_NUMBER='(0,0,0,U6,0,0,0,0,0,0)';
      BIDIRECTIONAL='TRUE';
      INPUT_LOAD='(-0.01,0.01)';
      OUTPUT_LOAD='(1.0,-1.0)';
    'IO_L6P_GC_4':
      PIN_NUMBER='(0,0,0,V8,0,0,0,0,0,0)';
      BIDIRECTIONAL='TRUE';
      INPUT_LOAD='(-0.01,0.01)';
      OUTPUT_LOAD='(1.0,-1.0)';
    'IO_L6N_GC_4':
      PIN_NUMBER='(0,0,0,V7,0,0,0,0,0,0)';
      BIDIRECTIONAL='TRUE';
      INPUT_LOAD='(-0.01,0.01)';
      OUTPUT_LOAD='(1.0,-1.0)';
    'IO_L7P_GC_VRN_4':
      PIN_NUMBER='(0,0,0,N8,0,0,0,0,0,0)';
      BIDIRECTIONAL='TRUE';
      INPUT_LOAD='(-0.01,0.01)';
      OUTPUT_LOAD='(1.0,-1.0)';
    'IO_L7N_GC_VRP_4':
      PIN_NUMBER='(0,0,0,M8,0,0,0,0,0,0)';
      BIDIRECTIONAL='TRUE';
      INPUT_LOAD='(-0.01,0.01)';
      OUTPUT_LOAD='(1.0,-1.0)';
    'IO_L8P_CC_GC_4':
      PIN_NUMBER='(0,0,0,T7,0,0,0,0,0,0)';
      BIDIRECTIONAL='TRUE';
      INPUT_LOAD='(-0.01,0.01)';
      OUTPUT_LOAD='(1.0,-1.0)';
    'IO_L8N_CC_GC_4':
      PIN_NUMBER='(0,0,0,R7,0,0,0,0,0,0)';
      BIDIRECTIONAL='TRUE';
      INPUT_LOAD='(-0.01,0.01)';
      OUTPUT_LOAD='(1.0,-1.0)';
    'IO_L9P_CC_GC_4':
      PIN_NUMBER='(0,0,0,P8,0,0,0,0,0,0)';
      BIDIRECTIONAL='TRUE';
      INPUT_LOAD='(-0.01,0.01)';
      OUTPUT_LOAD='(1.0,-1.0)';
    'IO_L9N_CC_GC_4':
      PIN_NUMBER='(0,0,0,P7,0,0,0,0,0,0)';
      BIDIRECTIONAL='TRUE';
      INPUT_LOAD='(-0.01,0.01)';
      OUTPUT_LOAD='(1.0,-1.0)';
    'IO_L0P_11':
      PIN_NUMBER='(0,0,0,0,D13,0,0,0,0,0)';
      BIDIRECTIONAL='TRUE';
      INPUT_LOAD='(-0.01,0.01)';
      OUTPUT_LOAD='(1.0,-1.0)';
    'IO_L0N_11':
      PIN_NUMBER='(0,0,0,0,D14,0,0,0,0,0)';
      BIDIRECTIONAL='TRUE';
      INPUT_LOAD='(-0.01,0.01)';
      OUTPUT_LOAD='(1.0,-1.0)';
    'IO_L1P_11':
      PIN_NUMBER='(0,0,0,0,E15,0,0,0,0,0)';
      BIDIRECTIONAL='TRUE';
      INPUT_LOAD='(-0.01,0.01)';
      OUTPUT_LOAD='(1.0,-1.0)';
    'IO_L1N_11':
      PIN_NUMBER='(0,0,0,0,D15,0,0,0,0,0)';
      BIDIRECTIONAL='TRUE';
      INPUT_LOAD='(-0.01,0.01)';
      OUTPUT_LOAD='(1.0,-1.0)';
    'IO_L2P_11':
      PIN_NUMBER='(0,0,0,0,E14,0,0,0,0,0)';
      BIDIRECTIONAL='TRUE';
      INPUT_LOAD='(-0.01,0.01)';
      OUTPUT_LOAD='(1.0,-1.0)';
    'IO_L2N_11':
      PIN_NUMBER='(0,0,0,0,F14,0,0,0,0,0)';
      BIDIRECTIONAL='TRUE';
      INPUT_LOAD='(-0.01,0.01)';
      OUTPUT_LOAD='(1.0,-1.0)';
    'IO_L3P_11':
      PIN_NUMBER='(0,0,0,0,A11,0,0,0,0,0)';
      BIDIRECTIONAL='TRUE';
      INPUT_LOAD='(-0.01,0.01)';
      OUTPUT_LOAD='(1.0,-1.0)';
    'IO_L3N_11':
      PIN_NUMBER='(0,0,0,0,A12,0,0,0,0,0)';
      BIDIRECTIONAL='TRUE';
      INPUT_LOAD='(-0.01,0.01)';
      OUTPUT_LOAD='(1.0,-1.0)';
    'IO_L4P_11':
      PIN_NUMBER='(0,0,0,0,C12,0,0,0,0,0)';
      BIDIRECTIONAL='TRUE';
      INPUT_LOAD='(-0.01,0.01)';
      OUTPUT_LOAD='(1.0,-1.0)';
    'IO_L4N_VREF_11':
      PIN_NUMBER='(0,0,0,0,C13,0,0,0,0,0)';
      BIDIRECTIONAL='TRUE';
      INPUT_LOAD='(-0.01,0.01)';
      OUTPUT_LOAD='(1.0,-1.0)';
    'IO_L5P_11':
      PIN_NUMBER='(0,0,0,0,B13,0,0,0,0,0)';
      BIDIRECTIONAL='TRUE';
      INPUT_LOAD='(-0.01,0.01)';
      OUTPUT_LOAD='(1.0,-1.0)';
    'IO_L5N_11':
      PIN_NUMBER='(0,0,0,0,A13,0,0,0,0,0)';
      BIDIRECTIONAL='TRUE';
      INPUT_LOAD='(-0.01,0.01)';
      OUTPUT_LOAD='(1.0,-1.0)';
    'IO_L6P_11':
      PIN_NUMBER='(0,0,0,0,G14,0,0,0,0,0)';
      BIDIRECTIONAL='TRUE';
      INPUT_LOAD='(-0.01,0.01)';
      OUTPUT_LOAD='(1.0,-1.0)';
    'IO_L6N_11':
      PIN_NUMBER='(0,0,0,0,G15,0,0,0,0,0)';
      BIDIRECTIONAL='TRUE';
      INPUT_LOAD='(-0.01,0.01)';
      OUTPUT_LOAD='(1.0,-1.0)';
    'IO_L7P_11':
      PIN_NUMBER='(0,0,0,0,B14,0,0,0,0,0)';
      BIDIRECTIONAL='TRUE';
      INPUT_LOAD='(-0.01,0.01)';
      OUTPUT_LOAD='(1.0,-1.0)';
    'IO_L7N_11':
      PIN_NUMBER='(0,0,0,0,A14,0,0,0,0,0)';
      BIDIRECTIONAL='TRUE';
      INPUT_LOAD='(-0.01,0.01)';
      OUTPUT_LOAD='(1.0,-1.0)';
    'IO_L8P_CC_11':
      PIN_NUMBER='(0,0,0,0,G13,0,0,0,0,0)';
      BIDIRECTIONAL='TRUE';
      INPUT_LOAD='(-0.01,0.01)';
      OUTPUT_LOAD='(1.0,-1.0)';
    'IO_L8N_CC_11':
      PIN_NUMBER='(0,0,0,0,F13,0,0,0,0,0)';
      BIDIRECTIONAL='TRUE';
      INPUT_LOAD='(-0.01,0.01)';
      OUTPUT_LOAD='(1.0,-1.0)';
    'IO_L9P_CC_11':
      PIN_NUMBER='(0,0,0,0,C15,0,0,0,0,0)';
      BIDIRECTIONAL='TRUE';
      INPUT_LOAD='(-0.01,0.01)';
      OUTPUT_LOAD='(1.0,-1.0)';
    'IO_L9N_CC_11':
      PIN_NUMBER='(0,0,0,0,B15,0,0,0,0,0)';
      BIDIRECTIONAL='TRUE';
      INPUT_LOAD='(-0.01,0.01)';
      OUTPUT_LOAD='(1.0,-1.0)';
    'IO_L10P_CC_SM15P_11':
      PIN_NUMBER='(0,0,0,0,B16,0,0,0,0,0)';
      BIDIRECTIONAL='TRUE';
      INPUT_LOAD='(-0.01,0.01)';
      OUTPUT_LOAD='(1.0,-1.0)';
    'IO_L10N_CC_SM15N_11':
      PIN_NUMBER='(0,0,0,0,A16,0,0,0,0,0)';
      BIDIRECTIONAL='TRUE';
      INPUT_LOAD='(-0.01,0.01)';
      OUTPUT_LOAD='(1.0,-1.0)';
    'IO_L11P_CC_SM14P_11':
      PIN_NUMBER='(0,0,0,0,F16,0,0,0,0,0)';
      BIDIRECTIONAL='TRUE';
      INPUT_LOAD='(-0.01,0.01)';
      OUTPUT_LOAD='(1.0,-1.0)';
    'IO_L11N_CC_SM14N_11':
      PIN_NUMBER='(0,0,0,0,G16,0,0,0,0,0)';
      BIDIRECTIONAL='TRUE';
      INPUT_LOAD='(-0.01,0.01)';
      OUTPUT_LOAD='(1.0,-1.0)';
    'IO_L12P_VRN_11':
      PIN_NUMBER='(0,0,0,0,A18,0,0,0,0,0)';
      BIDIRECTIONAL='TRUE';
      INPUT_LOAD='(-0.01,0.01)';
      OUTPUT_LOAD='(1.0,-1.0)';
    'IO_L12N_VRP_11':
      PIN_NUMBER='(0,0,0,0,A17,0,0,0,0,0)';
      BIDIRECTIONAL='TRUE';
      INPUT_LOAD='(-0.01,0.01)';
      OUTPUT_LOAD='(1.0,-1.0)';
    'IO_L13P_11':
      PIN_NUMBER='(0,0,0,0,E17,0,0,0,0,0)';
      BIDIRECTIONAL='TRUE';
      INPUT_LOAD='(-0.01,0.01)';
      OUTPUT_LOAD='(1.0,-1.0)';
    'IO_L13N_11':
      PIN_NUMBER='(0,0,0,0,E16,0,0,0,0,0)';
      BIDIRECTIONAL='TRUE';
      INPUT_LOAD='(-0.01,0.01)';
      OUTPUT_LOAD='(1.0,-1.0)';
    'IO_L14P_11':
      PIN_NUMBER='(0,0,0,0,C17,0,0,0,0,0)';
      BIDIRECTIONAL='TRUE';
      INPUT_LOAD='(-0.01,0.01)';
      OUTPUT_LOAD='(1.0,-1.0)';
    'IO_L14N_VREF_11':
      PIN_NUMBER='(0,0,0,0,C16,0,0,0,0,0)';
      BIDIRECTIONAL='TRUE';
      INPUT_LOAD='(-0.01,0.01)';
      OUTPUT_LOAD='(1.0,-1.0)';
    'IO_L15P_SM13P_11':
      PIN_NUMBER='(0,0,0,0,D12,0,0,0,0,0)';
      BIDIRECTIONAL='TRUE';
      INPUT_LOAD='(-0.01,0.01)';
      OUTPUT_LOAD='(1.0,-1.0)';
    'IO_L15N_SM13N_11':
      PIN_NUMBER='(0,0,0,0,E12,0,0,0,0,0)';
      BIDIRECTIONAL='TRUE';
      INPUT_LOAD='(-0.01,0.01)';
      OUTPUT_LOAD='(1.0,-1.0)';
    'IO_L16P_SM12P_11':
      PIN_NUMBER='(0,0,0,0,C18,0,0,0,0,0)';
      BIDIRECTIONAL='TRUE';
      INPUT_LOAD='(-0.01,0.01)';
      OUTPUT_LOAD='(1.0,-1.0)';
    'IO_L16N_SM12N_11':
      PIN_NUMBER='(0,0,0,0,B18,0,0,0,0,0)';
      BIDIRECTIONAL='TRUE';
      INPUT_LOAD='(-0.01,0.01)';
      OUTPUT_LOAD='(1.0,-1.0)';
    'IO_L17P_SM11P_11':
      PIN_NUMBER='(0,0,0,0,F18,0,0,0,0,0)';
      BIDIRECTIONAL='TRUE';
      INPUT_LOAD='(-0.01,0.01)';
      OUTPUT_LOAD='(1.0,-1.0)';
    'IO_L17N_SM11N_11':
      PIN_NUMBER='(0,0,0,0,F17,0,0,0,0,0)';
      BIDIRECTIONAL='TRUE';
      INPUT_LOAD='(-0.01,0.01)';
      OUTPUT_LOAD='(1.0,-1.0)';
    'IO_L18P_SM10P_11':
      PIN_NUMBER='(0,0,0,0,D18,0,0,0,0,0)';
      BIDIRECTIONAL='TRUE';
      INPUT_LOAD='(-0.01,0.01)';
      OUTPUT_LOAD='(1.0,-1.0)';
    'IO_L18N_SM10N_11':
      PIN_NUMBER='(0,0,0,0,D17,0,0,0,0,0)';
      BIDIRECTIONAL='TRUE';
      INPUT_LOAD='(-0.01,0.01)';
      OUTPUT_LOAD='(1.0,-1.0)';
    'IO_L19P_SM9P_11':
      PIN_NUMBER='(0,0,0,0,B11,0,0,0,0,0)';
      BIDIRECTIONAL='TRUE';
      INPUT_LOAD='(-0.01,0.01)';
      OUTPUT_LOAD='(1.0,-1.0)';
    'IO_L19N_SM9N_11':
      PIN_NUMBER='(0,0,0,0,C11,0,0,0,0,0)';
      BIDIRECTIONAL='TRUE';
      INPUT_LOAD='(-0.01,0.01)';
      OUTPUT_LOAD='(1.0,-1.0)';
    'IO_L0P_SM8P_13':
      PIN_NUMBER='(0,0,0,0,0,H13,0,0,0,0)';
      BIDIRECTIONAL='TRUE';
      INPUT_LOAD='(-0.01,0.01)';
      OUTPUT_LOAD='(1.0,-1.0)';
    'IO_L0N_SM8N_13':
      PIN_NUMBER='(0,0,0,0,0,J14,0,0,0,0)';
      BIDIRECTIONAL='TRUE';
      INPUT_LOAD='(-0.01,0.01)';
      OUTPUT_LOAD='(1.0,-1.0)';
    'IO_L1P_SM7P_13':
      PIN_NUMBER='(0,0,0,0,0,H17,0,0,0,0)';
      BIDIRECTIONAL='TRUE';
      INPUT_LOAD='(-0.01,0.01)';
      OUTPUT_LOAD='(1.0,-1.0)';
    'IO_L1N_SM7N_13':
      PIN_NUMBER='(0,0,0,0,0,G18,0,0,0,0)';
      BIDIRECTIONAL='TRUE';
      INPUT_LOAD='(-0.01,0.01)';
      OUTPUT_LOAD='(1.0,-1.0)';
    'IO_L2P_SM6P_13':
      PIN_NUMBER='(0,0,0,0,0,J15,0,0,0,0)';
      BIDIRECTIONAL='TRUE';
      INPUT_LOAD='(-0.01,0.01)';
      OUTPUT_LOAD='(1.0,-1.0)';
    'IO_L2N_SM6N_13':
      PIN_NUMBER='(0,0,0,0,0,K15,0,0,0,0)';
      BIDIRECTIONAL='TRUE';
      INPUT_LOAD='(-0.01,0.01)';
      OUTPUT_LOAD='(1.0,-1.0)';
    'IO_L3P_SM5P_13':
      PIN_NUMBER='(0,0,0,0,0,H18,0,0,0,0)';
      BIDIRECTIONAL='TRUE';
      INPUT_LOAD='(-0.01,0.01)';
      OUTPUT_LOAD='(1.0,-1.0)';
    'IO_L3N_SM5N_13':
      PIN_NUMBER='(0,0,0,0,0,J18,0,0,0,0)';
      BIDIRECTIONAL='TRUE';
      INPUT_LOAD='(-0.01,0.01)';
      OUTPUT_LOAD='(1.0,-1.0)';
    'IO_L4P_13':
      PIN_NUMBER='(0,0,0,0,0,K12,0,0,0,0)';
      BIDIRECTIONAL='TRUE';
      INPUT_LOAD='(-0.01,0.01)';
      OUTPUT_LOAD='(1.0,-1.0)';
    'IO_L4N_VREF_13':
      PIN_NUMBER='(0,0,0,0,0,L12,0,0,0,0)';
      BIDIRECTIONAL='TRUE';
      INPUT_LOAD='(-0.01,0.01)';
      OUTPUT_LOAD='(1.0,-1.0)';
    'IO_L5P_SM4P_13':
      PIN_NUMBER='(0,0,0,0,0,J17,0,0,0,0)';
      BIDIRECTIONAL='TRUE';
      INPUT_LOAD='(-0.01,0.01)';
      OUTPUT_LOAD='(1.0,-1.0)';
    'IO_L5N_SM4N_13':
      PIN_NUMBER='(0,0,0,0,0,K17,0,0,0,0)';
      BIDIRECTIONAL='TRUE';
      INPUT_LOAD='(-0.01,0.01)';
      OUTPUT_LOAD='(1.0,-1.0)';
    'IO_L6P_SM3P_13':
      PIN_NUMBER='(0,0,0,0,0,H15,0,0,0,0)';
      BIDIRECTIONAL='TRUE';
      INPUT_LOAD='(-0.01,0.01)';
      OUTPUT_LOAD='(1.0,-1.0)';
    'IO_L6N_SM3N_13':
      PIN_NUMBER='(0,0,0,0,0,H16,0,0,0,0)';
      BIDIRECTIONAL='TRUE';
      INPUT_LOAD='(-0.01,0.01)';
      OUTPUT_LOAD='(1.0,-1.0)';
    'IO_L7P_SM2P_13':
      PIN_NUMBER='(0,0,0,0,0,L18,0,0,0,0)';
      BIDIRECTIONAL='TRUE';
      INPUT_LOAD='(-0.01,0.01)';
      OUTPUT_LOAD='(1.0,-1.0)';
    'IO_L7N_SM2N_13':
      PIN_NUMBER='(0,0,0,0,0,L17,0,0,0,0)';
      BIDIRECTIONAL='TRUE';
      INPUT_LOAD='(-0.01,0.01)';
      OUTPUT_LOAD='(1.0,-1.0)';
    'IO_L8P_CC_SM1P_13':
      PIN_NUMBER='(0,0,0,0,0,N12,0,0,0,0)';
      BIDIRECTIONAL='TRUE';
      INPUT_LOAD='(-0.01,0.01)';
      OUTPUT_LOAD='(1.0,-1.0)';
    'IO_L8N_CC_SM1N_13':
      PIN_NUMBER='(0,0,0,0,0,M11,0,0,0,0)';
      BIDIRECTIONAL='TRUE';
      INPUT_LOAD='(-0.01,0.01)';
      OUTPUT_LOAD='(1.0,-1.0)';
    'IO_L9P_CC_SM0P_13':
      PIN_NUMBER='(0,0,0,0,0,K16,0,0,0,0)';
      BIDIRECTIONAL='TRUE';
      INPUT_LOAD='(-0.01,0.01)';
      OUTPUT_LOAD='(1.0,-1.0)';
    'IO_L9N_CC_SM0N_13':
      PIN_NUMBER='(0,0,0,0,0,L16,0,0,0,0)';
      BIDIRECTIONAL='TRUE';
      INPUT_LOAD='(-0.01,0.01)';
      OUTPUT_LOAD='(1.0,-1.0)';
    'IO_L10P_CC_13':
      PIN_NUMBER='(0,0,0,0,0,N18,0,0,0,0)';
      BIDIRECTIONAL='TRUE';
      INPUT_LOAD='(-0.01,0.01)';
      OUTPUT_LOAD='(1.0,-1.0)';
    'IO_L10N_CC_13':
      PIN_NUMBER='(0,0,0,0,0,M18,0,0,0,0)';
      BIDIRECTIONAL='TRUE';
      INPUT_LOAD='(-0.01,0.01)';
      OUTPUT_LOAD='(1.0,-1.0)';
    'IO_L11P_CC_13':
      PIN_NUMBER='(0,0,0,0,0,M14,0,0,0,0)';
      BIDIRECTIONAL='TRUE';
      INPUT_LOAD='(-0.01,0.01)';
      OUTPUT_LOAD='(1.0,-1.0)';
    'IO_L11N_CC_13':
      PIN_NUMBER='(0,0,0,0,0,L13,0,0,0,0)';
      BIDIRECTIONAL='TRUE';
      INPUT_LOAD='(-0.01,0.01)';
      OUTPUT_LOAD='(1.0,-1.0)';
    'IO_L12P_VRN_13':
      PIN_NUMBER='(0,0,0,0,0,P18,0,0,0,0)';
      BIDIRECTIONAL='TRUE';
      INPUT_LOAD='(-0.01,0.01)';
      OUTPUT_LOAD='(1.0,-1.0)';
    'IO_L12N_VRP_13':
      PIN_NUMBER='(0,0,0,0,0,N17,0,0,0,0)';
      BIDIRECTIONAL='TRUE';
      INPUT_LOAD='(-0.01,0.01)';
      OUTPUT_LOAD='(1.0,-1.0)';
    'IO_L13P_13':
      PIN_NUMBER='(0,0,0,0,0,L14,0,0,0,0)';
      BIDIRECTIONAL='TRUE';
      INPUT_LOAD='(-0.01,0.01)';
      OUTPUT_LOAD='(1.0,-1.0)';
    'IO_L13N_13':
      PIN_NUMBER='(0,0,0,0,0,K14,0,0,0,0)';
      BIDIRECTIONAL='TRUE';
      INPUT_LOAD='(-0.01,0.01)';
      OUTPUT_LOAD='(1.0,-1.0)';
    'IO_L14P_13':
      PIN_NUMBER='(0,0,0,0,0,R17,0,0,0,0)';
      BIDIRECTIONAL='TRUE';
      INPUT_LOAD='(-0.01,0.01)';
      OUTPUT_LOAD='(1.0,-1.0)';
    'IO_L14N_VREF_13':
      PIN_NUMBER='(0,0,0,0,0,P17,0,0,0,0)';
      BIDIRECTIONAL='TRUE';
      INPUT_LOAD='(-0.01,0.01)';
      OUTPUT_LOAD='(1.0,-1.0)';
    'IO_L15P_13':
      PIN_NUMBER='(0,0,0,0,0,N13,0,0,0,0)';
      BIDIRECTIONAL='TRUE';
      INPUT_LOAD='(-0.01,0.01)';
      OUTPUT_LOAD='(1.0,-1.0)';
    'IO_L15N_13':
      PIN_NUMBER='(0,0,0,0,0,M13,0,0,0,0)';
      BIDIRECTIONAL='TRUE';
      INPUT_LOAD='(-0.01,0.01)';
      OUTPUT_LOAD='(1.0,-1.0)';
    'IO_L16P_13':
      PIN_NUMBER='(0,0,0,0,0,R15,0,0,0,0)';
      BIDIRECTIONAL='TRUE';
      INPUT_LOAD='(-0.01,0.01)';
      OUTPUT_LOAD='(1.0,-1.0)';
    'IO_L16N_13':
      PIN_NUMBER='(0,0,0,0,0,R16,0,0,0,0)';
      BIDIRECTIONAL='TRUE';
      INPUT_LOAD='(-0.01,0.01)';
      OUTPUT_LOAD='(1.0,-1.0)';
    'IO_L17P_13':
      PIN_NUMBER='(0,0,0,0,0,P14,0,0,0,0)';
      BIDIRECTIONAL='TRUE';
      INPUT_LOAD='(-0.01,0.01)';
      OUTPUT_LOAD='(1.0,-1.0)';
    'IO_L17N_13':
      PIN_NUMBER='(0,0,0,0,0,P15,0,0,0,0)';
      BIDIRECTIONAL='TRUE';
      INPUT_LOAD='(-0.01,0.01)';
      OUTPUT_LOAD='(1.0,-1.0)';
    'IO_L18P_13':
      PIN_NUMBER='(0,0,0,0,0,N16,0,0,0,0)';
      BIDIRECTIONAL='TRUE';
      INPUT_LOAD='(-0.01,0.01)';
      OUTPUT_LOAD='(1.0,-1.0)';
    'IO_L18N_13':
      PIN_NUMBER='(0,0,0,0,0,M16,0,0,0,0)';
      BIDIRECTIONAL='TRUE';
      INPUT_LOAD='(-0.01,0.01)';
      OUTPUT_LOAD='(1.0,-1.0)';
    'IO_L19P_13':
      PIN_NUMBER='(0,0,0,0,0,N15,0,0,0,0)';
      BIDIRECTIONAL='TRUE';
      INPUT_LOAD='(-0.01,0.01)';
      OUTPUT_LOAD='(1.0,-1.0)';
    'IO_L19N_13':
      PIN_NUMBER='(0,0,0,0,0,M15,0,0,0,0)';
      BIDIRECTIONAL='TRUE';
      INPUT_LOAD='(-0.01,0.01)';
      OUTPUT_LOAD='(1.0,-1.0)';
    'IO_L4P_17':
      PIN_NUMBER='(0,0,0,0,0,0,M10,0,0,0)';
      BIDIRECTIONAL='TRUE';
      INPUT_LOAD='(-0.01,0.01)';
      OUTPUT_LOAD='(1.0,-1.0)';
    'IO_L4N_VREF_17':
      PIN_NUMBER='(0,0,0,0,0,0,N11,0,0,0)';
      BIDIRECTIONAL='TRUE';
      INPUT_LOAD='(-0.01,0.01)';
      OUTPUT_LOAD='(1.0,-1.0)';
    'IO_L5P_17':
      PIN_NUMBER='(0,0,0,0,0,0,T17,0,0,0)';
      BIDIRECTIONAL='TRUE';
      INPUT_LOAD='(-0.01,0.01)';
      OUTPUT_LOAD='(1.0,-1.0)';
    'IO_L5N_17':
      PIN_NUMBER='(0,0,0,0,0,0,T16,0,0,0)';
      BIDIRECTIONAL='TRUE';
      INPUT_LOAD='(-0.01,0.01)';
      OUTPUT_LOAD='(1.0,-1.0)';
    'IO_L6P_17':
      PIN_NUMBER='(0,0,0,0,0,0,T12,0,0,0)';
      BIDIRECTIONAL='TRUE';
      INPUT_LOAD='(-0.01,0.01)';
      OUTPUT_LOAD='(1.0,-1.0)';
    'IO_L6N_17':
      PIN_NUMBER='(0,0,0,0,0,0,R12,0,0,0)';
      BIDIRECTIONAL='TRUE';
      INPUT_LOAD='(-0.01,0.01)';
      OUTPUT_LOAD='(1.0,-1.0)';
    'IO_L7P_17':
      PIN_NUMBER='(0,0,0,0,0,0,T18,0,0,0)';
      BIDIRECTIONAL='TRUE';
      INPUT_LOAD='(-0.01,0.01)';
      OUTPUT_LOAD='(1.0,-1.0)';
    'IO_L7N_17':
      PIN_NUMBER='(0,0,0,0,0,0,U18,0,0,0)';
      BIDIRECTIONAL='TRUE';
      INPUT_LOAD='(-0.01,0.01)';
      OUTPUT_LOAD='(1.0,-1.0)';
    'IO_L8P_CC_17':
      PIN_NUMBER='(0,0,0,0,0,0,P10,0,0,0)';
      BIDIRECTIONAL='TRUE';
      INPUT_LOAD='(-0.01,0.01)';
      OUTPUT_LOAD='(1.0,-1.0)';
    'IO_L8N_CC_17':
      PIN_NUMBER='(0,0,0,0,0,0,N10,0,0,0)';
      BIDIRECTIONAL='TRUE';
      INPUT_LOAD='(-0.01,0.01)';
      OUTPUT_LOAD='(1.0,-1.0)';
    'IO_L9P_CC_17':
      PIN_NUMBER='(0,0,0,0,0,0,U16,0,0,0)';
      BIDIRECTIONAL='TRUE';
      INPUT_LOAD='(-0.01,0.01)';
      OUTPUT_LOAD='(1.0,-1.0)';
    'IO_L9N_CC_17':
      PIN_NUMBER='(0,0,0,0,0,0,U15,0,0,0)';
      BIDIRECTIONAL='TRUE';
      INPUT_LOAD='(-0.01,0.01)';
      OUTPUT_LOAD='(1.0,-1.0)';
    'IO_L10P_CC_17':
      PIN_NUMBER='(0,0,0,0,0,0,V18,0,0,0)';
      BIDIRECTIONAL='TRUE';
      INPUT_LOAD='(-0.01,0.01)';
      OUTPUT_LOAD='(1.0,-1.0)';
    'IO_L10N_CC_17':
      PIN_NUMBER='(0,0,0,0,0,0,V17,0,0,0)';
      BIDIRECTIONAL='TRUE';
      INPUT_LOAD='(-0.01,0.01)';
      OUTPUT_LOAD='(1.0,-1.0)';
    'IO_L11P_CC_17':
      PIN_NUMBER='(0,0,0,0,0,0,R10,0,0,0)';
      BIDIRECTIONAL='TRUE';
      INPUT_LOAD='(-0.01,0.01)';
      OUTPUT_LOAD='(1.0,-1.0)';
    'IO_L11N_CC_17':
      PIN_NUMBER='(0,0,0,0,0,0,R11,0,0,0)';
      BIDIRECTIONAL='TRUE';
      INPUT_LOAD='(-0.01,0.01)';
      OUTPUT_LOAD='(1.0,-1.0)';
    'IO_L12P_VRN_17':
      PIN_NUMBER='(0,0,0,0,0,0,V16,0,0,0)';
      BIDIRECTIONAL='TRUE';
      INPUT_LOAD='(-0.01,0.01)';
      OUTPUT_LOAD='(1.0,-1.0)';
    'IO_L12N_VRP_17':
      PIN_NUMBER='(0,0,0,0,0,0,V15,0,0,0)';
      BIDIRECTIONAL='TRUE';
      INPUT_LOAD='(-0.01,0.01)';
      OUTPUT_LOAD='(1.0,-1.0)';
    'IO_L13P_17':
      PIN_NUMBER='(0,0,0,0,0,0,T11,0,0,0)';
      BIDIRECTIONAL='TRUE';
      INPUT_LOAD='(-0.01,0.01)';
      OUTPUT_LOAD='(1.0,-1.0)';
    'IO_L13N_17':
      PIN_NUMBER='(0,0,0,0,0,0,U11,0,0,0)';
      BIDIRECTIONAL='TRUE';
      INPUT_LOAD='(-0.01,0.01)';
      OUTPUT_LOAD='(1.0,-1.0)';
    'IO_L14P_17':
      PIN_NUMBER='(0,0,0,0,0,0,R14,0,0,0)';
      BIDIRECTIONAL='TRUE';
      INPUT_LOAD='(-0.01,0.01)';
      OUTPUT_LOAD='(1.0,-1.0)';
    'IO_L14N_VREF_17':
      PIN_NUMBER='(0,0,0,0,0,0,T14,0,0,0)';
      BIDIRECTIONAL='TRUE';
      INPUT_LOAD='(-0.01,0.01)';
      OUTPUT_LOAD='(1.0,-1.0)';
    'IO_L15P_17':
      PIN_NUMBER='(0,0,0,0,0,0,V10,0,0,0)';
      BIDIRECTIONAL='TRUE';
      INPUT_LOAD='(-0.01,0.01)';
      OUTPUT_LOAD='(1.0,-1.0)';
    'IO_L15N_17':
      PIN_NUMBER='(0,0,0,0,0,0,U10,0,0,0)';
      BIDIRECTIONAL='TRUE';
      INPUT_LOAD='(-0.01,0.01)';
      OUTPUT_LOAD='(1.0,-1.0)';
    'IO_L16P_17':
      PIN_NUMBER='(0,0,0,0,0,0,U14,0,0,0)';
      BIDIRECTIONAL='TRUE';
      INPUT_LOAD='(-0.01,0.01)';
      OUTPUT_LOAD='(1.0,-1.0)';
    'IO_L16N_17':
      PIN_NUMBER='(0,0,0,0,0,0,T13,0,0,0)';
      BIDIRECTIONAL='TRUE';
      INPUT_LOAD='(-0.01,0.01)';
      OUTPUT_LOAD='(1.0,-1.0)';
    'IO_L17P_17':
      PIN_NUMBER='(0,0,0,0,0,0,P12,0,0,0)';
      BIDIRECTIONAL='TRUE';
      INPUT_LOAD='(-0.01,0.01)';
      OUTPUT_LOAD='(1.0,-1.0)';
    'IO_L17N_17':
      PIN_NUMBER='(0,0,0,0,0,0,P13,0,0,0)';
      BIDIRECTIONAL='TRUE';
      INPUT_LOAD='(-0.01,0.01)';
      OUTPUT_LOAD='(1.0,-1.0)';
    'IO_L18P_17':
      PIN_NUMBER='(0,0,0,0,0,0,U13,0,0,0)';
      BIDIRECTIONAL='TRUE';
      INPUT_LOAD='(-0.01,0.01)';
      OUTPUT_LOAD='(1.0,-1.0)';
    'IO_L18N_17':
      PIN_NUMBER='(0,0,0,0,0,0,V13,0,0,0)';
      BIDIRECTIONAL='TRUE';
      INPUT_LOAD='(-0.01,0.01)';
      OUTPUT_LOAD='(1.0,-1.0)';
    'IO_L19P_17':
      PIN_NUMBER='(0,0,0,0,0,0,V12,0,0,0)';
      BIDIRECTIONAL='TRUE';
      INPUT_LOAD='(-0.01,0.01)';
      OUTPUT_LOAD='(1.0,-1.0)';
    'IO_L19N_17':
      PIN_NUMBER='(0,0,0,0,0,0,V11,0,0,0)';
      BIDIRECTIONAL='TRUE';
      INPUT_LOAD='(-0.01,0.01)';
      OUTPUT_LOAD='(1.0,-1.0)';
    'MGTTXP0_112':
      PIN_NUMBER='(0,0,0,0,0,0,0,A2,0,0)';
      BIDIRECTIONAL='TRUE';
      INPUT_LOAD='(-0.01,0.01)';
      OUTPUT_LOAD='(1.0,-1.0)';
    'MGTAVTTTX_112':
      PIN_NUMBER='(0,0,0,0,0,0,0,F3,0,0)';
      BIDIRECTIONAL='TRUE';
      INPUT_LOAD='(-0.01,0.01)';
      OUTPUT_LOAD='(1.0,-1.0)';
    'MGTTXN0_112':
      PIN_NUMBER='(0,0,0,0,0,0,0,B2,0,0)';
      BIDIRECTIONAL='TRUE';
      INPUT_LOAD='(-0.01,0.01)';
      OUTPUT_LOAD='(1.0,-1.0)';
    'MGTRXP0_112':
      PIN_NUMBER='(0,0,0,0,0,0,0,B1,0,0)';
      BIDIRECTIONAL='TRUE';
      INPUT_LOAD='(-0.01,0.01)';
      OUTPUT_LOAD='(1.0,-1.0)';
    'MGTAVTTRX_112':
      PIN_NUMBER='(0,0,0,0,0,0,0,B3,0,0)';
      BIDIRECTIONAL='TRUE';
      INPUT_LOAD='(-0.01,0.01)';
      OUTPUT_LOAD='(1.0,-1.0)';
    'MGTRXN0_112':
      PIN_NUMBER='(0,0,0,0,0,0,0,C1,0,0)';
      BIDIRECTIONAL='TRUE';
      INPUT_LOAD='(-0.01,0.01)';
      OUTPUT_LOAD='(1.0,-1.0)';
    'MGTAVCCPLL_112':
      PIN_NUMBER='(0,0,0,0,0,0,0,E4,0,0)';
      BIDIRECTIONAL='TRUE';
      INPUT_LOAD='(-0.01,0.01)';
      OUTPUT_LOAD='(1.0,-1.0)';
    'MGTRXN1_112':
      PIN_NUMBER='(0,0,0,0,0,0,0,D1,0,0)';
      BIDIRECTIONAL='TRUE';
      INPUT_LOAD='(-0.01,0.01)';
      OUTPUT_LOAD='(1.0,-1.0)';
    'MGTREFCLKN_112':
      PIN_NUMBER='(0,0,0,0,0,0,0,C4,0,0)';
      BIDIRECTIONAL='TRUE';
      INPUT_LOAD='(-0.01,0.01)';
      OUTPUT_LOAD='(1.0,-1.0)';
    'MGTRXP1_112':
      PIN_NUMBER='(0,0,0,0,0,0,0,E1,0,0)';
      BIDIRECTIONAL='TRUE';
      INPUT_LOAD='(-0.01,0.01)';
      OUTPUT_LOAD='(1.0,-1.0)';
    'MGTREFCLKP_112':
      PIN_NUMBER='(0,0,0,0,0,0,0,C3,0,0)';
      BIDIRECTIONAL='TRUE';
      INPUT_LOAD='(-0.01,0.01)';
      OUTPUT_LOAD='(1.0,-1.0)';
    'MGTTXN1_112':
      PIN_NUMBER='(0,0,0,0,0,0,0,E2,0,0)';
      BIDIRECTIONAL='TRUE';
      INPUT_LOAD='(-0.01,0.01)';
      OUTPUT_LOAD='(1.0,-1.0)';
    'MGTTXP1_112':
      PIN_NUMBER='(0,0,0,0,0,0,0,F2,0,0)';
      BIDIRECTIONAL='TRUE';
      INPUT_LOAD='(-0.01,0.01)';
      OUTPUT_LOAD='(1.0,-1.0)';
    'MGTRREF_112':
      PIN_NUMBER='(0,0,0,0,0,0,0,F5,0,0)';
      BIDIRECTIONAL='TRUE';
      INPUT_LOAD='(-0.01,0.01)';
      OUTPUT_LOAD='(1.0,-1.0)';
    'MGTTXP0_114':
      PIN_NUMBER='(0,0,0,0,0,0,0,G2,0,0)';
      BIDIRECTIONAL='TRUE';
      INPUT_LOAD='(-0.01,0.01)';
      OUTPUT_LOAD='(1.0,-1.0)';
    'MGTAVTTTX_114':
      PIN_NUMBER='(0,0,0,0,0,0,0,M3,0,0)';
      BIDIRECTIONAL='TRUE';
      INPUT_LOAD='(-0.01,0.01)';
      OUTPUT_LOAD='(1.0,-1.0)';
    'MGTTXN0_114':
      PIN_NUMBER='(0,0,0,0,0,0,0,H2,0,0)';
      BIDIRECTIONAL='TRUE';
      INPUT_LOAD='(-0.01,0.01)';
      OUTPUT_LOAD='(1.0,-1.0)';
    'MGTRXP0_114':
      PIN_NUMBER='(0,0,0,0,0,0,0,H1,0,0)';
      BIDIRECTIONAL='TRUE';
      INPUT_LOAD='(-0.01,0.01)';
      OUTPUT_LOAD='(1.0,-1.0)';
    'MGTAVTTRX_114':
      PIN_NUMBER='(0,0,0,0,0,0,0,H3,0,0)';
      BIDIRECTIONAL='TRUE';
      INPUT_LOAD='(-0.01,0.01)';
      OUTPUT_LOAD='(1.0,-1.0)';
    'MGTRXN0_114':
      PIN_NUMBER='(0,0,0,0,0,0,0,J1,0,0)';
      BIDIRECTIONAL='TRUE';
      INPUT_LOAD='(-0.01,0.01)';
      OUTPUT_LOAD='(1.0,-1.0)';
    'MGTAVCCPLL_114':
      PIN_NUMBER='(0,0,0,0,0,0,0,L4,0,0)';
      BIDIRECTIONAL='TRUE';
      INPUT_LOAD='(-0.01,0.01)';
      OUTPUT_LOAD='(1.0,-1.0)';
    'MGTRXN1_114':
      PIN_NUMBER='(0,0,0,0,0,0,0,K1,0,0)';
      BIDIRECTIONAL='TRUE';
      INPUT_LOAD='(-0.01,0.01)';
      OUTPUT_LOAD='(1.0,-1.0)';
    'MGTREFCLKN_114':
      PIN_NUMBER='(0,0,0,0,0,0,0,J4,0,0)';
      BIDIRECTIONAL='TRUE';
      INPUT_LOAD='(-0.01,0.01)';
      OUTPUT_LOAD='(1.0,-1.0)';
    'MGTRXP1_114':
      PIN_NUMBER='(0,0,0,0,0,0,0,L1,0,0)';
      BIDIRECTIONAL='TRUE';
      INPUT_LOAD='(-0.01,0.01)';
      OUTPUT_LOAD='(1.0,-1.0)';
    'MGTREFCLKP_114':
      PIN_NUMBER='(0,0,0,0,0,0,0,J3,0,0)';
      BIDIRECTIONAL='TRUE';
      INPUT_LOAD='(-0.01,0.01)';
      OUTPUT_LOAD='(1.0,-1.0)';
    'MGTTXN1_114':
      PIN_NUMBER='(0,0,0,0,0,0,0,L2,0,0)';
      BIDIRECTIONAL='TRUE';
      INPUT_LOAD='(-0.01,0.01)';
      OUTPUT_LOAD='(1.0,-1.0)';
    'MGTTXP1_114':
      PIN_NUMBER='(0,0,0,0,0,0,0,M2,0,0)';
      BIDIRECTIONAL='TRUE';
      INPUT_LOAD='(-0.01,0.01)';
      OUTPUT_LOAD='(1.0,-1.0)';
    'MGTAVTTRXC':
      PIN_NUMBER='(0,0,0,0,0,0,0,G4,0,0)';
      BIDIRECTIONAL='TRUE';
      INPUT_LOAD='(-0.01,0.01)';
      OUTPUT_LOAD='(1.0,-1.0)';
    'GND_1':
      PIN_NUMBER='(0,0,0,0,0,0,0,0,A1,0)';
      PINUSE='GROUND';
      NO_LOAD_CHECK='Both';
      NO_IO_CHECK='Both';
      NO_ASSERT_CHECK='TRUE';
      NO_DIR_CHECK='TRUE';
      ALLOW_CONNECT='TRUE';
    'GND_2':
      PIN_NUMBER='(0,0,0,0,0,0,0,0,A3,0)';
      PINUSE='GROUND';
      NO_LOAD_CHECK='Both';
      NO_IO_CHECK='Both';
      NO_ASSERT_CHECK='TRUE';
      NO_DIR_CHECK='TRUE';
      ALLOW_CONNECT='TRUE';
    'GND_3':
      PIN_NUMBER='(0,0,0,0,0,0,0,0,A5,0)';
      PINUSE='GROUND';
      NO_LOAD_CHECK='Both';
      NO_IO_CHECK='Both';
      NO_ASSERT_CHECK='TRUE';
      NO_DIR_CHECK='TRUE';
      ALLOW_CONNECT='TRUE';
    'GND_4':
      PIN_NUMBER='(0,0,0,0,0,0,0,0,B17,0)';
      PINUSE='GROUND';
      NO_LOAD_CHECK='Both';
      NO_IO_CHECK='Both';
      NO_ASSERT_CHECK='TRUE';
      NO_DIR_CHECK='TRUE';
      ALLOW_CONNECT='TRUE';
    'GND_5':
      PIN_NUMBER='(0,0,0,0,0,0,0,0,B4,0)';
      PINUSE='GROUND';
      NO_LOAD_CHECK='Both';
      NO_IO_CHECK='Both';
      NO_ASSERT_CHECK='TRUE';
      NO_DIR_CHECK='TRUE';
      ALLOW_CONNECT='TRUE';
    'GND_6':
      PIN_NUMBER='(0,0,0,0,0,0,0,0,C14,0)';
      PINUSE='GROUND';
      NO_LOAD_CHECK='Both';
      NO_IO_CHECK='Both';
      NO_ASSERT_CHECK='TRUE';
      NO_DIR_CHECK='TRUE';
      ALLOW_CONNECT='TRUE';
    'GND_7':
      PIN_NUMBER='(0,0,0,0,0,0,0,0,C2,0)';
      PINUSE='GROUND';
      NO_LOAD_CHECK='Both';
      NO_IO_CHECK='Both';
      NO_ASSERT_CHECK='TRUE';
      NO_DIR_CHECK='TRUE';
      ALLOW_CONNECT='TRUE';
    'GND_8':
      PIN_NUMBER='(0,0,0,0,0,0,0,0,C5,0)';
      PINUSE='GROUND';
      NO_LOAD_CHECK='Both';
      NO_IO_CHECK='Both';
      NO_ASSERT_CHECK='TRUE';
      NO_DIR_CHECK='TRUE';
      ALLOW_CONNECT='TRUE';
    'GND_9':
      PIN_NUMBER='(0,0,0,0,0,0,0,0,C9,0)';
      PINUSE='GROUND';
      NO_LOAD_CHECK='Both';
      NO_IO_CHECK='Both';
      NO_ASSERT_CHECK='TRUE';
      NO_DIR_CHECK='TRUE';
      ALLOW_CONNECT='TRUE';
    'GND_10':
      PIN_NUMBER='(0,0,0,0,0,0,0,0,D11,0)';
      PINUSE='GROUND';
      NO_LOAD_CHECK='Both';
      NO_IO_CHECK='Both';
      NO_ASSERT_CHECK='TRUE';
      NO_DIR_CHECK='TRUE';
      ALLOW_CONNECT='TRUE';
    'GND_11':
      PIN_NUMBER='(0,0,0,0,0,0,0,0,D2,0)';
      PINUSE='GROUND';
      NO_LOAD_CHECK='Both';
      NO_IO_CHECK='Both';
      NO_ASSERT_CHECK='TRUE';
      NO_DIR_CHECK='TRUE';
      ALLOW_CONNECT='TRUE';
    'GND_12':
      PIN_NUMBER='(0,0,0,0,0,0,0,0,D4,0)';
      PINUSE='GROUND';
      NO_LOAD_CHECK='Both';
      NO_IO_CHECK='Both';
      NO_ASSERT_CHECK='TRUE';
      NO_DIR_CHECK='TRUE';
      ALLOW_CONNECT='TRUE';
    'GND_13':
      PIN_NUMBER='(0,0,0,0,0,0,0,0,D6,0)';
      PINUSE='GROUND';
      NO_LOAD_CHECK='Both';
      NO_IO_CHECK='Both';
      NO_ASSERT_CHECK='TRUE';
      NO_DIR_CHECK='TRUE';
      ALLOW_CONNECT='TRUE';
    'GND_14':
      PIN_NUMBER='(0,0,0,0,0,0,0,0,E18,0)';
      PINUSE='GROUND';
      NO_LOAD_CHECK='Both';
      NO_IO_CHECK='Both';
      NO_ASSERT_CHECK='TRUE';
      NO_DIR_CHECK='TRUE';
      ALLOW_CONNECT='TRUE';
    'GND_15':
      PIN_NUMBER='(0,0,0,0,0,0,0,0,E3,0)';
      PINUSE='GROUND';
      NO_LOAD_CHECK='Both';
      NO_IO_CHECK='Both';
      NO_ASSERT_CHECK='TRUE';
      NO_DIR_CHECK='TRUE';
      ALLOW_CONNECT='TRUE';
    'GND_16':
      PIN_NUMBER='(0,0,0,0,0,0,0,0,E5,0)';
      PINUSE='GROUND';
      NO_LOAD_CHECK='Both';
      NO_IO_CHECK='Both';
      NO_ASSERT_CHECK='TRUE';
      NO_DIR_CHECK='TRUE';
      ALLOW_CONNECT='TRUE';
    'GND_17':
      PIN_NUMBER='(0,0,0,0,0,0,0,0,F1,0)';
      PINUSE='GROUND';
      NO_LOAD_CHECK='Both';
      NO_IO_CHECK='Both';
      NO_ASSERT_CHECK='TRUE';
      NO_DIR_CHECK='TRUE';
      ALLOW_CONNECT='TRUE';
    'GND_18':
      PIN_NUMBER='(0,0,0,0,0,0,0,0,F10,0)';
      PINUSE='GROUND';
      NO_LOAD_CHECK='Both';
      NO_IO_CHECK='Both';
      NO_ASSERT_CHECK='TRUE';
      NO_DIR_CHECK='TRUE';
      ALLOW_CONNECT='TRUE';
    'GND_19':
      PIN_NUMBER='(0,0,0,0,0,0,0,0,F12,0)';
      PINUSE='GROUND';
      NO_LOAD_CHECK='Both';
      NO_IO_CHECK='Both';
      NO_ASSERT_CHECK='TRUE';
      NO_DIR_CHECK='TRUE';
      ALLOW_CONNECT='TRUE';
    'GND_20':
      PIN_NUMBER='(0,0,0,0,0,0,0,0,F15,0)';
      PINUSE='GROUND';
      NO_LOAD_CHECK='Both';
      NO_IO_CHECK='Both';
      NO_ASSERT_CHECK='TRUE';
      NO_DIR_CHECK='TRUE';
      ALLOW_CONNECT='TRUE';
    'GND_21':
      PIN_NUMBER='(0,0,0,0,0,0,0,0,F4,0)';
      PINUSE='GROUND';
      NO_LOAD_CHECK='Both';
      NO_IO_CHECK='Both';
      NO_ASSERT_CHECK='TRUE';
      NO_DIR_CHECK='TRUE';
      ALLOW_CONNECT='TRUE';
    'GND_22':
      PIN_NUMBER='(0,0,0,0,0,0,0,0,G1,0)';
      PINUSE='GROUND';
      NO_LOAD_CHECK='Both';
      NO_IO_CHECK='Both';
      NO_ASSERT_CHECK='TRUE';
      NO_DIR_CHECK='TRUE';
      ALLOW_CONNECT='TRUE';
    'GND_23':
      PIN_NUMBER='(0,0,0,0,0,0,0,0,G11,0)';
      PINUSE='GROUND';
      NO_LOAD_CHECK='Both';
      NO_IO_CHECK='Both';
      NO_ASSERT_CHECK='TRUE';
      NO_DIR_CHECK='TRUE';
      ALLOW_CONNECT='TRUE';
    'GND_24':
      PIN_NUMBER='(0,0,0,0,0,0,0,0,G17,0)';
      PINUSE='GROUND';
      NO_LOAD_CHECK='Both';
      NO_IO_CHECK='Both';
      NO_ASSERT_CHECK='TRUE';
      NO_DIR_CHECK='TRUE';
      ALLOW_CONNECT='TRUE';
    'GND_25':
      PIN_NUMBER='(0,0,0,0,0,0,0,0,G3,0)';
      PINUSE='GROUND';
      NO_LOAD_CHECK='Both';
      NO_IO_CHECK='Both';
      NO_ASSERT_CHECK='TRUE';
      NO_DIR_CHECK='TRUE';
      ALLOW_CONNECT='TRUE';
    'GND_26':
      PIN_NUMBER='(0,0,0,0,0,0,0,0,G5,0)';
      PINUSE='GROUND';
      NO_LOAD_CHECK='Both';
      NO_IO_CHECK='Both';
      NO_ASSERT_CHECK='TRUE';
      NO_DIR_CHECK='TRUE';
      ALLOW_CONNECT='TRUE';
    'GND_27':
      PIN_NUMBER='(0,0,0,0,0,0,0,0,G7,0)';
      PINUSE='GROUND';
      NO_LOAD_CHECK='Both';
      NO_IO_CHECK='Both';
      NO_ASSERT_CHECK='TRUE';
      NO_DIR_CHECK='TRUE';
      ALLOW_CONNECT='TRUE';
    'GND_28':
      PIN_NUMBER='(0,0,0,0,0,0,0,0,H12,0)';
      PINUSE='GROUND';
      NO_LOAD_CHECK='Both';
      NO_IO_CHECK='Both';
      NO_ASSERT_CHECK='TRUE';
      NO_DIR_CHECK='TRUE';
      ALLOW_CONNECT='TRUE';
    'GND_29':
      PIN_NUMBER='(0,0,0,0,0,0,0,0,H4,0)';
      PINUSE='GROUND';
      NO_LOAD_CHECK='Both';
      NO_IO_CHECK='Both';
      NO_ASSERT_CHECK='TRUE';
      NO_DIR_CHECK='TRUE';
      ALLOW_CONNECT='TRUE';
    'GND_30':
      PIN_NUMBER='(0,0,0,0,0,0,0,0,H6,0)';
      PINUSE='GROUND';
      NO_LOAD_CHECK='Both';
      NO_IO_CHECK='Both';
      NO_ASSERT_CHECK='TRUE';
      NO_DIR_CHECK='TRUE';
      ALLOW_CONNECT='TRUE';
    'GND_31':
      PIN_NUMBER='(0,0,0,0,0,0,0,0,H8,0)';
      PINUSE='GROUND';
      NO_LOAD_CHECK='Both';
      NO_IO_CHECK='Both';
      NO_ASSERT_CHECK='TRUE';
      NO_DIR_CHECK='TRUE';
      ALLOW_CONNECT='TRUE';
    'GND_32':
      PIN_NUMBER='(0,0,0,0,0,0,0,0,J11,0)';
      PINUSE='GROUND';
      NO_LOAD_CHECK='Both';
      NO_IO_CHECK='Both';
      NO_ASSERT_CHECK='TRUE';
      NO_DIR_CHECK='TRUE';
      ALLOW_CONNECT='TRUE';
    'GND_33':
      PIN_NUMBER='(0,0,0,0,0,0,0,0,J16,0)';
      PINUSE='GROUND';
      NO_LOAD_CHECK='Both';
      NO_IO_CHECK='Both';
      NO_ASSERT_CHECK='TRUE';
      NO_DIR_CHECK='TRUE';
      ALLOW_CONNECT='TRUE';
    'GND_34':
      PIN_NUMBER='(0,0,0,0,0,0,0,0,J2,0)';
      PINUSE='GROUND';
      NO_LOAD_CHECK='Both';
      NO_IO_CHECK='Both';
      NO_ASSERT_CHECK='TRUE';
      NO_DIR_CHECK='TRUE';
      ALLOW_CONNECT='TRUE';
    'GND_35':
      PIN_NUMBER='(0,0,0,0,0,0,0,0,J5,0)';
      PINUSE='GROUND';
      NO_LOAD_CHECK='Both';
      NO_IO_CHECK='Both';
      NO_ASSERT_CHECK='TRUE';
      NO_DIR_CHECK='TRUE';
      ALLOW_CONNECT='TRUE';
    'GND_36':
      PIN_NUMBER='(0,0,0,0,0,0,0,0,J7,0)';
      PINUSE='GROUND';
      NO_LOAD_CHECK='Both';
      NO_IO_CHECK='Both';
      NO_ASSERT_CHECK='TRUE';
      NO_DIR_CHECK='TRUE';
      ALLOW_CONNECT='TRUE';
    'GND_37':
      PIN_NUMBER='(0,0,0,0,0,0,0,0,K13,0)';
      PINUSE='GROUND';
      NO_LOAD_CHECK='Both';
      NO_IO_CHECK='Both';
      NO_ASSERT_CHECK='TRUE';
      NO_DIR_CHECK='TRUE';
      ALLOW_CONNECT='TRUE';
    'GND_38':
      PIN_NUMBER='(0,0,0,0,0,0,0,0,K2,0)';
      PINUSE='GROUND';
      NO_LOAD_CHECK='Both';
      NO_IO_CHECK='Both';
      NO_ASSERT_CHECK='TRUE';
      NO_DIR_CHECK='TRUE';
      ALLOW_CONNECT='TRUE';
    'GND_39':
      PIN_NUMBER='(0,0,0,0,0,0,0,0,K4,0)';
      PINUSE='GROUND';
      NO_LOAD_CHECK='Both';
      NO_IO_CHECK='Both';
      NO_ASSERT_CHECK='TRUE';
      NO_DIR_CHECK='TRUE';
      ALLOW_CONNECT='TRUE';
    'GND_40':
      PIN_NUMBER='(0,0,0,0,0,0,0,0,K6,0)';
      PINUSE='GROUND';
      NO_LOAD_CHECK='Both';
      NO_IO_CHECK='Both';
      NO_ASSERT_CHECK='TRUE';
      NO_DIR_CHECK='TRUE';
      ALLOW_CONNECT='TRUE';
    'GND_41':
      PIN_NUMBER='(0,0,0,0,0,0,0,0,K8,0)';
      PINUSE='GROUND';
      NO_LOAD_CHECK='Both';
      NO_IO_CHECK='Both';
      NO_ASSERT_CHECK='TRUE';
      NO_DIR_CHECK='TRUE';
      ALLOW_CONNECT='TRUE';
    'GND_42':
      PIN_NUMBER='(0,0,0,0,0,0,0,0,L11,0)';
      PINUSE='GROUND';
      NO_LOAD_CHECK='Both';
      NO_IO_CHECK='Both';
      NO_ASSERT_CHECK='TRUE';
      NO_DIR_CHECK='TRUE';
      ALLOW_CONNECT='TRUE';
    'GND_43':
      PIN_NUMBER='(0,0,0,0,0,0,0,0,L3,0)';
      PINUSE='GROUND';
      NO_LOAD_CHECK='Both';
      NO_IO_CHECK='Both';
      NO_ASSERT_CHECK='TRUE';
      NO_DIR_CHECK='TRUE';
      ALLOW_CONNECT='TRUE';
    'GND_44':
      PIN_NUMBER='(0,0,0,0,0,0,0,0,L5,0)';
      PINUSE='GROUND';
      NO_LOAD_CHECK='Both';
      NO_IO_CHECK='Both';
      NO_ASSERT_CHECK='TRUE';
      NO_DIR_CHECK='TRUE';
      ALLOW_CONNECT='TRUE';
    'GND_45':
      PIN_NUMBER='(0,0,0,0,0,0,0,0,L7,0)';
      PINUSE='GROUND';
      NO_LOAD_CHECK='Both';
      NO_IO_CHECK='Both';
      NO_ASSERT_CHECK='TRUE';
      NO_DIR_CHECK='TRUE';
      ALLOW_CONNECT='TRUE';
    'GND_46':
      PIN_NUMBER='(0,0,0,0,0,0,0,0,M1,0)';
      PINUSE='GROUND';
      NO_LOAD_CHECK='Both';
      NO_IO_CHECK='Both';
      NO_ASSERT_CHECK='TRUE';
      NO_DIR_CHECK='TRUE';
      ALLOW_CONNECT='TRUE';
    'GND_47':
      PIN_NUMBER='(0,0,0,0,0,0,0,0,M12,0)';
      PINUSE='GROUND';
      NO_LOAD_CHECK='Both';
      NO_IO_CHECK='Both';
      NO_ASSERT_CHECK='TRUE';
      NO_DIR_CHECK='TRUE';
      ALLOW_CONNECT='TRUE';
    'GND_48':
      PIN_NUMBER='(0,0,0,0,0,0,0,0,M17,0)';
      PINUSE='GROUND';
      NO_LOAD_CHECK='Both';
      NO_IO_CHECK='Both';
      NO_ASSERT_CHECK='TRUE';
      NO_DIR_CHECK='TRUE';
      ALLOW_CONNECT='TRUE';
    'GND_49':
      PIN_NUMBER='(0,0,0,0,0,0,0,0,M4,0)';
      PINUSE='GROUND';
      NO_LOAD_CHECK='Both';
      NO_IO_CHECK='Both';
      NO_ASSERT_CHECK='TRUE';
      NO_DIR_CHECK='TRUE';
      ALLOW_CONNECT='TRUE';
    'GND_50':
      PIN_NUMBER='(0,0,0,0,0,0,0,0,N14,0)';
      PINUSE='GROUND';
      NO_LOAD_CHECK='Both';
      NO_IO_CHECK='Both';
      NO_ASSERT_CHECK='TRUE';
      NO_DIR_CHECK='TRUE';
      ALLOW_CONNECT='TRUE';
    'GND_51':
      PIN_NUMBER='(0,0,0,0,0,0,0,0,N2,0)';
      PINUSE='GROUND';
      NO_LOAD_CHECK='Both';
      NO_IO_CHECK='Both';
      NO_ASSERT_CHECK='TRUE';
      NO_DIR_CHECK='TRUE';
      ALLOW_CONNECT='TRUE';
    'GND_52':
      PIN_NUMBER='(0,0,0,0,0,0,0,0,N9,0)';
      PINUSE='GROUND';
      NO_LOAD_CHECK='Both';
      NO_IO_CHECK='Both';
      NO_ASSERT_CHECK='TRUE';
      NO_DIR_CHECK='TRUE';
      ALLOW_CONNECT='TRUE';
    'GND_53':
      PIN_NUMBER='(0,0,0,0,0,0,0,0,P1,0)';
      PINUSE='GROUND';
      NO_LOAD_CHECK='Both';
      NO_IO_CHECK='Both';
      NO_ASSERT_CHECK='TRUE';
      NO_DIR_CHECK='TRUE';
      ALLOW_CONNECT='TRUE';
    'GND_54':
      PIN_NUMBER='(0,0,0,0,0,0,0,0,P6,0)';
      PINUSE='GROUND';
      NO_LOAD_CHECK='Both';
      NO_IO_CHECK='Both';
      NO_ASSERT_CHECK='TRUE';
      NO_DIR_CHECK='TRUE';
      ALLOW_CONNECT='TRUE';
    'GND_55':
      PIN_NUMBER='(0,0,0,0,0,0,0,0,R18,0)';
      PINUSE='GROUND';
      NO_LOAD_CHECK='Both';
      NO_IO_CHECK='Both';
      NO_ASSERT_CHECK='TRUE';
      NO_DIR_CHECK='TRUE';
      ALLOW_CONNECT='TRUE';
    'GND_56':
      PIN_NUMBER='(0,0,0,0,0,0,0,0,T10,0)';
      PINUSE='GROUND';
      NO_LOAD_CHECK='Both';
      NO_IO_CHECK='Both';
      NO_ASSERT_CHECK='TRUE';
      NO_DIR_CHECK='TRUE';
      ALLOW_CONNECT='TRUE';
    'GND_57':
      PIN_NUMBER='(0,0,0,0,0,0,0,0,T15,0)';
      PINUSE='GROUND';
      NO_LOAD_CHECK='Both';
      NO_IO_CHECK='Both';
      NO_ASSERT_CHECK='TRUE';
      NO_DIR_CHECK='TRUE';
      ALLOW_CONNECT='TRUE';
    'GND_58':
      PIN_NUMBER='(0,0,0,0,0,0,0,0,U12,0)';
      PINUSE='GROUND';
      NO_LOAD_CHECK='Both';
      NO_IO_CHECK='Both';
      NO_ASSERT_CHECK='TRUE';
      NO_DIR_CHECK='TRUE';
      ALLOW_CONNECT='TRUE';
    'GND_59':
      PIN_NUMBER='(0,0,0,0,0,0,0,0,U7,0)';
      PINUSE='GROUND';
      NO_LOAD_CHECK='Both';
      NO_IO_CHECK='Both';
      NO_ASSERT_CHECK='TRUE';
      NO_DIR_CHECK='TRUE';
      ALLOW_CONNECT='TRUE';
    'GND_60':
      PIN_NUMBER='(0,0,0,0,0,0,0,0,V4,0)';
      PINUSE='GROUND';
      NO_LOAD_CHECK='Both';
      NO_IO_CHECK='Both';
      NO_ASSERT_CHECK='TRUE';
      NO_DIR_CHECK='TRUE';
      ALLOW_CONNECT='TRUE';
    'VCCAUX_1':
      PIN_NUMBER='(0,0,0,0,0,0,0,0,0,G12)';
      PINUSE='POWER';
      NO_LOAD_CHECK='Both';
      NO_IO_CHECK='Both';
      NO_ASSERT_CHECK='TRUE';
      NO_DIR_CHECK='TRUE';
      ALLOW_CONNECT='TRUE';
    'VCCAUX_2':
      PIN_NUMBER='(0,0,0,0,0,0,0,0,0,J13)';
      PINUSE='POWER';
      NO_LOAD_CHECK='Both';
      NO_IO_CHECK='Both';
      NO_ASSERT_CHECK='TRUE';
      NO_DIR_CHECK='TRUE';
      ALLOW_CONNECT='TRUE';
    'VCCAUX_3':
      PIN_NUMBER='(0,0,0,0,0,0,0,0,0,K7)';
      PINUSE='POWER';
      NO_LOAD_CHECK='Both';
      NO_IO_CHECK='Both';
      NO_ASSERT_CHECK='TRUE';
      NO_DIR_CHECK='TRUE';
      ALLOW_CONNECT='TRUE';
    'VCCAUX_4':
      PIN_NUMBER='(0,0,0,0,0,0,0,0,0,L6)';
      PINUSE='POWER';
      NO_LOAD_CHECK='Both';
      NO_IO_CHECK='Both';
      NO_ASSERT_CHECK='TRUE';
      NO_DIR_CHECK='TRUE';
      ALLOW_CONNECT='TRUE';
    'VCCAUX_5':
      PIN_NUMBER='(0,0,0,0,0,0,0,0,0,L8)';
      PINUSE='POWER';
      NO_LOAD_CHECK='Both';
      NO_IO_CHECK='Both';
      NO_ASSERT_CHECK='TRUE';
      NO_DIR_CHECK='TRUE';
      ALLOW_CONNECT='TRUE';
    'VCCINT_1':
      PIN_NUMBER='(0,0,0,0,0,0,0,0,0,G8)';
      PINUSE='POWER';
      NO_LOAD_CHECK='Both';
      NO_IO_CHECK='Both';
      NO_ASSERT_CHECK='TRUE';
      NO_DIR_CHECK='TRUE';
      ALLOW_CONNECT='TRUE';
    'VCCINT_2':
      PIN_NUMBER='(0,0,0,0,0,0,0,0,0,H11)';
      PINUSE='POWER';
      NO_LOAD_CHECK='Both';
      NO_IO_CHECK='Both';
      NO_ASSERT_CHECK='TRUE';
      NO_DIR_CHECK='TRUE';
      ALLOW_CONNECT='TRUE';
    'VCCINT_3':
      PIN_NUMBER='(0,0,0,0,0,0,0,0,0,H7)';
      PINUSE='POWER';
      NO_LOAD_CHECK='Both';
      NO_IO_CHECK='Both';
      NO_ASSERT_CHECK='TRUE';
      NO_DIR_CHECK='TRUE';
      ALLOW_CONNECT='TRUE';
    'VCCINT_4':
      PIN_NUMBER='(0,0,0,0,0,0,0,0,0,J12)';
      PINUSE='POWER';
      NO_LOAD_CHECK='Both';
      NO_IO_CHECK='Both';
      NO_ASSERT_CHECK='TRUE';
      NO_DIR_CHECK='TRUE';
      ALLOW_CONNECT='TRUE';
    'VCCINT_5':
      PIN_NUMBER='(0,0,0,0,0,0,0,0,0,J6)';
      PINUSE='POWER';
      NO_LOAD_CHECK='Both';
      NO_IO_CHECK='Both';
      NO_ASSERT_CHECK='TRUE';
      NO_DIR_CHECK='TRUE';
      ALLOW_CONNECT='TRUE';
    'VCCINT_6':
      PIN_NUMBER='(0,0,0,0,0,0,0,0,0,J8)';
      PINUSE='POWER';
      NO_LOAD_CHECK='Both';
      NO_IO_CHECK='Both';
      NO_ASSERT_CHECK='TRUE';
      NO_DIR_CHECK='TRUE';
      ALLOW_CONNECT='TRUE';
    'VCCINT_7':
      PIN_NUMBER='(0,0,0,0,0,0,0,0,0,K11)';
      PINUSE='POWER';
      NO_LOAD_CHECK='Both';
      NO_IO_CHECK='Both';
      NO_ASSERT_CHECK='TRUE';
      NO_DIR_CHECK='TRUE';
      ALLOW_CONNECT='TRUE';
    'VCCO_0_1':
      PIN_NUMBER='(0,0,0,0,0,0,0,0,0,K5)';
      PINUSE='POWER';
      NO_LOAD_CHECK='Both';
      NO_IO_CHECK='Both';
      NO_ASSERT_CHECK='TRUE';
      NO_DIR_CHECK='TRUE';
      ALLOW_CONNECT='TRUE';
    'VCCO_0_2':
      PIN_NUMBER='(0,0,0,0,0,0,0,0,0,N4)';
      PINUSE='POWER';
      NO_LOAD_CHECK='Both';
      NO_IO_CHECK='Both';
      NO_ASSERT_CHECK='TRUE';
      NO_DIR_CHECK='TRUE';
      ALLOW_CONNECT='TRUE';
    'VCCO_1_1':
      PIN_NUMBER='(0,0,0,0,0,0,0,0,0,A10)';
      PINUSE='POWER';
      NO_LOAD_CHECK='Both';
      NO_IO_CHECK='Both';
      NO_ASSERT_CHECK='TRUE';
      NO_DIR_CHECK='TRUE';
      ALLOW_CONNECT='TRUE';
    'VCCO_1_2':
      PIN_NUMBER='(0,0,0,0,0,0,0,0,0,B7)';
      PINUSE='POWER';
      NO_LOAD_CHECK='Both';
      NO_IO_CHECK='Both';
      NO_ASSERT_CHECK='TRUE';
      NO_DIR_CHECK='TRUE';
      ALLOW_CONNECT='TRUE';
    'VCCO_1_3':
      PIN_NUMBER='(0,0,0,0,0,0,0,0,0,E8)';
      PINUSE='POWER';
      NO_LOAD_CHECK='Both';
      NO_IO_CHECK='Both';
      NO_ASSERT_CHECK='TRUE';
      NO_DIR_CHECK='TRUE';
      ALLOW_CONNECT='TRUE';
    'VCCO_2_1':
      PIN_NUMBER='(0,0,0,0,0,0,0,0,0,R3)';
      PINUSE='POWER';
      NO_LOAD_CHECK='Both';
      NO_IO_CHECK='Both';
      NO_ASSERT_CHECK='TRUE';
      NO_DIR_CHECK='TRUE';
      ALLOW_CONNECT='TRUE';
    'VCCO_2_2':
      PIN_NUMBER='(0,0,0,0,0,0,0,0,0,T5)';
      PINUSE='POWER';
      NO_LOAD_CHECK='Both';
      NO_IO_CHECK='Both';
      NO_ASSERT_CHECK='TRUE';
      NO_DIR_CHECK='TRUE';
      ALLOW_CONNECT='TRUE';
    'VCCO_2_3':
      PIN_NUMBER='(0,0,0,0,0,0,0,0,0,U2)';
      PINUSE='POWER';
      NO_LOAD_CHECK='Both';
      NO_IO_CHECK='Both';
      NO_ASSERT_CHECK='TRUE';
      NO_DIR_CHECK='TRUE';
      ALLOW_CONNECT='TRUE';
    'VCCO_4_1':
      PIN_NUMBER='(0,0,0,0,0,0,0,0,0,R8)';
      PINUSE='POWER';
      NO_LOAD_CHECK='Both';
      NO_IO_CHECK='Both';
      NO_ASSERT_CHECK='TRUE';
      NO_DIR_CHECK='TRUE';
      ALLOW_CONNECT='TRUE';
    'VCCO_4_2':
      PIN_NUMBER='(0,0,0,0,0,0,0,0,0,V9)';
      PINUSE='POWER';
      NO_LOAD_CHECK='Both';
      NO_IO_CHECK='Both';
      NO_ASSERT_CHECK='TRUE';
      NO_DIR_CHECK='TRUE';
      ALLOW_CONNECT='TRUE';
    'VCCO_4_3':
      PIN_NUMBER='(0,0,0,0,0,0,0,0,0,M7)';
      PINUSE='POWER';
      NO_LOAD_CHECK='Both';
      NO_IO_CHECK='Both';
      NO_ASSERT_CHECK='TRUE';
      NO_DIR_CHECK='TRUE';
      ALLOW_CONNECT='TRUE';
    'VCCO_11_1':
      PIN_NUMBER='(0,0,0,0,0,0,0,0,0,A15)';
      PINUSE='POWER';
      NO_LOAD_CHECK='Both';
      NO_IO_CHECK='Both';
      NO_ASSERT_CHECK='TRUE';
      NO_DIR_CHECK='TRUE';
      ALLOW_CONNECT='TRUE';
    'VCCO_11_2':
      PIN_NUMBER='(0,0,0,0,0,0,0,0,0,B12)';
      PINUSE='POWER';
      NO_LOAD_CHECK='Both';
      NO_IO_CHECK='Both';
      NO_ASSERT_CHECK='TRUE';
      NO_DIR_CHECK='TRUE';
      ALLOW_CONNECT='TRUE';
    'VCCO_11_3':
      PIN_NUMBER='(0,0,0,0,0,0,0,0,0,D16)';
      PINUSE='POWER';
      NO_LOAD_CHECK='Both';
      NO_IO_CHECK='Both';
      NO_ASSERT_CHECK='TRUE';
      NO_DIR_CHECK='TRUE';
      ALLOW_CONNECT='TRUE';
    'VCCO_11_4':
      PIN_NUMBER='(0,0,0,0,0,0,0,0,0,E13)';
      PINUSE='POWER';
      NO_LOAD_CHECK='Both';
      NO_IO_CHECK='Both';
      NO_ASSERT_CHECK='TRUE';
      NO_DIR_CHECK='TRUE';
      ALLOW_CONNECT='TRUE';
    'VCCO_13_1':
      PIN_NUMBER='(0,0,0,0,0,0,0,0,0,H14)';
      PINUSE='POWER';
      NO_LOAD_CHECK='Both';
      NO_IO_CHECK='Both';
      NO_ASSERT_CHECK='TRUE';
      NO_DIR_CHECK='TRUE';
      ALLOW_CONNECT='TRUE';
    'VCCO_13_2':
      PIN_NUMBER='(0,0,0,0,0,0,0,0,0,K18)';
      PINUSE='POWER';
      NO_LOAD_CHECK='Both';
      NO_IO_CHECK='Both';
      NO_ASSERT_CHECK='TRUE';
      NO_DIR_CHECK='TRUE';
      ALLOW_CONNECT='TRUE';
    'VCCO_13_3':
      PIN_NUMBER='(0,0,0,0,0,0,0,0,0,L15)';
      PINUSE='POWER';
      NO_LOAD_CHECK='Both';
      NO_IO_CHECK='Both';
      NO_ASSERT_CHECK='TRUE';
      NO_DIR_CHECK='TRUE';
      ALLOW_CONNECT='TRUE';
    'VCCO_13_4':
      PIN_NUMBER='(0,0,0,0,0,0,0,0,0,P16)';
      PINUSE='POWER';
      NO_LOAD_CHECK='Both';
      NO_IO_CHECK='Both';
      NO_ASSERT_CHECK='TRUE';
      NO_DIR_CHECK='TRUE';
      ALLOW_CONNECT='TRUE';
    'VCCO_17_1':
      PIN_NUMBER='(0,0,0,0,0,0,0,0,0,P11)';
      PINUSE='POWER';
      NO_LOAD_CHECK='Both';
      NO_IO_CHECK='Both';
      NO_ASSERT_CHECK='TRUE';
      NO_DIR_CHECK='TRUE';
      ALLOW_CONNECT='TRUE';
    'VCCO_17_2':
      PIN_NUMBER='(0,0,0,0,0,0,0,0,0,R13)';
      PINUSE='POWER';
      NO_LOAD_CHECK='Both';
      NO_IO_CHECK='Both';
      NO_ASSERT_CHECK='TRUE';
      NO_DIR_CHECK='TRUE';
      ALLOW_CONNECT='TRUE';
    'VCCO_17_3':
      PIN_NUMBER='(0,0,0,0,0,0,0,0,0,U17)';
      PINUSE='POWER';
      NO_LOAD_CHECK='Both';
      NO_IO_CHECK='Both';
      NO_ASSERT_CHECK='TRUE';
      NO_DIR_CHECK='TRUE';
      ALLOW_CONNECT='TRUE';
    'VCCO_17_4':
      PIN_NUMBER='(0,0,0,0,0,0,0,0,0,V14)';
      PINUSE='POWER';
      NO_LOAD_CHECK='Both';
      NO_IO_CHECK='Both';
      NO_ASSERT_CHECK='TRUE';
      NO_DIR_CHECK='TRUE';
      ALLOW_CONNECT='TRUE';
    'MGTAVCC_112':
      PIN_NUMBER='(0,0,0,0,0,0,0,0,0,D3)';
      PINUSE='POWER';
      NO_LOAD_CHECK='Both';
      NO_IO_CHECK='Both';
      NO_ASSERT_CHECK='TRUE';
      NO_DIR_CHECK='TRUE';
      ALLOW_CONNECT='TRUE';
    'MGTAVCC_114':
      PIN_NUMBER='(0,0,0,0,0,0,0,0,0,K3)';
      PINUSE='POWER';
      NO_LOAD_CHECK='Both';
      NO_IO_CHECK='Both';
      NO_ASSERT_CHECK='TRUE';
      NO_DIR_CHECK='TRUE';
      ALLOW_CONNECT='TRUE';
  end_pin;
  body
    PART_NAME='XC5VLX20T_2FFG323I';
    BODY_NAME='XC5VLX20T_2FFG323I';
    PHYS_DES_PREFIX='U';
    CLASS='IC';
  end_body;
end_primitive;

END.
