FILE_TYPE=LIBRARY_PARTS;
primitive 'TMS320C6727GDH300';
  pin
    'EM_A0':
      PIN_NUMBER='(J16,0,0,0,0)';
      OUTPUT_LOAD='(1.0,-1.0)';
    'EM_D2':
      PIN_NUMBER='(R7,0,0,0,0)';
      BIDIRECTIONAL='TRUE';
      INPUT_LOAD='(-0.01,0.01)';
      OUTPUT_LOAD='(1.0,-1.0)';
    'EM_D1':
      PIN_NUMBER='(R8,0,0,0,0)';
      BIDIRECTIONAL='TRUE';
      INPUT_LOAD='(-0.01,0.01)';
      OUTPUT_LOAD='(1.0,-1.0)';
    'EM_D0':
      PIN_NUMBER='(T8,0,0,0,0)';
      BIDIRECTIONAL='TRUE';
      INPUT_LOAD='(-0.01,0.01)';
      OUTPUT_LOAD='(1.0,-1.0)';
    'EM_CS2#':
      PIN_NUMBER='(E15,0,0,0,0)';
      OUTPUT_LOAD='(1.0,-1.0)';
    'EM_D23/UHPI_HA7':
      PIN_NUMBER='(R2,0,0,0,0)';
      BIDIRECTIONAL='TRUE';
      INPUT_LOAD='(-0.01,0.01)';
      OUTPUT_LOAD='(1.0,-1.0)';
    'EM_D15':
      PIN_NUMBER='(R9,0,0,0,0)';
      BIDIRECTIONAL='TRUE';
      INPUT_LOAD='(-0.01,0.01)';
      OUTPUT_LOAD='(1.0,-1.0)';
    'EM_WE#_DQM3':
      PIN_NUMBER='(R15,0,0,0,0)';
      OUTPUT_LOAD='(1.0,-1.0)';
    'EM_D14':
      PIN_NUMBER='(T9,0,0,0,0)';
      BIDIRECTIONAL='TRUE';
      INPUT_LOAD='(-0.01,0.01)';
      OUTPUT_LOAD='(1.0,-1.0)';
    'EM_WE#_DQM2':
      PIN_NUMBER='(P13,0,0,0,0)';
      OUTPUT_LOAD='(1.0,-1.0)';
    'EM_D13':
      PIN_NUMBER='(R10,0,0,0,0)';
      BIDIRECTIONAL='TRUE';
      INPUT_LOAD='(-0.01,0.01)';
      OUTPUT_LOAD='(1.0,-1.0)';
    'EM_WE#_DQM1':
      PIN_NUMBER='(T13,0,0,0,0)';
      OUTPUT_LOAD='(1.0,-1.0)';
    'EM_D12':
      PIN_NUMBER='(R11,0,0,0,0)';
      BIDIRECTIONAL='TRUE';
      INPUT_LOAD='(-0.01,0.01)';
      OUTPUT_LOAD='(1.0,-1.0)';
    'EM_WE#_DQM0':
      PIN_NUMBER='(R4,0,0,0,0)';
      OUTPUT_LOAD='(1.0,-1.0)';
    'EM_D11':
      PIN_NUMBER='(T11,0,0,0,0)';
      BIDIRECTIONAL='TRUE';
      INPUT_LOAD='(-0.01,0.01)';
      OUTPUT_LOAD='(1.0,-1.0)';
    'EM_BA1':
      PIN_NUMBER='(H16,0,0,0,0)';
      OUTPUT_LOAD='(1.0,-1.0)';
    'EM_D10':
      PIN_NUMBER='(R12,0,0,0,0)';
      BIDIRECTIONAL='TRUE';
      INPUT_LOAD='(-0.01,0.01)';
      OUTPUT_LOAD='(1.0,-1.0)';
    'EM_D29/UHPI_HA13':
      PIN_NUMBER='(N9,0,0,0,0)';
      BIDIRECTIONAL='TRUE';
      INPUT_LOAD='(-0.01,0.01)';
      OUTPUT_LOAD='(1.0,-1.0)';
    'EM_BA0':
      PIN_NUMBER='(G15,0,0,0,0)';
      OUTPUT_LOAD='(1.0,-1.0)';
    'EM_CLK':
      PIN_NUMBER='(R14,0,0,0,0)';
      OUTPUT_LOAD='(1.0,-1.0)';
    'EM_D31/UHPI_HA15':
      PIN_NUMBER='(P7,0,0,0,0)';
      BIDIRECTIONAL='TRUE';
      INPUT_LOAD='(-0.01,0.01)';
      OUTPUT_LOAD='(1.0,-1.0)';
    'EM_RW#':
      PIN_NUMBER='(E16,0,0,0,0)';
      OUTPUT_LOAD='(1.0,-1.0)';
    'EM_D24/UHPI_HA8':
      PIN_NUMBER='(P11,0,0,0,0)';
      BIDIRECTIONAL='TRUE';
      INPUT_LOAD='(-0.01,0.01)';
      OUTPUT_LOAD='(1.0,-1.0)';
    'EM_D16/UHPI_HA0':
      PIN_NUMBER='(N7,0,0,0,0)';
      BIDIRECTIONAL='TRUE';
      INPUT_LOAD='(-0.01,0.01)';
      OUTPUT_LOAD='(1.0,-1.0)';
    'EM_D27/UHPI_HA11':
      PIN_NUMBER='(N10,0,0,0,0)';
      BIDIRECTIONAL='TRUE';
      INPUT_LOAD='(-0.01,0.01)';
      OUTPUT_LOAD='(1.0,-1.0)';
    'EM_CAS#':
      PIN_NUMBER='(R3,0,0,0,0)';
      OUTPUT_LOAD='(1.0,-1.0)';
    'EM_WAIT':
      PIN_NUMBER='(D14,0,0,0,0)';
      INPUT_LOAD='(-0.01,0.01)';
    'EM_OE#':
      PIN_NUMBER='(D15,0,0,0,0)';
      OUTPUT_LOAD='(1.0,-1.0)';
    'EM_D20/UHPI_HA4':
      PIN_NUMBER='(P4,0,0,0,0)';
      BIDIRECTIONAL='TRUE';
      INPUT_LOAD='(-0.01,0.01)';
      OUTPUT_LOAD='(1.0,-1.0)';
    'EM_D25/UHPI_HA9':
      PIN_NUMBER='(N11,0,0,0,0)';
      BIDIRECTIONAL='TRUE';
      INPUT_LOAD='(-0.01,0.01)';
      OUTPUT_LOAD='(1.0,-1.0)';
    'EM_A12':
      PIN_NUMBER='(P12,0,0,0,0)';
      OUTPUT_LOAD='(1.0,-1.0)';
    'EM_WE#':
      PIN_NUMBER='(T3,0,0,0,0)';
      OUTPUT_LOAD='(1.0,-1.0)';
    'EM_A11':
      PIN_NUMBER='(P15,0,0,0,0)';
      OUTPUT_LOAD='(1.0,-1.0)';
    'EM_A10':
      PIN_NUMBER='(H15,0,0,0,0)';
      OUTPUT_LOAD='(1.0,-1.0)';
    'EM_D17/UHPI_HA1':
      PIN_NUMBER='(P6,0,0,0,0)';
      BIDIRECTIONAL='TRUE';
      INPUT_LOAD='(-0.01,0.01)';
      OUTPUT_LOAD='(1.0,-1.0)';
    'EM_RAS#':
      PIN_NUMBER='(F16,0,0,0,0)';
      OUTPUT_LOAD='(1.0,-1.0)';
    'EM_CKE':
      PIN_NUMBER='(T14,0,0,0,0)';
      OUTPUT_LOAD='(1.0,-1.0)';
    'EM_D21/UHPI_HA5':
      PIN_NUMBER='(P3,0,0,0,0)';
      BIDIRECTIONAL='TRUE';
      INPUT_LOAD='(-0.01,0.01)';
      OUTPUT_LOAD='(1.0,-1.0)';
    'EM_CS0#':
      PIN_NUMBER='(F15,0,0,0,0)';
      OUTPUT_LOAD='(1.0,-1.0)';
    'EM_D18/UHPI_HA2':
      PIN_NUMBER='(N6,0,0,0,0)';
      BIDIRECTIONAL='TRUE';
      INPUT_LOAD='(-0.01,0.01)';
      OUTPUT_LOAD='(1.0,-1.0)';
    'EM_D28/UHPI_HA12':
      PIN_NUMBER='(P9,0,0,0,0)';
      BIDIRECTIONAL='TRUE';
      INPUT_LOAD='(-0.01,0.01)';
      OUTPUT_LOAD='(1.0,-1.0)';
    'EM_D30/UHPI_HA14':
      PIN_NUMBER='(N8,0,0,0,0)';
      BIDIRECTIONAL='TRUE';
      INPUT_LOAD='(-0.01,0.01)';
      OUTPUT_LOAD='(1.0,-1.0)';
    'EM_D22/UHPI_HA6':
      PIN_NUMBER='(N4,0,0,0,0)';
      BIDIRECTIONAL='TRUE';
      INPUT_LOAD='(-0.01,0.01)';
      OUTPUT_LOAD='(1.0,-1.0)';
    'EM_D26/UHPI_HA10':
      PIN_NUMBER='(P10,0,0,0,0)';
      BIDIRECTIONAL='TRUE';
      INPUT_LOAD='(-0.01,0.01)';
      OUTPUT_LOAD='(1.0,-1.0)';
    'EM_D19/UHPI_HA3':
      PIN_NUMBER='(P5,0,0,0,0)';
      BIDIRECTIONAL='TRUE';
      INPUT_LOAD='(-0.01,0.01)';
      OUTPUT_LOAD='(1.0,-1.0)';
    'EM_A9':
      PIN_NUMBER='(P16,0,0,0,0)';
      OUTPUT_LOAD='(1.0,-1.0)';
    'EM_A8':
      PIN_NUMBER='(N15,0,0,0,0)';
      OUTPUT_LOAD='(1.0,-1.0)';
    'EM_A7':
      PIN_NUMBER='(N16,0,0,0,0)';
      OUTPUT_LOAD='(1.0,-1.0)';
    'EM_D9':
      PIN_NUMBER='(T12,0,0,0,0)';
      BIDIRECTIONAL='TRUE';
      INPUT_LOAD='(-0.01,0.01)';
      OUTPUT_LOAD='(1.0,-1.0)';
    'EM_A6':
      PIN_NUMBER='(M15,0,0,0,0)';
      OUTPUT_LOAD='(1.0,-1.0)';
    'EM_D8':
      PIN_NUMBER='(R13,0,0,0,0)';
      BIDIRECTIONAL='TRUE';
      INPUT_LOAD='(-0.01,0.01)';
      OUTPUT_LOAD='(1.0,-1.0)';
    'EM_A5':
      PIN_NUMBER='(M16,0,0,0,0)';
      OUTPUT_LOAD='(1.0,-1.0)';
    'EM_D7':
      PIN_NUMBER='(T4,0,0,0,0)';
      BIDIRECTIONAL='TRUE';
      INPUT_LOAD='(-0.01,0.01)';
      OUTPUT_LOAD='(1.0,-1.0)';
    'EM_A4':
      PIN_NUMBER='(L15,0,0,0,0)';
      OUTPUT_LOAD='(1.0,-1.0)';
    'EM_D6':
      PIN_NUMBER='(R5,0,0,0,0)';
      BIDIRECTIONAL='TRUE';
      INPUT_LOAD='(-0.01,0.01)';
      OUTPUT_LOAD='(1.0,-1.0)';
    'EM_A3':
      PIN_NUMBER='(L16,0,0,0,0)';
      OUTPUT_LOAD='(1.0,-1.0)';
    'EM_D5':
      PIN_NUMBER='(T5,0,0,0,0)';
      BIDIRECTIONAL='TRUE';
      INPUT_LOAD='(-0.01,0.01)';
      OUTPUT_LOAD='(1.0,-1.0)';
    'EM_A2':
      PIN_NUMBER='(K15,0,0,0,0)';
      OUTPUT_LOAD='(1.0,-1.0)';
    'EM_D4':
      PIN_NUMBER='(R6,0,0,0,0)';
      BIDIRECTIONAL='TRUE';
      INPUT_LOAD='(-0.01,0.01)';
      OUTPUT_LOAD='(1.0,-1.0)';
    'EM_A1':
      PIN_NUMBER='(J15,0,0,0,0)';
      OUTPUT_LOAD='(1.0,-1.0)';
    'EM_D3':
      PIN_NUMBER='(T6,0,0,0,0)';
      BIDIRECTIONAL='TRUE';
      INPUT_LOAD='(-0.01,0.01)';
      OUTPUT_LOAD='(1.0,-1.0)';
    'UHPI_HD8':
      PIN_NUMBER='(0,E14,0,0,0)';
      BIDIRECTIONAL='TRUE';
      INPUT_LOAD='(-0.01,0.01)';
      OUTPUT_LOAD='(1.0,-1.0)';
    'UHPI_HD7':
      PIN_NUMBER='(0,P14,0,0,0)';
      BIDIRECTIONAL='TRUE';
      INPUT_LOAD='(-0.01,0.01)';
      OUTPUT_LOAD='(1.0,-1.0)';
    'UHPI_HD6':
      PIN_NUMBER='(0,N14,0,0,0)';
      BIDIRECTIONAL='TRUE';
      INPUT_LOAD='(-0.01,0.01)';
      OUTPUT_LOAD='(1.0,-1.0)';
    'UHPI_HD5':
      PIN_NUMBER='(0,N13,0,0,0)';
      BIDIRECTIONAL='TRUE';
      INPUT_LOAD='(-0.01,0.01)';
      OUTPUT_LOAD='(1.0,-1.0)';
    'UHPI_HD4':
      PIN_NUMBER='(0,L14,0,0,0)';
      BIDIRECTIONAL='TRUE';
      INPUT_LOAD='(-0.01,0.01)';
      OUTPUT_LOAD='(1.0,-1.0)';
    'UHPI_HD3':
      PIN_NUMBER='(0,L13,0,0,0)';
      BIDIRECTIONAL='TRUE';
      INPUT_LOAD='(-0.01,0.01)';
      OUTPUT_LOAD='(1.0,-1.0)';
    'UHPI_HD2':
      PIN_NUMBER='(0,M14,0,0,0)';
      BIDIRECTIONAL='TRUE';
      INPUT_LOAD='(-0.01,0.01)';
      OUTPUT_LOAD='(1.0,-1.0)';
    'UHPI_HD1':
      PIN_NUMBER='(0,K14,0,0,0)';
      BIDIRECTIONAL='TRUE';
      INPUT_LOAD='(-0.01,0.01)';
      OUTPUT_LOAD='(1.0,-1.0)';
    'UHPI_HD0':
      PIN_NUMBER='(0,K13,0,0,0)';
      BIDIRECTIONAL='TRUE';
      INPUT_LOAD='(-0.01,0.01)';
      OUTPUT_LOAD='(1.0,-1.0)';
    'UHPI_HBE0#':
      PIN_NUMBER='(0,C6,0,0,0)';
      INPUT_LOAD='(-0.01,0.01)';
    'UHPI_HBE3#':
      PIN_NUMBER='(0,B2,0,0,0)';
      INPUT_LOAD='(-0.01,0.01)';
    'UHPI_HAS#':
      PIN_NUMBER='(0,C9,0,0,0)';
      INPUT_LOAD='(-0.01,0.01)';
    'UHPI_HD31':
      PIN_NUMBER='(0,H4,0,0,0)';
      BIDIRECTIONAL='TRUE';
      INPUT_LOAD='(-0.01,0.01)';
      OUTPUT_LOAD='(1.0,-1.0)';
    'UHPI_HD30':
      PIN_NUMBER='(0,L2,0,0,0)';
      BIDIRECTIONAL='TRUE';
      INPUT_LOAD='(-0.01,0.01)';
      OUTPUT_LOAD='(1.0,-1.0)';
    'UHPI_HRDY#':
      PIN_NUMBER='(0,D6,0,0,0)';
      OUTPUT_LOAD='(1.0,-1.0)';
    'UHPI_HBE2#':
      PIN_NUMBER='(0,C4,0,0,0)';
      INPUT_LOAD='(-0.01,0.01)';
    'UHPI_HD29':
      PIN_NUMBER='(0,L4,0,0,0)';
      BIDIRECTIONAL='TRUE';
      INPUT_LOAD='(-0.01,0.01)';
      OUTPUT_LOAD='(1.0,-1.0)';
    'UHPI_HD28':
      PIN_NUMBER='(0,L3,0,0,0)';
      BIDIRECTIONAL='TRUE';
      INPUT_LOAD='(-0.01,0.01)';
      OUTPUT_LOAD='(1.0,-1.0)';
    'UHPI_HD27':
      PIN_NUMBER='(0,M3,0,0,0)';
      BIDIRECTIONAL='TRUE';
      INPUT_LOAD='(-0.01,0.01)';
      OUTPUT_LOAD='(1.0,-1.0)';
    'UHPI_HD26':
      PIN_NUMBER='(0,N3,0,0,0)';
      BIDIRECTIONAL='TRUE';
      INPUT_LOAD='(-0.01,0.01)';
      OUTPUT_LOAD='(1.0,-1.0)';
    'UHPI_HD25':
      PIN_NUMBER='(0,N2,0,0,0)';
      BIDIRECTIONAL='TRUE';
      INPUT_LOAD='(-0.01,0.01)';
      OUTPUT_LOAD='(1.0,-1.0)';
    'UHPI_HD24':
      PIN_NUMBER='(0,P2,0,0,0)';
      BIDIRECTIONAL='TRUE';
      INPUT_LOAD='(-0.01,0.01)';
      OUTPUT_LOAD='(1.0,-1.0)';
    'UHPI_HD23':
      PIN_NUMBER='(0,C3,0,0,0)';
      BIDIRECTIONAL='TRUE';
      INPUT_LOAD='(-0.01,0.01)';
      OUTPUT_LOAD='(1.0,-1.0)';
    'UHPI_HD22':
      PIN_NUMBER='(0,D3,0,0,0)';
      BIDIRECTIONAL='TRUE';
      INPUT_LOAD='(-0.01,0.01)';
      OUTPUT_LOAD='(1.0,-1.0)';
    'UHPI_HD21':
      PIN_NUMBER='(0,E3,0,0,0)';
      BIDIRECTIONAL='TRUE';
      INPUT_LOAD='(-0.01,0.01)';
      OUTPUT_LOAD='(1.0,-1.0)';
    'UHPI_HD20':
      PIN_NUMBER='(0,F4,0,0,0)';
      BIDIRECTIONAL='TRUE';
      INPUT_LOAD='(-0.01,0.01)';
      OUTPUT_LOAD='(1.0,-1.0)';
    'UHPI_HDS2#':
      PIN_NUMBER='(0,C7,0,0,0)';
      INPUT_LOAD='(-0.01,0.01)';
    'UHPI_HD16/HHWIL':
      PIN_NUMBER='(0,H1,0,0,0)';
      BIDIRECTIONAL='TRUE';
      INPUT_LOAD='(-0.01,0.01)';
      OUTPUT_LOAD='(1.0,-1.0)';
    'UHPI_HBE1#':
      PIN_NUMBER='(0,C5,0,0,0)';
      INPUT_LOAD='(-0.01,0.01)';
    'UHPI_HD19':
      PIN_NUMBER='(0,F3,0,0,0)';
      BIDIRECTIONAL='TRUE';
      INPUT_LOAD='(-0.01,0.01)';
      OUTPUT_LOAD='(1.0,-1.0)';
    'UHPI_HD18':
      PIN_NUMBER='(0,G4,0,0,0)';
      BIDIRECTIONAL='TRUE';
      INPUT_LOAD='(-0.01,0.01)';
      OUTPUT_LOAD='(1.0,-1.0)';
    'UHPI_HD17':
      PIN_NUMBER='(0,G3,0,0,0)';
      BIDIRECTIONAL='TRUE';
      INPUT_LOAD='(-0.01,0.01)';
      OUTPUT_LOAD='(1.0,-1.0)';
    'UHPI_HD15':
      PIN_NUMBER='(0,J13,0,0,0)';
      BIDIRECTIONAL='TRUE';
      INPUT_LOAD='(-0.01,0.01)';
      OUTPUT_LOAD='(1.0,-1.0)';
    'UHPI_HD14':
      PIN_NUMBER='(0,H13,0,0,0)';
      BIDIRECTIONAL='TRUE';
      INPUT_LOAD='(-0.01,0.01)';
      OUTPUT_LOAD='(1.0,-1.0)';
    'UHPI_HD13':
      PIN_NUMBER='(0,H14,0,0,0)';
      BIDIRECTIONAL='TRUE';
      INPUT_LOAD='(-0.01,0.01)';
      OUTPUT_LOAD='(1.0,-1.0)';
    'UHPI_HD12':
      PIN_NUMBER='(0,G13,0,0,0)';
      BIDIRECTIONAL='TRUE';
      INPUT_LOAD='(-0.01,0.01)';
      OUTPUT_LOAD='(1.0,-1.0)';
    'UHPI_HD11':
      PIN_NUMBER='(0,G14,0,0,0)';
      BIDIRECTIONAL='TRUE';
      INPUT_LOAD='(-0.01,0.01)';
      OUTPUT_LOAD='(1.0,-1.0)';
    'UHPI_HD10':
      PIN_NUMBER='(0,F13,0,0,0)';
      BIDIRECTIONAL='TRUE';
      INPUT_LOAD='(-0.01,0.01)';
      OUTPUT_LOAD='(1.0,-1.0)';
    'UHPI_HCNTL1':
      PIN_NUMBER='(0,C10,0,0,0)';
      INPUT_LOAD='(-0.01,0.01)';
    'UHPI_HCNTL0':
      PIN_NUMBER='(0,D9,0,0,0)';
      INPUT_LOAD='(-0.01,0.01)';
    'UHPI_HRW#':
      PIN_NUMBER='(0,D8,0,0,0)';
      INPUT_LOAD='(-0.01,0.01)';
    'UHPI_HDS1#':
      PIN_NUMBER='(0,D7,0,0,0)';
      INPUT_LOAD='(-0.01,0.01)';
    'UHPI_HCS#':
      PIN_NUMBER='(0,C8,0,0,0)';
      INPUT_LOAD='(-0.01,0.01)';
    'UHPI_HD9':
      PIN_NUMBER='(0,F14,0,0,0)';
      BIDIRECTIONAL='TRUE';
      INPUT_LOAD='(-0.01,0.01)';
      OUTPUT_LOAD='(1.0,-1.0)';
    'AFSR2':
      PIN_NUMBER='(0,0,C12,0,0)';
      BIDIRECTIONAL='TRUE';
      INPUT_LOAD='(-0.01,0.01)';
      OUTPUT_LOAD='(1.0,-1.0)';
    'AXR05/SPI1_SCS#':
      PIN_NUMBER='(0,0,B11,0,0)';
      BIDIRECTIONAL='TRUE';
      INPUT_LOAD='(-0.01,0.01)';
      OUTPUT_LOAD='(1.0,-1.0)';
    'AFSR1':
      PIN_NUMBER='(0,0,F1,0,0)';
      BIDIRECTIONAL='TRUE';
      INPUT_LOAD='(-0.01,0.01)';
      OUTPUT_LOAD='(1.0,-1.0)';
    'AFSR0':
      PIN_NUMBER='(0,0,B4,0,0)';
      BIDIRECTIONAL='TRUE';
      INPUT_LOAD='(-0.01,0.01)';
      OUTPUT_LOAD='(1.0,-1.0)';
    'AFSX2':
      PIN_NUMBER='(0,0,C11,0,0)';
      BIDIRECTIONAL='TRUE';
      INPUT_LOAD='(-0.01,0.01)';
      OUTPUT_LOAD='(1.0,-1.0)';
    'AFSX1':
      PIN_NUMBER='(0,0,F2,0,0)';
      BIDIRECTIONAL='TRUE';
      INPUT_LOAD='(-0.01,0.01)';
      OUTPUT_LOAD='(1.0,-1.0)';
    'AFSX0':
      PIN_NUMBER='(0,0,A3,0,0)';
      BIDIRECTIONAL='TRUE';
      INPUT_LOAD='(-0.01,0.01)';
      OUTPUT_LOAD='(1.0,-1.0)';
    'AXR014/AXR21':
      PIN_NUMBER='(0,0,A6,0,0)';
      BIDIRECTIONAL='TRUE';
      INPUT_LOAD='(-0.01,0.01)';
      OUTPUT_LOAD='(1.0,-1.0)';
    'AXR015/AXR20':
      PIN_NUMBER='(0,0,B5,0,0)';
      BIDIRECTIONAL='TRUE';
      INPUT_LOAD='(-0.01,0.01)';
      OUTPUT_LOAD='(1.0,-1.0)';
    'AHCLKR2':
      PIN_NUMBER='(0,0,C14,0,0)';
      BIDIRECTIONAL='TRUE';
      INPUT_LOAD='(-0.01,0.01)';
      OUTPUT_LOAD='(1.0,-1.0)';
    'SPI0_SCS#/I2C1_SCL':
      PIN_NUMBER='(0,0,C15,0,0)';
      BIDIRECTIONAL='TRUE';
      INPUT_LOAD='(-0.01,0.01)';
      OUTPUT_LOAD='(1.0,-1.0)';
    'SPI0_SIMO':
      PIN_NUMBER='(0,0,B15,0,0)';
      BIDIRECTIONAL='TRUE';
      INPUT_LOAD='(-0.01,0.01)';
      OUTPUT_LOAD='(1.0,-1.0)';
    'AMUTE2/HINT#':
      PIN_NUMBER='(0,0,D10,0,0)';
      OUTPUT_LOAD='(1.0,-1.0)';
    'AHCLKX1':
      PIN_NUMBER='(0,0,D1,0,0)';
      BIDIRECTIONAL='TRUE';
      INPUT_LOAD='(-0.01,0.01)';
      OUTPUT_LOAD='(1.0,-1.0)';
    'SPI0_ENA#/I2C1_SDA':
      PIN_NUMBER='(0,0,D16,0,0)';
      BIDIRECTIONAL='TRUE';
      INPUT_LOAD='(-0.01,0.01)';
      OUTPUT_LOAD='(1.0,-1.0)';
    'AXR07/SPI1_CLK':
      PIN_NUMBER='(0,0,B10,0,0)';
      BIDIRECTIONAL='TRUE';
      INPUT_LOAD='(-0.01,0.01)';
      OUTPUT_LOAD='(1.0,-1.0)';
    'AHCLKR0/AHCLKR1':
      PIN_NUMBER='(0,0,B3,0,0)';
      BIDIRECTIONAL='TRUE';
      INPUT_LOAD='(-0.01,0.01)';
      OUTPUT_LOAD='(1.0,-1.0)';
    'AXR06/SPI1_ENA#':
      PIN_NUMBER='(0,0,A11,0,0)';
      BIDIRECTIONAL='TRUE';
      INPUT_LOAD='(-0.01,0.01)';
      OUTPUT_LOAD='(1.0,-1.0)';
    'ACLKR2':
      PIN_NUMBER='(0,0,C13,0,0)';
      BIDIRECTIONAL='TRUE';
      INPUT_LOAD='(-0.01,0.01)';
      OUTPUT_LOAD='(1.0,-1.0)';
    'ACLKR1':
      PIN_NUMBER='(0,0,E1,0,0)';
      BIDIRECTIONAL='TRUE';
      INPUT_LOAD='(-0.01,0.01)';
      OUTPUT_LOAD='(1.0,-1.0)';
    'AXR010/AXR13':
      PIN_NUMBER='(0,0,B8,0,0)';
      BIDIRECTIONAL='TRUE';
      INPUT_LOAD='(-0.01,0.01)';
      OUTPUT_LOAD='(1.0,-1.0)';
    'ACLKR0':
      PIN_NUMBER='(0,0,A5,0,0)';
      BIDIRECTIONAL='TRUE';
      INPUT_LOAD='(-0.01,0.01)';
      OUTPUT_LOAD='(1.0,-1.0)';
    'SPI0_CLK/I2C0_SCL':
      PIN_NUMBER='(0,0,C16,0,0)';
      BIDIRECTIONAL='TRUE';
      INPUT_LOAD='(-0.01,0.01)';
      OUTPUT_LOAD='(1.0,-1.0)';
    'AXR09/AXR14/SPI1_SIMO':
      PIN_NUMBER='(0,0,A9,0,0)';
      BIDIRECTIONAL='TRUE';
      INPUT_LOAD='(-0.01,0.01)';
      OUTPUT_LOAD='(1.0,-1.0)';
    'ACLKX2':
      PIN_NUMBER='(0,0,D11,0,0)';
      BIDIRECTIONAL='TRUE';
      INPUT_LOAD='(-0.01,0.01)';
      OUTPUT_LOAD='(1.0,-1.0)';
    'AXR013/AXR10':
      PIN_NUMBER='(0,0,B6,0,0)';
      BIDIRECTIONAL='TRUE';
      INPUT_LOAD='(-0.01,0.01)';
      OUTPUT_LOAD='(1.0,-1.0)';
    'ACLKX1':
      PIN_NUMBER='(0,0,E2,0,0)';
      BIDIRECTIONAL='TRUE';
      INPUT_LOAD='(-0.01,0.01)';
      OUTPUT_LOAD='(1.0,-1.0)';
    'AXR011/AXR12':
      PIN_NUMBER='(0,0,A8,0,0)';
      BIDIRECTIONAL='TRUE';
      INPUT_LOAD='(-0.01,0.01)';
      OUTPUT_LOAD='(1.0,-1.0)';
    'AXR012/AXR11':
      PIN_NUMBER='(0,0,B7,0,0)';
      BIDIRECTIONAL='TRUE';
      INPUT_LOAD='(-0.01,0.01)';
      OUTPUT_LOAD='(1.0,-1.0)';
    'ACLKX0':
      PIN_NUMBER='(0,0,A4,0,0)';
      BIDIRECTIONAL='TRUE';
      INPUT_LOAD='(-0.01,0.01)';
      OUTPUT_LOAD='(1.0,-1.0)';
    'AXR08/AXR15/SPI1_SOMI':
      PIN_NUMBER='(0,0,B9,0,0)';
      BIDIRECTIONAL='TRUE';
      INPUT_LOAD='(-0.01,0.01)';
      OUTPUT_LOAD='(1.0,-1.0)';
    'SPI0_SOMI/I2C0_SDA':
      PIN_NUMBER='(0,0,B14,0,0)';
      BIDIRECTIONAL='TRUE';
      INPUT_LOAD='(-0.01,0.01)';
      OUTPUT_LOAD='(1.0,-1.0)';
    'AHCLKX0/AHCLKX2':
      PIN_NUMBER='(0,0,C2,0,0)';
      BIDIRECTIONAL='TRUE';
      INPUT_LOAD='(-0.01,0.01)';
      OUTPUT_LOAD='(1.0,-1.0)';
    'AMUTE1':
      PIN_NUMBER='(0,0,D2,0,0)';
      OUTPUT_LOAD='(1.0,-1.0)';
    'AMUTE0':
      PIN_NUMBER='(0,0,C1,0,0)';
      OUTPUT_LOAD='(1.0,-1.0)';
    'AXR04':
      PIN_NUMBER='(0,0,A12,0,0)';
      BIDIRECTIONAL='TRUE';
      INPUT_LOAD='(-0.01,0.01)';
      OUTPUT_LOAD='(1.0,-1.0)';
    'AXR03':
      PIN_NUMBER='(0,0,B12,0,0)';
      BIDIRECTIONAL='TRUE';
      INPUT_LOAD='(-0.01,0.01)';
      OUTPUT_LOAD='(1.0,-1.0)';
    'AXR02':
      PIN_NUMBER='(0,0,A13,0,0)';
      BIDIRECTIONAL='TRUE';
      INPUT_LOAD='(-0.01,0.01)';
      OUTPUT_LOAD='(1.0,-1.0)';
    'AXR01':
      PIN_NUMBER='(0,0,B13,0,0)';
      BIDIRECTIONAL='TRUE';
      INPUT_LOAD='(-0.01,0.01)';
      OUTPUT_LOAD='(1.0,-1.0)';
    'AXR00':
      PIN_NUMBER='(0,0,A14,0,0)';
      BIDIRECTIONAL='TRUE';
      INPUT_LOAD='(-0.01,0.01)';
      OUTPUT_LOAD='(1.0,-1.0)';
    'RESET#':
      PIN_NUMBER='(0,0,0,G2,0)';
      INPUT_LOAD='(-0.01,0.01)';
    'TDI':
      PIN_NUMBER='(0,0,0,L1,0)';
      INPUT_LOAD='(-0.01,0.01)';
    'TDO':
      PIN_NUMBER='(0,0,0,M2,0)';
      OUTPUT_LOAD='(1.0,-1.0)';
    'EMU0#':
      PIN_NUMBER='(0,0,0,M1,0)';
      BIDIRECTIONAL='TRUE';
      INPUT_LOAD='(-0.01,0.01)';
      OUTPUT_LOAD='(1.0,-1.0)';
    'TRST#':
      PIN_NUMBER='(0,0,0,K4,0)';
      INPUT_LOAD='(-0.01,0.01)';
    'EMU1#':
      PIN_NUMBER='(0,0,0,N1,0)';
      BIDIRECTIONAL='TRUE';
      INPUT_LOAD='(-0.01,0.01)';
      OUTPUT_LOAD='(1.0,-1.0)';
    'TCK':
      PIN_NUMBER='(0,0,0,P1,0)';
      INPUT_LOAD='(-0.01,0.01)';
    'TMS':
      PIN_NUMBER='(0,0,0,K3,0)';
      INPUT_LOAD='(-0.01,0.01)';
    'CVDD'<0>:
      PIN_NUMBER='(0,0,0,0,G12)';
      PINUSE='POWER';
      NO_LOAD_CHECK='Both';
      NO_IO_CHECK='Both';
      NO_ASSERT_CHECK='TRUE';
      NO_DIR_CHECK='TRUE';
      ALLOW_CONNECT='TRUE';
    'VSS'<0>:
      PIN_NUMBER='(0,0,0,0,T16)';
      PINUSE='POWER';
      NO_LOAD_CHECK='Both';
      NO_IO_CHECK='Both';
      NO_ASSERT_CHECK='TRUE';
      NO_DIR_CHECK='TRUE';
      ALLOW_CONNECT='TRUE';
    'VSS'<1>:
      PIN_NUMBER='(0,0,0,0,J9)';
      PINUSE='POWER';
      NO_LOAD_CHECK='Both';
      NO_IO_CHECK='Both';
      NO_ASSERT_CHECK='TRUE';
      NO_DIR_CHECK='TRUE';
      ALLOW_CONNECT='TRUE';
    'VSS'<2>:
      PIN_NUMBER='(0,0,0,0,J8)';
      PINUSE='POWER';
      NO_LOAD_CHECK='Both';
      NO_IO_CHECK='Both';
      NO_ASSERT_CHECK='TRUE';
      NO_DIR_CHECK='TRUE';
      ALLOW_CONNECT='TRUE';
    'VSS'<3>:
      PIN_NUMBER='(0,0,0,0,J7)';
      PINUSE='POWER';
      NO_LOAD_CHECK='Both';
      NO_IO_CHECK='Both';
      NO_ASSERT_CHECK='TRUE';
      NO_DIR_CHECK='TRUE';
      ALLOW_CONNECT='TRUE';
    'VSS'<4>:
      PIN_NUMBER='(0,0,0,0,J6)';
      PINUSE='POWER';
      NO_LOAD_CHECK='Both';
      NO_IO_CHECK='Both';
      NO_ASSERT_CHECK='TRUE';
      NO_DIR_CHECK='TRUE';
      ALLOW_CONNECT='TRUE';
    'VSS'<5>:
      PIN_NUMBER='(0,0,0,0,T10)';
      PINUSE='POWER';
      NO_LOAD_CHECK='Both';
      NO_IO_CHECK='Both';
      NO_ASSERT_CHECK='TRUE';
      NO_DIR_CHECK='TRUE';
      ALLOW_CONNECT='TRUE';
    'CVDD'<1>:
      PIN_NUMBER='(0,0,0,0,E11)';
      PINUSE='POWER';
      NO_LOAD_CHECK='Both';
      NO_IO_CHECK='Both';
      NO_ASSERT_CHECK='TRUE';
      NO_DIR_CHECK='TRUE';
      ALLOW_CONNECT='TRUE';
    'CVDD'<2>:
      PIN_NUMBER='(0,0,0,0,E10)';
      PINUSE='POWER';
      NO_LOAD_CHECK='Both';
      NO_IO_CHECK='Both';
      NO_ASSERT_CHECK='TRUE';
      NO_DIR_CHECK='TRUE';
      ALLOW_CONNECT='TRUE';
    'DVDD'<0>:
      PIN_NUMBER='(0,0,0,0,B1)';
      PINUSE='POWER';
      NO_LOAD_CHECK='Both';
      NO_IO_CHECK='Both';
      NO_ASSERT_CHECK='TRUE';
      NO_DIR_CHECK='TRUE';
      ALLOW_CONNECT='TRUE';
    'CVDD'<3>:
      PIN_NUMBER='(0,0,0,0,G5)';
      PINUSE='POWER';
      NO_LOAD_CHECK='Both';
      NO_IO_CHECK='Both';
      NO_ASSERT_CHECK='TRUE';
      NO_DIR_CHECK='TRUE';
      ALLOW_CONNECT='TRUE';
    'CVDD'<4>:
      PIN_NUMBER='(0,0,0,0,M9)';
      PINUSE='POWER';
      NO_LOAD_CHECK='Both';
      NO_IO_CHECK='Both';
      NO_ASSERT_CHECK='TRUE';
      NO_DIR_CHECK='TRUE';
      ALLOW_CONNECT='TRUE';
    'CVDD'<5>:
      PIN_NUMBER='(0,0,0,0,M8)';
      PINUSE='POWER';
      NO_LOAD_CHECK='Both';
      NO_IO_CHECK='Both';
      NO_ASSERT_CHECK='TRUE';
      NO_DIR_CHECK='TRUE';
      ALLOW_CONNECT='TRUE';
    'CVDD'<6>:
      PIN_NUMBER='(0,0,0,0,M7)';
      PINUSE='POWER';
      NO_LOAD_CHECK='Both';
      NO_IO_CHECK='Both';
      NO_ASSERT_CHECK='TRUE';
      NO_DIR_CHECK='TRUE';
      ALLOW_CONNECT='TRUE';
    'DVDD'<1>:
      PIN_NUMBER='(0,0,0,0,N5)';
      PINUSE='POWER';
      NO_LOAD_CHECK='Both';
      NO_IO_CHECK='Both';
      NO_ASSERT_CHECK='TRUE';
      NO_DIR_CHECK='TRUE';
      ALLOW_CONNECT='TRUE';
    'CVDD'<7>:
      PIN_NUMBER='(0,0,0,0,M6)';
      PINUSE='POWER';
      NO_LOAD_CHECK='Both';
      NO_IO_CHECK='Both';
      NO_ASSERT_CHECK='TRUE';
      NO_DIR_CHECK='TRUE';
      ALLOW_CONNECT='TRUE';
    'DVDD'<2>:
      PIN_NUMBER='(0,0,0,0,T2)';
      PINUSE='POWER';
      NO_LOAD_CHECK='Both';
      NO_IO_CHECK='Both';
      NO_ASSERT_CHECK='TRUE';
      NO_DIR_CHECK='TRUE';
      ALLOW_CONNECT='TRUE';
    'VSS'<6>:
      PIN_NUMBER='(0,0,0,0,M12)';
      PINUSE='POWER';
      NO_LOAD_CHECK='Both';
      NO_IO_CHECK='Both';
      NO_ASSERT_CHECK='TRUE';
      NO_DIR_CHECK='TRUE';
      ALLOW_CONNECT='TRUE';
    'DVDD'<3>:
      PIN_NUMBER='(0,0,0,0,A2)';
      PINUSE='POWER';
      NO_LOAD_CHECK='Both';
      NO_IO_CHECK='Both';
      NO_ASSERT_CHECK='TRUE';
      NO_DIR_CHECK='TRUE';
      ALLOW_CONNECT='TRUE';
    'OSCVDD':
      PIN_NUMBER='(0,0,0,0,J4)';
      PINUSE='POWER';
      NO_LOAD_CHECK='Both';
      NO_IO_CHECK='Both';
      NO_ASSERT_CHECK='TRUE';
      NO_DIR_CHECK='TRUE';
      ALLOW_CONNECT='TRUE';
    'VSS'<7>:
      PIN_NUMBER='(0,0,0,0,L12)';
      PINUSE='POWER';
      NO_LOAD_CHECK='Both';
      NO_IO_CHECK='Both';
      NO_ASSERT_CHECK='TRUE';
      NO_DIR_CHECK='TRUE';
      ALLOW_CONNECT='TRUE';
    'VSS'<8>:
      PIN_NUMBER='(0,0,0,0,L11)';
      PINUSE='POWER';
      NO_LOAD_CHECK='Both';
      NO_IO_CHECK='Both';
      NO_ASSERT_CHECK='TRUE';
      NO_DIR_CHECK='TRUE';
      ALLOW_CONNECT='TRUE';
    'VSS'<9>:
      PIN_NUMBER='(0,0,0,0,L10)';
      PINUSE='POWER';
      NO_LOAD_CHECK='Both';
      NO_IO_CHECK='Both';
      NO_ASSERT_CHECK='TRUE';
      NO_DIR_CHECK='TRUE';
      ALLOW_CONNECT='TRUE';
    'VSS'<10>:
      PIN_NUMBER='(0,0,0,0,K16)';
      PINUSE='POWER';
      NO_LOAD_CHECK='Both';
      NO_IO_CHECK='Both';
      NO_ASSERT_CHECK='TRUE';
      NO_DIR_CHECK='TRUE';
      ALLOW_CONNECT='TRUE';
    'DVDD'<4>:
      PIN_NUMBER='(0,0,0,0,M4)';
      PINUSE='POWER';
      NO_LOAD_CHECK='Both';
      NO_IO_CHECK='Both';
      NO_ASSERT_CHECK='TRUE';
      NO_DIR_CHECK='TRUE';
      ALLOW_CONNECT='TRUE';
    'VSS'<11>:
      PIN_NUMBER='(0,0,0,0,K11)';
      PINUSE='POWER';
      NO_LOAD_CHECK='Both';
      NO_IO_CHECK='Both';
      NO_ASSERT_CHECK='TRUE';
      NO_DIR_CHECK='TRUE';
      ALLOW_CONNECT='TRUE';
    'VSS'<12>:
      PIN_NUMBER='(0,0,0,0,K10)';
      PINUSE='POWER';
      NO_LOAD_CHECK='Both';
      NO_IO_CHECK='Both';
      NO_ASSERT_CHECK='TRUE';
      NO_DIR_CHECK='TRUE';
      ALLOW_CONNECT='TRUE';
    'DVDD'<5>:
      PIN_NUMBER='(0,0,0,0,T15)';
      PINUSE='POWER';
      NO_LOAD_CHECK='Both';
      NO_IO_CHECK='Both';
      NO_ASSERT_CHECK='TRUE';
      NO_DIR_CHECK='TRUE';
      ALLOW_CONNECT='TRUE';
    'VSS'<13>:
      PIN_NUMBER='(0,0,0,0,H9)';
      PINUSE='POWER';
      NO_LOAD_CHECK='Both';
      NO_IO_CHECK='Both';
      NO_ASSERT_CHECK='TRUE';
      NO_DIR_CHECK='TRUE';
      ALLOW_CONNECT='TRUE';
    'VSS'<14>:
      PIN_NUMBER='(0,0,0,0,H8)';
      PINUSE='POWER';
      NO_LOAD_CHECK='Both';
      NO_IO_CHECK='Both';
      NO_ASSERT_CHECK='TRUE';
      NO_DIR_CHECK='TRUE';
      ALLOW_CONNECT='TRUE';
    'VSS'<15>:
      PIN_NUMBER='(0,0,0,0,H7)';
      PINUSE='POWER';
      NO_LOAD_CHECK='Both';
      NO_IO_CHECK='Both';
      NO_ASSERT_CHECK='TRUE';
      NO_DIR_CHECK='TRUE';
      ALLOW_CONNECT='TRUE';
    'VSS'<16>:
      PIN_NUMBER='(0,0,0,0,H6)';
      PINUSE='POWER';
      NO_LOAD_CHECK='Both';
      NO_IO_CHECK='Both';
      NO_ASSERT_CHECK='TRUE';
      NO_DIR_CHECK='TRUE';
      ALLOW_CONNECT='TRUE';
    'VSS'<17>:
      PIN_NUMBER='(0,0,0,0,J11)';
      PINUSE='POWER';
      NO_LOAD_CHECK='Both';
      NO_IO_CHECK='Both';
      NO_ASSERT_CHECK='TRUE';
      NO_DIR_CHECK='TRUE';
      ALLOW_CONNECT='TRUE';
    'PLLHV':
      PIN_NUMBER='(0,0,0,0,K2)';
      PINUSE='POWER';
      NO_LOAD_CHECK='Both';
      NO_IO_CHECK='Both';
      NO_ASSERT_CHECK='TRUE';
      NO_DIR_CHECK='TRUE';
      ALLOW_CONNECT='TRUE';
    'VSS'<18>:
      PIN_NUMBER='(0,0,0,0,J10)';
      PINUSE='POWER';
      NO_LOAD_CHECK='Both';
      NO_IO_CHECK='Both';
      NO_ASSERT_CHECK='TRUE';
      NO_DIR_CHECK='TRUE';
      ALLOW_CONNECT='TRUE';
    'VSS'<19>:
      PIN_NUMBER='(0,0,0,0,H3)';
      PINUSE='POWER';
      NO_LOAD_CHECK='Both';
      NO_IO_CHECK='Both';
      NO_ASSERT_CHECK='TRUE';
      NO_DIR_CHECK='TRUE';
      ALLOW_CONNECT='TRUE';
    'DVDD'<6>:
      PIN_NUMBER='(0,0,0,0,R16)';
      PINUSE='POWER';
      NO_LOAD_CHECK='Both';
      NO_IO_CHECK='Both';
      NO_ASSERT_CHECK='TRUE';
      NO_DIR_CHECK='TRUE';
      ALLOW_CONNECT='TRUE';
    'VSS'<20>:
      PIN_NUMBER='(0,0,0,0,T7)';
      PINUSE='POWER';
      NO_LOAD_CHECK='Both';
      NO_IO_CHECK='Both';
      NO_ASSERT_CHECK='TRUE';
      NO_DIR_CHECK='TRUE';
      ALLOW_CONNECT='TRUE';
    'VSS'<21>:
      PIN_NUMBER='(0,0,0,0,H11)';
      PINUSE='POWER';
      NO_LOAD_CHECK='Both';
      NO_IO_CHECK='Both';
      NO_ASSERT_CHECK='TRUE';
      NO_DIR_CHECK='TRUE';
      ALLOW_CONNECT='TRUE';
    'VSS'<22>:
      PIN_NUMBER='(0,0,0,0,G16)';
      PINUSE='POWER';
      NO_LOAD_CHECK='Both';
      NO_IO_CHECK='Both';
      NO_ASSERT_CHECK='TRUE';
      NO_DIR_CHECK='TRUE';
      ALLOW_CONNECT='TRUE';
    'VSS'<23>:
      PIN_NUMBER='(0,0,0,0,H10)';
      PINUSE='POWER';
      NO_LOAD_CHECK='Both';
      NO_IO_CHECK='Both';
      NO_ASSERT_CHECK='TRUE';
      NO_DIR_CHECK='TRUE';
      ALLOW_CONNECT='TRUE';
    'CVDD'<8>:
      PIN_NUMBER='(0,0,0,0,E9)';
      PINUSE='POWER';
      NO_LOAD_CHECK='Both';
      NO_IO_CHECK='Both';
      NO_ASSERT_CHECK='TRUE';
      NO_DIR_CHECK='TRUE';
      ALLOW_CONNECT='TRUE';
    'VSS'<24>:
      PIN_NUMBER='(0,0,0,0,T1)';
      PINUSE='POWER';
      NO_LOAD_CHECK='Both';
      NO_IO_CHECK='Both';
      NO_ASSERT_CHECK='TRUE';
      NO_DIR_CHECK='TRUE';
      ALLOW_CONNECT='TRUE';
    'CVDD'<9>:
      PIN_NUMBER='(0,0,0,0,E8)';
      PINUSE='POWER';
      NO_LOAD_CHECK='Both';
      NO_IO_CHECK='Both';
      NO_ASSERT_CHECK='TRUE';
      NO_DIR_CHECK='TRUE';
      ALLOW_CONNECT='TRUE';
    'CVDD'<10>:
      PIN_NUMBER='(0,0,0,0,E7)';
      PINUSE='POWER';
      NO_LOAD_CHECK='Both';
      NO_IO_CHECK='Both';
      NO_ASSERT_CHECK='TRUE';
      NO_DIR_CHECK='TRUE';
      ALLOW_CONNECT='TRUE';
    'CVDD'<11>:
      PIN_NUMBER='(0,0,0,0,E6)';
      PINUSE='POWER';
      NO_LOAD_CHECK='Both';
      NO_IO_CHECK='Both';
      NO_ASSERT_CHECK='TRUE';
      NO_DIR_CHECK='TRUE';
      ALLOW_CONNECT='TRUE';
    'VSS'<25>:
      PIN_NUMBER='(0,0,0,0,G11)';
      PINUSE='POWER';
      NO_LOAD_CHECK='Both';
      NO_IO_CHECK='Both';
      NO_ASSERT_CHECK='TRUE';
      NO_DIR_CHECK='TRUE';
      ALLOW_CONNECT='TRUE';
    'VSS'<26>:
      PIN_NUMBER='(0,0,0,0,G10)';
      PINUSE='POWER';
      NO_LOAD_CHECK='Both';
      NO_IO_CHECK='Both';
      NO_ASSERT_CHECK='TRUE';
      NO_DIR_CHECK='TRUE';
      ALLOW_CONNECT='TRUE';
    'VSS'<27>:
      PIN_NUMBER='(0,0,0,0,F12)';
      PINUSE='POWER';
      NO_LOAD_CHECK='Both';
      NO_IO_CHECK='Both';
      NO_ASSERT_CHECK='TRUE';
      NO_DIR_CHECK='TRUE';
      ALLOW_CONNECT='TRUE';
    'CVDD'<12>:
      PIN_NUMBER='(0,0,0,0,K5)';
      PINUSE='POWER';
      NO_LOAD_CHECK='Both';
      NO_IO_CHECK='Both';
      NO_ASSERT_CHECK='TRUE';
      NO_DIR_CHECK='TRUE';
      ALLOW_CONNECT='TRUE';
    'VSS'<28>:
      PIN_NUMBER='(0,0,0,0,F11)';
      PINUSE='POWER';
      NO_LOAD_CHECK='Both';
      NO_IO_CHECK='Both';
      NO_ASSERT_CHECK='TRUE';
      NO_DIR_CHECK='TRUE';
      ALLOW_CONNECT='TRUE';
    'VSS'<29>:
      PIN_NUMBER='(0,0,0,0,F10)';
      PINUSE='POWER';
      NO_LOAD_CHECK='Both';
      NO_IO_CHECK='Both';
      NO_ASSERT_CHECK='TRUE';
      NO_DIR_CHECK='TRUE';
      ALLOW_CONNECT='TRUE';
    'VSS'<30>:
      PIN_NUMBER='(0,0,0,0,A7)';
      PINUSE='POWER';
      NO_LOAD_CHECK='Both';
      NO_IO_CHECK='Both';
      NO_ASSERT_CHECK='TRUE';
      NO_DIR_CHECK='TRUE';
      ALLOW_CONNECT='TRUE';
    'VSS'<31>:
      PIN_NUMBER='(0,0,0,0,G9)';
      PINUSE='POWER';
      NO_LOAD_CHECK='Both';
      NO_IO_CHECK='Both';
      NO_ASSERT_CHECK='TRUE';
      NO_DIR_CHECK='TRUE';
      ALLOW_CONNECT='TRUE';
    'VSS'<32>:
      PIN_NUMBER='(0,0,0,0,E12)';
      PINUSE='POWER';
      NO_LOAD_CHECK='Both';
      NO_IO_CHECK='Both';
      NO_ASSERT_CHECK='TRUE';
      NO_DIR_CHECK='TRUE';
      ALLOW_CONNECT='TRUE';
    'VSS'<33>:
      PIN_NUMBER='(0,0,0,0,G8)';
      PINUSE='POWER';
      NO_LOAD_CHECK='Both';
      NO_IO_CHECK='Both';
      NO_ASSERT_CHECK='TRUE';
      NO_DIR_CHECK='TRUE';
      ALLOW_CONNECT='TRUE';
    'VSS'<34>:
      PIN_NUMBER='(0,0,0,0,G7)';
      PINUSE='POWER';
      NO_LOAD_CHECK='Both';
      NO_IO_CHECK='Both';
      NO_ASSERT_CHECK='TRUE';
      NO_DIR_CHECK='TRUE';
      ALLOW_CONNECT='TRUE';
    'DVDD'<7>:
      PIN_NUMBER='(0,0,0,0,R1)';
      PINUSE='POWER';
      NO_LOAD_CHECK='Both';
      NO_IO_CHECK='Both';
      NO_ASSERT_CHECK='TRUE';
      NO_DIR_CHECK='TRUE';
      ALLOW_CONNECT='TRUE';
    'VSS'<35>:
      PIN_NUMBER='(0,0,0,0,A1)';
      PINUSE='POWER';
      NO_LOAD_CHECK='Both';
      NO_IO_CHECK='Both';
      NO_ASSERT_CHECK='TRUE';
      NO_DIR_CHECK='TRUE';
      ALLOW_CONNECT='TRUE';
    'VSS'<36>:
      PIN_NUMBER='(0,0,0,0,G6)';
      PINUSE='POWER';
      NO_LOAD_CHECK='Both';
      NO_IO_CHECK='Both';
      NO_ASSERT_CHECK='TRUE';
      NO_DIR_CHECK='TRUE';
      ALLOW_CONNECT='TRUE';
    'DVDD'<8>:
      PIN_NUMBER='(0,0,0,0,N12)';
      PINUSE='POWER';
      NO_LOAD_CHECK='Both';
      NO_IO_CHECK='Both';
      NO_ASSERT_CHECK='TRUE';
      NO_DIR_CHECK='TRUE';
      ALLOW_CONNECT='TRUE';
    'VSS'<37>:
      PIN_NUMBER='(0,0,0,0,G1)';
      PINUSE='POWER';
      NO_LOAD_CHECK='Both';
      NO_IO_CHECK='Both';
      NO_ASSERT_CHECK='TRUE';
      NO_DIR_CHECK='TRUE';
      ALLOW_CONNECT='TRUE';
    'VSS'<38>:
      PIN_NUMBER='(0,0,0,0,M5)';
      PINUSE='POWER';
      NO_LOAD_CHECK='Both';
      NO_IO_CHECK='Both';
      NO_ASSERT_CHECK='TRUE';
      NO_DIR_CHECK='TRUE';
      ALLOW_CONNECT='TRUE';
    'DVDD'<9>:
      PIN_NUMBER='(0,0,0,0,M13)';
      PINUSE='POWER';
      NO_LOAD_CHECK='Both';
      NO_IO_CHECK='Both';
      NO_ASSERT_CHECK='TRUE';
      NO_DIR_CHECK='TRUE';
      ALLOW_CONNECT='TRUE';
    'VSS'<39>:
      PIN_NUMBER='(0,0,0,0,A16)';
      PINUSE='POWER';
      NO_LOAD_CHECK='Both';
      NO_IO_CHECK='Both';
      NO_ASSERT_CHECK='TRUE';
      NO_DIR_CHECK='TRUE';
      ALLOW_CONNECT='TRUE';
    'DVDD'<10>:
      PIN_NUMBER='(0,0,0,0,E4)';
      PINUSE='POWER';
      NO_LOAD_CHECK='Both';
      NO_IO_CHECK='Both';
      NO_ASSERT_CHECK='TRUE';
      NO_DIR_CHECK='TRUE';
      ALLOW_CONNECT='TRUE';
    'CVDD'<13>:
      PIN_NUMBER='(0,0,0,0,J5)';
      PINUSE='POWER';
      NO_LOAD_CHECK='Both';
      NO_IO_CHECK='Both';
      NO_ASSERT_CHECK='TRUE';
      NO_DIR_CHECK='TRUE';
      ALLOW_CONNECT='TRUE';
    'VSS'<40>:
      PIN_NUMBER='(0,0,0,0,A10)';
      PINUSE='POWER';
      NO_LOAD_CHECK='Both';
      NO_IO_CHECK='Both';
      NO_ASSERT_CHECK='TRUE';
      NO_DIR_CHECK='TRUE';
      ALLOW_CONNECT='TRUE';
    'DVDD'<11>:
      PIN_NUMBER='(0,0,0,0,J14)';
      PINUSE='POWER';
      NO_LOAD_CHECK='Both';
      NO_IO_CHECK='Both';
      NO_ASSERT_CHECK='TRUE';
      NO_DIR_CHECK='TRUE';
      ALLOW_CONNECT='TRUE';
    'VSS'<41>:
      PIN_NUMBER='(0,0,0,0,F9)';
      PINUSE='POWER';
      NO_LOAD_CHECK='Both';
      NO_IO_CHECK='Both';
      NO_ASSERT_CHECK='TRUE';
      NO_DIR_CHECK='TRUE';
      ALLOW_CONNECT='TRUE';
    'VSS'<42>:
      PIN_NUMBER='(0,0,0,0,F8)';
      PINUSE='POWER';
      NO_LOAD_CHECK='Both';
      NO_IO_CHECK='Both';
      NO_ASSERT_CHECK='TRUE';
      NO_DIR_CHECK='TRUE';
      ALLOW_CONNECT='TRUE';
    'VSS'<43>:
      PIN_NUMBER='(0,0,0,0,F7)';
      PINUSE='POWER';
      NO_LOAD_CHECK='Both';
      NO_IO_CHECK='Both';
      NO_ASSERT_CHECK='TRUE';
      NO_DIR_CHECK='TRUE';
      ALLOW_CONNECT='TRUE';
    'VSS'<44>:
      PIN_NUMBER='(0,0,0,0,F6)';
      PINUSE='POWER';
      NO_LOAD_CHECK='Both';
      NO_IO_CHECK='Both';
      NO_ASSERT_CHECK='TRUE';
      NO_DIR_CHECK='TRUE';
      ALLOW_CONNECT='TRUE';
    'VSS'<45>:
      PIN_NUMBER='(0,0,0,0,F5)';
      PINUSE='POWER';
      NO_LOAD_CHECK='Both';
      NO_IO_CHECK='Both';
      NO_ASSERT_CHECK='TRUE';
      NO_DIR_CHECK='TRUE';
      ALLOW_CONNECT='TRUE';
    'VSS'<46>:
      PIN_NUMBER='(0,0,0,0,L9)';
      PINUSE='POWER';
      NO_LOAD_CHECK='Both';
      NO_IO_CHECK='Both';
      NO_ASSERT_CHECK='TRUE';
      NO_DIR_CHECK='TRUE';
      ALLOW_CONNECT='TRUE';
    'VSS'<47>:
      PIN_NUMBER='(0,0,0,0,L8)';
      PINUSE='POWER';
      NO_LOAD_CHECK='Both';
      NO_IO_CHECK='Both';
      NO_ASSERT_CHECK='TRUE';
      NO_DIR_CHECK='TRUE';
      ALLOW_CONNECT='TRUE';
    'VSS'<48>:
      PIN_NUMBER='(0,0,0,0,L7)';
      PINUSE='POWER';
      NO_LOAD_CHECK='Both';
      NO_IO_CHECK='Both';
      NO_ASSERT_CHECK='TRUE';
      NO_DIR_CHECK='TRUE';
      ALLOW_CONNECT='TRUE';
    'VSS'<49>:
      PIN_NUMBER='(0,0,0,0,L6)';
      PINUSE='POWER';
      NO_LOAD_CHECK='Both';
      NO_IO_CHECK='Both';
      NO_ASSERT_CHECK='TRUE';
      NO_DIR_CHECK='TRUE';
      ALLOW_CONNECT='TRUE';
    'VSS'<50>:
      PIN_NUMBER='(0,0,0,0,L5)';
      PINUSE='POWER';
      NO_LOAD_CHECK='Both';
      NO_IO_CHECK='Both';
      NO_ASSERT_CHECK='TRUE';
      NO_DIR_CHECK='TRUE';
      ALLOW_CONNECT='TRUE';
    'OSCVSS':
      PIN_NUMBER='(0,0,0,0,J1)';
      PINUSE='POWER';
      NO_LOAD_CHECK='Both';
      NO_IO_CHECK='Both';
      NO_ASSERT_CHECK='TRUE';
      NO_DIR_CHECK='TRUE';
      ALLOW_CONNECT='TRUE';
    'DVDD'<12>:
      PIN_NUMBER='(0,0,0,0,D5)';
      PINUSE='POWER';
      NO_LOAD_CHECK='Both';
      NO_IO_CHECK='Both';
      NO_ASSERT_CHECK='TRUE';
      NO_DIR_CHECK='TRUE';
      ALLOW_CONNECT='TRUE';
    'DVDD'<13>:
      PIN_NUMBER='(0,0,0,0,D4)';
      PINUSE='POWER';
      NO_LOAD_CHECK='Both';
      NO_IO_CHECK='Both';
      NO_ASSERT_CHECK='TRUE';
      NO_DIR_CHECK='TRUE';
      ALLOW_CONNECT='TRUE';
    'DVDD'<14>:
      PIN_NUMBER='(0,0,0,0,P8)';
      PINUSE='POWER';
      NO_LOAD_CHECK='Both';
      NO_IO_CHECK='Both';
      NO_ASSERT_CHECK='TRUE';
      NO_DIR_CHECK='TRUE';
      ALLOW_CONNECT='TRUE';
    'DVDD'<15>:
      PIN_NUMBER='(0,0,0,0,E13)';
      PINUSE='POWER';
      NO_LOAD_CHECK='Both';
      NO_IO_CHECK='Both';
      NO_ASSERT_CHECK='TRUE';
      NO_DIR_CHECK='TRUE';
      ALLOW_CONNECT='TRUE';
    'CVDD'<14>:
      PIN_NUMBER='(0,0,0,0,M11)';
      PINUSE='POWER';
      NO_LOAD_CHECK='Both';
      NO_IO_CHECK='Both';
      NO_ASSERT_CHECK='TRUE';
      NO_DIR_CHECK='TRUE';
      ALLOW_CONNECT='TRUE';
    'CVDD'<15>:
      PIN_NUMBER='(0,0,0,0,M10)';
      PINUSE='POWER';
      NO_LOAD_CHECK='Both';
      NO_IO_CHECK='Both';
      NO_ASSERT_CHECK='TRUE';
      NO_DIR_CHECK='TRUE';
      ALLOW_CONNECT='TRUE';
    'DVDD'<16>:
      PIN_NUMBER='(0,0,0,0,D13)';
      PINUSE='POWER';
      NO_LOAD_CHECK='Both';
      NO_IO_CHECK='Both';
      NO_ASSERT_CHECK='TRUE';
      NO_DIR_CHECK='TRUE';
      ALLOW_CONNECT='TRUE';
    'VSS'<51>:
      PIN_NUMBER='(0,0,0,0,E5)';
      PINUSE='POWER';
      NO_LOAD_CHECK='Both';
      NO_IO_CHECK='Both';
      NO_ASSERT_CHECK='TRUE';
      NO_DIR_CHECK='TRUE';
      ALLOW_CONNECT='TRUE';
    'DVDD'<17>:
      PIN_NUMBER='(0,0,0,0,D12)';
      PINUSE='POWER';
      NO_LOAD_CHECK='Both';
      NO_IO_CHECK='Both';
      NO_ASSERT_CHECK='TRUE';
      NO_DIR_CHECK='TRUE';
      ALLOW_CONNECT='TRUE';
    'VSS'<52>:
      PIN_NUMBER='(0,0,0,0,K9)';
      PINUSE='POWER';
      NO_LOAD_CHECK='Both';
      NO_IO_CHECK='Both';
      NO_ASSERT_CHECK='TRUE';
      NO_DIR_CHECK='TRUE';
      ALLOW_CONNECT='TRUE';
    'VSS'<53>:
      PIN_NUMBER='(0,0,0,0,K8)';
      PINUSE='POWER';
      NO_LOAD_CHECK='Both';
      NO_IO_CHECK='Both';
      NO_ASSERT_CHECK='TRUE';
      NO_DIR_CHECK='TRUE';
      ALLOW_CONNECT='TRUE';
    'VSS'<54>:
      PIN_NUMBER='(0,0,0,0,K7)';
      PINUSE='POWER';
      NO_LOAD_CHECK='Both';
      NO_IO_CHECK='Both';
      NO_ASSERT_CHECK='TRUE';
      NO_DIR_CHECK='TRUE';
      ALLOW_CONNECT='TRUE';
    'VSS'<55>:
      PIN_NUMBER='(0,0,0,0,K6)';
      PINUSE='POWER';
      NO_LOAD_CHECK='Both';
      NO_IO_CHECK='Both';
      NO_ASSERT_CHECK='TRUE';
      NO_DIR_CHECK='TRUE';
      ALLOW_CONNECT='TRUE';
    'CVDD'<16>:
      PIN_NUMBER='(0,0,0,0,K12)';
      PINUSE='POWER';
      NO_LOAD_CHECK='Both';
      NO_IO_CHECK='Both';
      NO_ASSERT_CHECK='TRUE';
      NO_DIR_CHECK='TRUE';
      ALLOW_CONNECT='TRUE';
    'DVDD'<18>:
      PIN_NUMBER='(0,0,0,0,B16)';
      PINUSE='POWER';
      NO_LOAD_CHECK='Both';
      NO_IO_CHECK='Both';
      NO_ASSERT_CHECK='TRUE';
      NO_DIR_CHECK='TRUE';
      ALLOW_CONNECT='TRUE';
    'VSS'<56>:
      PIN_NUMBER='(0,0,0,0,K1)';
      PINUSE='POWER';
      NO_LOAD_CHECK='Both';
      NO_IO_CHECK='Both';
      NO_ASSERT_CHECK='TRUE';
      NO_DIR_CHECK='TRUE';
      ALLOW_CONNECT='TRUE';
    'CVDD'<17>:
      PIN_NUMBER='(0,0,0,0,J12)';
      PINUSE='POWER';
      NO_LOAD_CHECK='Both';
      NO_IO_CHECK='Both';
      NO_ASSERT_CHECK='TRUE';
      NO_DIR_CHECK='TRUE';
      ALLOW_CONNECT='TRUE';
    'DVDD'<19>:
      PIN_NUMBER='(0,0,0,0,A15)';
      PINUSE='POWER';
      NO_LOAD_CHECK='Both';
      NO_IO_CHECK='Both';
      NO_ASSERT_CHECK='TRUE';
      NO_DIR_CHECK='TRUE';
      ALLOW_CONNECT='TRUE';
    'CVDD'<18>:
      PIN_NUMBER='(0,0,0,0,H5)';
      PINUSE='POWER';
      NO_LOAD_CHECK='Both';
      NO_IO_CHECK='Both';
      NO_ASSERT_CHECK='TRUE';
      NO_DIR_CHECK='TRUE';
      ALLOW_CONNECT='TRUE';
    'CVDD'<19>:
      PIN_NUMBER='(0,0,0,0,H12)';
      PINUSE='POWER';
      NO_LOAD_CHECK='Both';
      NO_IO_CHECK='Both';
      NO_ASSERT_CHECK='TRUE';
      NO_DIR_CHECK='TRUE';
      ALLOW_CONNECT='TRUE';
    'CLKIN':
      PIN_NUMBER='(0,0,0,0,H2)';
      INPUT_LOAD='(-0.01,0.01)';
    'OSCIN':
      PIN_NUMBER='(0,0,0,0,J2)';
      INPUT_LOAD='(-0.01,0.01)';
    'OSCOUT':
      PIN_NUMBER='(0,0,0,0,J3)';
      OUTPUT_LOAD='(1.0,-1.0)';
  end_pin;
  body
    PART_NAME='TMS320C6727GDH300';
    BODY_NAME='TMS320C6727GDH300';
    PHYS_DES_PREFIX='U';
    CLASS='IC';
  end_body;
end_primitive;

END.
