FILE_TYPE=LIBRARY_PARTS;
primitive 'N_POWER_MOSFET';
  pin
    'G':
      PIN_NUMBER='(1)';
      PINUSE='UNSPEC';
      NO_LOAD_CHECK='Both';
      NO_IO_CHECK='Both';
      ALLOW_CONNECT='TRUE';
    'S':
      PIN_NUMBER='(2)';
      PINUSE='UNSPEC';
      NO_LOAD_CHECK='Both';
      NO_IO_CHECK='Both';
      ALLOW_CONNECT='TRUE';
    'D':
      PIN_NUMBER='(3)';
      PINUSE='UNSPEC';
      NO_LOAD_CHECK='Both';
      NO_IO_CHECK='Both';
      ALLOW_CONNECT='TRUE';
  end_pin;
  body
    BODY_NAME='N_POWER_MOSFET';
    PART_NAME='N_POWER_MOSFET';
    PHYS_DES_PREFIX='Q';
    CLASS='DISCRETE';
  end_body;
end_primitive;

END.
