FILE_TYPE=LIBRARY_PARTS;
primitive 'TPS40055';
  pin
    'KFF':
      PIN_NUMBER='(1)';
      INPUT_LOAD='(-0.01,0.01)';
    'RT':
      PIN_NUMBER='(2)';
      INPUT_LOAD='(-0.01,0.01)';
    'BP5':
      PIN_NUMBER='(3)';
      OUTPUT_LOAD='(1.0,-1.0)';
    'SYNC':
      PIN_NUMBER='(4)';
      INPUT_LOAD='(-0.01,0.01)';
    'SGND':
      PIN_NUMBER='(5)';
      PINUSE='GROUND';
      NO_LOAD_CHECK='Both';
      NO_IO_CHECK='Both';
      NO_ASSERT_CHECK='TRUE';
      NO_DIR_CHECK='TRUE';
      ALLOW_CONNECT='TRUE';
    'SS/SD':
      PIN_NUMBER='(6)';
      INPUT_LOAD='(-0.01,0.01)';
    'VFB':
      PIN_NUMBER='(7)';
      INPUT_LOAD='(-0.01,0.01)';
    'COMP':
      PIN_NUMBER='(8)';
      OUTPUT_LOAD='(1.0,-1.0)';
    'PGND':
      PIN_NUMBER='(9)';
      PINUSE='GROUND';
      NO_LOAD_CHECK='Both';
      NO_IO_CHECK='Both';
      NO_ASSERT_CHECK='TRUE';
      NO_DIR_CHECK='TRUE';
      ALLOW_CONNECT='TRUE';
    'LDRV':
      PIN_NUMBER='(10)';
      OUTPUT_LOAD='(1.0,-1.0)';
    'BP10':
      PIN_NUMBER='(11)';
      OUTPUT_LOAD='(1.0,-1.0)';
    'SW':
      PIN_NUMBER='(12)';
      INPUT_LOAD='(-0.01,0.01)';
    'HDRV':
      PIN_NUMBER='(13)';
      OUTPUT_LOAD='(1.0,-1.0)';
    'BOOST':
      PIN_NUMBER='(14)';
      OUTPUT_LOAD='(1.0,-1.0)';
    'VIN':
      PIN_NUMBER='(15)';
      INPUT_LOAD='(-0.01,0.01)';
    'ILIM':
      PIN_NUMBER='(16)';
      INPUT_LOAD='(-0.01,0.01)';
    'PAD':
      PIN_NUMBER='(17)';
      PINUSE='GROUND';
      NO_LOAD_CHECK='Both';
      NO_IO_CHECK='Both';
      NO_ASSERT_CHECK='TRUE';
      NO_DIR_CHECK='TRUE';
      ALLOW_CONNECT='TRUE';
  end_pin;
  body
    BODY_NAME='TPS40055';
    PART_NAME='TPS40055';
    PHYS_DES_PREFIX='U';
    CLASS='IC';
  end_body;
end_primitive;

END.
