FILE_TYPE=LIBRARY_PARTS;
primitive 'ESI_7SGR2017G04_T';
  pin
    'OUT':
      PIN_NUMBER='(A)';
      OUTPUT_LOAD='(1.0,-1.0)';
    'IN':
      PIN_NUMBER='(B)';
      INPUT_LOAD='(-0.01,0.01)';
    'GND1':
      PIN_NUMBER='(C)';
      PINUSE='GROUND';
      NO_LOAD_CHECK='Both';
      NO_IO_CHECK='Both';
      NO_ASSERT_CHECK='TRUE';
      NO_DIR_CHECK='TRUE';
      ALLOW_CONNECT='TRUE';
    'GND2':
      PIN_NUMBER='(D)';
      PINUSE='GROUND';
      NO_LOAD_CHECK='Both';
      NO_IO_CHECK='Both';
      NO_ASSERT_CHECK='TRUE';
      NO_DIR_CHECK='TRUE';
      ALLOW_CONNECT='TRUE';
    'GND3':
      PIN_NUMBER='(E)';
      PINUSE='GROUND';
      NO_LOAD_CHECK='Both';
      NO_IO_CHECK='Both';
      NO_ASSERT_CHECK='TRUE';
      NO_DIR_CHECK='TRUE';
      ALLOW_CONNECT='TRUE';
  end_pin;
  body
    PART_NAME='ESI_7SGR2017G04_T';
    BODY_NAME='ESI_7SGR2017G04_T';
    PHYS_DES_PREFIX='U';
    CLASS='IC';
  end_body;
end_primitive;

END.
