
	(Comment
		(Time 02/11/09,10:34:21)
		(User ray.zhou)
		(MsgId ECO_022)
		(Text "Package CAPACITOR_0201 deleted from cell")
		(Param1 CAPACITOR_0201)
	)
	(Comment
		(Time 02/11/09,10:34:22)
		(User ray.zhou)
		(MsgId ECO_022)
		(Text "Package CAPACITOR_0402 deleted from cell")
		(Param1 CAPACITOR_0402)
	)
	(Comment
		(Time 02/11/09,10:34:23)
		(User ray.zhou)
		(MsgId ECO_022)
		(Text "Package CAPACITOR_0603 deleted from cell")
		(Param1 CAPACITOR_0603)
	)
	(Comment
		(Time 02/11/09,10:34:24)
		(User ray.zhou)
		(MsgId ECO_022)
		(Text "Package CAPACITOR_0805 deleted from cell")
		(Param1 CAPACITOR_0805)
	)
	(Comment
		(Time 02/11/09,10:34:25)
		(User ray.zhou)
		(MsgId ECO_022)
		(Text "Package CAPACITOR_1206 deleted from cell")
		(Param1 CAPACITOR_1206)
	)
	(Comment
		(Time 02/11/09,10:34:26)
		(User ray.zhou)
		(MsgId ECO_022)
		(Text "Package CAPACITOR_1210 deleted from cell")
		(Param1 CAPACITOR_1210)
	)
	(Comment
		(Time 02/11/09,10:34:28)
		(User ray.zhou)
		(MsgId ECO_022)
		(Text "Package CAPACITOR_1812 deleted from cell")
		(Param1 CAPACITOR_1812)
	)
	(Comment
		(Time 02/11/09,10:34:29)
		(User ray.zhou)
		(MsgId ECO_022)
		(Text "Package CAPACITOR_2220 deleted from cell")
		(Param1 CAPACITOR_2220)
	)
	(Comment
		(Time 02/11/09,10:34:30)
		(User ray.zhou)
		(MsgId ECO_022)
		(Text "Package CAPACITOR_1414M deleted from cell")
		(Param1 CAPACITOR_1414M)
	)
	(Comment
		(Time 02/11/09,10:34:32)
		(User ray.zhou)
		(MsgId ECO_022)
		(Text "Package CAPACITOR_2828M deleted from cell")
		(Param1 CAPACITOR_2828M)
	)
	(Comment
		(Time 02/11/09,10:34:33)
		(User ray.zhou)
		(MsgId ECO_022)
		(Text "Package CAPACITOR_2R5X5R5-0R5 deleted from cell")
		(Param1 CAPACITOR_2R5X5R5-0R5)
	)
	(Comment
		(Time 02/11/09,10:34:35)
		(User ray.zhou)
		(MsgId ECO_022)
		(Text "Package CAPACITOR_2R5X5R5-0R6 deleted from cell")
		(Param1 CAPACITOR_2R5X5R5-0R6)
	)
	(Comment
		(Time 02/11/09,10:34:36)
		(User ray.zhou)
		(MsgId ECO_022)
		(Text "Package CAPACITOR_2R5X6R8-0R5 deleted from cell")
		(Param1 CAPACITOR_2R5X6R8-0R5)
	)
	(Comment
		(Time 02/11/09,10:34:38)
		(User ray.zhou)
		(MsgId ECO_022)
		(Text "Package CAPACITOR_5R0X5R5-0R5 deleted from cell")
		(Param1 CAPACITOR_5R0X5R5-0R5)
	)
	(Comment
		(Time 02/11/09,10:34:39)
		(User ray.zhou)
		(MsgId ECO_022)
		(Text "Package CAPACITOR_5R0X5R5-0R6 deleted from cell")
		(Param1 CAPACITOR_5R0X5R5-0R6)
	)
	(Comment
		(Time 02/11/09,10:34:41)
		(User ray.zhou)
		(MsgId ECO_022)
		(Text "Package CAPACITOR_5R0X8R5-0R5 deleted from cell")
		(Param1 CAPACITOR_5R0X8R5-0R5)
	)
	(Comment
		(Time 02/11/09,10:34:42)
		(User ray.zhou)
		(MsgId ECO_022)
		(Text "Package CAPACITOR_5R0X8R5-0R6 deleted from cell")
		(Param1 CAPACITOR_5R0X8R5-0R6)
	)
	(Comment
		(Time 02/11/09,10:34:43)
		(User ray.zhou)
		(MsgId ECO_022)
		(Text "Package CAPACITOR_7R5X10R5-0R6 deleted from cell")
		(Param1 CAPACITOR_7R5X10R5-0R6)
	)
	(Comment
		(Time 02/11/09,10:34:45)
		(User ray.zhou)
		(MsgId ECO_022)
		(Text "Package CAPACITOR_7R5X13R0-0R6 deleted from cell")
		(Param1 CAPACITOR_7R5X13R0-0R6)
	)
	(Comment
		(Time 02/11/09,10:34:46)
		(User ray.zhou)
		(MsgId ECO_022)
		(Text "Package CAPACITOR_7R5X16R5-0R6 deleted from cell")
		(Param1 CAPACITOR_7R5X16R5-0R6)
	)
	(Comment
		(Time 02/11/09,10:34:48)
		(User ray.zhou)
		(MsgId ECO_022)
		(Text "Package CAPACITOR_5R0X16R5-0R6 deleted from cell")
		(Param1 CAPACITOR_5R0X16R5-0R6)
	)
	(Comment
		(Time 02/11/09,10:34:49)
		(User ray.zhou)
		(MsgId ECO_022)
		(Text "Package CAPACITOR_10R0X13R0-0R8 deleted from cell")
		(Param1 CAPACITOR_10R0X13R0-0R8)
	)
	(Comment
		(Time 02/11/09,10:34:53)
		(User ray.zhou)
		(MsgId ECO_022)
		(Text "Package CAPACITOR_10R0X10R5-0R6 deleted from cell")
		(Param1 CAPACITOR_10R0X10R5-0R6)
	)
	(Comment
		(Time 02/11/09,10:34:55)
		(User ray.zhou)
		(MsgId ECO_022)
		(Text "Package CAPACITOR_15R0X18R5-0R8 deleted from cell")
		(Param1 CAPACITOR_15R0X18R5-0R8)
	)
	(Comment
		(Time 02/11/09,10:34:56)
		(User ray.zhou)
		(MsgId ECO_022)
		(Text "Package CAPACITOR_7R5X13R0-0R8 deleted from cell")
		(Param1 CAPACITOR_7R5X13R0-0R8)
	)
	(Comment
		(Time 02/11/09,10:34:57)
		(User ray.zhou)
		(MsgId ECO_022)
		(Text "Package CAPACITOR_20R0X25R0-0R8 deleted from cell")
		(Param1 CAPACITOR_20R0X25R0-0R8)
	)
	(Comment
		(Time 02/11/09,10:34:59)
		(User ray.zhou)
		(MsgId ECO_022)
		(Text "Package CAPACITOR_28R0X32R0-0R8 deleted from cell")
		(Param1 CAPACITOR_28R0X32R0-0R8)
	)
	(Comment
		(Time 02/11/09,10:35:00)
		(User ray.zhou)
		(MsgId ECO_022)
		(Text "Package CAPACITOR_5R0X18R5-1R0 deleted from cell")
		(Param1 CAPACITOR_5R0X18R5-1R0)
	)
	(Comment
		(Time 02/11/09,10:35:01)
		(User ray.zhou)
		(MsgId ECO_022)
		(Text "Package CAPACITOR_15R0X18R5-1R0 deleted from cell")
		(Param1 CAPACITOR_15R0X18R5-1R0)
	)
	(Comment
		(Time 02/11/09,10:35:03)
		(User ray.zhou)
		(MsgId ECO_022)
		(Text "Package CAPACITOR_22R5X26R5-0R8 deleted from cell")
		(Param1 CAPACITOR_22R5X26R5-0R8)
	)
	(Comment
		(Time 02/11/09,10:35:04)
		(User ray.zhou)
		(MsgId ECO_022)
		(Text "Package CAPACITOR_27R5X35R0-0R8 deleted from cell")
		(Param1 CAPACITOR_27R5X35R0-0R8)
	)
	(Comment
		(Time 02/11/09,10:35:05)
		(User ray.zhou)
		(MsgId ECO_022)
		(Text "Package CAPACITOR_RAD deleted from cell")
		(Param1 CAPACITOR_RAD)
	)
	(Comment
		(Time 02/11/09,10:35:07)
		(User ray.zhou)
		(MsgId ECO_022)
		(Text "Package CAPACITOR_2225 deleted from cell")
		(Param1 CAPACITOR_2225)
	)
	(Comment
		(Time 02/11/09,10:35:09)
		(User ray.zhou)
		(MsgId ECO_022)
		(Text "Package CAPACITOR_0805C deleted from cell")
		(Param1 CAPACITOR_0805C)
	)
	(Comment
		(Time 02/11/09,10:35:10)
		(User ray.zhou)
		(MsgId ECO_022)
		(Text "Package CAPACITOR_1206C deleted from cell")
		(Param1 CAPACITOR_1206C)
	)
	(Comment
		(Time 02/11/09,10:35:12)
		(User ray.zhou)
		(MsgId ECO_022)
		(Text "Package CAPACITOR_1210C deleted from cell")
		(Param1 CAPACITOR_1210C)
	)
	(Comment
		(Time 02/11/09,10:35:13)
		(User ray.zhou)
		(MsgId ECO_022)
		(Text "Package CAPACITOR_1812C deleted from cell")
		(Param1 CAPACITOR_1812C)
	)
	(Comment
		(Time 02/11/09,10:35:56)
		(User ray.zhou)
		(MsgId ECO_082)
		(Text "Symbol sym_2 deleted from cell")
		(Param1 sym_2)
	)
	(Comment
		(Time 02/11/09,10:35:57)
		(User ray.zhou)
		(MsgId ECO_082)
		(Text "Symbol sym_3 deleted from cell")
		(Param1 sym_3)
	)
	(Comment
		(Time 02/11/09,10:35:59)
		(User ray.zhou)
		(MsgId ECO_082)
		(Text "Symbol sym_4 deleted from cell")
		(Param1 sym_4)
	)
	(Comment
		(Time 02/11/09,10:36:00)
		(User ray.zhou)
		(MsgId ECO_082)
		(Text "Symbol sym_5 deleted from cell")
		(Param1 sym_5)
	)

	(Comment
		(Time 02/11/09,12:57:22)
		(User ray.zhou)
		(MsgId ECO_022)
		(Text "Package CAPACITOR_0201 deleted from cell")
		(Param1 CAPACITOR_0201)
	)
	(Comment
		(Time 02/11/09,12:57:24)
		(User ray.zhou)
		(MsgId ECO_022)
		(Text "Package CAPACITOR_0402 deleted from cell")
		(Param1 CAPACITOR_0402)
	)
	(Comment
		(Time 02/11/09,12:57:26)
		(User ray.zhou)
		(MsgId ECO_022)
		(Text "Package CAPACITOR_0603 deleted from cell")
		(Param1 CAPACITOR_0603)
	)
	(Comment
		(Time 02/11/09,12:57:33)
		(User ray.zhou)
		(MsgId ECO_022)
		(Text "Package CAPACITOR_0805 deleted from cell")
		(Param1 CAPACITOR_0805)
	)
	(Comment
		(Time 02/11/09,12:57:33)
		(User ray.zhou)
		(MsgId ECO_022)
		(Text "Package CAPACITOR_1206 deleted from cell")
		(Param1 CAPACITOR_1206)
	)
	(Comment
		(Time 02/11/09,12:57:34)
		(User ray.zhou)
		(MsgId ECO_022)
		(Text "Package CAPACITOR_1210 deleted from cell")
		(Param1 CAPACITOR_1210)
	)

	(Comment
		(Time 02/11/09,12:57:37)
		(User ray.zhou)
		(MsgId ECO_022)
		(Text "Package CAPACITOR_1812 deleted from cell")
		(Param1 CAPACITOR_1812)
	)
	(Comment
		(Time 02/11/09,12:57:38)
		(User ray.zhou)
		(MsgId ECO_022)
		(Text "Package CAPACITOR_2220 deleted from cell")
		(Param1 CAPACITOR_2220)
	)
	(Comment
		(Time 02/11/09,12:57:40)
		(User ray.zhou)
		(MsgId ECO_022)
		(Text "Package CAPACITOR_1414M deleted from cell")
		(Param1 CAPACITOR_1414M)
	)
	(Comment
		(Time 02/11/09,12:57:40)
		(User ray.zhou)
		(MsgId ECO_022)
		(Text "Package CAPACITOR_2828M deleted from cell")
		(Param1 CAPACITOR_2828M)
	)
	(Comment
		(Time 02/11/09,12:57:41)
		(User ray.zhou)
		(MsgId ECO_022)
		(Text "Package CAPACITOR_2R5X5R5-0R5 deleted from cell")
		(Param1 CAPACITOR_2R5X5R5-0R5)
	)
	(Comment
		(Time 02/11/09,12:57:42)
		(User ray.zhou)
		(MsgId ECO_022)
		(Text "Package CAPACITOR_2R5X5R5-0R6 deleted from cell")
		(Param1 CAPACITOR_2R5X5R5-0R6)
	)
	(Comment
		(Time 02/11/09,12:57:42)
		(User ray.zhou)
		(MsgId ECO_022)
		(Text "Package CAPACITOR_2R5X6R8-0R5 deleted from cell")
		(Param1 CAPACITOR_2R5X6R8-0R5)
	)
	(Comment
		(Time 02/11/09,12:57:43)
		(User ray.zhou)
		(MsgId ECO_022)
		(Text "Package CAPACITOR_5R0X5R5-0R5 deleted from cell")
		(Param1 CAPACITOR_5R0X5R5-0R5)
	)
	(Comment
		(Time 02/11/09,12:57:43)
		(User ray.zhou)
		(MsgId ECO_022)
		(Text "Package CAPACITOR_5R0X5R5-0R6 deleted from cell")
		(Param1 CAPACITOR_5R0X5R5-0R6)
	)
	(Comment
		(Time 02/11/09,12:57:44)
		(User ray.zhou)
		(MsgId ECO_022)
		(Text "Package CAPACITOR_5R0X8R5-0R5 deleted from cell")
		(Param1 CAPACITOR_5R0X8R5-0R5)
	)
	(Comment
		(Time 02/11/09,12:57:45)
		(User ray.zhou)
		(MsgId ECO_022)
		(Text "Package CAPACITOR_5R0X8R5-0R6 deleted from cell")
		(Param1 CAPACITOR_5R0X8R5-0R6)
	)
	(Comment
		(Time 02/11/09,12:57:45)
		(User ray.zhou)
		(MsgId ECO_022)
		(Text "Package CAPACITOR_7R5X10R5-0R6 deleted from cell")
		(Param1 CAPACITOR_7R5X10R5-0R6)
	)
	(Comment
		(Time 02/11/09,12:57:46)
		(User ray.zhou)
		(MsgId ECO_022)
		(Text "Package CAPACITOR_7R5X13R0-0R6 deleted from cell")
		(Param1 CAPACITOR_7R5X13R0-0R6)
	)
	(Comment
		(Time 02/11/09,12:57:46)
		(User ray.zhou)
		(MsgId ECO_022)
		(Text "Package CAPACITOR_7R5X16R5-0R6 deleted from cell")
		(Param1 CAPACITOR_7R5X16R5-0R6)
	)
	(Comment
		(Time 02/11/09,12:57:47)
		(User ray.zhou)
		(MsgId ECO_022)
		(Text "Package CAPACITOR_5R0X16R5-0R6 deleted from cell")
		(Param1 CAPACITOR_5R0X16R5-0R6)
	)
	(Comment
		(Time 02/11/09,12:57:48)
		(User ray.zhou)
		(MsgId ECO_022)
		(Text "Package CAPACITOR_10R0X13R0-0R8 deleted from cell")
		(Param1 CAPACITOR_10R0X13R0-0R8)
	)
	(Comment
		(Time 02/11/09,12:57:48)
		(User ray.zhou)
		(MsgId ECO_022)
		(Text "Package CAPACITOR_10R0X10R5-0R6 deleted from cell")
		(Param1 CAPACITOR_10R0X10R5-0R6)
	)
	(Comment
		(Time 02/11/09,12:57:49)
		(User ray.zhou)
		(MsgId ECO_022)
		(Text "Package CAPACITOR_15R0X18R5-0R8 deleted from cell")
		(Param1 CAPACITOR_15R0X18R5-0R8)
	)
	(Comment
		(Time 02/11/09,12:57:49)
		(User ray.zhou)
		(MsgId ECO_022)
		(Text "Package CAPACITOR_7R5X13R0-0R8 deleted from cell")
		(Param1 CAPACITOR_7R5X13R0-0R8)
	)
	(Comment
		(Time 02/11/09,12:57:50)
		(User ray.zhou)
		(MsgId ECO_022)
		(Text "Package CAPACITOR_20R0X25R0-0R8 deleted from cell")
		(Param1 CAPACITOR_20R0X25R0-0R8)
	)
	(Comment
		(Time 02/11/09,12:57:51)
		(User ray.zhou)
		(MsgId ECO_022)
		(Text "Package CAPACITOR_28R0X32R0-0R8 deleted from cell")
		(Param1 CAPACITOR_28R0X32R0-0R8)
	)
	(Comment
		(Time 02/11/09,12:57:51)
		(User ray.zhou)
		(MsgId ECO_022)
		(Text "Package CAPACITOR_5R0X18R5-1R0 deleted from cell")
		(Param1 CAPACITOR_5R0X18R5-1R0)
	)
	(Comment
		(Time 02/11/09,12:57:52)
		(User ray.zhou)
		(MsgId ECO_022)
		(Text "Package CAPACITOR_15R0X18R5-1R0 deleted from cell")
		(Param1 CAPACITOR_15R0X18R5-1R0)
	)
	(Comment
		(Time 02/11/09,12:57:52)
		(User ray.zhou)
		(MsgId ECO_022)
		(Text "Package CAPACITOR_22R5X26R5-0R8 deleted from cell")
		(Param1 CAPACITOR_22R5X26R5-0R8)
	)
	(Comment
		(Time 02/11/09,12:57:53)
		(User ray.zhou)
		(MsgId ECO_022)
		(Text "Package CAPACITOR_27R5X35R0-0R8 deleted from cell")
		(Param1 CAPACITOR_27R5X35R0-0R8)
	)
	(Comment
		(Time 02/11/09,12:57:54)
		(User ray.zhou)
		(MsgId ECO_022)
		(Text "Package CAPACITOR_RAD deleted from cell")
		(Param1 CAPACITOR_RAD)
	)
	(Comment
		(Time 02/11/09,12:57:55)
		(User ray.zhou)
		(MsgId ECO_022)
		(Text "Package CAPACITOR_2225 deleted from cell")
		(Param1 CAPACITOR_2225)
	)
	(Comment
		(Time 02/11/09,12:57:56)
		(User ray.zhou)
		(MsgId ECO_022)
		(Text "Package CAPACITOR_0805C deleted from cell")
		(Param1 CAPACITOR_0805C)
	)
	(Comment
		(Time 02/11/09,12:57:56)
		(User ray.zhou)
		(MsgId ECO_022)
		(Text "Package CAPACITOR_1206C deleted from cell")
		(Param1 CAPACITOR_1206C)
	)
	(Comment
		(Time 02/11/09,12:57:57)
		(User ray.zhou)
		(MsgId ECO_022)
		(Text "Package CAPACITOR_1210C deleted from cell")
		(Param1 CAPACITOR_1210C)
	)
	(Comment
		(Time 02/11/09,12:57:57)
		(User ray.zhou)
		(MsgId ECO_022)
		(Text "Package CAPACITOR_1812C deleted from cell")
		(Param1 CAPACITOR_1812C)
	)
	(Comment
		(Time 02/11/09,12:58:02)
		(User ray.zhou)
		(MsgId ECO_082)
		(Text "Symbol sym_2 deleted from cell")
		(Param1 sym_2)
	)
	(Comment
		(Time 02/11/09,12:58:03)
		(User ray.zhou)
		(MsgId ECO_082)
		(Text "Symbol sym_3 deleted from cell")
		(Param1 sym_3)
	)
	(Comment
		(Time 02/11/09,12:58:04)
		(User ray.zhou)
		(MsgId ECO_082)
		(Text "Symbol sym_4 deleted from cell")
		(Param1 sym_4)
	)
	(Comment
		(Time 02/11/09,12:58:05)
		(User ray.zhou)
		(MsgId ECO_082)
		(Text "Symbol sym_5 deleted from cell")
		(Param1 sym_5)
	)

	(Comment
		(Time 02/11/09,12:59:41)
		(User ray.zhou)
		(MsgId ECO_022)
		(Text "Package CAPACITOR_0201 deleted from cell")
		(Param1 CAPACITOR_0201)
	)
	(Comment
		(Time 02/11/09,12:59:41)
		(User ray.zhou)
		(MsgId ECO_022)
		(Text "Package CAPACITOR_0402 deleted from cell")
		(Param1 CAPACITOR_0402)
	)
	(Comment
		(Time 02/11/09,12:59:42)
		(User ray.zhou)
		(MsgId ECO_022)
		(Text "Package CAPACITOR_0603 deleted from cell")
		(Param1 CAPACITOR_0603)
	)
	(Comment
		(Time 02/11/09,12:59:43)
		(User ray.zhou)
		(MsgId ECO_022)
		(Text "Package CAPACITOR_0805 deleted from cell")
		(Param1 CAPACITOR_0805)
	)
	(Comment
		(Time 02/11/09,12:59:43)
		(User ray.zhou)
		(MsgId ECO_022)
		(Text "Package CAPACITOR_1206 deleted from cell")
		(Param1 CAPACITOR_1206)
	)
	(Comment
		(Time 02/11/09,12:59:45)
		(User ray.zhou)
		(MsgId ECO_022)
		(Text "Package CAPACITOR_1210 deleted from cell")
		(Param1 CAPACITOR_1210)
	)
	(Comment
		(Time 02/11/09,12:59:46)
		(User ray.zhou)
		(MsgId ECO_022)
		(Text "Package CAPACITOR_1812 deleted from cell")
		(Param1 CAPACITOR_1812)
	)
	(Comment
		(Time 02/11/09,12:59:46)
		(User ray.zhou)
		(MsgId ECO_022)
		(Text "Package CAPACITOR_2220 deleted from cell")
		(Param1 CAPACITOR_2220)
	)
	(Comment
		(Time 02/11/09,12:59:47)
		(User ray.zhou)
		(MsgId ECO_022)
		(Text "Package CAPACITOR_1414M deleted from cell")
		(Param1 CAPACITOR_1414M)
	)
	(Comment
		(Time 02/11/09,12:59:47)
		(User ray.zhou)
		(MsgId ECO_022)
		(Text "Package CAPACITOR_2828M deleted from cell")
		(Param1 CAPACITOR_2828M)
	)
	(Comment
		(Time 02/11/09,12:59:48)
		(User ray.zhou)
		(MsgId ECO_022)
		(Text "Package CAPACITOR_2R5X5R5-0R5 deleted from cell")
		(Param1 CAPACITOR_2R5X5R5-0R5)
	)
	(Comment
		(Time 02/11/09,12:59:48)
		(User ray.zhou)
		(MsgId ECO_022)
		(Text "Package CAPACITOR_2R5X5R5-0R6 deleted from cell")
		(Param1 CAPACITOR_2R5X5R5-0R6)
	)
	(Comment
		(Time 02/11/09,12:59:49)
		(User ray.zhou)
		(MsgId ECO_022)
		(Text "Package CAPACITOR_2R5X6R8-0R5 deleted from cell")
		(Param1 CAPACITOR_2R5X6R8-0R5)
	)
	(Comment
		(Time 02/11/09,12:59:50)
		(User ray.zhou)
		(MsgId ECO_022)
		(Text "Package CAPACITOR_5R0X5R5-0R5 deleted from cell")
		(Param1 CAPACITOR_5R0X5R5-0R5)
	)
	(Comment
		(Time 02/11/09,12:59:51)
		(User ray.zhou)
		(MsgId ECO_022)
		(Text "Package CAPACITOR_5R0X5R5-0R6 deleted from cell")
		(Param1 CAPACITOR_5R0X5R5-0R6)
	)
	(Comment
		(Time 02/11/09,12:59:51)
		(User ray.zhou)
		(MsgId ECO_022)
		(Text "Package CAPACITOR_5R0X8R5-0R5 deleted from cell")
		(Param1 CAPACITOR_5R0X8R5-0R5)
	)
	(Comment
		(Time 02/11/09,12:59:53)
		(User ray.zhou)
		(MsgId ECO_022)
		(Text "Package CAPACITOR_5R0X8R5-0R6 deleted from cell")
		(Param1 CAPACITOR_5R0X8R5-0R6)
	)
	(Comment
		(Time 02/11/09,12:59:53)
		(User ray.zhou)
		(MsgId ECO_022)
		(Text "Package CAPACITOR_7R5X10R5-0R6 deleted from cell")
		(Param1 CAPACITOR_7R5X10R5-0R6)
	)
	(Comment
		(Time 02/11/09,12:59:54)
		(User ray.zhou)
		(MsgId ECO_022)
		(Text "Package CAPACITOR_7R5X13R0-0R6 deleted from cell")
		(Param1 CAPACITOR_7R5X13R0-0R6)
	)
	(Comment
		(Time 02/11/09,12:59:54)
		(User ray.zhou)
		(MsgId ECO_022)
		(Text "Package CAPACITOR_7R5X16R5-0R6 deleted from cell")
		(Param1 CAPACITOR_7R5X16R5-0R6)
	)
	(Comment
		(Time 02/11/09,12:59:55)
		(User ray.zhou)
		(MsgId ECO_022)
		(Text "Package CAPACITOR_5R0X16R5-0R6 deleted from cell")
		(Param1 CAPACITOR_5R0X16R5-0R6)
	)
	(Comment
		(Time 02/11/09,12:59:56)
		(User ray.zhou)
		(MsgId ECO_022)
		(Text "Package CAPACITOR_10R0X13R0-0R8 deleted from cell")
		(Param1 CAPACITOR_10R0X13R0-0R8)
	)
	(Comment
		(Time 02/11/09,12:59:56)
		(User ray.zhou)
		(MsgId ECO_022)
		(Text "Package CAPACITOR_10R0X10R5-0R6 deleted from cell")
		(Param1 CAPACITOR_10R0X10R5-0R6)
	)
	(Comment
		(Time 02/11/09,12:59:57)
		(User ray.zhou)
		(MsgId ECO_022)
		(Text "Package CAPACITOR_15R0X18R5-0R8 deleted from cell")
		(Param1 CAPACITOR_15R0X18R5-0R8)
	)
	(Comment
		(Time 02/11/09,12:59:57)
		(User ray.zhou)
		(MsgId ECO_022)
		(Text "Package CAPACITOR_7R5X13R0-0R8 deleted from cell")
		(Param1 CAPACITOR_7R5X13R0-0R8)
	)
	(Comment
		(Time 02/11/09,12:59:58)
		(User ray.zhou)
		(MsgId ECO_022)
		(Text "Package CAPACITOR_20R0X25R0-0R8 deleted from cell")
		(Param1 CAPACITOR_20R0X25R0-0R8)
	)
	(Comment
		(Time 02/11/09,12:59:58)
		(User ray.zhou)
		(MsgId ECO_022)
		(Text "Package CAPACITOR_28R0X32R0-0R8 deleted from cell")
		(Param1 CAPACITOR_28R0X32R0-0R8)
	)
	(Comment
		(Time 02/11/09,12:59:59)
		(User ray.zhou)
		(MsgId ECO_022)
		(Text "Package CAPACITOR_5R0X18R5-1R0 deleted from cell")
		(Param1 CAPACITOR_5R0X18R5-1R0)
	)
	(Comment
		(Time 02/11/09,13:00:00)
		(User ray.zhou)
		(MsgId ECO_022)
		(Text "Package CAPACITOR_15R0X18R5-1R0 deleted from cell")
		(Param1 CAPACITOR_15R0X18R5-1R0)
	)
	(Comment
		(Time 02/11/09,13:00:00)
		(User ray.zhou)
		(MsgId ECO_022)
		(Text "Package CAPACITOR_22R5X26R5-0R8 deleted from cell")
		(Param1 CAPACITOR_22R5X26R5-0R8)
	)
	(Comment
		(Time 02/11/09,13:00:01)
		(User ray.zhou)
		(MsgId ECO_022)
		(Text "Package CAPACITOR_27R5X35R0-0R8 deleted from cell")
		(Param1 CAPACITOR_27R5X35R0-0R8)
	)
	(Comment
		(Time 02/11/09,13:00:01)
		(User ray.zhou)
		(MsgId ECO_022)
		(Text "Package CAPACITOR_RAD deleted from cell")
		(Param1 CAPACITOR_RAD)
	)
	(Comment
		(Time 02/11/09,13:00:02)
		(User ray.zhou)
		(MsgId ECO_022)
		(Text "Package CAPACITOR_2225 deleted from cell")
		(Param1 CAPACITOR_2225)
	)
	(Comment
		(Time 02/11/09,13:00:03)
		(User ray.zhou)
		(MsgId ECO_022)
		(Text "Package CAPACITOR_0805C deleted from cell")
		(Param1 CAPACITOR_0805C)
	)
	(Comment
		(Time 02/11/09,13:00:03)
		(User ray.zhou)
		(MsgId ECO_022)
		(Text "Package CAPACITOR_1206C deleted from cell")
		(Param1 CAPACITOR_1206C)
	)
	(Comment
		(Time 02/11/09,13:00:05)
		(User ray.zhou)
		(MsgId ECO_022)
		(Text "Package CAPACITOR_1210C deleted from cell")
		(Param1 CAPACITOR_1210C)
	)
	(Comment
		(Time 02/11/09,13:00:06)
		(User ray.zhou)
		(MsgId ECO_022)
		(Text "Package CAPACITOR_1812C deleted from cell")
		(Param1 CAPACITOR_1812C)
	)
	(Comment
		(Time 02/11/09,13:00:08)
		(User ray.zhou)
		(MsgId ECO_082)
		(Text "Symbol sym_2 deleted from cell")
		(Param1 sym_2)
	)
	(Comment
		(Time 02/11/09,13:00:09)
		(User ray.zhou)
		(MsgId ECO_082)
		(Text "Symbol sym_4 deleted from cell")
		(Param1 sym_4)
	)
	(Comment
		(Time 02/11/09,13:00:10)
		(User ray.zhou)
		(MsgId ECO_082)
		(Text "Symbol sym_3 deleted from cell")
		(Param1 sym_3)
	)
	(Comment
		(Time 02/11/09,13:00:12)
		(User ray.zhou)
		(MsgId ECO_082)
		(Text "Symbol sym_5 deleted from cell")
		(Param1 sym_5)
	)
