FILE_TYPE=LIBRARY_PARTS;
primitive 'LMK03000ISQ';
  pin
    'GND1':
      PIN_NUMBER='(1)';
      PINUSE='GROUND';
      NO_LOAD_CHECK='Both';
      NO_IO_CHECK='Both';
      NO_ASSERT_CHECK='TRUE';
      NO_DIR_CHECK='TRUE';
      ALLOW_CONNECT='TRUE';
    'FOUT':
      PIN_NUMBER='(2)';
      OUTPUT_LOAD='(1.0,-1.0)';
    'VCC1':
      PIN_NUMBER='(3)';
      PINUSE='POWER';
      NO_LOAD_CHECK='Both';
      NO_IO_CHECK='Both';
      NO_ASSERT_CHECK='TRUE';
      NO_DIR_CHECK='TRUE';
      ALLOW_CONNECT='TRUE';
    'CLKUWIRE':
      PIN_NUMBER='(4)';
      INPUT_LOAD='(-0.01,0.01)';
    'DATAUWIRE':
      PIN_NUMBER='(5)';
      INPUT_LOAD='(-0.01,0.01)';
    'LEUWIRE':
      PIN_NUMBER='(6)';
      INPUT_LOAD='(-0.01,0.01)';
    'NC1':
      PIN_NUMBER='(7)';
      PINUSE='NC';
      NO_LOAD_CHECK='Both';
      NO_IO_CHECK='Both';
      NO_ASSERT_CHECK='TRUE';
      NO_DIR_CHECK='TRUE';
      ALLOW_CONNECT='TRUE';
    'VCC2':
      PIN_NUMBER='(8)';
      PINUSE='POWER';
      NO_LOAD_CHECK='Both';
      NO_IO_CHECK='Both';
      NO_ASSERT_CHECK='TRUE';
      NO_DIR_CHECK='TRUE';
      ALLOW_CONNECT='TRUE';
    'LDOBYP1':
      PIN_NUMBER='(9)';
      PINUSE='POWER';
      NO_LOAD_CHECK='Both';
      NO_IO_CHECK='Both';
      NO_ASSERT_CHECK='TRUE';
      NO_DIR_CHECK='TRUE';
      ALLOW_CONNECT='TRUE';
    'LDOBYP2':
      PIN_NUMBER='(10)';
      PINUSE='POWER';
      NO_LOAD_CHECK='Both';
      NO_IO_CHECK='Both';
      NO_ASSERT_CHECK='TRUE';
      NO_DIR_CHECK='TRUE';
      ALLOW_CONNECT='TRUE';
    'GOE':
      PIN_NUMBER='(11)';
      INPUT_LOAD='(-0.01,0.01)';
    'LD':
      PIN_NUMBER='(12)';
      OUTPUT_LOAD='(1.0,-1.0)';
    'VCC3':
      PIN_NUMBER='(13)';
      PINUSE='POWER';
      NO_LOAD_CHECK='Both';
      NO_IO_CHECK='Both';
      NO_ASSERT_CHECK='TRUE';
      NO_DIR_CHECK='TRUE';
      ALLOW_CONNECT='TRUE';
    'CLKOUT0':
      PIN_NUMBER='(14)';
      OUTPUT_LOAD='(1.0,-1.0)';
    'CLKOUT0#':
      PIN_NUMBER='(15)';
      OUTPUT_LOAD='(1.0,-1.0)';
    'VCC4':
      PIN_NUMBER='(16)';
      PINUSE='POWER';
      NO_LOAD_CHECK='Both';
      NO_IO_CHECK='Both';
      NO_ASSERT_CHECK='TRUE';
      NO_DIR_CHECK='TRUE';
      ALLOW_CONNECT='TRUE';
    'CLKOUT1':
      PIN_NUMBER='(17)';
      OUTPUT_LOAD='(1.0,-1.0)';
    'CLKOUT1#':
      PIN_NUMBER='(18)';
      OUTPUT_LOAD='(1.0,-1.0)';
    'VCC5':
      PIN_NUMBER='(19)';
      PINUSE='POWER';
      NO_LOAD_CHECK='Both';
      NO_IO_CHECK='Both';
      NO_ASSERT_CHECK='TRUE';
      NO_DIR_CHECK='TRUE';
      ALLOW_CONNECT='TRUE';
    'CLKOUT2':
      PIN_NUMBER='(20)';
      OUTPUT_LOAD='(1.0,-1.0)';
    'CLKOUT2#':
      PIN_NUMBER='(21)';
      OUTPUT_LOAD='(1.0,-1.0)';
    'VCC6':
      PIN_NUMBER='(22)';
      PINUSE='POWER';
      NO_LOAD_CHECK='Both';
      NO_IO_CHECK='Both';
      NO_ASSERT_CHECK='TRUE';
      NO_DIR_CHECK='TRUE';
      ALLOW_CONNECT='TRUE';
    'CLKOUT3':
      PIN_NUMBER='(23)';
      OUTPUT_LOAD='(1.0,-1.0)';
    'CLKOUT3#':
      PIN_NUMBER='(24)';
      OUTPUT_LOAD='(1.0,-1.0)';
    'GND2':
      PIN_NUMBER='(25)';
      PINUSE='GROUND';
      NO_LOAD_CHECK='Both';
      NO_IO_CHECK='Both';
      NO_ASSERT_CHECK='TRUE';
      NO_DIR_CHECK='TRUE';
      ALLOW_CONNECT='TRUE';
    'VCC7':
      PIN_NUMBER='(26)';
      PINUSE='POWER';
      NO_LOAD_CHECK='Both';
      NO_IO_CHECK='Both';
      NO_ASSERT_CHECK='TRUE';
      NO_DIR_CHECK='TRUE';
      ALLOW_CONNECT='TRUE';
    'SYNC#':
      PIN_NUMBER='(27)';
      INPUT_LOAD='(-0.01,0.01)';
    'OSCIN':
      PIN_NUMBER='(28)';
      INPUT_LOAD='(-0.01,0.01)';
    'OSCIN#':
      PIN_NUMBER='(29)';
      INPUT_LOAD='(-0.01,0.01)';
    'VCC8':
      PIN_NUMBER='(30)';
      PINUSE='POWER';
      NO_LOAD_CHECK='Both';
      NO_IO_CHECK='Both';
      NO_ASSERT_CHECK='TRUE';
      NO_DIR_CHECK='TRUE';
      ALLOW_CONNECT='TRUE';
    'VCC9':
      PIN_NUMBER='(31)';
      PINUSE='POWER';
      NO_LOAD_CHECK='Both';
      NO_IO_CHECK='Both';
      NO_ASSERT_CHECK='TRUE';
      NO_DIR_CHECK='TRUE';
      ALLOW_CONNECT='TRUE';
    'CPOUT':
      PIN_NUMBER='(32)';
      OUTPUT_LOAD='(1.0,-1.0)';
    'VCC10':
      PIN_NUMBER='(33)';
      PINUSE='POWER';
      NO_LOAD_CHECK='Both';
      NO_IO_CHECK='Both';
      NO_ASSERT_CHECK='TRUE';
      NO_DIR_CHECK='TRUE';
      ALLOW_CONNECT='TRUE';
    'NC2':
      PIN_NUMBER='(34)';
      PINUSE='NC';
      NO_LOAD_CHECK='Both';
      NO_IO_CHECK='Both';
      NO_ASSERT_CHECK='TRUE';
      NO_DIR_CHECK='TRUE';
      ALLOW_CONNECT='TRUE';
    'NC3':
      PIN_NUMBER='(35)';
      PINUSE='NC';
      NO_LOAD_CHECK='Both';
      NO_IO_CHECK='Both';
      NO_ASSERT_CHECK='TRUE';
      NO_DIR_CHECK='TRUE';
      ALLOW_CONNECT='TRUE';
    'BIAS':
      PIN_NUMBER='(36)';
      INPUT_LOAD='(-0.01,0.01)';
    'VCC11':
      PIN_NUMBER='(37)';
      PINUSE='POWER';
      NO_LOAD_CHECK='Both';
      NO_IO_CHECK='Both';
      NO_ASSERT_CHECK='TRUE';
      NO_DIR_CHECK='TRUE';
      ALLOW_CONNECT='TRUE';
    'CLKOUT4':
      PIN_NUMBER='(38)';
      OUTPUT_LOAD='(1.0,-1.0)';
    'CLKOUT4#':
      PIN_NUMBER='(39)';
      OUTPUT_LOAD='(1.0,-1.0)';
    'VCC12':
      PIN_NUMBER='(40)';
      PINUSE='POWER';
      NO_LOAD_CHECK='Both';
      NO_IO_CHECK='Both';
      NO_ASSERT_CHECK='TRUE';
      NO_DIR_CHECK='TRUE';
      ALLOW_CONNECT='TRUE';
    'CLKOUT5':
      PIN_NUMBER='(41)';
      OUTPUT_LOAD='(1.0,-1.0)';
    'CLKOUT5#':
      PIN_NUMBER='(42)';
      OUTPUT_LOAD='(1.0,-1.0)';
    'VCC13':
      PIN_NUMBER='(43)';
      PINUSE='POWER';
      NO_LOAD_CHECK='Both';
      NO_IO_CHECK='Both';
      NO_ASSERT_CHECK='TRUE';
      NO_DIR_CHECK='TRUE';
      ALLOW_CONNECT='TRUE';
    'CLKOUT6':
      PIN_NUMBER='(44)';
      OUTPUT_LOAD='(1.0,-1.0)';
    'CLKOUT6#':
      PIN_NUMBER='(45)';
      OUTPUT_LOAD='(1.0,-1.0)';
    'VCC14':
      PIN_NUMBER='(46)';
      PINUSE='POWER';
      NO_LOAD_CHECK='Both';
      NO_IO_CHECK='Both';
      NO_ASSERT_CHECK='TRUE';
      NO_DIR_CHECK='TRUE';
      ALLOW_CONNECT='TRUE';
    'CLKOUT7':
      PIN_NUMBER='(47)';
      OUTPUT_LOAD='(1.0,-1.0)';
    'CLKOUT7#':
      PIN_NUMBER='(48)';
      OUTPUT_LOAD='(1.0,-1.0)';
    'DAP':
      PIN_NUMBER='(49)';
      PINUSE='NC';
      NO_LOAD_CHECK='Both';
      NO_IO_CHECK='Both';
      NO_ASSERT_CHECK='TRUE';
      NO_DIR_CHECK='TRUE';
      ALLOW_CONNECT='TRUE';
  end_pin;
  body
    PART_NAME='LMK03000ISQ';
    BODY_NAME='LMK03000ISQ';
    PHYS_DES_PREFIX='U';
    CLASS='IC';
  end_body;
end_primitive;

END.
