FILE_TYPE=LIBRARY_PARTS;
primitive 'ADS62C17IRGC';
  pin
    'DRVDD_1':
      PIN_NUMBER='(1)';
      PINUSE='POWER';
      NO_LOAD_CHECK='Both';
      NO_IO_CHECK='Both';
      NO_ASSERT_CHECK='TRUE';
      NO_DIR_CHECK='TRUE';
      ALLOW_CONNECT='TRUE';
    'DB2M':
      PIN_NUMBER='(2)';
      OUTPUT_LOAD='(1.0,-1.0)';
    'DB2P':
      PIN_NUMBER='(3)';
      OUTPUT_LOAD='(1.0,-1.0)';
    'DB4M':
      PIN_NUMBER='(4)';
      OUTPUT_LOAD='(1.0,-1.0)';
    'DB4P':
      PIN_NUMBER='(5)';
      OUTPUT_LOAD='(1.0,-1.0)';
    'DB6M':
      PIN_NUMBER='(6)';
      OUTPUT_LOAD='(1.0,-1.0)';
    'DB6P':
      PIN_NUMBER='(7)';
      OUTPUT_LOAD='(1.0,-1.0)';
    'DB8M':
      PIN_NUMBER='(8)';
      OUTPUT_LOAD='(1.0,-1.0)';
    'DB8P':
      PIN_NUMBER='(9)';
      OUTPUT_LOAD='(1.0,-1.0)';
    'DB10M':
      PIN_NUMBER='(10)';
      OUTPUT_LOAD='(1.0,-1.0)';
    'DB10P':
      PIN_NUMBER='(11)';
      OUTPUT_LOAD='(1.0,-1.0)';
    'RESET':
      PIN_NUMBER='(12)';
      INPUT_LOAD='(-0.01,0.01)';
    'SCLK':
      PIN_NUMBER='(13)';
      INPUT_LOAD='(-0.01,0.01)';
    'SDATA':
      PIN_NUMBER='(14)';
      INPUT_LOAD='(-0.01,0.01)';
    'SEN':
      PIN_NUMBER='(15)';
      INPUT_LOAD='(-0.01,0.01)';
    'AVDD_1':
      PIN_NUMBER='(16)';
      PINUSE='POWER';
      NO_LOAD_CHECK='Both';
      NO_IO_CHECK='Both';
      NO_ASSERT_CHECK='TRUE';
      NO_DIR_CHECK='TRUE';
      ALLOW_CONNECT='TRUE';
    'AGND_1':
      PIN_NUMBER='(17)';
      PINUSE='GROUND';
      NO_LOAD_CHECK='Both';
      NO_IO_CHECK='Both';
      NO_ASSERT_CHECK='TRUE';
      NO_DIR_CHECK='TRUE';
      ALLOW_CONNECT='TRUE';
    'AGND_2':
      PIN_NUMBER='(18)';
      PINUSE='GROUND';
      NO_LOAD_CHECK='Both';
      NO_IO_CHECK='Both';
      NO_ASSERT_CHECK='TRUE';
      NO_DIR_CHECK='TRUE';
      ALLOW_CONNECT='TRUE';
    'INP_B':
      PIN_NUMBER='(19)';
      INPUT_LOAD='(-0.01,0.01)';
    'INM_B':
      PIN_NUMBER='(20)';
      INPUT_LOAD='(-0.01,0.01)';
    'AGND_3':
      PIN_NUMBER='(21)';
      PINUSE='GROUND';
      NO_LOAD_CHECK='Both';
      NO_IO_CHECK='Both';
      NO_ASSERT_CHECK='TRUE';
      NO_DIR_CHECK='TRUE';
      ALLOW_CONNECT='TRUE';
    'NC_1':
      PIN_NUMBER='(22)';
      PINUSE='GROUND';
      NO_LOAD_CHECK='Both';
      NO_IO_CHECK='Both';
      NO_ASSERT_CHECK='TRUE';
      NO_DIR_CHECK='TRUE';
      ALLOW_CONNECT='TRUE';
    'CM':
      PIN_NUMBER='(23)';
      OUTPUT_LOAD='(1.0,-1.0)';
    'AGND_5':
      PIN_NUMBER='(24)';
      PINUSE='GROUND';
      NO_LOAD_CHECK='Both';
      NO_IO_CHECK='Both';
      NO_ASSERT_CHECK='TRUE';
      NO_DIR_CHECK='TRUE';
      ALLOW_CONNECT='TRUE';
    'CLKP':
      PIN_NUMBER='(25)';
      INPUT_LOAD='(-0.01,0.01)';
    'CLKM':
      PIN_NUMBER='(26)';
      INPUT_LOAD='(-0.01,0.01)';
    'AGND_6':
      PIN_NUMBER='(27)';
      PINUSE='GROUND';
      NO_LOAD_CHECK='Both';
      NO_IO_CHECK='Both';
      NO_ASSERT_CHECK='TRUE';
      NO_DIR_CHECK='TRUE';
      ALLOW_CONNECT='TRUE';
    'AGND_7':
      PIN_NUMBER='(28)';
      PINUSE='GROUND';
      NO_LOAD_CHECK='Both';
      NO_IO_CHECK='Both';
      NO_ASSERT_CHECK='TRUE';
      NO_DIR_CHECK='TRUE';
      ALLOW_CONNECT='TRUE';
    'INP_A':
      PIN_NUMBER='(29)';
      INPUT_LOAD='(-0.01,0.01)';
    'INM_A':
      PIN_NUMBER='(30)';
      INPUT_LOAD='(-0.01,0.01)';
    'AGND_8':
      PIN_NUMBER='(31)';
      PINUSE='GROUND';
      NO_LOAD_CHECK='Both';
      NO_IO_CHECK='Both';
      NO_ASSERT_CHECK='TRUE';
      NO_DIR_CHECK='TRUE';
      ALLOW_CONNECT='TRUE';
    'AGND_9':
      PIN_NUMBER='(32)';
      PINUSE='GROUND';
      NO_LOAD_CHECK='Both';
      NO_IO_CHECK='Both';
      NO_ASSERT_CHECK='TRUE';
      NO_DIR_CHECK='TRUE';
      ALLOW_CONNECT='TRUE';
    'DRVDD_2':
      PIN_NUMBER='(48)';
      PINUSE='POWER';
      NO_LOAD_CHECK='Both';
      NO_IO_CHECK='Both';
      NO_ASSERT_CHECK='TRUE';
      NO_DIR_CHECK='TRUE';
      ALLOW_CONNECT='TRUE';
    'DA4P':
      PIN_NUMBER='(47)';
      OUTPUT_LOAD='(1.0,-1.0)';
    'DA4M':
      PIN_NUMBER='(46)';
      OUTPUT_LOAD='(1.0,-1.0)';
    'DA2P':
      PIN_NUMBER='(45)';
      OUTPUT_LOAD='(1.0,-1.0)';
    'DA2M':
      PIN_NUMBER='(44)';
      OUTPUT_LOAD='(1.0,-1.0)';
    'DA0P':
      PIN_NUMBER='(43)';
      OUTPUT_LOAD='(1.0,-1.0)';
    'DA0M':
      PIN_NUMBER='(42)';
      OUTPUT_LOAD='(1.0,-1.0)';
    'NC_2':
      PIN_NUMBER='(41)';
      PINUSE='NC';
      NO_LOAD_CHECK='Both';
      NO_IO_CHECK='Both';
      NO_ASSERT_CHECK='TRUE';
      NO_DIR_CHECK='TRUE';
      ALLOW_CONNECT='TRUE';
    'NC_3':
      PIN_NUMBER='(40)';
      PINUSE='NC';
      NO_LOAD_CHECK='Both';
      NO_IO_CHECK='Both';
      NO_ASSERT_CHECK='TRUE';
      NO_DIR_CHECK='TRUE';
      ALLOW_CONNECT='TRUE';
    'DRGND_1':
      PIN_NUMBER='(39)';
      PINUSE='GROUND';
      NO_LOAD_CHECK='Both';
      NO_IO_CHECK='Both';
      NO_ASSERT_CHECK='TRUE';
      NO_DIR_CHECK='TRUE';
      ALLOW_CONNECT='TRUE';
    'DRVDD_3':
      PIN_NUMBER='(38)';
      PINUSE='POWER';
      NO_LOAD_CHECK='Both';
      NO_IO_CHECK='Both';
      NO_ASSERT_CHECK='TRUE';
      NO_DIR_CHECK='TRUE';
      ALLOW_CONNECT='TRUE';
    'CTRL3':
      PIN_NUMBER='(37)';
      INPUT_LOAD='(-0.01,0.01)';
    'CTRL2':
      PIN_NUMBER='(36)';
      INPUT_LOAD='(-0.01,0.01)';
    'CTRL1':
      PIN_NUMBER='(35)';
      INPUT_LOAD='(-0.01,0.01)';
    'AVDD_2':
      PIN_NUMBER='(34)';
      PINUSE='POWER';
      NO_LOAD_CHECK='Both';
      NO_IO_CHECK='Both';
      NO_ASSERT_CHECK='TRUE';
      NO_DIR_CHECK='TRUE';
      ALLOW_CONNECT='TRUE';
    'AVDD_3':
      PIN_NUMBER='(33)';
      PINUSE='POWER';
      NO_LOAD_CHECK='Both';
      NO_IO_CHECK='Both';
      NO_ASSERT_CHECK='TRUE';
      NO_DIR_CHECK='TRUE';
      ALLOW_CONNECT='TRUE';
    'SDOUT':
      PIN_NUMBER='(64)';
      PINUSE='GROUND';
      NO_LOAD_CHECK='Both';
      NO_IO_CHECK='Both';
      NO_ASSERT_CHECK='TRUE';
      NO_DIR_CHECK='TRUE';
      ALLOW_CONNECT='TRUE';
    'DB0P':
      PIN_NUMBER='(63)';
      OUTPUT_LOAD='(1.0,-1.0)';
    'DB0M':
      PIN_NUMBER='(62)';
      PINUSE='NC';
      NO_LOAD_CHECK='Both';
      NO_IO_CHECK='Both';
      NO_ASSERT_CHECK='TRUE';
      NO_DIR_CHECK='TRUE';
      ALLOW_CONNECT='TRUE';
    'NC_4':
      PIN_NUMBER='(61)';
      PINUSE='NC';
      NO_LOAD_CHECK='Both';
      NO_IO_CHECK='Both';
      NO_ASSERT_CHECK='TRUE';
      NO_DIR_CHECK='TRUE';
      ALLOW_CONNECT='TRUE';
    'NC_5':
      PIN_NUMBER='(60)';
      PINUSE='NC';
      NO_LOAD_CHECK='Both';
      NO_IO_CHECK='Both';
      NO_ASSERT_CHECK='TRUE';
      NO_DIR_CHECK='TRUE';
      ALLOW_CONNECT='TRUE';
    'DRGND_2':
      PIN_NUMBER='(59)';
      PINUSE='GROUND';
      NO_LOAD_CHECK='Both';
      NO_IO_CHECK='Both';
      NO_ASSERT_CHECK='TRUE';
      NO_DIR_CHECK='TRUE';
      ALLOW_CONNECT='TRUE';
    'DRVDD_4':
      PIN_NUMBER='(58)';
      PINUSE='POWER';
      NO_LOAD_CHECK='Both';
      NO_IO_CHECK='Both';
      NO_ASSERT_CHECK='TRUE';
      NO_DIR_CHECK='TRUE';
      ALLOW_CONNECT='TRUE';
    'CLKOUTP':
      PIN_NUMBER='(57)';
      OUTPUT_LOAD='(1.0,-1.0)';
    'CLKOUTM':
      PIN_NUMBER='(56)';
      OUTPUT_LOAD='(1.0,-1.0)';
    'DA10P':
      PIN_NUMBER='(55)';
      OUTPUT_LOAD='(1.0,-1.0)';
    'DA10M':
      PIN_NUMBER='(54)';
      OUTPUT_LOAD='(1.0,-1.0)';
    'DA8P':
      PIN_NUMBER='(53)';
      OUTPUT_LOAD='(1.0,-1.0)';
    'DA8M':
      PIN_NUMBER='(52)';
      OUTPUT_LOAD='(1.0,-1.0)';
    'DA6P':
      PIN_NUMBER='(51)';
      OUTPUT_LOAD='(1.0,-1.0)';
    'DA6M':
      PIN_NUMBER='(50)';
      OUTPUT_LOAD='(1.0,-1.0)';
    'DRGND_4':
      PIN_NUMBER='(49)';
      PINUSE='GROUND';
      NO_LOAD_CHECK='Both';
      NO_IO_CHECK='Both';
      NO_ASSERT_CHECK='TRUE';
      NO_DIR_CHECK='TRUE';
      ALLOW_CONNECT='TRUE';
    'PAD_DRGND':
      PIN_NUMBER='(65)';
      PINUSE='GROUND';
      NO_LOAD_CHECK='Both';
      NO_IO_CHECK='Both';
      NO_ASSERT_CHECK='TRUE';
      NO_DIR_CHECK='TRUE';
      ALLOW_CONNECT='TRUE';
  end_pin;
  body
    PART_NAME='ADS62C17IRGC';
    BODY_NAME='ADS62C17IRGC';
    PHYS_DES_PREFIX='U';
    CLASS='IC';
  end_body;
end_primitive;

END.
