FILE_TYPE=LIBRARY_PARTS;
primitive 'ICS854104AGILFT';
  pin
    'OE0':
      PIN_NUMBER='(1)';
      INPUT_LOAD='(-0.01,0.01)';
    'OE1':
      PIN_NUMBER='(2)';
      INPUT_LOAD='(-0.01,0.01)';
    'OE2':
      PIN_NUMBER='(3)';
      INPUT_LOAD='(-0.01,0.01)';
    'VDD':
      PIN_NUMBER='(4)';
      PINUSE='POWER';
      NO_LOAD_CHECK='Both';
      NO_IO_CHECK='Both';
      NO_ASSERT_CHECK='TRUE';
      NO_DIR_CHECK='TRUE';
      ALLOW_CONNECT='TRUE';
    'GND':
      PIN_NUMBER='(5)';
      PINUSE='GROUND';
      NO_LOAD_CHECK='Both';
      NO_IO_CHECK='Both';
      NO_ASSERT_CHECK='TRUE';
      NO_DIR_CHECK='TRUE';
      ALLOW_CONNECT='TRUE';
    'CLK':
      PIN_NUMBER='(6)';
      INPUT_LOAD='(-0.01,0.01)';
    'NCLK':
      PIN_NUMBER='(7)';
      INPUT_LOAD='(-0.01,0.01)';
    'OE3':
      PIN_NUMBER='(8)';
      INPUT_LOAD='(-0.01,0.01)';
    'NQ3':
      PIN_NUMBER='(9)';
      OUTPUT_LOAD='(1.0,-1.0)';
    'Q3':
      PIN_NUMBER='(10)';
      OUTPUT_LOAD='(1.0,-1.0)';
    'NQ2':
      PIN_NUMBER='(11)';
      OUTPUT_LOAD='(1.0,-1.0)';
    'Q2':
      PIN_NUMBER='(12)';
      OUTPUT_LOAD='(1.0,-1.0)';
    'NQ1':
      PIN_NUMBER='(13)';
      OUTPUT_LOAD='(1.0,-1.0)';
    'Q1':
      PIN_NUMBER='(14)';
      OUTPUT_LOAD='(1.0,-1.0)';
    'NQ0':
      PIN_NUMBER='(15)';
      OUTPUT_LOAD='(1.0,-1.0)';
    'Q0':
      PIN_NUMBER='(16)';
      OUTPUT_LOAD='(1.0,-1.0)';
  end_pin;
  body
    BODY_NAME='ICS854104AGILFT';
    PART_NAME='ICS854104AGILFT';
    PHYS_DES_PREFIX='U';
    CLASS='IC';
  end_body;
end_primitive;

END.
