FILE_TYPE=LIBRARY_PARTS;
primitive 'MC100LVEL11DG';
  pin
    'Q0':
      PIN_NUMBER='(1)';
      OUTPUT_LOAD='(1.0,-1.0)';
    'Q0#':
      PIN_NUMBER='(2)';
      OUTPUT_LOAD='(1.0,-1.0)';
    'Q1':
      PIN_NUMBER='(3)';
      OUTPUT_LOAD='(1.0,-1.0)';
    'Q1#':
      PIN_NUMBER='(4)';
      OUTPUT_LOAD='(1.0,-1.0)';
    'VEE':
      PIN_NUMBER='(5)';
      PINUSE='POWER';
      NO_LOAD_CHECK='Both';
      NO_IO_CHECK='Both';
      NO_ASSERT_CHECK='TRUE';
      NO_DIR_CHECK='TRUE';
      ALLOW_CONNECT='TRUE';
    'D#':
      PIN_NUMBER='(6)';
      INPUT_LOAD='(-0.01,0.01)';
    'D':
      PIN_NUMBER='(7)';
      INPUT_LOAD='(-0.01,0.01)';
    'VCC':
      PIN_NUMBER='(8)';
      PINUSE='POWER';
      NO_LOAD_CHECK='Both';
      NO_IO_CHECK='Both';
      NO_ASSERT_CHECK='TRUE';
      NO_DIR_CHECK='TRUE';
      ALLOW_CONNECT='TRUE';
  end_pin;
  body
    BODY_NAME='MC100LVEL11DG';
    PART_NAME='MC100LVEL11DG';
    PHYS_DES_PREFIX='U';
    CLASS='IC';
  end_body;
end_primitive;

END.
