FILE_TYPE=LIBRARY_PARTS;
primitive 'RESISTOR';
  pin
    'A':
      PIN_NUMBER='(1)';
      PINUSE='UNSPEC';
      NO_LOAD_CHECK='BOTH';
      NO_IO_CHECK='BOTH';
      ALLOW_CONNECT='TRUE';
      PIN_GROUP='1';
    'B':
      PIN_NUMBER='(2)';
      PINUSE='UNSPEC';
      NO_LOAD_CHECK='BOTH';
      NO_IO_CHECK='BOTH';
      ALLOW_CONNECT='TRUE';
      PIN_GROUP='1';
  end_pin;
  body
    PART_NAME='RESISTOR';
    BODY_NAME='RESISTOR';
    PHYS_DES_PREFIX='R';
    CLASS='DISCRETE';
  end_body;
end_primitive;

END.
